<?xml version="1.0" encoding="UTF-8"?>
<testsuite name="api.rest.app.bsky.actor.profile.ProfileTest" tests="2" skipped="0" failures="0" errors="0" timestamp="2025-03-05T03:21:01" hostname="viktor-vaughn" time="0.029">
  <properties/>
  <testcase name="testAutoExampleProfileUnmarshalling()" classname="api.rest.app.bsky.actor.profile.ProfileTest" time="0.016"/>
  <testcase name="testMyProfileUnmarshalling()" classname="api.rest.app.bsky.actor.profile.ProfileTest" time="0.012"/>
  <system-out><![CDATA[]]></system-out>
  <system-err><![CDATA[]]></system-err>
</testsuite>
