<?xml version="1.0" encoding="UTF-8"?>
<testsuite name="api.rest.app.bsky.actor.suggestions.SuggestionsDefTest" tests="2" skipped="0" failures="0" errors="0" timestamp="2025-03-30T00:20:47" hostname="viktor-vaughn" time="0.045">
  <properties/>
  <testcase name="testSuggestionsUnmarshalling1()" classname="api.rest.app.bsky.actor.suggestions.SuggestionsDefTest" time="0.023"/>
  <testcase name="testSuggestionsUnmarshalling2()" classname="api.rest.app.bsky.actor.suggestions.SuggestionsDefTest" time="0.021"/>
  <system-out><![CDATA[]]></system-out>
  <system-err><![CDATA[]]></system-err>
</testsuite>
