<?xml version="1.0" encoding="UTF-8"?>
<testsuite name="api.rest.app.bsky.feed.model.TimelineTest" tests="1" skipped="0" failures="0" errors="0" timestamp="2025-03-23T22:19:49" hostname="viktor-vaughn" time="0.145">
  <properties/>
  <testcase name="testTimelineUnmarshalling1()" classname="api.rest.app.bsky.feed.model.TimelineTest" time="0.145"/>
  <system-out><![CDATA[{
  "cursor" : "2025-03-05T02:56:46.576Z",
  "feed" : [ {
    "post" : {
      "uri" : "at://did:plc:6nvbzutsgdtou45xqkjpkjuz/app.bsky.feed.post/3ljlzn5keec2g",
      "cid" : "bafyreibhrgr6k3k7nvopmoijwqfbdmbeinb7rrczp2ivd2y2pcdbmxfyum",
      "author" : {
        "did" : "did:plc:6nvbzutsgdtou45xqkjpkjuz",
        "handle" : "nrempel.com",
        "displayName" : "Nick Rempel ]]>&#x1f1e8;<![CDATA[]]>&#x1f1e6;<![CDATA[",
        "avatar" : "https://cdn.bsky.app/img/avatar/plain/did:plc:6nvbzutsgdtou45xqkjpkjuz/bafkreibhlet5svn2llhjwlvrgcxi4rsy7sqv76ewcvwfot7vpwsz6xdfku@jpeg",
        "associated" : {
          "chat" : {
            "allowIncoming" : "all"
          }
        },
        "viewer" : {
          "muted" : false,
          "blockedBy" : false,
          "following" : "at://did:plc:pgdrqxzv4kxt7tr3sa6pd77y/app.bsky.graph.follow/3kys3ew2zyl2g"
        },
        "labels" : [ ],
        "createdAt" : 1675448017244
      },
      "record" : {
        "$type" : "app.bsky.feed.post",
        "createdAt" : 1741144949528,
        "embed" : {
          "$type" : "app.bsky.embed.images",
          "images" : [ {
            "alt" : "",
            "image" : {
              "$type" : "blob",
              "ref" : {
                "$link" : "bafkreibvizgjpzegqqp2olvtknrmdsxqf6oc4dfaa5kaywfijclvvnzlz4"
              },
              "mimeType" : "image/jpeg",
              "size" : 329951
            },
            "aspectRatio" : {
              "width" : 2000,
              "height" : 999
            }
          } ]
        },
        "langs" : [ "en" ],
        "text" : "new meme format, invest now"
      },
      "embed" : {
        "$type" : "app.bsky.embed.images#view",
        "images" : [ {
          "thumb" : "https://cdn.bsky.app/img/feed_thumbnail/plain/did:plc:6nvbzutsgdtou45xqkjpkjuz/bafkreibvizgjpzegqqp2olvtknrmdsxqf6oc4dfaa5kaywfijclvvnzlz4@jpeg",
          "fullsize" : "https://cdn.bsky.app/img/feed_fullsize/plain/did:plc:6nvbzutsgdtou45xqkjpkjuz/bafkreibvizgjpzegqqp2olvtknrmdsxqf6oc4dfaa5kaywfijclvvnzlz4@jpeg",
          "alt" : "",
          "aspectRatio" : {
            "width" : 2000,
            "height" : 999
          }
        } ]
      },
      "replyCount" : 0,
      "repostCount" : 0,
      "likeCount" : 0,
      "quoteCount" : 0,
      "indexedAt" : 1741144951624,
      "viewer" : { },
      "labels" : [ ]
    }
  }, {
    "post" : {
      "uri" : "at://did:plc:vovinwhtulbsx4mwfw26r5ni/app.bsky.feed.post/3ljlzjt7g7f2b",
      "cid" : "bafyreicww5zwksgvvduapktvsdrsnrbhpxg66ooeorheqjrpncn35r4ccy",
      "author" : {
        "did" : "did:plc:vovinwhtulbsx4mwfw26r5ni",
        "handle" : "theguardian.com",
        "displayName" : "The Guardian",
        "avatar" : "https://cdn.bsky.app/img/avatar/plain/did:plc:vovinwhtulbsx4mwfw26r5ni/bafkreigxxngb5ecgrleg6cqdzvxh4viycmns5cp6zalfl4o7ivmxiavsma@jpeg",
        "viewer" : {
          "muted" : false,
          "blockedBy" : false,
          "following" : "at://did:plc:pgdrqxzv4kxt7tr3sa6pd77y/app.bsky.graph.follow/3lb5rfqrbgn2g"
        },
        "labels" : [ ],
        "createdAt" : 1731667868071
      },
      "record" : {
        "$type" : "app.bsky.feed.post",
        "createdAt" : 1741144837869,
        "embed" : {
          "$type" : "app.bsky.embed.external",
          "external" : {
            "uri" : "https://www.theguardian.com/lifeandstyle/2025/mar/04/do-you-overshare-here-often-why-revealing-too-much-on-a-first-date-could-be-a-red-flag?utm_term=Autofeed&CMP=bsky_gu&utm_medium=&utm_source=Bluesky#Echobox=1741134572",
            "title" : "‘Do you overshare here often?’ Why revealing too much on a first date could be a red flag",
            "description" : "‘Floodlighting’ is the practice of sharing a lot of potentially traumatic details at once to speed up intimacy with another person. Is it just a show of vulnerability or something more manipulative?",
            "thumb" : {
              "$type" : "blob",
              "ref" : {
                "$link" : "bafkreicdsoqslxu42hrf6ukokwvw7taxpcks5cvpnicdpi3v4zvneyjwli"
              },
              "mimeType" : "image/jpeg",
              "size" : 117626
            }
          }
        },
        "facets" : [ ],
        "text" : "‘Do you overshare here often?’ Why revealing too much on a first date could be a red flag"
      },
      "embed" : {
        "$type" : "app.bsky.embed.external#view",
        "external" : {
          "uri" : "https://www.theguardian.com/lifeandstyle/2025/mar/04/do-you-overshare-here-often-why-revealing-too-much-on-a-first-date-could-be-a-red-flag?utm_term=Autofeed&CMP=bsky_gu&utm_medium=&utm_source=Bluesky#Echobox=1741134572",
          "title" : "‘Do you overshare here often?’ Why revealing too much on a first date could be a red flag",
          "description" : "‘Floodlighting’ is the practice of sharing a lot of potentially traumatic details at once to speed up intimacy with another person. Is it just a show of vulnerability or something more manipulative?",
          "thumb" : "https://cdn.bsky.app/img/feed_thumbnail/plain/did:plc:vovinwhtulbsx4mwfw26r5ni/bafkreicdsoqslxu42hrf6ukokwvw7taxpcks5cvpnicdpi3v4zvneyjwli@jpeg"
        }
      },
      "replyCount" : 0,
      "repostCount" : 0,
      "likeCount" : 6,
      "quoteCount" : 0,
      "indexedAt" : 1741144838726,
      "viewer" : { },
      "labels" : [ ]
    }
  }, {
    "post" : {
      "uri" : "at://did:plc:eclio37ymobqex2ncko63h4r/app.bsky.feed.post/3ljlzjh2dn22m",
      "cid" : "bafyreihsfszhzhyg3jgluquif33ozfib553j75znw6u3flbf6cm7snwuca",
      "author" : {
        "did" : "did:plc:eclio37ymobqex2ncko63h4r",
        "handle" : "nytimes.com",
        "displayName" : "The New York Times",
        "avatar" : "https://cdn.bsky.app/img/avatar/plain/did:plc:eclio37ymobqex2ncko63h4r/bafkreidvvqj5jymmpaeklwkpq6gi532el447mjy2yultuukypzqm5ohfju@jpeg",
        "associated" : {
          "chat" : {
            "allowIncoming" : "following"
          }
        },
        "viewer" : {
          "muted" : false,
          "blockedBy" : false,
          "following" : "at://did:plc:pgdrqxzv4kxt7tr3sa6pd77y/app.bsky.graph.follow/3kebi2wkgjl2i"
        },
        "labels" : [ ],
        "createdAt" : 1685991031498
      },
      "record" : {
        "$type" : "app.bsky.feed.post",
        "createdAt" : 1741144825276,
        "embed" : {
          "$type" : "app.bsky.embed.external",
          "external" : {
            "uri" : "https://www.nytimes.com/2025/03/04/us/politics/gop-town-hall.html?smtyp=cur&smid=bsky-nytimes",
            "title" : "Republican House Members Told to Stop Holding In-Person Town Halls",
            "description" : "The chairman of the National Republican Congressional Committee told G.O.P. lawmakers that public confrontations with angry constituents could hurt them politically in the midterm elections.",
            "thumb" : {
              "$type" : "blob",
              "ref" : {
                "$link" : "bafkreib4k2nrrl2ti45kufzqzoq7pjlldxhnldsa5jxx7z2hzeouzu75ga"
              },
              "mimeType" : "image/jpeg",
              "size" : 246156
            }
          }
        },
        "langs" : [ "en" ],
        "text" : "The chairman of the National Republican Congressional Committee told GOP lawmakers to stop having in-person town halls with constituents. The directive comes as Republican town halls have devolved into angry shouting matches across the U.S."
      },
      "embed" : {
        "$type" : "app.bsky.embed.external#view",
        "external" : {
          "uri" : "https://www.nytimes.com/2025/03/04/us/politics/gop-town-hall.html?smtyp=cur&smid=bsky-nytimes",
          "title" : "Republican House Members Told to Stop Holding In-Person Town Halls",
          "description" : "The chairman of the National Republican Congressional Committee told G.O.P. lawmakers that public confrontations with angry constituents could hurt them politically in the midterm elections.",
          "thumb" : "https://cdn.bsky.app/img/feed_thumbnail/plain/did:plc:eclio37ymobqex2ncko63h4r/bafkreib4k2nrrl2ti45kufzqzoq7pjlldxhnldsa5jxx7z2hzeouzu75ga@jpeg"
        }
      },
      "replyCount" : 14,
      "repostCount" : 22,
      "likeCount" : 62,
      "quoteCount" : 1,
      "indexedAt" : 1741144827431,
      "viewer" : { },
      "labels" : [ ]
    }
  }, {
    "post" : {
      "uri" : "at://did:plc:uewxgchsjy4kmtu7dcxa77us/app.bsky.feed.post/3ljlzhvmv6k22",
      "cid" : "bafyreibtuqe7lzxalg5zk4gcb2hxdxka4ovavqqqhp7uwj2kyl32llwybe",
      "author" : {
        "did" : "did:plc:uewxgchsjy4kmtu7dcxa77us",
        "handle" : "bloomberg.com",
        "displayName" : "Bloomberg News",
        "avatar" : "https://cdn.bsky.app/img/avatar/plain/did:plc:uewxgchsjy4kmtu7dcxa77us/bafkreiakf7idqsxdw6mur57feg2ns7hdhg6oalorn5celiio2ygxacrvhy@jpeg",
        "associated" : {
          "chat" : {
            "allowIncoming" : "following"
          }
        },
        "viewer" : {
          "muted" : false,
          "blockedBy" : false,
          "following" : "at://did:plc:pgdrqxzv4kxt7tr3sa6pd77y/app.bsky.graph.follow/3kebirhg4k52l"
        },
        "labels" : [ ],
        "createdAt" : 1682376361397
      },
      "record" : {
        "$type" : "app.bsky.feed.post",
        "createdAt" : 1741144771265,
        "embed" : {
          "$type" : "app.bsky.embed.images",
          "images" : [ {
            "alt" : "",
            "image" : {
              "$type" : "blob",
              "ref" : {
                "$link" : "bafkreignadwhlrc52qnwnwjzhyy7g2q7wjzjivmmhbz343bgz6ikxjtdgy"
              },
              "mimeType" : "image/png",
              "size" : 110950
            },
            "aspectRatio" : {
              "width" : 1080,
              "height" : 1080
            }
          } ]
        },
        "facets" : [ {
          "index" : {
            "byteStart" : 154,
            "byteEnd" : 170
          },
          "features" : [ {
            "$type" : "app.bsky.richtext.facet#link",
            "uri" : "https://bloom.bg/3QK7Q0v"
          } ]
        } ],
        "langs" : [ "en" ],
        "text" : "The Detroit Regional Chamber warned that tariffs would cause businesses to purchase fewer products, hire fewer workers and raise prices.\n\nLatest updates: bloom.bg/3QK7Q0v"
      },
      "embed" : {
        "$type" : "app.bsky.embed.images#view",
        "images" : [ {
          "thumb" : "https://cdn.bsky.app/img/feed_thumbnail/plain/did:plc:uewxgchsjy4kmtu7dcxa77us/bafkreignadwhlrc52qnwnwjzhyy7g2q7wjzjivmmhbz343bgz6ikxjtdgy@jpeg",
          "fullsize" : "https://cdn.bsky.app/img/feed_fullsize/plain/did:plc:uewxgchsjy4kmtu7dcxa77us/bafkreignadwhlrc52qnwnwjzhyy7g2q7wjzjivmmhbz343bgz6ikxjtdgy@jpeg",
          "alt" : "",
          "aspectRatio" : {
            "width" : 1080,
            "height" : 1080
          }
        } ]
      },
      "replyCount" : 2,
      "repostCount" : 6,
      "likeCount" : 47,
      "quoteCount" : 0,
      "indexedAt" : 1741144774026,
      "viewer" : { },
      "labels" : [ ]
    }
  }, {
    "post" : {
      "uri" : "at://did:plc:a6g23vezflvebvmaqngfwcmn/app.bsky.feed.post/3ljlzh2q3c22q",
      "cid" : "bafyreiduz6lyeds3v2i4r5mic3cgdmkt7py5zdkza4uq45zotxcqkwjmxe",
      "author" : {
        "did" : "did:plc:a6g23vezflvebvmaqngfwcmn",
        "handle" : "davidleavitt.bsky.social",
        "displayName" : "David Leavitt",
        "avatar" : "https://cdn.bsky.app/img/avatar/plain/did:plc:a6g23vezflvebvmaqngfwcmn/bafkreidbafhdsn3jbcs62olsncyav53xsqyfgghtfh6p7rq6uxbq3lhrqu@jpeg",
        "viewer" : {
          "muted" : false,
          "blockedBy" : false
        },
        "labels" : [ ],
        "createdAt" : 1682898846900
      },
      "record" : {
        "$type" : "app.bsky.feed.post",
        "createdAt" : 1741144745248,
        "embed" : {
          "$type" : "app.bsky.embed.external",
          "external" : {
            "uri" : "https://media.tenor.com/xgSMPljfmFAAAAAC/star-wars.gif?hh=256&ww=498",
            "title" : "a man and a woman are standing next to each other and the man is saying so this is how liberty dies",
            "description" : "ALT: a man and a woman are standing next to each other and the man is saying so this is how liberty dies",
            "thumb" : {
              "$type" : "blob",
              "ref" : {
                "$link" : "bafkreieslgpuca3324iatzfdscc4nv2y3ncfjjfo25i5uabsa6cbrp3axi"
              },
              "mimeType" : "image/jpeg",
              "size" : 203926
            }
          }
        },
        "facets" : [ {
          "index" : {
            "byteStart" : 0,
            "byteEnd" : 16
          },
          "features" : [ {
            "$type" : "app.bsky.richtext.facet#tag",
            "tag" : "StateOfTheUnion"
          } ]
        } ],
        "langs" : [ "en" ],
        "text" : "#StateOfTheUnion"
      },
      "embed" : {
        "$type" : "app.bsky.embed.external#view",
        "external" : {
          "uri" : "https://media.tenor.com/xgSMPljfmFAAAAAC/star-wars.gif?hh=256&ww=498",
          "title" : "a man and a woman are standing next to each other and the man is saying so this is how liberty dies",
          "description" : "ALT: a man and a woman are standing next to each other and the man is saying so this is how liberty dies",
          "thumb" : "https://cdn.bsky.app/img/feed_thumbnail/plain/did:plc:a6g23vezflvebvmaqngfwcmn/bafkreieslgpuca3324iatzfdscc4nv2y3ncfjjfo25i5uabsa6cbrp3axi@jpeg"
        }
      },
      "replyCount" : 10,
      "repostCount" : 48,
      "likeCount" : 234,
      "quoteCount" : 2,
      "indexedAt" : 1741144747158,
      "viewer" : { },
      "labels" : [ ]
    },
    "reason" : {
      "by" : {
        "did" : "did:plc:3tgntymxw6sr3iivbhqekj45",
        "handle" : "michellekinney.com",
        "displayName" : "Michelle Kinney",
        "avatar" : "https://cdn.bsky.app/img/avatar/plain/did:plc:3tgntymxw6sr3iivbhqekj45/bafkreifozvmybx3k7lilwy37yahj4a7vvqnwskxo7psk6v6hc7zcbjzxay@jpeg",
        "createdAt" : 1685479068453,
        "viewer" : {
          "muted" : false,
          "blockedBy" : false,
          "following" : "at://did:plc:pgdrqxzv4kxt7tr3sa6pd77y/app.bsky.graph.follow/3kefvsjvf372s"
        },
        "labels" : [ {
          "src" : "did:plc:3tgntymxw6sr3iivbhqekj45",
          "uri" : "at://did:plc:3tgntymxw6sr3iivbhqekj45/app.bsky.actor.profile/self",
          "cid" : "bafyreigegxboucrt4b2oykbunmoehgqsr73mb7nax3pl7lib2anpr24oya",
          "val" : "!no-unauthenticated",
          "cts" : 18000000
        } ]
      },
      "indexedAt" : 1741162761638
    }
  }, {
    "post" : {
      "uri" : "at://did:plc:ragtjsm2j2vknwkz3zp4oxrd/app.bsky.feed.post/3ljlzhhbkx22w",
      "cid" : "bafyreicyes2aqultfvavi2j5z6kecw4cbxapv34t4uu4xpbjveagqzjvwa",
      "author" : {
        "did" : "did:plc:ragtjsm2j2vknwkz3zp4oxrd",
        "handle" : "pfrazee.com",
        "displayName" : "Paul Frazee",
        "avatar" : "https://cdn.bsky.app/img/avatar/plain/did:plc:ragtjsm2j2vknwkz3zp4oxrd/bafkreihhpqdyntku66himwor5wlhtdo44hllmngj2ofmbqnm25bdm454wq@jpeg",
        "associated" : {
          "chat" : {
            "allowIncoming" : "following"
          }
        },
        "viewer" : {
          "muted" : false,
          "blockedBy" : false,
          "following" : "at://did:plc:pgdrqxzv4kxt7tr3sa6pd77y/app.bsky.graph.follow/3kdztpa5lyr2c"
        },
        "labels" : [ ],
        "createdAt" : 1668645316391
      },
      "record" : {
        "$type" : "app.bsky.feed.post",
        "createdAt" : 1741144758405,
        "langs" : [ "en" ],
        "text" : "I'll just reiterate my response from before, which is that functionally clients aren't really independent from appviews so proxying through the pds doesn't buy that much"
      },
      "replyCount" : 0,
      "repostCount" : 0,
      "likeCount" : 1,
      "quoteCount" : 0,
      "indexedAt" : 1741144759033,
      "viewer" : { },
      "labels" : [ ]
    },
    "reply" : {
      "root" : { }
    }
  }, {
    "post" : {
      "uri" : "at://did:plc:p7gxyfr5vii5ntpwo7f6dhe2/app.bsky.feed.post/3ljlxog2vbk2z",
      "cid" : "bafyreiejxusajgejloftds42kf2hzsnhxw4oiaaga4k6yeee2paqt7ayqi",
      "author" : {
        "did" : "did:plc:p7gxyfr5vii5ntpwo7f6dhe2",
        "handle" : "aoc.bsky.social",
        "displayName" : "Alexandria Ocasio-Cortez",
        "avatar" : "https://cdn.bsky.app/img/avatar/plain/did:plc:p7gxyfr5vii5ntpwo7f6dhe2/bafkreia7pjciqmezep36yotfgas23eie47sy5ymcorzd7exejlxtiox6by@jpeg",
        "viewer" : {
          "muted" : false,
          "blockedBy" : false,
          "following" : "at://did:plc:pgdrqxzv4kxt7tr3sa6pd77y/app.bsky.graph.follow/3ke4d6dqnvt2b"
        },
        "labels" : [ ],
        "createdAt" : 1682624374920
      },
      "record" : {
        "$type" : "app.bsky.feed.post",
        "createdAt" : 1741142844535,
        "langs" : [ "en" ],
        "text" : "This list is so long and taking up so much real estate in his speech it’s almost like they want to distract from their massive cuts to Medicaid"
      },
      "replyCount" : 677,
      "repostCount" : 2647,
      "likeCount" : 16873,
      "quoteCount" : 62,
      "indexedAt" : 1741142844724,
      "viewer" : { },
      "labels" : [ ]
    },
    "reason" : {
      "by" : {
        "did" : "did:plc:3tgntymxw6sr3iivbhqekj45",
        "handle" : "michellekinney.com",
        "displayName" : "Michelle Kinney",
        "avatar" : "https://cdn.bsky.app/img/avatar/plain/did:plc:3tgntymxw6sr3iivbhqekj45/bafkreifozvmybx3k7lilwy37yahj4a7vvqnwskxo7psk6v6hc7zcbjzxay@jpeg",
        "createdAt" : 1685479068453,
        "viewer" : {
          "muted" : false,
          "blockedBy" : false,
          "following" : "at://did:plc:pgdrqxzv4kxt7tr3sa6pd77y/app.bsky.graph.follow/3kefvsjvf372s"
        },
        "labels" : [ {
          "src" : "did:plc:3tgntymxw6sr3iivbhqekj45",
          "uri" : "at://did:plc:3tgntymxw6sr3iivbhqekj45/app.bsky.actor.profile/self",
          "cid" : "bafyreigegxboucrt4b2oykbunmoehgqsr73mb7nax3pl7lib2anpr24oya",
          "val" : "!no-unauthenticated",
          "cts" : 18000000
        } ]
      },
      "indexedAt" : 1741162719529
    }
  }, {
    "post" : {
      "uri" : "at://did:plc:ragtjsm2j2vknwkz3zp4oxrd/app.bsky.feed.post/3ljlzg2modk2w",
      "cid" : "bafyreihbtxmuz355slh46cuzpyns7s56beasoozza3tenddpwt3qkcwpny",
      "author" : {
        "did" : "did:plc:ragtjsm2j2vknwkz3zp4oxrd",
        "handle" : "pfrazee.com",
        "displayName" : "Paul Frazee",
        "avatar" : "https://cdn.bsky.app/img/avatar/plain/did:plc:ragtjsm2j2vknwkz3zp4oxrd/bafkreihhpqdyntku66himwor5wlhtdo44hllmngj2ofmbqnm25bdm454wq@jpeg",
        "associated" : {
          "chat" : {
            "allowIncoming" : "following"
          }
        },
        "viewer" : {
          "muted" : false,
          "blockedBy" : false,
          "following" : "at://did:plc:pgdrqxzv4kxt7tr3sa6pd77y/app.bsky.graph.follow/3kdztpa5lyr2c"
        },
        "labels" : [ ],
        "createdAt" : 1668645316391
      },
      "record" : {
        "$type" : "app.bsky.feed.post",
        "createdAt" : 1741144711209,
        "langs" : [ "en" ],
        "text" : "The only really meaningful separation is application versus protocol. Bluesky vs atproto"
      },
      "replyCount" : 0,
      "repostCount" : 0,
      "likeCount" : 1,
      "quoteCount" : 0,
      "indexedAt" : 1741144711859,
      "viewer" : { },
      "labels" : [ ]
    },
    "reply" : {
      "root" : { }
    }
  }, {
    "post" : {
      "uri" : "at://did:plc:ragtjsm2j2vknwkz3zp4oxrd/app.bsky.feed.post/3ljlzg2bb422w",
      "cid" : "bafyreibjjcza7ohuqhhpv6ymozfkgwk5zwreq7gcsr5pzthtjn3ms6rwou",
      "author" : {
        "did" : "did:plc:ragtjsm2j2vknwkz3zp4oxrd",
        "handle" : "pfrazee.com",
        "displayName" : "Paul Frazee",
        "avatar" : "https://cdn.bsky.app/img/avatar/plain/did:plc:ragtjsm2j2vknwkz3zp4oxrd/bafkreihhpqdyntku66himwor5wlhtdo44hllmngj2ofmbqnm25bdm454wq@jpeg",
        "associated" : {
          "chat" : {
            "allowIncoming" : "following"
          }
        },
        "viewer" : {
          "muted" : false,
          "blockedBy" : false,
          "following" : "at://did:plc:pgdrqxzv4kxt7tr3sa6pd77y/app.bsky.graph.follow/3kdztpa5lyr2c"
        },
        "labels" : [ ],
        "createdAt" : 1668645316391
      },
      "record" : {
        "$type" : "app.bsky.feed.post",
        "createdAt" : 1741144711208,
        "langs" : [ "en" ],
        "text" : "It's a little challenging to discuss subsystems as atproto or not. Separating the appview concept from use of the pds and repo is certainly possible -- you can replace it with another approach and implementation -- but in practice it's a bit like talking about the Web as independent from DNS. Sorta."
      },
      "replyCount" : 1,
      "repostCount" : 0,
      "likeCount" : 0,
      "quoteCount" : 0,
      "indexedAt" : 1741144711817,
      "viewer" : { },
      "labels" : [ ]
    },
    "reply" : {
      "root" : { }
    }
  }, {
    "post" : {
      "uri" : "at://did:plc:uusikrokxkmdvdm4p2vauvir/app.bsky.feed.post/3ljlyfrdalk2s",
      "cid" : "bafyreia3isrxm46lmg4gzp6nwra3yeelzkjdiugfzdn6hvmrsrjizemaei",
      "author" : {
        "did" : "did:plc:uusikrokxkmdvdm4p2vauvir",
        "handle" : "toxteth1.bsky.social",
        "displayName" : "Toxteth O'Grady",
        "avatar" : "https://cdn.bsky.app/img/avatar/plain/did:plc:uusikrokxkmdvdm4p2vauvir/bafkreid3g4myljzu3xl2gznty7eyq6ikxn6ig3gfbk4xmsla7sn4ioclee@jpeg",
        "associated" : {
          "chat" : {
            "allowIncoming" : "following"
          }
        },
        "viewer" : {
          "muted" : false,
          "blockedBy" : false
        },
        "labels" : [ ],
        "createdAt" : 1727442495642
      },
      "record" : {
        "$type" : "app.bsky.feed.post",
        "createdAt" : 1741143628095,
        "langs" : [ "en" ],
        "text" : "Why did no one else get up and walk out with Al Green?"
      },
      "replyCount" : 1,
      "repostCount" : 3,
      "likeCount" : 28,
      "quoteCount" : 0,
      "indexedAt" : 1741143628220,
      "viewer" : { },
      "labels" : [ ]
    },
    "reply" : {
      "root" : { }
    },
    "reason" : {
      "by" : {
        "did" : "did:plc:3tgntymxw6sr3iivbhqekj45",
        "handle" : "michellekinney.com",
        "displayName" : "Michelle Kinney",
        "avatar" : "https://cdn.bsky.app/img/avatar/plain/did:plc:3tgntymxw6sr3iivbhqekj45/bafkreifozvmybx3k7lilwy37yahj4a7vvqnwskxo7psk6v6hc7zcbjzxay@jpeg",
        "createdAt" : 1685479068453,
        "viewer" : {
          "muted" : false,
          "blockedBy" : false,
          "following" : "at://did:plc:pgdrqxzv4kxt7tr3sa6pd77y/app.bsky.graph.follow/3kefvsjvf372s"
        },
        "labels" : [ {
          "src" : "did:plc:3tgntymxw6sr3iivbhqekj45",
          "uri" : "at://did:plc:3tgntymxw6sr3iivbhqekj45/app.bsky.actor.profile/self",
          "cid" : "bafyreigegxboucrt4b2oykbunmoehgqsr73mb7nax3pl7lib2anpr24oya",
          "val" : "!no-unauthenticated",
          "cts" : 18000000
        } ]
      },
      "indexedAt" : 1741162696127
    }
  }, {
    "post" : {
      "uri" : "at://did:plc:4u3hwe3p7oy3hoy3amlw7rp2/app.bsky.feed.post/3ljlzfd6mf223",
      "cid" : "bafyreiaiskinx2ezcg2pgr2egfkomgb2ecifpiiepn5ppgwkp3wpcdrdp4",
      "author" : {
        "did" : "did:plc:4u3hwe3p7oy3hoy3amlw7rp2",
        "handle" : "rbreich.bsky.social",
        "displayName" : "Robert Reich",
        "avatar" : "https://cdn.bsky.app/img/avatar/plain/did:plc:4u3hwe3p7oy3hoy3amlw7rp2/bafkreihnchke5wec4i5y4i7kzngmr2sghedr74ubq2ca7fwcqjl7mrw5hq@jpeg",
        "associated" : {
          "chat" : {
            "allowIncoming" : "following"
          }
        },
        "viewer" : {
          "muted" : false,
          "blockedBy" : false,
          "following" : "at://did:plc:pgdrqxzv4kxt7tr3sa6pd77y/app.bsky.graph.follow/3kebinjpxkc2u"
        },
        "labels" : [ ],
        "createdAt" : 1684266534185
      },
      "record" : {
        "$type" : "app.bsky.feed.post",
        "createdAt" : 1741144687005,
        "langs" : [ "en" ],
        "text" : "The President is lying about Social Security as an excuse to gut Social Security after promising not to touch it.\n\nWhy? To pave the way for more tax cuts for the rich."
      },
      "replyCount" : 30,
      "repostCount" : 200,
      "likeCount" : 1051,
      "quoteCount" : 2,
      "indexedAt" : 1741144690047,
      "viewer" : { },
      "labels" : [ ]
    }
  }, {
    "post" : {
      "uri" : "at://did:plc:3tgntymxw6sr3iivbhqekj45/app.bsky.feed.post/3ljlzf46em22p",
      "cid" : "bafyreia3dhggvdvyd7t5jyookhlda4u63dfjwurqdmxvt5lfkvrclr53py",
      "author" : {
        "did" : "did:plc:3tgntymxw6sr3iivbhqekj45",
        "handle" : "michellekinney.com",
        "displayName" : "Michelle Kinney",
        "avatar" : "https://cdn.bsky.app/img/avatar/plain/did:plc:3tgntymxw6sr3iivbhqekj45/bafkreifozvmybx3k7lilwy37yahj4a7vvqnwskxo7psk6v6hc7zcbjzxay@jpeg",
        "viewer" : {
          "muted" : false,
          "blockedBy" : false,
          "following" : "at://did:plc:pgdrqxzv4kxt7tr3sa6pd77y/app.bsky.graph.follow/3kefvsjvf372s"
        },
        "labels" : [ {
          "src" : "did:plc:3tgntymxw6sr3iivbhqekj45",
          "uri" : "at://did:plc:3tgntymxw6sr3iivbhqekj45/app.bsky.actor.profile/self",
          "cid" : "bafyreigegxboucrt4b2oykbunmoehgqsr73mb7nax3pl7lib2anpr24oya",
          "val" : "!no-unauthenticated",
          "cts" : 18000000
        } ],
        "createdAt" : 1685464668453
      },
      "record" : {
        "$type" : "app.bsky.feed.post",
        "createdAt" : 1741144679656,
        "embed" : {
          "$type" : "app.bsky.embed.record"
        },
        "langs" : [ "en" ],
        "text" : "PUT IT IN THE LOUVRE! ]]>&#x1f447;<![CDATA["
      },
      "embed" : {
        "$type" : "app.bsky.embed.record#view"
      },
      "replyCount" : 0,
      "repostCount" : 0,
      "likeCount" : 4,
      "quoteCount" : 0,
      "indexedAt" : 1741144679820,
      "viewer" : { },
      "labels" : [ ]
    }
  }, {
    "post" : {
      "uri" : "at://did:plc:cxrua73vvgqw4lel4nkccky7/app.bsky.feed.post/3ljlz5okmc22s",
      "cid" : "bafyreifn4znuj36uvgftdmylyfkp7c2buftboeanlr7qxh4foxtzrlvxku",
      "author" : {
        "did" : "did:plc:cxrua73vvgqw4lel4nkccky7",
        "handle" : "lincolnproject.us",
        "displayName" : "The Lincoln Project",
        "avatar" : "https://cdn.bsky.app/img/avatar/plain/did:plc:cxrua73vvgqw4lel4nkccky7/bafkreie4t2qm2mgz6s5kk47kqrunjm2bbywigelewfq6elxvnmxdxq33nq@jpeg",
        "viewer" : {
          "muted" : false,
          "blockedBy" : false,
          "following" : "at://did:plc:pgdrqxzv4kxt7tr3sa6pd77y/app.bsky.graph.follow/3keixdvenpe2h"
        },
        "labels" : [ ],
        "createdAt" : 1687970158463
      },
      "record" : {
        "$type" : "app.bsky.feed.post",
        "createdAt" : 1741144430495,
        "embed" : {
          "$type" : "app.bsky.embed.video",
          "aspectRatio" : {
            "width" : 1920,
            "height" : 1080
          },
          "video" : {
            "$type" : "blob",
            "ref" : {
              "$link" : "bafkreiaapetns6udleq7q75tgl7rjeb6i56wm2nbzhlql2htncbxmkfx5e"
            },
            "mimeType" : "video/mp4",
            "size" : 4514410
          }
        },
        "langs" : [ "en" ],
        "text" : "BREAKING: irony dead."
      },
      "embed" : {
        "$type" : "app.bsky.embed.video#view",
        "aspectRatio" : {
          "width" : 1920,
          "height" : 1080
        },
        "cid" : "bafkreiaapetns6udleq7q75tgl7rjeb6i56wm2nbzhlql2htncbxmkfx5e",
        "playlist" : "https://video.bsky.app/watch/did%3Aplc%3Acxrua73vvgqw4lel4nkccky7/bafkreiaapetns6udleq7q75tgl7rjeb6i56wm2nbzhlql2htncbxmkfx5e/playlist.m3u8",
        "thumbnail" : "https://video.bsky.app/watch/did%3Aplc%3Acxrua73vvgqw4lel4nkccky7/bafkreiaapetns6udleq7q75tgl7rjeb6i56wm2nbzhlql2htncbxmkfx5e/thumbnail.jpg"
      },
      "replyCount" : 73,
      "repostCount" : 228,
      "likeCount" : 1134,
      "quoteCount" : 21,
      "indexedAt" : 1741144431316,
      "viewer" : { },
      "labels" : [ ]
    },
    "reason" : {
      "by" : {
        "did" : "did:plc:4j7ut6aphnjqqihiugmyvy5i",
        "handle" : "therickwilson.bsky.social",
        "displayName" : "Rick Wilson",
        "avatar" : "https://cdn.bsky.app/img/avatar/plain/did:plc:4j7ut6aphnjqqihiugmyvy5i/bafkreif5rycvs7u2btqcvpvkmqbhjokvpkadby55bgnsu2okbjqfvn3xvu@jpeg",
        "createdAt" : 1682959655200,
        "viewer" : {
          "muted" : false,
          "blockedBy" : false,
          "following" : "at://did:plc:pgdrqxzv4kxt7tr3sa6pd77y/app.bsky.graph.follow/3kebsmopsxx2t"
        },
        "labels" : [ ]
      },
      "indexedAt" : 1741162590223
    }
  }, {
    "post" : {
      "uri" : "at://did:plc:3tgntymxw6sr3iivbhqekj45/app.bsky.feed.post/3ljlzcftgk22y",
      "cid" : "bafyreidxxbbqniuuwnl7m77tg5bqvoulkcyjdkzc7ggwuzzxikpoxob7n4",
      "author" : {
        "did" : "did:plc:3tgntymxw6sr3iivbhqekj45",
        "handle" : "michellekinney.com",
        "displayName" : "Michelle Kinney",
        "avatar" : "https://cdn.bsky.app/img/avatar/plain/did:plc:3tgntymxw6sr3iivbhqekj45/bafkreifozvmybx3k7lilwy37yahj4a7vvqnwskxo7psk6v6hc7zcbjzxay@jpeg",
        "viewer" : {
          "muted" : false,
          "blockedBy" : false,
          "following" : "at://did:plc:pgdrqxzv4kxt7tr3sa6pd77y/app.bsky.graph.follow/3kefvsjvf372s"
        },
        "labels" : [ {
          "src" : "did:plc:3tgntymxw6sr3iivbhqekj45",
          "uri" : "at://did:plc:3tgntymxw6sr3iivbhqekj45/app.bsky.actor.profile/self",
          "cid" : "bafyreigegxboucrt4b2oykbunmoehgqsr73mb7nax3pl7lib2anpr24oya",
          "val" : "!no-unauthenticated",
          "cts" : 18000000
        } ],
        "createdAt" : 1685464668453
      },
      "record" : {
        "$type" : "app.bsky.feed.post",
        "createdAt" : 1741144589121,
        "langs" : [ "en" ],
        "text" : "He has no idea what a refuge is."
      },
      "replyCount" : 0,
      "repostCount" : 0,
      "likeCount" : 7,
      "quoteCount" : 0,
      "indexedAt" : 1741144589321,
      "viewer" : { },
      "labels" : [ ]
    }
  }, {
    "post" : {
      "uri" : "at://did:plc:cxrua73vvgqw4lel4nkccky7/app.bsky.feed.post/3ljlz5okmc22s",
      "cid" : "bafyreifn4znuj36uvgftdmylyfkp7c2buftboeanlr7qxh4foxtzrlvxku",
      "author" : {
        "did" : "did:plc:cxrua73vvgqw4lel4nkccky7",
        "handle" : "lincolnproject.us",
        "displayName" : "The Lincoln Project",
        "avatar" : "https://cdn.bsky.app/img/avatar/plain/did:plc:cxrua73vvgqw4lel4nkccky7/bafkreie4t2qm2mgz6s5kk47kqrunjm2bbywigelewfq6elxvnmxdxq33nq@jpeg",
        "viewer" : {
          "muted" : false,
          "blockedBy" : false,
          "following" : "at://did:plc:pgdrqxzv4kxt7tr3sa6pd77y/app.bsky.graph.follow/3keixdvenpe2h"
        },
        "labels" : [ ],
        "createdAt" : 1687970158463
      },
      "record" : {
        "$type" : "app.bsky.feed.post",
        "createdAt" : 1741144430495,
        "embed" : {
          "$type" : "app.bsky.embed.video",
          "aspectRatio" : {
            "width" : 1920,
            "height" : 1080
          },
          "video" : {
            "$type" : "blob",
            "ref" : {
              "$link" : "bafkreiaapetns6udleq7q75tgl7rjeb6i56wm2nbzhlql2htncbxmkfx5e"
            },
            "mimeType" : "video/mp4",
            "size" : 4514410
          }
        },
        "langs" : [ "en" ],
        "text" : "BREAKING: irony dead."
      },
      "embed" : {
        "$type" : "app.bsky.embed.video#view",
        "aspectRatio" : {
          "width" : 1920,
          "height" : 1080
        },
        "cid" : "bafkreiaapetns6udleq7q75tgl7rjeb6i56wm2nbzhlql2htncbxmkfx5e",
        "playlist" : "https://video.bsky.app/watch/did%3Aplc%3Acxrua73vvgqw4lel4nkccky7/bafkreiaapetns6udleq7q75tgl7rjeb6i56wm2nbzhlql2htncbxmkfx5e/playlist.m3u8",
        "thumbnail" : "https://video.bsky.app/watch/did%3Aplc%3Acxrua73vvgqw4lel4nkccky7/bafkreiaapetns6udleq7q75tgl7rjeb6i56wm2nbzhlql2htncbxmkfx5e/thumbnail.jpg"
      },
      "replyCount" : 73,
      "repostCount" : 228,
      "likeCount" : 1134,
      "quoteCount" : 21,
      "indexedAt" : 1741144431316,
      "viewer" : { },
      "labels" : [ ]
    },
    "reason" : {
      "by" : {
        "did" : "did:plc:lu4xc2twcurj5f6nf4q2hwcv",
        "handle" : "marionicolais.bsky.social",
        "displayName" : "Mario Nicolais",
        "avatar" : "https://cdn.bsky.app/img/avatar/plain/did:plc:lu4xc2twcurj5f6nf4q2hwcv/bafkreiedbzfdvtivqzao2lappar2lq5uilozsupmanjnt4dzmvk4er5o7e@jpeg",
        "createdAt" : 1731367565015,
        "viewer" : {
          "muted" : false,
          "blockedBy" : false,
          "following" : "at://did:plc:pgdrqxzv4kxt7tr3sa6pd77y/app.bsky.graph.follow/3lbct7linwy2p"
        },
        "labels" : [ ]
      },
      "indexedAt" : 1741162550321
    }
  }, {
    "post" : {
      "uri" : "at://did:plc:lu4xc2twcurj5f6nf4q2hwcv/app.bsky.feed.post/3ljlzaifnbc2i",
      "cid" : "bafyreickoaolemhv3pznr3zg5m2sodkyjo45lpsbdaux5ks7ldbktxl57e",
      "author" : {
        "did" : "did:plc:lu4xc2twcurj5f6nf4q2hwcv",
        "handle" : "marionicolais.bsky.social",
        "displayName" : "Mario Nicolais",
        "avatar" : "https://cdn.bsky.app/img/avatar/plain/did:plc:lu4xc2twcurj5f6nf4q2hwcv/bafkreiedbzfdvtivqzao2lappar2lq5uilozsupmanjnt4dzmvk4er5o7e@jpeg",
        "viewer" : {
          "muted" : false,
          "blockedBy" : false,
          "following" : "at://did:plc:pgdrqxzv4kxt7tr3sa6pd77y/app.bsky.graph.follow/3lbct7linwy2p"
        },
        "labels" : [ ],
        "createdAt" : 1731349565015
      },
      "record" : {
        "$type" : "app.bsky.feed.post",
        "createdAt" : 1741144524704,
        "embed" : {
          "$type" : "app.bsky.embed.images",
          "images" : [ {
            "alt" : "",
            "image" : {
              "$type" : "blob",
              "ref" : {
                "$link" : "bafkreiczpbcqfh2ua2s2yxugibd4mje5sea5cg2gwqgmz5rlk5olq4pena"
              },
              "mimeType" : "image/jpeg",
              "size" : 410102
            },
            "aspectRatio" : {
              "width" : 1179,
              "height" : 1048
            }
          } ]
        },
        "facets" : [ {
          "index" : {
            "byteStart" : 46,
            "byteEnd" : 56
          },
          "features" : [ {
            "$type" : "app.bsky.richtext.facet#tag",
            "tag" : "TrumpLies"
          } ]
        } ],
        "langs" : [ "en" ],
        "text" : "Aurora, Colorado.\n\nJust a couple miles away.\n\n#TrumpLies"
      },
      "embed" : {
        "$type" : "app.bsky.embed.images#view",
        "images" : [ {
          "thumb" : "https://cdn.bsky.app/img/feed_thumbnail/plain/did:plc:lu4xc2twcurj5f6nf4q2hwcv/bafkreiczpbcqfh2ua2s2yxugibd4mje5sea5cg2gwqgmz5rlk5olq4pena@jpeg",
          "fullsize" : "https://cdn.bsky.app/img/feed_fullsize/plain/did:plc:lu4xc2twcurj5f6nf4q2hwcv/bafkreiczpbcqfh2ua2s2yxugibd4mje5sea5cg2gwqgmz5rlk5olq4pena@jpeg",
          "alt" : "",
          "aspectRatio" : {
            "width" : 1179,
            "height" : 1048
          }
        } ]
      },
      "replyCount" : 0,
      "repostCount" : 2,
      "likeCount" : 11,
      "quoteCount" : 0,
      "indexedAt" : 1741144526426,
      "viewer" : { },
      "labels" : [ ]
    }
  }, {
    "post" : {
      "uri" : "at://did:plc:vzu7j24crqmawkevzi3i6n3v/app.bsky.feed.post/3ljlzaebqks2q",
      "cid" : "bafyreidvgoox7efl6gybsd67hbiakmoubig2srxnvu2xp3hwsrnduje2sy",
      "author" : {
        "did" : "did:plc:vzu7j24crqmawkevzi3i6n3v",
        "handle" : "boom-whatsgoingon.bsky.social",
        "displayName" : "@Boom-WhatsGoingOn.bsky.social",
        "avatar" : "https://cdn.bsky.app/img/avatar/plain/did:plc:vzu7j24crqmawkevzi3i6n3v/bafkreid5jnxlcxpfp34y2xwqnxxvl4goesxm7z7il3ngbvqbo7e5p7ansu@jpeg",
        "associated" : {
          "chat" : {
            "allowIncoming" : "none"
          }
        },
        "viewer" : {
          "muted" : false,
          "blockedBy" : false,
          "following" : "at://did:plc:pgdrqxzv4kxt7tr3sa6pd77y/app.bsky.graph.follow/3ljlujigavx2x",
          "followedBy" : "at://did:plc:vzu7j24crqmawkevzi3i6n3v/app.bsky.graph.follow/3ljjfshlgtc2u"
        },
        "labels" : [ ],
        "createdAt" : 1737501361013
      },
      "record" : {
        "$type" : "app.bsky.feed.post",
        "createdAt" : 1741144520372,
        "embed" : {
          "$type" : "app.bsky.embed.images",
          "images" : [ {
            "alt" : "",
            "image" : {
              "$type" : "blob",
              "ref" : {
                "$link" : "bafkreidky57zvpfydrl3dup74m7hyjqafn7wekd6qmrzlcn7elfxfktoaa"
              },
              "mimeType" : "image/jpeg",
              "size" : 927794
            },
            "aspectRatio" : {
              "width" : 1125,
              "height" : 784
            }
          } ]
        },
        "langs" : [ "en" ],
        "text" : "Dollar wise, this has to be Trump’s biggest accomplishment yet, of his flailing Presidency…\n\nCongratulations, you are officially the “BIGGEST LOSER”!"
      },
      "embed" : {
        "$type" : "app.bsky.embed.images#view",
        "images" : [ {
          "thumb" : "https://cdn.bsky.app/img/feed_thumbnail/plain/did:plc:vzu7j24crqmawkevzi3i6n3v/bafkreidky57zvpfydrl3dup74m7hyjqafn7wekd6qmrzlcn7elfxfktoaa@jpeg",
          "fullsize" : "https://cdn.bsky.app/img/feed_fullsize/plain/did:plc:vzu7j24crqmawkevzi3i6n3v/bafkreidky57zvpfydrl3dup74m7hyjqafn7wekd6qmrzlcn7elfxfktoaa@jpeg",
          "alt" : "",
          "aspectRatio" : {
            "width" : 1125,
            "height" : 784
          }
        } ]
      },
      "replyCount" : 2,
      "repostCount" : 5,
      "likeCount" : 51,
      "quoteCount" : 0,
      "indexedAt" : 1741144523826,
      "viewer" : { },
      "labels" : [ ]
    }
  }, {
    "post" : {
      "uri" : "at://did:plc:v6dt2gvwx4kgxujlwpsolo6h/app.bsky.feed.post/3ljlyvjkfrs2q",
      "cid" : "bafyreig6hglgxre5mjmmt2b6fyuxbrqrr32oy235bowhqk55mzco5773eu",
      "author" : {
        "did" : "did:plc:v6dt2gvwx4kgxujlwpsolo6h",
        "handle" : "cmewing.bsky.social",
        "displayName" : "Connor Ewing",
        "avatar" : "https://cdn.bsky.app/img/avatar/plain/did:plc:v6dt2gvwx4kgxujlwpsolo6h/bafkreidxybj7gytq6bk2lol4e4ybzrtjrgetavwttt3md2doeglw4supdy@jpeg",
        "viewer" : {
          "muted" : false,
          "blockedBy" : false
        },
        "labels" : [ ],
        "createdAt" : 1691805104442
      },
      "record" : {
        "$type" : "app.bsky.feed.post",
        "createdAt" : 1741144156809,
        "embed" : {
          "$type" : "app.bsky.embed.images",
          "images" : [ {
            "alt" : "",
            "image" : {
              "$type" : "blob",
              "ref" : {
                "$link" : "bafkreidjcivcleor6vpeyzhbob2kjywngukl7uouchggd46dm525hida4m"
              },
              "mimeType" : "image/jpeg",
              "size" : 678433
            },
            "aspectRatio" : {
              "width" : 1125,
              "height" : 618
            }
          } ]
        },
        "langs" : [ "en" ],
        "text" : "As clear a sign as any that congressional Dems either don’t fully grasp or are incapable of confronting the constitutional crisis."
      },
      "embed" : {
        "$type" : "app.bsky.embed.images#view",
        "images" : [ {
          "thumb" : "https://cdn.bsky.app/img/feed_thumbnail/plain/did:plc:v6dt2gvwx4kgxujlwpsolo6h/bafkreidjcivcleor6vpeyzhbob2kjywngukl7uouchggd46dm525hida4m@jpeg",
          "fullsize" : "https://cdn.bsky.app/img/feed_fullsize/plain/did:plc:v6dt2gvwx4kgxujlwpsolo6h/bafkreidjcivcleor6vpeyzhbob2kjywngukl7uouchggd46dm525hida4m@jpeg",
          "alt" : "",
          "aspectRatio" : {
            "width" : 1125,
            "height" : 618
          }
        } ]
      },
      "replyCount" : 60,
      "repostCount" : 152,
      "likeCount" : 688,
      "quoteCount" : 45,
      "indexedAt" : 1741144158417,
      "viewer" : { },
      "labels" : [ ]
    },
    "reason" : {
      "by" : {
        "did" : "did:plc:j53tav4pdcpfxyx2gcfr5fhb",
        "handle" : "mehdirhasan.bsky.social",
        "displayName" : "Mehdi Hasan",
        "avatar" : "https://cdn.bsky.app/img/avatar/plain/did:plc:j53tav4pdcpfxyx2gcfr5fhb/bafkreid3qifkugat3tjsfz3hqyzi3h5tsf6dph2qqcsf4g4fokw6h4pm6e@jpeg",
        "createdAt" : 1682665992967,
        "viewer" : {
          "muted" : false,
          "blockedBy" : false,
          "following" : "at://did:plc:pgdrqxzv4kxt7tr3sa6pd77y/app.bsky.graph.follow/3kebsul345k22"
        },
        "labels" : [ ]
      },
      "indexedAt" : 1741162499719
    }
  }, {
    "post" : {
      "uri" : "at://did:plc:jp6kosbeb3bkbadjr2ttznbu/app.bsky.feed.post/3ljlz6u3jy22v",
      "cid" : "bafyreiggvcqylwd4vv447soqcbxdkyxytw5p5cpred4ghfk744seepk5qi",
      "author" : {
        "did" : "did:plc:jp6kosbeb3bkbadjr2ttznbu",
        "handle" : "swin24.bsky.social",
        "displayName" : "Asawin Suebsaeng",
        "avatar" : "https://cdn.bsky.app/img/avatar/plain/did:plc:jp6kosbeb3bkbadjr2ttznbu/bafkreifvywch3cfnrtba52li5jojbjwa6cdv73bkitwzee7bwkgfy3jsbu@jpeg",
        "associated" : {
          "chat" : {
            "allowIncoming" : "following"
          }
        },
        "viewer" : {
          "muted" : false,
          "blockedBy" : false
        },
        "labels" : [ ],
        "createdAt" : 1684260425334
      },
      "record" : {
        "$type" : "app.bsky.feed.post",
        "createdAt" : 1741144469848,
        "embed" : {
          "$type" : "app.bsky.embed.external",
          "external" : {
            "uri" : "https://www.rollingstone.com/politics/politics-features/trump-springfield-ohio-haitians-terrified-1235171187/",
            "title" : "'He Is Coming for Us': Springfield's Haitians Are Terrified After Trump's Win",
            "description" : "Donald Trump wants to create a climate of fear that leads immigrants to flee the country before his deportations begin. It’s working in Springfield.",
            "thumb" : {
              "$type" : "blob",
              "ref" : {
                "$link" : "bafkreidtlicev52znzy5tynvpunr3cfco57txy52a5lw2qfvoq7atu3mga"
              },
              "mimeType" : "image/jpeg",
              "size" : 391945
            }
          }
        },
        "facets" : [ {
          "index" : {
            "byteStart" : 37,
            "byteEnd" : 73
          },
          "features" : [ {
            "$type" : "app.bsky.richtext.facet#link",
            "uri" : "https://www.rollingstone.com/politics/politics-features/trump-springfield-ohio-haitians-terrified-1235171187/"
          } ]
        } ],
        "langs" : [ "en" ],
        "text" : "Trump talking about Springfield Ohio www.rollingstone.com/politics/pol..."
      },
      "embed" : {
        "$type" : "app.bsky.embed.external#view",
        "external" : {
          "uri" : "https://www.rollingstone.com/politics/politics-features/trump-springfield-ohio-haitians-terrified-1235171187/",
          "title" : "'He Is Coming for Us': Springfield's Haitians Are Terrified After Trump's Win",
          "description" : "Donald Trump wants to create a climate of fear that leads immigrants to flee the country before his deportations begin. It’s working in Springfield.",
          "thumb" : "https://cdn.bsky.app/img/feed_thumbnail/plain/did:plc:jp6kosbeb3bkbadjr2ttznbu/bafkreidtlicev52znzy5tynvpunr3cfco57txy52a5lw2qfvoq7atu3mga@jpeg"
        }
      },
      "replyCount" : 3,
      "repostCount" : 13,
      "likeCount" : 75,
      "quoteCount" : 0,
      "indexedAt" : 1741144470820,
      "viewer" : { },
      "labels" : [ ]
    },
    "reply" : {
      "root" : { }
    },
    "reason" : {
      "by" : {
        "did" : "did:plc:j53tav4pdcpfxyx2gcfr5fhb",
        "handle" : "mehdirhasan.bsky.social",
        "displayName" : "Mehdi Hasan",
        "avatar" : "https://cdn.bsky.app/img/avatar/plain/did:plc:j53tav4pdcpfxyx2gcfr5fhb/bafkreid3qifkugat3tjsfz3hqyzi3h5tsf6dph2qqcsf4g4fokw6h4pm6e@jpeg",
        "createdAt" : 1682665992967,
        "viewer" : {
          "muted" : false,
          "blockedBy" : false,
          "following" : "at://did:plc:pgdrqxzv4kxt7tr3sa6pd77y/app.bsky.graph.follow/3kebsul345k22"
        },
        "labels" : [ ]
      },
      "indexedAt" : 1741162488632
    }
  }, {
    "post" : {
      "uri" : "at://did:plc:j53tav4pdcpfxyx2gcfr5fhb/app.bsky.feed.post/3ljlz6ulwfc2f",
      "cid" : "bafyreibbhsp6lynfjp4hvorwstbvwh5tl23t55uc53d3mnoc2iuu5nzhjy",
      "author" : {
        "did" : "did:plc:j53tav4pdcpfxyx2gcfr5fhb",
        "handle" : "mehdirhasan.bsky.social",
        "displayName" : "Mehdi Hasan",
        "avatar" : "https://cdn.bsky.app/img/avatar/plain/did:plc:j53tav4pdcpfxyx2gcfr5fhb/bafkreid3qifkugat3tjsfz3hqyzi3h5tsf6dph2qqcsf4g4fokw6h4pm6e@jpeg",
        "viewer" : {
          "muted" : false,
          "blockedBy" : false,
          "following" : "at://did:plc:pgdrqxzv4kxt7tr3sa6pd77y/app.bsky.graph.follow/3kebsul345k22"
        },
        "labels" : [ ],
        "createdAt" : 1682651592967
      },
      "record" : {
        "$type" : "app.bsky.feed.post",
        "createdAt" : 1741144470386,
        "langs" : [ "en" ],
        "text" : "Trump echoes neo-Nazi language by calling it a \"migrant occupation\""
      },
      "replyCount" : 22,
      "repostCount" : 108,
      "likeCount" : 637,
      "quoteCount" : 1,
      "indexedAt" : 1741144470531,
      "viewer" : { },
      "labels" : [ ]
    }
  }, {
    "post" : {
      "uri" : "at://did:plc:cxrua73vvgqw4lel4nkccky7/app.bsky.feed.post/3ljlz5okmc22s",
      "cid" : "bafyreifn4znuj36uvgftdmylyfkp7c2buftboeanlr7qxh4foxtzrlvxku",
      "author" : {
        "did" : "did:plc:cxrua73vvgqw4lel4nkccky7",
        "handle" : "lincolnproject.us",
        "displayName" : "The Lincoln Project",
        "avatar" : "https://cdn.bsky.app/img/avatar/plain/did:plc:cxrua73vvgqw4lel4nkccky7/bafkreie4t2qm2mgz6s5kk47kqrunjm2bbywigelewfq6elxvnmxdxq33nq@jpeg",
        "viewer" : {
          "muted" : false,
          "blockedBy" : false,
          "following" : "at://did:plc:pgdrqxzv4kxt7tr3sa6pd77y/app.bsky.graph.follow/3keixdvenpe2h"
        },
        "labels" : [ ],
        "createdAt" : 1687970158463
      },
      "record" : {
        "$type" : "app.bsky.feed.post",
        "createdAt" : 1741144430495,
        "embed" : {
          "$type" : "app.bsky.embed.video",
          "aspectRatio" : {
            "width" : 1920,
            "height" : 1080
          },
          "video" : {
            "$type" : "blob",
            "ref" : {
              "$link" : "bafkreiaapetns6udleq7q75tgl7rjeb6i56wm2nbzhlql2htncbxmkfx5e"
            },
            "mimeType" : "video/mp4",
            "size" : 4514410
          }
        },
        "langs" : [ "en" ],
        "text" : "BREAKING: irony dead."
      },
      "embed" : {
        "$type" : "app.bsky.embed.video#view",
        "aspectRatio" : {
          "width" : 1920,
          "height" : 1080
        },
        "cid" : "bafkreiaapetns6udleq7q75tgl7rjeb6i56wm2nbzhlql2htncbxmkfx5e",
        "playlist" : "https://video.bsky.app/watch/did%3Aplc%3Acxrua73vvgqw4lel4nkccky7/bafkreiaapetns6udleq7q75tgl7rjeb6i56wm2nbzhlql2htncbxmkfx5e/playlist.m3u8",
        "thumbnail" : "https://video.bsky.app/watch/did%3Aplc%3Acxrua73vvgqw4lel4nkccky7/bafkreiaapetns6udleq7q75tgl7rjeb6i56wm2nbzhlql2htncbxmkfx5e/thumbnail.jpg"
      },
      "replyCount" : 73,
      "repostCount" : 228,
      "likeCount" : 1134,
      "quoteCount" : 21,
      "indexedAt" : 1741144431316,
      "viewer" : { },
      "labels" : [ ]
    }
  }, {
    "post" : {
      "uri" : "at://did:plc:j7eliwxzqpvvwu6jbxr5ggaf/app.bsky.feed.post/3ljlwxggo6225",
      "cid" : "bafyreihjkrg3yxyult6ixi3trkif3lkd7ogvx5idpohqvridpupvncubvi",
      "author" : {
        "did" : "did:plc:j7eliwxzqpvvwu6jbxr5ggaf",
        "handle" : "stevenmazie.bsky.social",
        "displayName" : "Steven Mazie",
        "avatar" : "https://cdn.bsky.app/img/avatar/plain/did:plc:j7eliwxzqpvvwu6jbxr5ggaf/bafkreicq6ojr7nynsqtd2zvuoio7vkakxmd7h3fbzifikqq2w5llbjh2xa@jpeg",
        "viewer" : {
          "muted" : false,
          "blockedBy" : false
        },
        "labels" : [ ],
        "createdAt" : 1683654035121
      },
      "record" : {
        "$type" : "app.bsky.feed.post",
        "createdAt" : 1741142073163,
        "embed" : {
          "$type" : "app.bsky.embed.images",
          "images" : [ {
            "alt" : "",
            "image" : {
              "$type" : "blob",
              "ref" : {
                "$link" : "bafkreibmm66xjimjav35ahe262uacmucb77ashrzu3yla4tuu6xv3vhq4e"
              },
              "mimeType" : "image/jpeg",
              "size" : 434342
            },
            "aspectRatio" : {
              "width" : 1432,
              "height" : 954
            }
          } ]
        },
        "langs" : [ "en" ],
        "text" : "Donald Trump: \"Free speech in America - it's back!\"\n\nAlso Donald Trump:"
      },
      "embed" : {
        "$type" : "app.bsky.embed.images#view",
        "images" : [ {
          "thumb" : "https://cdn.bsky.app/img/feed_thumbnail/plain/did:plc:j7eliwxzqpvvwu6jbxr5ggaf/bafkreibmm66xjimjav35ahe262uacmucb77ashrzu3yla4tuu6xv3vhq4e@jpeg",
          "fullsize" : "https://cdn.bsky.app/img/feed_fullsize/plain/did:plc:j7eliwxzqpvvwu6jbxr5ggaf/bafkreibmm66xjimjav35ahe262uacmucb77ashrzu3yla4tuu6xv3vhq4e@jpeg",
          "alt" : "",
          "aspectRatio" : {
            "width" : 1432,
            "height" : 954
          }
        } ]
      },
      "replyCount" : 5,
      "repostCount" : 32,
      "likeCount" : 106,
      "quoteCount" : 0,
      "indexedAt" : 1741142075031,
      "viewer" : { },
      "labels" : [ ]
    },
    "reason" : {
      "by" : {
        "did" : "did:plc:j5fbnzh57rn7xz65yjc36gxb",
        "handle" : "drewharwell.com",
        "displayName" : "Drew Harwell",
        "avatar" : "https://cdn.bsky.app/img/avatar/plain/did:plc:j5fbnzh57rn7xz65yjc36gxb/bafkreibtwyjrzksk3gd4z6a7wqsbgd5huofmvefvqhjrjre63prxak4zci@jpeg",
        "createdAt" : 1681937778439,
        "associated" : {
          "chat" : {
            "allowIncoming" : "all"
          }
        },
        "viewer" : {
          "muted" : false,
          "blockedBy" : false,
          "following" : "at://did:plc:pgdrqxzv4kxt7tr3sa6pd77y/app.bsky.graph.follow/3kdztqc3i222w"
        },
        "labels" : [ ]
      },
      "indexedAt" : 1741162426026
    }
  }, {
    "post" : {
      "uri" : "at://did:plc:lfgjxeg7f7w6ryjfbomhcbsi/app.bsky.feed.post/3ljlz4seyq22u",
      "cid" : "bafyreihrkyyvyuywo5pis7gkrkk3xb3a7rhuwdlok46pf3ggd7emabdaxy",
      "author" : {
        "did" : "did:plc:lfgjxeg7f7w6ryjfbomhcbsi",
        "handle" : "mikenellis.bsky.social",
        "displayName" : "Mike Nellis",
        "avatar" : "https://cdn.bsky.app/img/avatar/plain/did:plc:lfgjxeg7f7w6ryjfbomhcbsi/bafkreiecf5wsoxo3gos7qy5b2pmy7qx3meyxvkoxo2ltninvsizsfl2m5e@jpeg",
        "viewer" : {
          "muted" : false,
          "blockedBy" : false,
          "following" : "at://did:plc:pgdrqxzv4kxt7tr3sa6pd77y/app.bsky.graph.follow/3ldkjvrgufl2f",
          "followedBy" : "at://did:plc:lfgjxeg7f7w6ryjfbomhcbsi/app.bsky.graph.follow/3lcwjzehmmt26"
        },
        "labels" : [ ],
        "createdAt" : 1731169867521
      },
      "record" : {
        "$type" : "app.bsky.feed.post",
        "createdAt" : 1741144400952,
        "langs" : [ "en" ],
        "text" : "For me? LOL"
      },
      "replyCount" : 0,
      "repostCount" : 0,
      "likeCount" : 0,
      "quoteCount" : 0,
      "indexedAt" : 1741144401629,
      "viewer" : { },
      "labels" : [ ]
    },
    "reply" : {
      "root" : { }
    }
  }, {
    "post" : {
      "uri" : "at://did:plc:neno2ingf4j4rs2fof4giall/app.bsky.feed.post/3ljlz4rpgcc2o",
      "cid" : "bafyreig4qh4wjby2f452ehobhjcrbozyu64umdgwapg4bbcx6d5mgwj2hm",
      "author" : {
        "did" : "did:plc:neno2ingf4j4rs2fof4giall",
        "handle" : "jojofromjerz.bsky.social",
        "displayName" : "JoJoFromJerz",
        "avatar" : "https://cdn.bsky.app/img/avatar/plain/did:plc:neno2ingf4j4rs2fof4giall/bafkreifuzzqe3afxjyt63fi5urw4s22eysgiklmmppmcl2473vedsxh4s4@jpeg",
        "viewer" : {
          "muted" : false,
          "blockedBy" : false,
          "following" : "at://did:plc:pgdrqxzv4kxt7tr3sa6pd77y/app.bsky.graph.follow/3ldnzl6s3lw2h"
        },
        "labels" : [ ],
        "createdAt" : 1683168597990
      },
      "record" : {
        "$type" : "app.bsky.feed.post",
        "createdAt" : 1741144400246,
        "langs" : [ "en" ],
        "text" : "This speech is boring as fuck."
      },
      "replyCount" : 94,
      "repostCount" : 36,
      "likeCount" : 825,
      "quoteCount" : 5,
      "indexedAt" : 1741144400420,
      "viewer" : { },
      "labels" : [ ]
    }
  }, {
    "post" : {
      "uri" : "at://did:plc:a6g23vezflvebvmaqngfwcmn/app.bsky.feed.post/3ljlxcsqntc2q",
      "cid" : "bafyreiak6cx3m4dldaek7bshr4sjzv2kzivqxfaf3inxysecdkt5jtplui",
      "author" : {
        "did" : "did:plc:a6g23vezflvebvmaqngfwcmn",
        "handle" : "davidleavitt.bsky.social",
        "displayName" : "David Leavitt",
        "avatar" : "https://cdn.bsky.app/img/avatar/plain/did:plc:a6g23vezflvebvmaqngfwcmn/bafkreidbafhdsn3jbcs62olsncyav53xsqyfgghtfh6p7rq6uxbq3lhrqu@jpeg",
        "viewer" : {
          "muted" : false,
          "blockedBy" : false
        },
        "labels" : [ ],
        "createdAt" : 1682898846900
      },
      "record" : {
        "$type" : "app.bsky.feed.post",
        "createdAt" : 1741142455173,
        "embed" : {
          "$type" : "app.bsky.embed.images",
          "images" : [ {
            "alt" : "",
            "image" : {
              "$type" : "blob",
              "ref" : {
                "$link" : "bafkreicsyzjz34lf2edjmelpg5v2gqhdikfd6vzbb4dj6ijmjmzr7jb424"
              },
              "mimeType" : "image/jpeg",
              "size" : 383925
            },
            "aspectRatio" : {
              "width" : 1082,
              "height" : 694
            }
          }, {
            "alt" : "",
            "image" : {
              "$type" : "blob",
              "ref" : {
                "$link" : "bafkreig44tzvp7xqqnklpo6mlmmidpueqayakdfshvzhpq4k64mi4a6frq"
              },
              "mimeType" : "image/jpeg",
              "size" : 478412
            },
            "aspectRatio" : {
              "width" : 770,
              "height" : 618
            }
          } ]
        },
        "facets" : [ {
          "index" : {
            "byteStart" : 102,
            "byteEnd" : 118
          },
          "features" : [ {
            "$type" : "app.bsky.richtext.facet#tag",
            "tag" : "StateOfTheUnion"
          } ]
        } ],
        "langs" : [ "en" ],
        "text" : "Trump claims he “brought free speech back” after removing a man from exercising his free speech.\n\n#StateOfTheUnion"
      },
      "embed" : {
        "$type" : "app.bsky.embed.images#view",
        "images" : [ {
          "thumb" : "https://cdn.bsky.app/img/feed_thumbnail/plain/did:plc:a6g23vezflvebvmaqngfwcmn/bafkreicsyzjz34lf2edjmelpg5v2gqhdikfd6vzbb4dj6ijmjmzr7jb424@jpeg",
          "fullsize" : "https://cdn.bsky.app/img/feed_fullsize/plain/did:plc:a6g23vezflvebvmaqngfwcmn/bafkreicsyzjz34lf2edjmelpg5v2gqhdikfd6vzbb4dj6ijmjmzr7jb424@jpeg",
          "alt" : "",
          "aspectRatio" : {
            "width" : 1082,
            "height" : 694
          }
        }, {
          "thumb" : "https://cdn.bsky.app/img/feed_thumbnail/plain/did:plc:a6g23vezflvebvmaqngfwcmn/bafkreig44tzvp7xqqnklpo6mlmmidpueqayakdfshvzhpq4k64mi4a6frq@jpeg",
          "fullsize" : "https://cdn.bsky.app/img/feed_fullsize/plain/did:plc:a6g23vezflvebvmaqngfwcmn/bafkreig44tzvp7xqqnklpo6mlmmidpueqayakdfshvzhpq4k64mi4a6frq@jpeg",
          "alt" : "",
          "aspectRatio" : {
            "width" : 770,
            "height" : 618
          }
        } ]
      },
      "replyCount" : 82,
      "repostCount" : 804,
      "likeCount" : 3121,
      "quoteCount" : 35,
      "indexedAt" : 1741142458025,
      "viewer" : { },
      "labels" : [ ]
    },
    "reason" : {
      "by" : {
        "did" : "did:plc:3tgntymxw6sr3iivbhqekj45",
        "handle" : "michellekinney.com",
        "displayName" : "Michelle Kinney",
        "avatar" : "https://cdn.bsky.app/img/avatar/plain/did:plc:3tgntymxw6sr3iivbhqekj45/bafkreifozvmybx3k7lilwy37yahj4a7vvqnwskxo7psk6v6hc7zcbjzxay@jpeg",
        "createdAt" : 1685479068453,
        "viewer" : {
          "muted" : false,
          "blockedBy" : false,
          "following" : "at://did:plc:pgdrqxzv4kxt7tr3sa6pd77y/app.bsky.graph.follow/3kefvsjvf372s"
        },
        "labels" : [ {
          "src" : "did:plc:3tgntymxw6sr3iivbhqekj45",
          "uri" : "at://did:plc:3tgntymxw6sr3iivbhqekj45/app.bsky.actor.profile/self",
          "cid" : "bafyreigegxboucrt4b2oykbunmoehgqsr73mb7nax3pl7lib2anpr24oya",
          "val" : "!no-unauthenticated",
          "cts" : 18000000
        } ]
      },
      "indexedAt" : 1741162398031
    }
  }, {
    "post" : {
      "uri" : "at://did:plc:j5fbnzh57rn7xz65yjc36gxb/app.bsky.feed.post/3ljlz4g6qh22s",
      "cid" : "bafyreib2y4opselq2tbgoeaw4ppzzjjztavia6mbtgptlrtvvlcbtvctxq",
      "author" : {
        "did" : "did:plc:j5fbnzh57rn7xz65yjc36gxb",
        "handle" : "drewharwell.com",
        "displayName" : "Drew Harwell",
        "avatar" : "https://cdn.bsky.app/img/avatar/plain/did:plc:j5fbnzh57rn7xz65yjc36gxb/bafkreibtwyjrzksk3gd4z6a7wqsbgd5huofmvefvqhjrjre63prxak4zci@jpeg",
        "associated" : {
          "chat" : {
            "allowIncoming" : "all"
          }
        },
        "viewer" : {
          "muted" : false,
          "blockedBy" : false,
          "following" : "at://did:plc:pgdrqxzv4kxt7tr3sa6pd77y/app.bsky.graph.follow/3kdztqc3i222w"
        },
        "labels" : [ ],
        "createdAt" : 1681923378439
      },
      "record" : {
        "$type" : "app.bsky.feed.post",
        "createdAt" : 1741144388161,
        "embed" : {
          "$type" : "app.bsky.embed.images",
          "images" : [ {
            "alt" : "Democrats' signs changed to say stuff like \"Illegals First\"",
            "image" : {
              "$type" : "blob",
              "ref" : {
                "$link" : "bafkreigshzgcfnhpra2fzdyduzrhjsbgzvu7t2uxbcij2j3ejmeiwlcrui"
              },
              "mimeType" : "image/jpeg",
              "size" : 353738
            },
            "aspectRatio" : {
              "width" : 672,
              "height" : 862
            }
          } ]
        },
        "langs" : [ "en" ],
        "text" : "Who could have predicted the Democrat sign-protest idea would end up like this"
      },
      "embed" : {
        "$type" : "app.bsky.embed.images#view",
        "images" : [ {
          "thumb" : "https://cdn.bsky.app/img/feed_thumbnail/plain/did:plc:j5fbnzh57rn7xz65yjc36gxb/bafkreigshzgcfnhpra2fzdyduzrhjsbgzvu7t2uxbcij2j3ejmeiwlcrui@jpeg",
          "fullsize" : "https://cdn.bsky.app/img/feed_fullsize/plain/did:plc:j5fbnzh57rn7xz65yjc36gxb/bafkreigshzgcfnhpra2fzdyduzrhjsbgzvu7t2uxbcij2j3ejmeiwlcrui@jpeg",
          "alt" : "Democrats' signs changed to say stuff like \"Illegals First\"",
          "aspectRatio" : {
            "width" : 672,
            "height" : 862
          }
        } ]
      },
      "replyCount" : 11,
      "repostCount" : 13,
      "likeCount" : 120,
      "quoteCount" : 2,
      "indexedAt" : 1741144394527,
      "viewer" : { },
      "labels" : [ ]
    }
  }, {
    "post" : {
      "uri" : "at://did:plc:oeqsuhvmuauoxfyiphzhvw5x/app.bsky.feed.post/3ljlylcd5pc2f",
      "cid" : "bafyreickucvvdxwjlnai6sexxwm4bm2kzfdgbtnqkwkcc3x6d7v4cehfsq",
      "author" : {
        "did" : "did:plc:oeqsuhvmuauoxfyiphzhvw5x",
        "handle" : "danieloh30.bsky.social",
        "displayName" : "Daniel Oh",
        "avatar" : "https://cdn.bsky.app/img/avatar/plain/did:plc:oeqsuhvmuauoxfyiphzhvw5x/bafkreihgv4kgkqndknxiqmmvp27nzh6g7w6bgvan2ntirjnm5eumfgvwi4@jpeg",
        "viewer" : {
          "muted" : false,
          "blockedBy" : false
        },
        "labels" : [ ],
        "createdAt" : 1684973818878
      },
      "record" : {
        "$type" : "app.bsky.feed.post",
        "createdAt" : 1741143813678,
        "embed" : {
          "$type" : "app.bsky.embed.images",
          "images" : [ {
            "alt" : "",
            "image" : {
              "$type" : "blob",
              "ref" : {
                "$link" : "bafkreihw6rmgil5mgfg4ntv4nqwm3ehudw7bxkuqfnoizcpgwx4bz3xb4i"
              },
              "mimeType" : "image/jpeg",
              "size" : 832131
            },
            "aspectRatio" : {
              "width" : 1921,
              "height" : 1081
            }
          } ]
        },
        "facets" : [ {
          "index" : {
            "byteStart" : 99,
            "byteEnd" : 109
          },
          "features" : [ {
            "$type" : "app.bsky.richtext.facet#link",
            "uri" : "https://jdconf.com"
          } ]
        }, {
          "index" : {
            "byteStart" : 110,
            "byteEnd" : 115
          },
          "features" : [ {
            "$type" : "app.bsky.richtext.facet#tag",
            "tag" : "Java"
          } ]
        }, {
          "index" : {
            "byteStart" : 116,
            "byteEnd" : 123
          },
          "features" : [ {
            "$type" : "app.bsky.richtext.facet#tag",
            "tag" : "JDConf"
          } ]
        }, {
          "index" : {
            "byteStart" : 124,
            "byteEnd" : 127
          },
          "features" : [ {
            "$type" : "app.bsky.richtext.facet#tag",
            "tag" : "AI"
          } ]
        }, {
          "index" : {
            "byteStart" : 128,
            "byteEnd" : 134
          },
          "features" : [ {
            "$type" : "app.bsky.richtext.facet#tag",
            "tag" : "Cloud"
          } ]
        } ],
        "langs" : [ "en" ],
        "text" : "Join me at JDConf 2025 for my session. I’ll be covering [brief hint at key focus].  RSVP Now at: jdconf.com\n#Java #JDConf #AI #Cloud"
      },
      "embed" : {
        "$type" : "app.bsky.embed.images#view",
        "images" : [ {
          "thumb" : "https://cdn.bsky.app/img/feed_thumbnail/plain/did:plc:oeqsuhvmuauoxfyiphzhvw5x/bafkreihw6rmgil5mgfg4ntv4nqwm3ehudw7bxkuqfnoizcpgwx4bz3xb4i@jpeg",
          "fullsize" : "https://cdn.bsky.app/img/feed_fullsize/plain/did:plc:oeqsuhvmuauoxfyiphzhvw5x/bafkreihw6rmgil5mgfg4ntv4nqwm3ehudw7bxkuqfnoizcpgwx4bz3xb4i@jpeg",
          "alt" : "",
          "aspectRatio" : {
            "width" : 1921,
            "height" : 1081
          }
        } ]
      },
      "replyCount" : 0,
      "repostCount" : 1,
      "likeCount" : 1,
      "quoteCount" : 0,
      "indexedAt" : 1741143815226,
      "viewer" : { },
      "labels" : [ ]
    },
    "reason" : {
      "by" : {
        "did" : "did:plc:t5bsijkenmu53aklo4ybaa4p",
        "handle" : "javabubble.bsky.social",
        "displayName" : "#javabubble",
        "avatar" : "https://cdn.bsky.app/img/avatar/plain/did:plc:t5bsijkenmu53aklo4ybaa4p/bafkreic5w5fm3znapuhqvzb222hjfal55iuucuocudr4h5ke2h4tvuykau@jpeg",
        "createdAt" : 1732040970738,
        "viewer" : {
          "muted" : false,
          "blockedBy" : false,
          "following" : "at://did:plc:pgdrqxzv4kxt7tr3sa6pd77y/app.bsky.graph.follow/3lbcryp6mtt2x",
          "followedBy" : "at://did:plc:t5bsijkenmu53aklo4ybaa4p/app.bsky.graph.follow/3lbcqs3p7c724"
        },
        "labels" : [ ]
      },
      "indexedAt" : 1741162373727
    }
  }, {
    "post" : {
      "uri" : "at://did:plc:2bpvh4efd2a6fmbohjceznzg/app.bsky.feed.post/3ljlyn3llfk2a",
      "cid" : "bafyreidv46cqiq2o3nwjz3ki4cjpvqjcotdeynwd6ds3n6fui44hg3lize",
      "author" : {
        "did" : "did:plc:2bpvh4efd2a6fmbohjceznzg",
        "handle" : "luismachadoreis.bsky.social",
        "displayName" : "Luis ]]>&#x1f36e;<![CDATA[",
        "avatar" : "https://cdn.bsky.app/img/avatar/plain/did:plc:2bpvh4efd2a6fmbohjceznzg/bafkreigwq25xtz5wwvgrjd6cj5h63eep5mxdsx4ip6r2xaugvjiioz265a@jpeg",
        "associated" : {
          "chat" : {
            "allowIncoming" : "following"
          }
        },
        "viewer" : {
          "muted" : false,
          "blockedBy" : false
        },
        "labels" : [ ],
        "createdAt" : 1725073133732
      },
      "record" : {
        "$type" : "app.bsky.feed.post",
        "createdAt" : 1741143873719,
        "embed" : {
          "$type" : "app.bsky.embed.images",
          "images" : [ {
            "alt" : "",
            "image" : {
              "$type" : "blob",
              "ref" : {
                "$link" : "bafkreia4bdqhb6wpi5akx4aln5p66imvllwccji77ubulh53fonitg77oq"
              },
              "mimeType" : "image/jpeg",
              "size" : 486440
            },
            "aspectRatio" : {
              "width" : 1125,
              "height" : 2000
            }
          } ]
        },
        "facets" : [ {
          "index" : {
            "byteStart" : 15,
            "byteEnd" : 21
          },
          "features" : [ {
            "$type" : "app.bsky.richtext.facet#tag",
            "tag" : "setup"
          } ]
        }, {
          "index" : {
            "byteStart" : 46,
            "byteEnd" : 73
          },
          "features" : [ {
            "$type" : "app.bsky.richtext.facet#mention",
            "did" : "did:plc:z56nxihufbifgfnfauj7kcze"
          } ]
        }, {
          "index" : {
            "byteStart" : 114,
            "byteEnd" : 129
          },
          "features" : [ {
            "$type" : "app.bsky.richtext.facet#tag",
            "tag" : "workingstation"
          } ]
        }, {
          "index" : {
            "byteStart" : 199,
            "byteEnd" : 206
          },
          "features" : [ {
            "$type" : "app.bsky.richtext.facet#tag",
            "tag" : "docker"
          } ]
        }, {
          "index" : {
            "byteStart" : 209,
            "byteEnd" : 220
          },
          "features" : [ {
            "$type" : "app.bsky.richtext.facet#tag",
            "tag" : "kubernetes"
          } ]
        }, {
          "index" : {
            "byteStart" : 235,
            "byteEnd" : 242
          },
          "features" : [ {
            "$type" : "app.bsky.richtext.facet#tag",
            "tag" : "python"
          } ]
        }, {
          "index" : {
            "byteStart" : 243,
            "byteEnd" : 248
          },
          "features" : [ {
            "$type" : "app.bsky.richtext.facet#tag",
            "tag" : "node"
          } ]
        }, {
          "index" : {
            "byteStart" : 249,
            "byteEnd" : 260
          },
          "features" : [ {
            "$type" : "app.bsky.richtext.facet#tag",
            "tag" : "typescript"
          } ]
        }, {
          "index" : {
            "byteStart" : 261,
            "byteEnd" : 272
          },
          "features" : [ {
            "$type" : "app.bsky.richtext.facet#tag",
            "tag" : "javascript"
          } ]
        }, {
          "index" : {
            "byteStart" : 273,
            "byteEnd" : 278
          },
          "features" : [ {
            "$type" : "app.bsky.richtext.facet#tag",
            "tag" : "java"
          } ]
        } ],
        "langs" : [ "pt" ],
        "text" : "Vamos falar de #setup - daí sempre lembro do @programadorwho.bsky.social ]]>&#x1f440;<![CDATA[ - eu fiz a configuração da minha #workingstation que é boa pra rodar qualquer ambiente - inclusive virtualizados com #docker e #kubernetes para projetos #python #node #typescript #javascript #java - segue o fio ]]>&#x1f9f5;<![CDATA["
      },
      "embed" : {
        "$type" : "app.bsky.embed.images#view",
        "images" : [ {
          "thumb" : "https://cdn.bsky.app/img/feed_thumbnail/plain/did:plc:2bpvh4efd2a6fmbohjceznzg/bafkreia4bdqhb6wpi5akx4aln5p66imvllwccji77ubulh53fonitg77oq@jpeg",
          "fullsize" : "https://cdn.bsky.app/img/feed_fullsize/plain/did:plc:2bpvh4efd2a6fmbohjceznzg/bafkreia4bdqhb6wpi5akx4aln5p66imvllwccji77ubulh53fonitg77oq@jpeg",
          "alt" : "",
          "aspectRatio" : {
            "width" : 1125,
            "height" : 2000
          }
        } ]
      },
      "replyCount" : 2,
      "repostCount" : 1,
      "likeCount" : 2,
      "quoteCount" : 0,
      "indexedAt" : 1741143900731,
      "viewer" : { },
      "labels" : [ ]
    },
    "reason" : {
      "by" : {
        "did" : "did:plc:t5bsijkenmu53aklo4ybaa4p",
        "handle" : "javabubble.bsky.social",
        "displayName" : "#javabubble",
        "avatar" : "https://cdn.bsky.app/img/avatar/plain/did:plc:t5bsijkenmu53aklo4ybaa4p/bafkreic5w5fm3znapuhqvzb222hjfal55iuucuocudr4h5ke2h4tvuykau@jpeg",
        "createdAt" : 1732040970738,
        "viewer" : {
          "muted" : false,
          "blockedBy" : false,
          "following" : "at://did:plc:pgdrqxzv4kxt7tr3sa6pd77y/app.bsky.graph.follow/3lbcryp6mtt2x",
          "followedBy" : "at://did:plc:t5bsijkenmu53aklo4ybaa4p/app.bsky.graph.follow/3lbcqs3p7c724"
        },
        "labels" : [ ]
      },
      "indexedAt" : 1741162373234
    }
  }, {
    "post" : {
      "uri" : "at://did:plc:3tgntymxw6sr3iivbhqekj45/app.bsky.feed.post/3ljlz2dtf6k2y",
      "cid" : "bafyreid74b3pn2bhosnn2kd4uvdfl4mrxbcajtbjilyokmfbk6dv7umma4",
      "author" : {
        "did" : "did:plc:3tgntymxw6sr3iivbhqekj45",
        "handle" : "michellekinney.com",
        "displayName" : "Michelle Kinney",
        "avatar" : "https://cdn.bsky.app/img/avatar/plain/did:plc:3tgntymxw6sr3iivbhqekj45/bafkreifozvmybx3k7lilwy37yahj4a7vvqnwskxo7psk6v6hc7zcbjzxay@jpeg",
        "viewer" : {
          "muted" : false,
          "blockedBy" : false,
          "following" : "at://did:plc:pgdrqxzv4kxt7tr3sa6pd77y/app.bsky.graph.follow/3kefvsjvf372s"
        },
        "labels" : [ {
          "src" : "did:plc:3tgntymxw6sr3iivbhqekj45",
          "uri" : "at://did:plc:3tgntymxw6sr3iivbhqekj45/app.bsky.actor.profile/self",
          "cid" : "bafyreigegxboucrt4b2oykbunmoehgqsr73mb7nax3pl7lib2anpr24oya",
          "val" : "!no-unauthenticated",
          "cts" : 18000000
        } ],
        "createdAt" : 1685464668453
      },
      "record" : {
        "$type" : "app.bsky.feed.post",
        "createdAt" : 1741144318586,
        "langs" : [ "en" ],
        "text" : "]]>&#x1f602;<![CDATA["
      },
      "replyCount" : 0,
      "repostCount" : 0,
      "likeCount" : 0,
      "quoteCount" : 0,
      "indexedAt" : 1741144318819,
      "viewer" : { },
      "labels" : [ ]
    },
    "reply" : {
      "root" : { }
    }
  }, {
    "post" : {
      "uri" : "at://did:plc:mtr3pwmbnirvyp3robuicd57/app.bsky.feed.post/3ljlyzxuias27",
      "cid" : "bafyreih7f6h7vmcc4he7squtqdnlmapeqkhu4ymdbhema4aszzwfgbiyiu",
      "author" : {
        "did" : "did:plc:mtr3pwmbnirvyp3robuicd57",
        "handle" : "davidcorn.bsky.social",
        "displayName" : "David Corn",
        "avatar" : "https://cdn.bsky.app/img/avatar/plain/did:plc:mtr3pwmbnirvyp3robuicd57/bafkreia236u2uj363edte2rch3o2lckdcfa5ia6jjsfce6zqn52bgbdt4y@jpeg",
        "viewer" : {
          "muted" : false,
          "blockedBy" : false,
          "following" : "at://did:plc:pgdrqxzv4kxt7tr3sa6pd77y/app.bsky.graph.follow/3kefvwzadbf2q"
        },
        "labels" : [ ],
        "createdAt" : 1683208505104
      },
      "record" : {
        "$type" : "app.bsky.feed.post",
        "createdAt" : 1741144306031,
        "embed" : {
          "$type" : "app.bsky.embed.images",
          "images" : [ {
            "alt" : "",
            "image" : {
              "$type" : "blob",
              "ref" : {
                "$link" : "bafkreifkgfulpwb3gneslni6gu7lr6akj7barfcaalbuefl2cdfkd3emaq"
              },
              "mimeType" : "image/jpeg",
              "size" : 598854
            },
            "aspectRatio" : {
              "width" : 1404,
              "height" : 706
            }
          } ]
        },
        "langs" : [ "en" ],
        "text" : "\"We have to take care of our law enforcement,\" says the man who pardoned hundreds of J6 cop-beaters.\n\nAnd two men who are protected by those cops applaud."
      },
      "embed" : {
        "$type" : "app.bsky.embed.images#view",
        "images" : [ {
          "thumb" : "https://cdn.bsky.app/img/feed_thumbnail/plain/did:plc:mtr3pwmbnirvyp3robuicd57/bafkreifkgfulpwb3gneslni6gu7lr6akj7barfcaalbuefl2cdfkd3emaq@jpeg",
          "fullsize" : "https://cdn.bsky.app/img/feed_fullsize/plain/did:plc:mtr3pwmbnirvyp3robuicd57/bafkreifkgfulpwb3gneslni6gu7lr6akj7barfcaalbuefl2cdfkd3emaq@jpeg",
          "alt" : "",
          "aspectRatio" : {
            "width" : 1404,
            "height" : 706
          }
        } ]
      },
      "replyCount" : 20,
      "repostCount" : 178,
      "likeCount" : 639,
      "quoteCount" : 6,
      "indexedAt" : 1741144307730,
      "viewer" : { },
      "labels" : [ ]
    }
  }, {
    "post" : {
      "uri" : "at://did:plc:vc7f4oafdgxsihk4cry2xpze/app.bsky.feed.post/3ljlyzjv6rk2u",
      "cid" : "bafyreiaiqjthgeeym7lgydwtt2hqvs72cyswjwbqwkzcghsfbtm664upmm",
      "author" : {
        "did" : "did:plc:vc7f4oafdgxsihk4cry2xpze",
        "handle" : "jcsalterego.bsky.social",
        "displayName" : "Jerry Chen",
        "avatar" : "https://cdn.bsky.app/img/avatar/plain/did:plc:vc7f4oafdgxsihk4cry2xpze/bafkreicwxwecqiko2rwwln5y3fqqb2zx6wfg5rxf5r7lukakkq2slqy5hy@jpeg",
        "associated" : {
          "chat" : {
            "allowIncoming" : "following"
          }
        },
        "viewer" : {
          "muted" : false,
          "blockedBy" : false,
          "following" : "at://did:plc:pgdrqxzv4kxt7tr3sa6pd77y/app.bsky.graph.follow/3kdztpolhap2n"
        },
        "labels" : [ {
          "src" : "did:plc:vc7f4oafdgxsihk4cry2xpze",
          "uri" : "at://did:plc:vc7f4oafdgxsihk4cry2xpze/app.bsky.actor.profile/self",
          "cid" : "bafyreidfiuv3c22vliyu2onazf23zrp35rr7i3upsqa2dsn5cqimmlgugm",
          "val" : "!no-unauthenticated",
          "cts" : 18000000
        } ],
        "createdAt" : 1682280664375
      },
      "record" : {
        "$type" : "app.bsky.feed.post",
        "createdAt" : 1741144291382,
        "langs" : [ "en" ],
        "text" : "mfer said mam. hope you feel better soon!!"
      },
      "replyCount" : 1,
      "repostCount" : 0,
      "likeCount" : 1,
      "quoteCount" : 0,
      "indexedAt" : 1741144291817,
      "viewer" : { },
      "labels" : [ ]
    },
    "reply" : {
      "root" : { }
    }
  }, {
    "post" : {
      "uri" : "at://did:plc:lu4xc2twcurj5f6nf4q2hwcv/app.bsky.feed.post/3ljlyygu3rk2i",
      "cid" : "bafyreihqlbffgm42nylins52r33tx2km5ecsabfrciysulexyewhp6uwkq",
      "author" : {
        "did" : "did:plc:lu4xc2twcurj5f6nf4q2hwcv",
        "handle" : "marionicolais.bsky.social",
        "displayName" : "Mario Nicolais",
        "avatar" : "https://cdn.bsky.app/img/avatar/plain/did:plc:lu4xc2twcurj5f6nf4q2hwcv/bafkreiedbzfdvtivqzao2lappar2lq5uilozsupmanjnt4dzmvk4er5o7e@jpeg",
        "viewer" : {
          "muted" : false,
          "blockedBy" : false,
          "following" : "at://did:plc:pgdrqxzv4kxt7tr3sa6pd77y/app.bsky.graph.follow/3lbct7linwy2p"
        },
        "labels" : [ ],
        "createdAt" : 1731349565015
      },
      "record" : {
        "$type" : "app.bsky.feed.post",
        "createdAt" : 1741144254645,
        "embed" : {
          "$type" : "app.bsky.embed.record"
        },
        "langs" : [ "en" ],
        "text" : "This is disguising."
      },
      "embed" : {
        "$type" : "app.bsky.embed.record#view"
      },
      "replyCount" : 1,
      "repostCount" : 2,
      "likeCount" : 14,
      "quoteCount" : 0,
      "indexedAt" : 1741144254828,
      "viewer" : { },
      "labels" : [ ]
    }
  }, {
    "post" : {
      "uri" : "at://did:plc:vc7f4oafdgxsihk4cry2xpze/app.bsky.feed.post/3ljlyygh7o22u",
      "cid" : "bafyreiggmkidhzk5jedh5tktfsrj5pre4gixxswfs4hcdbfkg4v3xhgr6i",
      "author" : {
        "did" : "did:plc:vc7f4oafdgxsihk4cry2xpze",
        "handle" : "jcsalterego.bsky.social",
        "displayName" : "Jerry Chen",
        "avatar" : "https://cdn.bsky.app/img/avatar/plain/did:plc:vc7f4oafdgxsihk4cry2xpze/bafkreicwxwecqiko2rwwln5y3fqqb2zx6wfg5rxf5r7lukakkq2slqy5hy@jpeg",
        "associated" : {
          "chat" : {
            "allowIncoming" : "following"
          }
        },
        "viewer" : {
          "muted" : false,
          "blockedBy" : false,
          "following" : "at://did:plc:pgdrqxzv4kxt7tr3sa6pd77y/app.bsky.graph.follow/3kdztpolhap2n"
        },
        "labels" : [ {
          "src" : "did:plc:vc7f4oafdgxsihk4cry2xpze",
          "uri" : "at://did:plc:vc7f4oafdgxsihk4cry2xpze/app.bsky.actor.profile/self",
          "cid" : "bafyreidfiuv3c22vliyu2onazf23zrp35rr7i3upsqa2dsn5cqimmlgugm",
          "val" : "!no-unauthenticated",
          "cts" : 18000000
        } ],
        "createdAt" : 1682280664375
      },
      "record" : {
        "$type" : "app.bsky.feed.post",
        "createdAt" : 1741144254225,
        "langs" : [ "en" ],
        "text" : "ummm yeah it's called wikitionary"
      },
      "replyCount" : 1,
      "repostCount" : 0,
      "likeCount" : 12,
      "quoteCount" : 0,
      "indexedAt" : 1741144254626,
      "viewer" : { },
      "labels" : [ ]
    },
    "reply" : {
      "root" : { }
    }
  }, {
    "post" : {
      "uri" : "at://did:plc:j53tav4pdcpfxyx2gcfr5fhb/app.bsky.feed.post/3ljlyxgffik2f",
      "cid" : "bafyreigacxg2g4hmwjpl5bwa7dzqrfr5v5eqjgg2myb2dlm3gy3mgvokym",
      "author" : {
        "did" : "did:plc:j53tav4pdcpfxyx2gcfr5fhb",
        "handle" : "mehdirhasan.bsky.social",
        "displayName" : "Mehdi Hasan",
        "avatar" : "https://cdn.bsky.app/img/avatar/plain/did:plc:j53tav4pdcpfxyx2gcfr5fhb/bafkreid3qifkugat3tjsfz3hqyzi3h5tsf6dph2qqcsf4g4fokw6h4pm6e@jpeg",
        "viewer" : {
          "muted" : false,
          "blockedBy" : false,
          "following" : "at://did:plc:pgdrqxzv4kxt7tr3sa6pd77y/app.bsky.graph.follow/3kebsul345k22"
        },
        "labels" : [ ],
        "createdAt" : 1682651592967
      },
      "record" : {
        "$type" : "app.bsky.feed.post",
        "createdAt" : 1741144220611,
        "langs" : [ "en" ],
        "text" : "\"We have to take care of our law enforcement,\" says Trump, standing inside the building where law enforcement were brutally attacked by a mob of his supporters that he sent to the Capitol."
      },
      "replyCount" : 47,
      "repostCount" : 264,
      "likeCount" : 1458,
      "quoteCount" : 5,
      "indexedAt" : 1741144220916,
      "viewer" : { },
      "labels" : [ ]
    }
  }, {
    "post" : {
      "uri" : "at://did:plc:zlh7ytbh63tqzvs2hlu5vitk/app.bsky.feed.post/3ljlyno4rt22f",
      "cid" : "bafyreidzaxcan27pzgkurwv74g2sp47u5vztqbjtrpnhdftxy67fcu3zju",
      "author" : {
        "did" : "did:plc:zlh7ytbh63tqzvs2hlu5vitk",
        "handle" : "edwardluce.bsky.social",
        "displayName" : "Edward Luce",
        "avatar" : "https://cdn.bsky.app/img/avatar/plain/did:plc:zlh7ytbh63tqzvs2hlu5vitk/bafkreigldknkfx5tlltnri53vhonthudpyyt527irneou6wnsrgffjdafy@jpeg",
        "viewer" : {
          "muted" : false,
          "blockedBy" : false
        },
        "labels" : [ ],
        "createdAt" : 1731419073449
      },
      "record" : {
        "$type" : "app.bsky.feed.post",
        "createdAt" : 1741143893172,
        "langs" : [ "en" ],
        "text" : "This feels like a sort of carnival-week funeral for the US republic. Beneath deep anger at Trump's orgy of vandalism and self-worship, I feel deep sadness. What a train wreck of a superpower."
      },
      "replyCount" : 22,
      "repostCount" : 142,
      "likeCount" : 666,
      "quoteCount" : 6,
      "indexedAt" : 1741143893516,
      "viewer" : { },
      "labels" : [ ]
    },
    "reason" : {
      "by" : {
        "did" : "did:plc:oba6nioyur5gcxqny4s2usxd",
        "handle" : "michellegoldberg.bsky.social",
        "displayName" : "Michelle Goldberg",
        "avatar" : "https://cdn.bsky.app/img/avatar/plain/did:plc:oba6nioyur5gcxqny4s2usxd/bafkreifqn3oz2auma4rvall4ms5d36mlzso2472qo26qlpd77dm3iygfxa@jpeg",
        "createdAt" : 1684354578823,
        "associated" : {
          "chat" : {
            "allowIncoming" : "following"
          }
        },
        "viewer" : {
          "muted" : false,
          "blockedBy" : false,
          "following" : "at://did:plc:pgdrqxzv4kxt7tr3sa6pd77y/app.bsky.graph.follow/3kenwoxa2d22l"
        },
        "labels" : [ ]
      },
      "indexedAt" : 1741162218922
    }
  }, {
    "post" : {
      "uri" : "at://did:plc:hndbfplxreypuic7biapi5xj/app.bsky.feed.post/3ljlwctuzps2w",
      "cid" : "bafyreicutyxuccqswhcj65ehdgll7wnzczyzzfiq6pf6tsxfbugo5c6xr4",
      "author" : {
        "did" : "did:plc:hndbfplxreypuic7biapi5xj",
        "handle" : "brianreports.bsky.social",
        "displayName" : "Brian Eckhouse",
        "avatar" : "https://cdn.bsky.app/img/avatar/plain/did:plc:hndbfplxreypuic7biapi5xj/bafkreiflyslj4pprbackwzag6vcki4nsjzqe5kaybpz5ydykcxnt2ikife@jpeg",
        "viewer" : {
          "muted" : false,
          "blockedBy" : false
        },
        "labels" : [ ],
        "createdAt" : 1727494407445
      },
      "record" : {
        "$type" : "app.bsky.feed.post",
        "createdAt" : 1741141382618,
        "embed" : {
          "$type" : "app.bsky.embed.external",
          "external" : {
            "uri" : "https://www.bloomberg.com/news/articles/2025-03-05/new-york-s-climate-goals-were-in-tatters-then-came-the-trade-war?srnd=phx-green",
            "title" : "New York’s Climate Goals Were in Tatters. Then Came the Trade War",
            "description" : "Fallout from a round of tariffs between the US and Canada could slash access to clean electricity in the biggest US city",
            "thumb" : {
              "$type" : "blob",
              "ref" : {
                "$link" : "bafkreihgybjglckvq57eat4kwaue3gkge4ye4u4kt4vrrm36zcqr7bfjha"
              },
              "mimeType" : "image/jpeg",
              "size" : 440151
            }
          }
        },
        "facets" : [ {
          "index" : {
            "byteStart" : 207,
            "byteEnd" : 228
          },
          "features" : [ {
            "$type" : "app.bsky.richtext.facet#mention",
            "did" : "did:plc:ti532bmbdq4ijfznqxw2h2fv"
          } ]
        }, {
          "index" : {
            "byteStart" : 229,
            "byteEnd" : 257
          },
          "features" : [ {
            "$type" : "app.bsky.richtext.facet#mention",
            "did" : "did:plc:ofcbdfefwkw52nay5goiqaxa"
          } ]
        }, {
          "index" : {
            "byteStart" : 260,
            "byteEnd" : 293
          },
          "features" : [ {
            "$type" : "app.bsky.richtext.facet#link",
            "uri" : "https://www.bloomberg.com/news/articles/2025-03-05/new-york-s-climate-goals-were-in-tatters-then-came-the-trade-war?srnd=phx-green"
          } ]
        } ],
        "langs" : [ "en" ],
        "text" : "Anything that threatens to reduce the amount of clean power coming into New York is significant because the state is already going to miss its emissions targets by a significant margin.\n\nTimely deep dive by @wallowed.bsky.social @daniellebochove.bsky.social \n\nwww.bloomberg.com/news/article..."
      },
      "embed" : {
        "$type" : "app.bsky.embed.external#view",
        "external" : {
          "uri" : "https://www.bloomberg.com/news/articles/2025-03-05/new-york-s-climate-goals-were-in-tatters-then-came-the-trade-war?srnd=phx-green",
          "title" : "New York’s Climate Goals Were in Tatters. Then Came the Trade War",
          "description" : "Fallout from a round of tariffs between the US and Canada could slash access to clean electricity in the biggest US city",
          "thumb" : "https://cdn.bsky.app/img/feed_thumbnail/plain/did:plc:hndbfplxreypuic7biapi5xj/bafkreihgybjglckvq57eat4kwaue3gkge4ye4u4kt4vrrm36zcqr7bfjha@jpeg"
        }
      },
      "replyCount" : 1,
      "repostCount" : 5,
      "likeCount" : 25,
      "quoteCount" : 0,
      "indexedAt" : 1741141385619,
      "viewer" : { },
      "labels" : [ ]
    },
    "reason" : {
      "by" : {
        "did" : "did:plc:uewxgchsjy4kmtu7dcxa77us",
        "handle" : "bloomberg.com",
        "displayName" : "Bloomberg News",
        "avatar" : "https://cdn.bsky.app/img/avatar/plain/did:plc:uewxgchsjy4kmtu7dcxa77us/bafkreiakf7idqsxdw6mur57feg2ns7hdhg6oalorn5celiio2ygxacrvhy@jpeg",
        "createdAt" : 1682390761397,
        "associated" : {
          "chat" : {
            "allowIncoming" : "following"
          }
        },
        "viewer" : {
          "muted" : false,
          "blockedBy" : false,
          "following" : "at://did:plc:pgdrqxzv4kxt7tr3sa6pd77y/app.bsky.graph.follow/3kebirhg4k52l"
        },
        "labels" : [ ]
      },
      "indexedAt" : 1741162218247
    }
  }, {
    "post" : {
      "uri" : "at://did:plc:3tgntymxw6sr3iivbhqekj45/app.bsky.feed.post/3ljlywe3jns2y",
      "cid" : "bafyreig3ylrtnbo2wh4uvyzzt6rw5u6bqqkjmupsktwmpj7azbvdyp7kve",
      "author" : {
        "did" : "did:plc:3tgntymxw6sr3iivbhqekj45",
        "handle" : "michellekinney.com",
        "displayName" : "Michelle Kinney",
        "avatar" : "https://cdn.bsky.app/img/avatar/plain/did:plc:3tgntymxw6sr3iivbhqekj45/bafkreifozvmybx3k7lilwy37yahj4a7vvqnwskxo7psk6v6hc7zcbjzxay@jpeg",
        "viewer" : {
          "muted" : false,
          "blockedBy" : false,
          "following" : "at://did:plc:pgdrqxzv4kxt7tr3sa6pd77y/app.bsky.graph.follow/3kefvsjvf372s"
        },
        "labels" : [ {
          "src" : "did:plc:3tgntymxw6sr3iivbhqekj45",
          "uri" : "at://did:plc:3tgntymxw6sr3iivbhqekj45/app.bsky.actor.profile/self",
          "cid" : "bafyreigegxboucrt4b2oykbunmoehgqsr73mb7nax3pl7lib2anpr24oya",
          "val" : "!no-unauthenticated",
          "cts" : 18000000
        } ],
        "createdAt" : 1685464668453
      },
      "record" : {
        "$type" : "app.bsky.feed.post",
        "createdAt" : 1741144184636,
        "langs" : [ "en" ],
        "text" : "Not Trump gushing about some \"deep fake\" law days after sharing \"Trump Gaza.\""
      },
      "replyCount" : 1,
      "repostCount" : 0,
      "likeCount" : 7,
      "quoteCount" : 0,
      "indexedAt" : 1741144184731,
      "viewer" : { },
      "labels" : [ ]
    }
  }, {
    "post" : {
      "uri" : "at://did:plc:iu4j537hox5huj4bwnwgub4z/app.bsky.feed.post/3ljlywd6qgn2j",
      "cid" : "bafyreibjof4vrbivijjapsghv2bsylyueq6ppybsqhquso23cgfmjxcfue",
      "author" : {
        "did" : "did:plc:iu4j537hox5huj4bwnwgub4z",
        "handle" : "acyn.bsky.social",
        "displayName" : "Acyn",
        "avatar" : "https://cdn.bsky.app/img/avatar/plain/did:plc:iu4j537hox5huj4bwnwgub4z/bafkreiejey5fptauulotqljyt3zneppll5o24f4xu3t7khx2dqqpmhmwxi@jpeg",
        "associated" : {
          "chat" : {
            "allowIncoming" : "following"
          }
        },
        "viewer" : {
          "muted" : false,
          "blockedBy" : false,
          "following" : "at://did:plc:pgdrqxzv4kxt7tr3sa6pd77y/app.bsky.graph.follow/3lavzqesau22r"
        },
        "labels" : [ ],
        "createdAt" : 1682647165569
      },
      "record" : {
        "$type" : "app.bsky.feed.post",
        "createdAt" : 1741144183492,
        "embed" : {
          "$type" : "app.bsky.embed.video",
          "alt" : "",
          "aspectRatio" : {
            "width" : 1280,
            "height" : 720
          },
          "captions" : [ {
            "$type" : "app.bsky.embed.video#caption",
            "file" : {
              "$type" : "blob",
              "ref" : {
                "$link" : "bafkreieomzaq3dg7a276mln5jmum2wnluulqxdxtyxdcj3vocvo7v6i4ua"
              },
              "mimeType" : "text/vtt",
              "size" : 683
            },
            "lang" : "en"
          } ],
          "video" : {
            "$type" : "blob",
            "ref" : {
              "$link" : "bafkreid3jawo5whleikno7fgfl3i46frwug3rcqeysrj7ntnlkqmew2oma"
            },
            "mimeType" : "video/mp4",
            "size" : 2687269
          }
        },
        "facets" : [ ],
        "langs" : [ "en" ],
        "text" : "Trump: Tariffs… There will be a little disturbance, but we're ok with that…. No you're not"
      },
      "embed" : {
        "$type" : "app.bsky.embed.video#view",
        "alt" : "",
        "aspectRatio" : {
          "width" : 1280,
          "height" : 720
        },
        "cid" : "bafkreid3jawo5whleikno7fgfl3i46frwug3rcqeysrj7ntnlkqmew2oma",
        "playlist" : "https://video.bsky.app/watch/did%3Aplc%3Aiu4j537hox5huj4bwnwgub4z/bafkreid3jawo5whleikno7fgfl3i46frwug3rcqeysrj7ntnlkqmew2oma/playlist.m3u8",
        "thumbnail" : "https://video.bsky.app/watch/did%3Aplc%3Aiu4j537hox5huj4bwnwgub4z/bafkreid3jawo5whleikno7fgfl3i46frwug3rcqeysrj7ntnlkqmew2oma/thumbnail.jpg"
      },
      "replyCount" : 27,
      "repostCount" : 57,
      "likeCount" : 501,
      "quoteCount" : 3,
      "indexedAt" : 1741144184515,
      "viewer" : { },
      "labels" : [ ]
    }
  }, {
    "post" : {
      "uri" : "at://did:plc:wjatbj4hiinxfqaeixaw2bcp/app.bsky.feed.post/3ljlywb6ddo26",
      "cid" : "bafyreibb5gmpzsqhtbc4ytm3v5ggfygn5jut75a73tiuivya7h55lrkqfe",
      "author" : {
        "did" : "did:plc:wjatbj4hiinxfqaeixaw2bcp",
        "handle" : "realtuckfrumper.bsky.social",
        "displayName" : "#TuckFrump",
        "avatar" : "https://cdn.bsky.app/img/avatar/plain/did:plc:wjatbj4hiinxfqaeixaw2bcp/bafkreideluihiwuwssieujhm7vkgpi3fjmkt7c2uvoyt3o5bhgwbwjwzpy@jpeg",
        "associated" : {
          "chat" : {
            "allowIncoming" : "following"
          }
        },
        "viewer" : {
          "muted" : false,
          "blockedBy" : false,
          "following" : "at://did:plc:pgdrqxzv4kxt7tr3sa6pd77y/app.bsky.graph.follow/3lhjgcylqus2b",
          "followedBy" : "at://did:plc:wjatbj4hiinxfqaeixaw2bcp/app.bsky.graph.follow/3lhhac6we5b2x"
        },
        "labels" : [ ],
        "createdAt" : 1709489583807
      },
      "record" : {
        "$type" : "app.bsky.feed.post",
        "createdAt" : 1741144181000,
        "embed" : {
          "$type" : "app.bsky.embed.external",
          "external" : {
            "uri" : "https://crooksandliars.com/2025/03/gingrich-tries-pinning-coming-trump?utm_source=dlvr.it&utm_medium=bluesky",
            "title" : "Gingrich Tries To Pin Coming Trump Recession On Biden",
            "description" : "Disgraced former House Speaker Newt Gingrich is already priming the Fox Business Network viewers for the soon-to-be Trump recession and trying to pin it on Biden and Republicans in Congress not getting their massive tax cut passed quickly enough.\n\n\nHere's…",
            "thumb" : {
              "$type" : "blob",
              "ref" : {
                "$link" : "bafkreiceij6sl4ecwqfmtjzshzgd2nygibljcqicwxotbd3mkaxp4rzkwq"
              },
              "mimeType" : "image/jpeg",
              "size" : 261215
            }
          }
        },
        "text" : "Gingrich Tries To Pin Coming Trump Recession On Biden"
      },
      "embed" : {
        "$type" : "app.bsky.embed.external#view",
        "external" : {
          "uri" : "https://crooksandliars.com/2025/03/gingrich-tries-pinning-coming-trump?utm_source=dlvr.it&utm_medium=bluesky",
          "title" : "Gingrich Tries To Pin Coming Trump Recession On Biden",
          "description" : "Disgraced former House Speaker Newt Gingrich is already priming the Fox Business Network viewers for the soon-to-be Trump recession and trying to pin it on Biden and Republicans in Congress not getting their massive tax cut passed quickly enough.\n\n\nHere's…",
          "thumb" : "https://cdn.bsky.app/img/feed_thumbnail/plain/did:plc:wjatbj4hiinxfqaeixaw2bcp/bafkreiceij6sl4ecwqfmtjzshzgd2nygibljcqicwxotbd3mkaxp4rzkwq@jpeg"
        }
      },
      "replyCount" : 10,
      "repostCount" : 11,
      "likeCount" : 32,
      "quoteCount" : 1,
      "indexedAt" : 1741144190352,
      "viewer" : { },
      "labels" : [ ]
    }
  }, {
    "post" : {
      "uri" : "at://did:plc:wjatbj4hiinxfqaeixaw2bcp/app.bsky.feed.post/3ljlyw2wbxw26",
      "cid" : "bafyreib37vfj7n4scvqiuxkuoaecyrjwvrxidlowigjvvh64qetaovksba",
      "author" : {
        "did" : "did:plc:wjatbj4hiinxfqaeixaw2bcp",
        "handle" : "realtuckfrumper.bsky.social",
        "displayName" : "#TuckFrump",
        "avatar" : "https://cdn.bsky.app/img/avatar/plain/did:plc:wjatbj4hiinxfqaeixaw2bcp/bafkreideluihiwuwssieujhm7vkgpi3fjmkt7c2uvoyt3o5bhgwbwjwzpy@jpeg",
        "associated" : {
          "chat" : {
            "allowIncoming" : "following"
          }
        },
        "viewer" : {
          "muted" : false,
          "blockedBy" : false,
          "following" : "at://did:plc:pgdrqxzv4kxt7tr3sa6pd77y/app.bsky.graph.follow/3lhjgcylqus2b",
          "followedBy" : "at://did:plc:wjatbj4hiinxfqaeixaw2bcp/app.bsky.graph.follow/3lhhac6we5b2x"
        },
        "labels" : [ ],
        "createdAt" : 1709489583807
      },
      "record" : {
        "$type" : "app.bsky.feed.post",
        "createdAt" : 1741144174000,
        "embed" : {
          "$type" : "app.bsky.embed.external",
          "external" : {
            "uri" : "https://www.dailykos.com/story/2025/3/4/2307789/-Watch-first-ever-presidential-address-to-Congress-by-a-convicted-felon?pm_campaign=blog&pm_medium=rss&pm_source=&utm_source=dlvr.it&utm_medium=bluesky",
            "title" : "Watch first-ever presidential address to Congress by a convicted felon",
            "description" : "In a historic first, a convicted felon will address Congress Tuesday night to report on the state of the union he has tried so desperately to rip to shreds.\n\n\n\nWhat horrors and atrocities will the kinda sorta president, Donald J. Trump, inflict upon the…",
            "thumb" : {
              "$type" : "blob",
              "ref" : {
                "$link" : "bafkreif25olcjy2sknmtejzydupjvkruea7qj5m7c3jp7rswwt4uxavlce"
              },
              "mimeType" : "image/jpeg",
              "size" : 37064
            }
          }
        },
        "text" : "Watch first-ever presidential address to Congress by a convicted felon"
      },
      "embed" : {
        "$type" : "app.bsky.embed.external#view",
        "external" : {
          "uri" : "https://www.dailykos.com/story/2025/3/4/2307789/-Watch-first-ever-presidential-address-to-Congress-by-a-convicted-felon?pm_campaign=blog&pm_medium=rss&pm_source=&utm_source=dlvr.it&utm_medium=bluesky",
          "title" : "Watch first-ever presidential address to Congress by a convicted felon",
          "description" : "In a historic first, a convicted felon will address Congress Tuesday night to report on the state of the union he has tried so desperately to rip to shreds.\n\n\n\nWhat horrors and atrocities will the kinda sorta president, Donald J. Trump, inflict upon the…",
          "thumb" : "https://cdn.bsky.app/img/feed_thumbnail/plain/did:plc:wjatbj4hiinxfqaeixaw2bcp/bafkreif25olcjy2sknmtejzydupjvkruea7qj5m7c3jp7rswwt4uxavlce@jpeg"
        }
      },
      "replyCount" : 9,
      "repostCount" : 26,
      "likeCount" : 97,
      "quoteCount" : 2,
      "indexedAt" : 1741144176732,
      "viewer" : { },
      "labels" : [ ]
    }
  }, {
    "post" : {
      "uri" : "at://did:plc:mtr3pwmbnirvyp3robuicd57/app.bsky.feed.post/3ljlyvo2h5s27",
      "cid" : "bafyreigznnv7l3eiegshwfpyhpyahhvy3g6bto3gqderdugykykbjxglqm",
      "author" : {
        "did" : "did:plc:mtr3pwmbnirvyp3robuicd57",
        "handle" : "davidcorn.bsky.social",
        "displayName" : "David Corn",
        "avatar" : "https://cdn.bsky.app/img/avatar/plain/did:plc:mtr3pwmbnirvyp3robuicd57/bafkreia236u2uj363edte2rch3o2lckdcfa5ia6jjsfce6zqn52bgbdt4y@jpeg",
        "viewer" : {
          "muted" : false,
          "blockedBy" : false,
          "following" : "at://did:plc:pgdrqxzv4kxt7tr3sa6pd77y/app.bsky.graph.follow/3kefvwzadbf2q"
        },
        "labels" : [ ],
        "createdAt" : 1683208505104
      },
      "record" : {
        "$type" : "app.bsky.feed.post",
        "createdAt" : 1741144161525,
        "embed" : {
          "$type" : "app.bsky.embed.images",
          "images" : [ {
            "alt" : "",
            "image" : {
              "$type" : "blob",
              "ref" : {
                "$link" : "bafkreihen5nkwle3y5kfvg6gmukeypbtoceggifxv4probdbwg55lxlkm4"
              },
              "mimeType" : "image/jpeg",
              "size" : 646955
            },
            "aspectRatio" : {
              "width" : 1414,
              "height" : 744
            }
          } ]
        },
        "langs" : [ "en" ],
        "text" : "On a night this one, my thoughts and prayers go to...Daniel Dale of CNN. Look, Trump's lips are moving."
      },
      "embed" : {
        "$type" : "app.bsky.embed.images#view",
        "images" : [ {
          "thumb" : "https://cdn.bsky.app/img/feed_thumbnail/plain/did:plc:mtr3pwmbnirvyp3robuicd57/bafkreihen5nkwle3y5kfvg6gmukeypbtoceggifxv4probdbwg55lxlkm4@jpeg",
          "fullsize" : "https://cdn.bsky.app/img/feed_fullsize/plain/did:plc:mtr3pwmbnirvyp3robuicd57/bafkreihen5nkwle3y5kfvg6gmukeypbtoceggifxv4probdbwg55lxlkm4@jpeg",
          "alt" : "",
          "aspectRatio" : {
            "width" : 1414,
            "height" : 744
          }
        } ]
      },
      "replyCount" : 18,
      "repostCount" : 46,
      "likeCount" : 433,
      "quoteCount" : 3,
      "indexedAt" : 1741144163031,
      "viewer" : { },
      "labels" : [ ]
    }
  }, {
    "post" : {
      "uri" : "at://did:plc:lfgjxeg7f7w6ryjfbomhcbsi/app.bsky.feed.post/3ljlyunl7cc2u",
      "cid" : "bafyreiex3qiydwvkce37fnev6rawdbm55arctdfo4avwjndtv4wrxhwtpe",
      "author" : {
        "did" : "did:plc:lfgjxeg7f7w6ryjfbomhcbsi",
        "handle" : "mikenellis.bsky.social",
        "displayName" : "Mike Nellis",
        "avatar" : "https://cdn.bsky.app/img/avatar/plain/did:plc:lfgjxeg7f7w6ryjfbomhcbsi/bafkreiecf5wsoxo3gos7qy5b2pmy7qx3meyxvkoxo2ltninvsizsfl2m5e@jpeg",
        "viewer" : {
          "muted" : false,
          "blockedBy" : false,
          "following" : "at://did:plc:pgdrqxzv4kxt7tr3sa6pd77y/app.bsky.graph.follow/3ldkjvrgufl2f",
          "followedBy" : "at://did:plc:lfgjxeg7f7w6ryjfbomhcbsi/app.bsky.graph.follow/3lcwjzehmmt26"
        },
        "labels" : [ ],
        "createdAt" : 1731169867521
      },
      "record" : {
        "$type" : "app.bsky.feed.post",
        "createdAt" : 1741144127478,
        "langs" : [ "en" ],
        "text" : "Revenge porn is a really awful issue, especially for young women. I’m not familiar with the bill Trump referenced, but I appreciate Melania’s advocacy on the issue."
      },
      "replyCount" : 14,
      "repostCount" : 0,
      "likeCount" : 36,
      "quoteCount" : 0,
      "indexedAt" : 1741144127935,
      "viewer" : { },
      "labels" : [ ]
    }
  }, {
    "post" : {
      "uri" : "at://did:plc:nztbvvo2gl4227zuxjf7gog3/app.bsky.feed.post/3ljlym4anno2f",
      "cid" : "bafyreibktvguddxnolfgfeeol65edrdkgapvjz2x2xlpn56qhuse5zrm2a",
      "author" : {
        "did" : "did:plc:nztbvvo2gl4227zuxjf7gog3",
        "handle" : "ddayen.bsky.social",
        "displayName" : "David Dayen",
        "avatar" : "https://cdn.bsky.app/img/avatar/plain/did:plc:nztbvvo2gl4227zuxjf7gog3/bafkreih3j4o3p54wendfxss2xtld2y2r7qicgj76rdlwod7gbohmxpog7i@jpeg",
        "associated" : {
          "chat" : {
            "allowIncoming" : "all"
          }
        },
        "viewer" : {
          "muted" : false,
          "blockedBy" : false
        },
        "labels" : [ ],
        "createdAt" : 1683928892742
      },
      "record" : {
        "$type" : "app.bsky.feed.post",
        "createdAt" : 1741143840870,
        "langs" : [ "en" ],
        "text" : "Vance is not very happy clapping over getting rid of the CHIPS Act, whose biggest beneficiary was Intel's plant in Ohio"
      },
      "replyCount" : 24,
      "repostCount" : 54,
      "likeCount" : 525,
      "quoteCount" : 4,
      "indexedAt" : 1741143841226,
      "viewer" : { },
      "labels" : [ ]
    },
    "reason" : {
      "by" : {
        "did" : "did:plc:e62gb2ushvtvjvqcbrxeaw2n",
        "handle" : "chrislhayes.bsky.social",
        "displayName" : "Chris Hayes",
        "avatar" : "https://cdn.bsky.app/img/avatar/plain/did:plc:e62gb2ushvtvjvqcbrxeaw2n/bafkreignbhxunrcvqpwkgd6jshgjenc4at6rtbvfnwsyy5g32kq56cyfaq@jpeg",
        "createdAt" : 1682745657120,
        "associated" : {
          "chat" : {
            "allowIncoming" : "following"
          }
        },
        "viewer" : {
          "muted" : false,
          "blockedBy" : false,
          "following" : "at://did:plc:pgdrqxzv4kxt7tr3sa6pd77y/app.bsky.graph.follow/3kebis3tsis2x"
        },
        "labels" : [ ]
      },
      "indexedAt" : 1741162111833
    }
  }, {
    "post" : {
      "uri" : "at://did:plc:4u3hwe3p7oy3hoy3amlw7rp2/app.bsky.feed.post/3ljlysvq4rk2c",
      "cid" : "bafyreibvpizjceoc4pntfv4z4pvknnwwd6q5ifekfkczv3eyfupfgxkwka",
      "author" : {
        "did" : "did:plc:4u3hwe3p7oy3hoy3amlw7rp2",
        "handle" : "rbreich.bsky.social",
        "displayName" : "Robert Reich",
        "avatar" : "https://cdn.bsky.app/img/avatar/plain/did:plc:4u3hwe3p7oy3hoy3amlw7rp2/bafkreihnchke5wec4i5y4i7kzngmr2sghedr74ubq2ca7fwcqjl7mrw5hq@jpeg",
        "associated" : {
          "chat" : {
            "allowIncoming" : "following"
          }
        },
        "viewer" : {
          "muted" : false,
          "blockedBy" : false,
          "following" : "at://did:plc:pgdrqxzv4kxt7tr3sa6pd77y/app.bsky.graph.follow/3kebinjpxkc2u"
        },
        "labels" : [ ],
        "createdAt" : 1684266534185
      },
      "record" : {
        "$type" : "app.bsky.feed.post",
        "createdAt" : 1741144068916,
        "embed" : {
          "$type" : "app.bsky.embed.images",
          "images" : [ {
            "alt" : "",
            "image" : {
              "$type" : "blob",
              "ref" : {
                "$link" : "bafkreigfhhhzisec36qcponwxbpp7hb7gu43p3rwt4lhlnz7fyx2f34psa"
              },
              "mimeType" : "image/jpeg",
              "size" : 147529
            },
            "aspectRatio" : {
              "width" : 982,
              "height" : 728
            }
          } ]
        },
        "langs" : [ "en" ],
        "text" : "\"A little disturbance but we're okay with that.\""
      },
      "embed" : {
        "$type" : "app.bsky.embed.images#view",
        "images" : [ {
          "thumb" : "https://cdn.bsky.app/img/feed_thumbnail/plain/did:plc:4u3hwe3p7oy3hoy3amlw7rp2/bafkreigfhhhzisec36qcponwxbpp7hb7gu43p3rwt4lhlnz7fyx2f34psa@jpeg",
          "fullsize" : "https://cdn.bsky.app/img/feed_fullsize/plain/did:plc:4u3hwe3p7oy3hoy3amlw7rp2/bafkreigfhhhzisec36qcponwxbpp7hb7gu43p3rwt4lhlnz7fyx2f34psa@jpeg",
          "alt" : "",
          "aspectRatio" : {
            "width" : 982,
            "height" : 728
          }
        } ]
      },
      "replyCount" : 48,
      "repostCount" : 422,
      "likeCount" : 1242,
      "quoteCount" : 15,
      "indexedAt" : 1741144070331,
      "viewer" : { },
      "labels" : [ ]
    }
  }, {
    "post" : {
      "uri" : "at://did:plc:d6aog3ac2hchlikwmii564p2/app.bsky.feed.post/3ljlxs656fk26",
      "cid" : "bafyreigz2bwte4gwkss643fwmwa6kzoqjtel6pqbjsmukuzp7xjg7kkqfm",
      "author" : {
        "did" : "did:plc:d6aog3ac2hchlikwmii564p2",
        "handle" : "leahfeiger.bsky.social",
        "displayName" : "Leah Feiger",
        "avatar" : "https://cdn.bsky.app/img/avatar/plain/did:plc:d6aog3ac2hchlikwmii564p2/bafkreibaoocvsmv4fdwu3plwzzzvsddp2zojodgluon23ctdsvtuluvfyu@jpeg",
        "viewer" : {
          "muted" : false,
          "blockedBy" : false
        },
        "labels" : [ ],
        "createdAt" : 1707326759972
      },
      "record" : {
        "$type" : "app.bsky.feed.post",
        "createdAt" : 1741142970438,
        "embed" : {
          "$type" : "app.bsky.embed.external",
          "external" : {
            "uri" : "https://www.wired.com/story/elon-musk-doge-social-security-150-year-old-benefits/",
            "title" : "No, 150-Year-Olds Aren’t Collecting Social Security Benefits",
            "description" : "Elon Musk claims to have found rampant fraud in the Social Security Administration. There’s a much simpler explanation.",
            "thumb" : {
              "$type" : "blob",
              "ref" : {
                "$link" : "bafkreifusdpdfuhywzbglfahgz5a4l26n6jpfjrxjookk2gtq7vbbt4nt4"
              },
              "mimeType" : "image/jpeg",
              "size" : 396767
            }
          }
        },
        "facets" : [ {
          "index" : {
            "byteStart" : 143,
            "byteEnd" : 168
          },
          "features" : [ {
            "$type" : "app.bsky.richtext.facet#mention",
            "did" : "did:plc:dus2ftflcqjg6joeuw46sz5g"
          } ]
        } ],
        "langs" : [ "en" ],
        "text" : "if you're watching the trump speech right now and hearing this false rant about social security, it's a good time to read/send this piece from @davidgilbert.bsky.social to people in your life:"
      },
      "embed" : {
        "$type" : "app.bsky.embed.external#view",
        "external" : {
          "uri" : "https://www.wired.com/story/elon-musk-doge-social-security-150-year-old-benefits/",
          "title" : "No, 150-Year-Olds Aren’t Collecting Social Security Benefits",
          "description" : "Elon Musk claims to have found rampant fraud in the Social Security Administration. There’s a much simpler explanation.",
          "thumb" : "https://cdn.bsky.app/img/feed_thumbnail/plain/did:plc:d6aog3ac2hchlikwmii564p2/bafkreifusdpdfuhywzbglfahgz5a4l26n6jpfjrxjookk2gtq7vbbt4nt4@jpeg"
        }
      },
      "replyCount" : 1,
      "repostCount" : 86,
      "likeCount" : 252,
      "quoteCount" : 8,
      "indexedAt" : 1741142974216,
      "viewer" : { },
      "labels" : [ ]
    },
    "reason" : {
      "by" : {
        "did" : "did:plc:3tgntymxw6sr3iivbhqekj45",
        "handle" : "michellekinney.com",
        "displayName" : "Michelle Kinney",
        "avatar" : "https://cdn.bsky.app/img/avatar/plain/did:plc:3tgntymxw6sr3iivbhqekj45/bafkreifozvmybx3k7lilwy37yahj4a7vvqnwskxo7psk6v6hc7zcbjzxay@jpeg",
        "createdAt" : 1685479068453,
        "viewer" : {
          "muted" : false,
          "blockedBy" : false,
          "following" : "at://did:plc:pgdrqxzv4kxt7tr3sa6pd77y/app.bsky.graph.follow/3kefvsjvf372s"
        },
        "labels" : [ {
          "src" : "did:plc:3tgntymxw6sr3iivbhqekj45",
          "uri" : "at://did:plc:3tgntymxw6sr3iivbhqekj45/app.bsky.actor.profile/self",
          "cid" : "bafyreigegxboucrt4b2oykbunmoehgqsr73mb7nax3pl7lib2anpr24oya",
          "val" : "!no-unauthenticated",
          "cts" : 18000000
        } ]
      },
      "indexedAt" : 1741162047154
    }
  }, {
    "post" : {
      "uri" : "at://did:plc:3tgntymxw6sr3iivbhqekj45/app.bsky.feed.post/3ljlyrv5gks2y",
      "cid" : "bafyreibo2c7kjlkbl3fwefgoptfq4gi3w6aizm4qykhwjp3jmu3fx2zhue",
      "author" : {
        "did" : "did:plc:3tgntymxw6sr3iivbhqekj45",
        "handle" : "michellekinney.com",
        "displayName" : "Michelle Kinney",
        "avatar" : "https://cdn.bsky.app/img/avatar/plain/did:plc:3tgntymxw6sr3iivbhqekj45/bafkreifozvmybx3k7lilwy37yahj4a7vvqnwskxo7psk6v6hc7zcbjzxay@jpeg",
        "viewer" : {
          "muted" : false,
          "blockedBy" : false,
          "following" : "at://did:plc:pgdrqxzv4kxt7tr3sa6pd77y/app.bsky.graph.follow/3kefvsjvf372s"
        },
        "labels" : [ {
          "src" : "did:plc:3tgntymxw6sr3iivbhqekj45",
          "uri" : "at://did:plc:3tgntymxw6sr3iivbhqekj45/app.bsky.actor.profile/self",
          "cid" : "bafyreigegxboucrt4b2oykbunmoehgqsr73mb7nax3pl7lib2anpr24oya",
          "val" : "!no-unauthenticated",
          "cts" : 18000000
        } ],
        "createdAt" : 1685464668453
      },
      "record" : {
        "$type" : "app.bsky.feed.post",
        "createdAt" : 1741144034751,
        "langs" : [ "en" ],
        "text" : "Does he know Joe Biden is not President anymore?"
      },
      "replyCount" : 0,
      "repostCount" : 1,
      "likeCount" : 12,
      "quoteCount" : 0,
      "indexedAt" : 1741144034936,
      "viewer" : { },
      "labels" : [ ]
    }
  }, {
    "post" : {
      "uri" : "at://did:plc:vc7f4oafdgxsihk4cry2xpze/app.bsky.feed.post/3ljlyrrwfos2i",
      "cid" : "bafyreieiyzwnr5mwb47tcjrcgkdildjf5hoexvilprbnrq23twldyamdia",
      "author" : {
        "did" : "did:plc:vc7f4oafdgxsihk4cry2xpze",
        "handle" : "jcsalterego.bsky.social",
        "displayName" : "Jerry Chen",
        "avatar" : "https://cdn.bsky.app/img/avatar/plain/did:plc:vc7f4oafdgxsihk4cry2xpze/bafkreicwxwecqiko2rwwln5y3fqqb2zx6wfg5rxf5r7lukakkq2slqy5hy@jpeg",
        "associated" : {
          "chat" : {
            "allowIncoming" : "following"
          }
        },
        "viewer" : {
          "muted" : false,
          "blockedBy" : false,
          "following" : "at://did:plc:pgdrqxzv4kxt7tr3sa6pd77y/app.bsky.graph.follow/3kdztpolhap2n"
        },
        "labels" : [ {
          "src" : "did:plc:vc7f4oafdgxsihk4cry2xpze",
          "uri" : "at://did:plc:vc7f4oafdgxsihk4cry2xpze/app.bsky.actor.profile/self",
          "cid" : "bafyreidfiuv3c22vliyu2onazf23zrp35rr7i3upsqa2dsn5cqimmlgugm",
          "val" : "!no-unauthenticated",
          "cts" : 18000000
        } ],
        "createdAt" : 1682280664375
      },
      "record" : {
        "$type" : "app.bsky.feed.post",
        "createdAt" : 1741144031375,
        "langs" : [ "en" ],
        "text" : "how many days since the last??"
      },
      "replyCount" : 1,
      "repostCount" : 0,
      "likeCount" : 0,
      "quoteCount" : 0,
      "indexedAt" : 1741144031720,
      "viewer" : { },
      "labels" : [ ]
    },
    "reply" : {
      "root" : { }
    }
  }, {
    "post" : {
      "uri" : "at://did:plc:6hit5rjdbmlnscmuk4bbtmuc/app.bsky.feed.post/3ljlylysk7k2f",
      "cid" : "bafyreide7r6sqswwexulwo4mdmzzmvxarc2clvyxzghqzbv5nenxfq5ad4",
      "author" : {
        "did" : "did:plc:6hit5rjdbmlnscmuk4bbtmuc",
        "handle" : "rincewind.run",
        "displayName" : "Micah",
        "avatar" : "https://cdn.bsky.app/img/avatar/plain/did:plc:6hit5rjdbmlnscmuk4bbtmuc/bafkreihjwxhayfbw66wvb4n4n4ggkcquoqufule63eglfbs6xr5prhwblq@jpeg",
        "associated" : {
          "chat" : {
            "allowIncoming" : "following"
          }
        },
        "viewer" : {
          "muted" : false,
          "blockedBy" : false
        },
        "labels" : [ ],
        "createdAt" : 1684399970995
      },
      "record" : {
        "$type" : "app.bsky.feed.post",
        "createdAt" : 1741143837263,
        "langs" : [ "en" ],
        "text" : "I know there’s a lot of discourse over the various Dem stunts tonight and their level of silliness - and many are silly - but honestly none of it matters\n\nthis is a big Trump speech, it’s not a legislative thing or even a nominee, there simply isn’t much anyone can do here except silly stunts"
      },
      "replyCount" : 63,
      "repostCount" : 42,
      "likeCount" : 516,
      "quoteCount" : 6,
      "indexedAt" : 1741143837715,
      "viewer" : { },
      "labels" : [ ]
    },
    "reason" : {
      "by" : {
        "did" : "did:plc:e62gb2ushvtvjvqcbrxeaw2n",
        "handle" : "chrislhayes.bsky.social",
        "displayName" : "Chris Hayes",
        "avatar" : "https://cdn.bsky.app/img/avatar/plain/did:plc:e62gb2ushvtvjvqcbrxeaw2n/bafkreignbhxunrcvqpwkgd6jshgjenc4at6rtbvfnwsyy5g32kq56cyfaq@jpeg",
        "createdAt" : 1682745657120,
        "associated" : {
          "chat" : {
            "allowIncoming" : "following"
          }
        },
        "viewer" : {
          "muted" : false,
          "blockedBy" : false,
          "following" : "at://did:plc:pgdrqxzv4kxt7tr3sa6pd77y/app.bsky.graph.follow/3kebis3tsis2x"
        },
        "labels" : [ ]
      },
      "indexedAt" : 1741162021455
    }
  }, {
    "post" : {
      "uri" : "at://did:plc:p7gxyfr5vii5ntpwo7f6dhe2/app.bsky.feed.post/3ljly7b3xy22z",
      "cid" : "bafyreib25o7o4aev55eombwv6htwpcaqtgtjx3ngk7kjyy3slr7hhbzzge",
      "author" : {
        "did" : "did:plc:p7gxyfr5vii5ntpwo7f6dhe2",
        "handle" : "aoc.bsky.social",
        "displayName" : "Alexandria Ocasio-Cortez",
        "avatar" : "https://cdn.bsky.app/img/avatar/plain/did:plc:p7gxyfr5vii5ntpwo7f6dhe2/bafkreia7pjciqmezep36yotfgas23eie47sy5ymcorzd7exejlxtiox6by@jpeg",
        "viewer" : {
          "muted" : false,
          "blockedBy" : false,
          "following" : "at://did:plc:pgdrqxzv4kxt7tr3sa6pd77y/app.bsky.graph.follow/3ke4d6dqnvt2b"
        },
        "labels" : [ ],
        "createdAt" : 1682624374920
      },
      "record" : {
        "$type" : "app.bsky.feed.post",
        "createdAt" : 1741143409752,
        "langs" : [ "en" ],
        "text" : "Trump backed GOP into a big corner with his “balanced budget” point.\n\nThe ONLY way House GOP could even think about upholding their “no cuts to Medicaid” swing seat promises and their spending cut mandates is deficit spending and bad math.\n\nNow they have to gut Medicaid & hand it to Elon in public."
      },
      "replyCount" : 368,
      "repostCount" : 995,
      "likeCount" : 7486,
      "quoteCount" : 24,
      "indexedAt" : 1741143410033,
      "viewer" : { },
      "labels" : [ ]
    },
    "reason" : {
      "by" : {
        "did" : "did:plc:oqr5mp25r7z3vfr3igeerxbw",
        "handle" : "mollyjongfast.bsky.social",
        "displayName" : "Molly Jong-Fast",
        "avatar" : "https://cdn.bsky.app/img/avatar/plain/did:plc:oqr5mp25r7z3vfr3igeerxbw/bafkreicx4hks5lducpmoi2b7fn4nw64j4m5lanzetkfdzxkl63klddoxgi@jpeg",
        "createdAt" : 1682623263647,
        "associated" : {
          "chat" : {
            "allowIncoming" : "following"
          }
        },
        "viewer" : {
          "muted" : false,
          "blockedBy" : false,
          "following" : "at://did:plc:pgdrqxzv4kxt7tr3sa6pd77y/app.bsky.graph.follow/3kebirfpiif2n"
        },
        "labels" : [ ]
      },
      "indexedAt" : 1741161969032
    }
  }, {
    "post" : {
      "uri" : "at://did:plc:p7gxyfr5vii5ntpwo7f6dhe2/app.bsky.feed.post/3ljlypr3k6k2z",
      "cid" : "bafyreiaxlqpdjj4iuwyxeg6zhajsei3yhf62hdk4iyemgrj57y7ar6rcrm",
      "author" : {
        "did" : "did:plc:p7gxyfr5vii5ntpwo7f6dhe2",
        "handle" : "aoc.bsky.social",
        "displayName" : "Alexandria Ocasio-Cortez",
        "avatar" : "https://cdn.bsky.app/img/avatar/plain/did:plc:p7gxyfr5vii5ntpwo7f6dhe2/bafkreia7pjciqmezep36yotfgas23eie47sy5ymcorzd7exejlxtiox6by@jpeg",
        "viewer" : {
          "muted" : false,
          "blockedBy" : false,
          "following" : "at://did:plc:pgdrqxzv4kxt7tr3sa6pd77y/app.bsky.graph.follow/3ke4d6dqnvt2b"
        },
        "labels" : [ ],
        "createdAt" : 1682624374920
      },
      "record" : {
        "$type" : "app.bsky.feed.post",
        "createdAt" : 1741143963387,
        "langs" : [ "en" ],
        "text" : "Some have walked out I believe."
      },
      "replyCount" : 21,
      "repostCount" : 1,
      "likeCount" : 76,
      "quoteCount" : 0,
      "indexedAt" : 1741143965535,
      "viewer" : { },
      "labels" : [ ]
    },
    "reply" : {
      "root" : { }
    }
  }, {
    "post" : {
      "uri" : "at://did:plc:l77rftvikgporjcuut7cfgha/app.bsky.feed.post/3ljly5iiha22m",
      "cid" : "bafyreiahtk5pfd3jysmk6aetnpstsq263oefzzpzkwdeprrko5zhpx5s5i",
      "author" : {
        "did" : "did:plc:l77rftvikgporjcuut7cfgha",
        "handle" : "annelisemcl1.bsky.social",
        "displayName" : "Ann Elise McLaughlin she/her ]]>&#x1f3f3;<![CDATA[️‍]]>&#x1f308;<![CDATA[]]>&#x1f1fa;<![CDATA[]]>&#x1f1f2;<![CDATA[",
        "avatar" : "https://cdn.bsky.app/img/avatar/plain/did:plc:l77rftvikgporjcuut7cfgha/bafkreidhxe7uphrghnnu6jv4lze4hz2mv2mlqxg4ztqahn3emuaqjtdkf4@jpeg",
        "associated" : {
          "chat" : {
            "allowIncoming" : "none"
          }
        },
        "viewer" : {
          "muted" : false,
          "blockedBy" : false
        },
        "labels" : [ {
          "src" : "did:plc:l77rftvikgporjcuut7cfgha",
          "uri" : "at://did:plc:l77rftvikgporjcuut7cfgha/app.bsky.actor.profile/self",
          "cid" : "bafyreigjv35oexjsribtddnoayzl4bhibme4a36ui2k7hhefehvna4nuru",
          "val" : "!no-unauthenticated",
          "cts" : 1732043853643
        } ],
        "createdAt" : 1732025853839
      },
      "record" : {
        "$type" : "app.bsky.feed.post",
        "createdAt" : 1741143350392,
        "facets" : [ {
          "index" : {
            "byteStart" : 26,
            "byteEnd" : 31
          },
          "features" : [ {
            "$type" : "app.bsky.richtext.facet#tag",
            "tag" : "SOTU"
          } ]
        }, {
          "index" : {
            "byteStart" : 34,
            "byteEnd" : 39
          },
          "features" : [ {
            "$type" : "app.bsky.richtext.facet#tag",
            "tag" : "DOTU"
          } ]
        } ],
        "langs" : [ "en" ],
        "text" : "Dems! Walk the fuck out!!\n#SOTU \n\n#DOTU \n\nDestruction Of The Union"
      },
      "replyCount" : 1,
      "repostCount" : 3,
      "likeCount" : 4,
      "quoteCount" : 0,
      "indexedAt" : 1741143350438,
      "viewer" : { },
      "labels" : [ ]
    },
    "reason" : {
      "by" : {
        "did" : "did:plc:gm2vigvzxbuejked4vqugtvh",
        "handle" : "braddavidson77.bsky.social",
        "displayName" : "Brad Davidson",
        "avatar" : "https://cdn.bsky.app/img/avatar/plain/did:plc:gm2vigvzxbuejked4vqugtvh/bafkreife73wzm7xloarv47kvtt65hd42xsiyaa2tijsauluuyk2anmdnpu@jpeg",
        "createdAt" : 1692406312939,
        "viewer" : {
          "muted" : false,
          "blockedBy" : false,
          "following" : "at://did:plc:pgdrqxzv4kxt7tr3sa6pd77y/app.bsky.graph.follow/3lavvnob7vu2m",
          "followedBy" : "at://did:plc:gm2vigvzxbuejked4vqugtvh/app.bsky.graph.follow/3lauvpaa2dc2j"
        },
        "labels" : [ ]
      },
      "indexedAt" : 1741161959227
    }
  }, {
    "post" : {
      "uri" : "at://did:plc:l32leysyum6sa6q2z77ha4da/app.bsky.feed.post/3ljlymt6g4k2j",
      "cid" : "bafyreieh27sltqauhhidfbgca4mkqpruckbqgywxctyhsibs5uwz3v2bqq",
      "author" : {
        "did" : "did:plc:l32leysyum6sa6q2z77ha4da",
        "handle" : "kellyscaletta.bsky.social",
        "displayName" : "Machine Pun Kelly",
        "avatar" : "https://cdn.bsky.app/img/avatar/plain/did:plc:l32leysyum6sa6q2z77ha4da/bafkreiee3lyl5vtfkcwbgl7zkgg5ro4lzqbpqs5vs2iporgfpq47clnn44@jpeg",
        "associated" : {
          "chat" : {
            "allowIncoming" : "all"
          }
        },
        "viewer" : {
          "muted" : false,
          "blockedBy" : false
        },
        "labels" : [ ],
        "createdAt" : 1692804311024
      },
      "record" : {
        "$type" : "app.bsky.feed.post",
        "createdAt" : 1741143864914,
        "langs" : [ "en" ],
        "text" : "They just fucking lie. Everything. Is. Fucking. Lies."
      },
      "replyCount" : 3,
      "repostCount" : 7,
      "likeCount" : 128,
      "quoteCount" : 0,
      "indexedAt" : 1741143865416,
      "viewer" : { },
      "labels" : [ ]
    },
    "reply" : {
      "root" : { }
    },
    "reason" : {
      "by" : {
        "did" : "did:plc:gm2vigvzxbuejked4vqugtvh",
        "handle" : "braddavidson77.bsky.social",
        "displayName" : "Brad Davidson",
        "avatar" : "https://cdn.bsky.app/img/avatar/plain/did:plc:gm2vigvzxbuejked4vqugtvh/bafkreife73wzm7xloarv47kvtt65hd42xsiyaa2tijsauluuyk2anmdnpu@jpeg",
        "createdAt" : 1692406312939,
        "viewer" : {
          "muted" : false,
          "blockedBy" : false,
          "following" : "at://did:plc:pgdrqxzv4kxt7tr3sa6pd77y/app.bsky.graph.follow/3lavvnob7vu2m",
          "followedBy" : "at://did:plc:gm2vigvzxbuejked4vqugtvh/app.bsky.graph.follow/3lauvpaa2dc2j"
        },
        "labels" : [ ]
      },
      "indexedAt" : 1741161951244
    }
  }, {
    "post" : {
      "uri" : "at://did:plc:ragtjsm2j2vknwkz3zp4oxrd/app.bsky.feed.post/3ljlyp5n56s2w",
      "cid" : "bafyreiaxddd7nkgqqhdvfpwgsdortyjjefegsj3sdchcdhbac6qvdq3nh4",
      "author" : {
        "did" : "did:plc:ragtjsm2j2vknwkz3zp4oxrd",
        "handle" : "pfrazee.com",
        "displayName" : "Paul Frazee",
        "avatar" : "https://cdn.bsky.app/img/avatar/plain/did:plc:ragtjsm2j2vknwkz3zp4oxrd/bafkreihhpqdyntku66himwor5wlhtdo44hllmngj2ofmbqnm25bdm454wq@jpeg",
        "associated" : {
          "chat" : {
            "allowIncoming" : "following"
          }
        },
        "viewer" : {
          "muted" : false,
          "blockedBy" : false,
          "following" : "at://did:plc:pgdrqxzv4kxt7tr3sa6pd77y/app.bsky.graph.follow/3kdztpa5lyr2c"
        },
        "labels" : [ ],
        "createdAt" : 1668645316391
      },
      "record" : {
        "$type" : "app.bsky.feed.post",
        "createdAt" : 1741143942992,
        "langs" : [ "en" ],
        "text" : "it might be possible to specify the PDS behaviors needed for read-stick in lexicon, but I'm a not suuuper optimistic. Plus, even if you can, any system that depends on live lexicon resolution needs to fail elegantly if resolution _doesnt_ occur; I don't love the bugs that could lead to"
      },
      "replyCount" : 2,
      "repostCount" : 0,
      "likeCount" : 3,
      "quoteCount" : 0,
      "indexedAt" : 1741143943530,
      "viewer" : { },
      "labels" : [ ]
    },
    "reply" : {
      "root" : { }
    }
  }, {
    "post" : {
      "uri" : "at://did:plc:eclio37ymobqex2ncko63h4r/app.bsky.feed.post/3ljlyp3i2as2m",
      "cid" : "bafyreidgalidlyjpqvsn6ezv4hxmnv44trv53eqlfqvnnv7pz4xd7g6hxa",
      "author" : {
        "did" : "did:plc:eclio37ymobqex2ncko63h4r",
        "handle" : "nytimes.com",
        "displayName" : "The New York Times",
        "avatar" : "https://cdn.bsky.app/img/avatar/plain/did:plc:eclio37ymobqex2ncko63h4r/bafkreidvvqj5jymmpaeklwkpq6gi532el447mjy2yultuukypzqm5ohfju@jpeg",
        "associated" : {
          "chat" : {
            "allowIncoming" : "following"
          }
        },
        "viewer" : {
          "muted" : false,
          "blockedBy" : false,
          "following" : "at://did:plc:pgdrqxzv4kxt7tr3sa6pd77y/app.bsky.graph.follow/3kebi2wkgjl2i"
        },
        "labels" : [ ],
        "createdAt" : 1685991031498
      },
      "record" : {
        "$type" : "app.bsky.feed.post",
        "createdAt" : 1741143940727,
        "embed" : {
          "$type" : "app.bsky.embed.external",
          "external" : {
            "uri" : "https://www.nytimes.com/2025/03/04/us/grandparent-scam-canada-us-fraud.html?smtyp=cur&smid=bsky-nytimes",
            "title" : "Dozens of Canadians Are Charged in $21 Million ‘Grandparent Scam’",
            "description" : "The conspirators called older adults and posed as their grandchildren in need of bail money after a fake arrest, federal prosecutors said.",
            "thumb" : {
              "$type" : "blob",
              "ref" : {
                "$link" : "bafkreiemxizanywhrcw77emmr22j5m4cx5e5lwhtsdnkedg4sxi2xckzoy"
              },
              "mimeType" : "image/jpeg",
              "size" : 475277
            }
          }
        },
        "langs" : [ "en" ],
        "text" : "Federal prosecutors said more than two dozen Canadians defrauded hundreds of Americans out of $21 million over three years in what the authorities called a “Grandparent Scam.”"
      },
      "embed" : {
        "$type" : "app.bsky.embed.external#view",
        "external" : {
          "uri" : "https://www.nytimes.com/2025/03/04/us/grandparent-scam-canada-us-fraud.html?smtyp=cur&smid=bsky-nytimes",
          "title" : "Dozens of Canadians Are Charged in $21 Million ‘Grandparent Scam’",
          "description" : "The conspirators called older adults and posed as their grandchildren in need of bail money after a fake arrest, federal prosecutors said.",
          "thumb" : "https://cdn.bsky.app/img/feed_thumbnail/plain/did:plc:eclio37ymobqex2ncko63h4r/bafkreiemxizanywhrcw77emmr22j5m4cx5e5lwhtsdnkedg4sxi2xckzoy@jpeg"
        }
      },
      "replyCount" : 30,
      "repostCount" : 5,
      "likeCount" : 64,
      "quoteCount" : 7,
      "indexedAt" : 1741143948241,
      "viewer" : { },
      "labels" : [ ]
    }
  }, {
    "post" : {
      "uri" : "at://did:plc:cxrua73vvgqw4lel4nkccky7/app.bsky.feed.post/3ljlyokl3pc25",
      "cid" : "bafyreih65axqoln6spa3dhyls26nmsxxhg7xg345d542mbmv5bmyh4klba",
      "author" : {
        "did" : "did:plc:cxrua73vvgqw4lel4nkccky7",
        "handle" : "lincolnproject.us",
        "displayName" : "The Lincoln Project",
        "avatar" : "https://cdn.bsky.app/img/avatar/plain/did:plc:cxrua73vvgqw4lel4nkccky7/bafkreie4t2qm2mgz6s5kk47kqrunjm2bbywigelewfq6elxvnmxdxq33nq@jpeg",
        "viewer" : {
          "muted" : false,
          "blockedBy" : false,
          "following" : "at://did:plc:pgdrqxzv4kxt7tr3sa6pd77y/app.bsky.graph.follow/3keixdvenpe2h"
        },
        "labels" : [ ],
        "createdAt" : 1687970158463
      },
      "record" : {
        "$type" : "app.bsky.feed.post",
        "createdAt" : 1741143922998,
        "embed" : {
          "$type" : "app.bsky.embed.images",
          "images" : [ {
            "alt" : "",
            "image" : {
              "$type" : "blob",
              "ref" : {
                "$link" : "bafkreib36pxkvrq3y7deg3poopgbjnhplk3glrvqa5cgo6oc57aj7yo3ba"
              },
              "mimeType" : "image/jpeg",
              "size" : 197370
            },
            "aspectRatio" : {
              "width" : 1063,
              "height" : 799
            }
          } ]
        },
        "langs" : [ "en" ],
        "text" : "One more time for the people in the back."
      },
      "embed" : {
        "$type" : "app.bsky.embed.images#view",
        "images" : [ {
          "thumb" : "https://cdn.bsky.app/img/feed_thumbnail/plain/did:plc:cxrua73vvgqw4lel4nkccky7/bafkreib36pxkvrq3y7deg3poopgbjnhplk3glrvqa5cgo6oc57aj7yo3ba@jpeg",
          "fullsize" : "https://cdn.bsky.app/img/feed_fullsize/plain/did:plc:cxrua73vvgqw4lel4nkccky7/bafkreib36pxkvrq3y7deg3poopgbjnhplk3glrvqa5cgo6oc57aj7yo3ba@jpeg",
          "alt" : "",
          "aspectRatio" : {
            "width" : 1063,
            "height" : 799
          }
        } ]
      },
      "replyCount" : 40,
      "repostCount" : 627,
      "likeCount" : 2601,
      "quoteCount" : 14,
      "indexedAt" : 1741143924429,
      "viewer" : { },
      "labels" : [ ]
    }
  }, {
    "post" : {
      "uri" : "at://did:plc:vc7f4oafdgxsihk4cry2xpze/app.bsky.feed.post/3ljlyojfbqk2v",
      "cid" : "bafyreib5vezhmg7gm3htcbzigqyxdd725xw2okidmw34jifnn27hpf4owi",
      "author" : {
        "did" : "did:plc:vc7f4oafdgxsihk4cry2xpze",
        "handle" : "jcsalterego.bsky.social",
        "displayName" : "Jerry Chen",
        "avatar" : "https://cdn.bsky.app/img/avatar/plain/did:plc:vc7f4oafdgxsihk4cry2xpze/bafkreicwxwecqiko2rwwln5y3fqqb2zx6wfg5rxf5r7lukakkq2slqy5hy@jpeg",
        "associated" : {
          "chat" : {
            "allowIncoming" : "following"
          }
        },
        "viewer" : {
          "muted" : false,
          "blockedBy" : false,
          "following" : "at://did:plc:pgdrqxzv4kxt7tr3sa6pd77y/app.bsky.graph.follow/3kdztpolhap2n"
        },
        "labels" : [ {
          "src" : "did:plc:vc7f4oafdgxsihk4cry2xpze",
          "uri" : "at://did:plc:vc7f4oafdgxsihk4cry2xpze/app.bsky.actor.profile/self",
          "cid" : "bafyreidfiuv3c22vliyu2onazf23zrp35rr7i3upsqa2dsn5cqimmlgugm",
          "val" : "!no-unauthenticated",
          "cts" : 18000000
        } ],
        "createdAt" : 1682280664375
      },
      "record" : {
        "$type" : "app.bsky.feed.post",
        "createdAt" : 1741143921762,
        "langs" : [ "en" ],
        "text" : "lol i gotta relearn your avatar now"
      },
      "replyCount" : 1,
      "repostCount" : 0,
      "likeCount" : 1,
      "quoteCount" : 0,
      "indexedAt" : 1741143922122,
      "viewer" : { },
      "labels" : [ ]
    },
    "reply" : {
      "root" : { }
    }
  }, {
    "post" : {
      "uri" : "at://did:plc:vpfavbhwv4okwh6ydgp5uxf6/app.bsky.feed.post/3ljly3bjidc2j",
      "cid" : "bafyreih7zub5ceyxh5cszedvgk72dvqfqkjrt2rkg5j2zu2lbol2ynuf7m",
      "author" : {
        "did" : "did:plc:vpfavbhwv4okwh6ydgp5uxf6",
        "handle" : "sethabramson.bsky.social",
        "displayName" : "Seth Abramson",
        "avatar" : "https://cdn.bsky.app/img/avatar/plain/did:plc:vpfavbhwv4okwh6ydgp5uxf6/bafkreieyfj7njp36w4htfauqhwqipwe3hepm4cxfpgfqbytbfmm4nj6tnq@jpeg",
        "associated" : {
          "chat" : {
            "allowIncoming" : "following"
          }
        },
        "viewer" : {
          "muted" : false,
          "blockedBy" : false
        },
        "labels" : [ ],
        "createdAt" : 1682626247115
      },
      "record" : {
        "$type" : "app.bsky.feed.post",
        "createdAt" : 1741143275978,
        "langs" : [ "en" ],
        "text" : "Trump has hurled slanders at Democrats so many times during this speech that I'm not kidding when I say that this may be the last speech any member of the Democratic Party attends during which Trump is speaking to Congress\n\nIt's beneath the dignity of any person to sit through such false allegations"
      },
      "replyCount" : 55,
      "repostCount" : 123,
      "likeCount" : 845,
      "quoteCount" : 7,
      "indexedAt" : 1741143276330,
      "viewer" : { },
      "labels" : [ ]
    },
    "reason" : {
      "by" : {
        "did" : "did:plc:gm2vigvzxbuejked4vqugtvh",
        "handle" : "braddavidson77.bsky.social",
        "displayName" : "Brad Davidson",
        "avatar" : "https://cdn.bsky.app/img/avatar/plain/did:plc:gm2vigvzxbuejked4vqugtvh/bafkreife73wzm7xloarv47kvtt65hd42xsiyaa2tijsauluuyk2anmdnpu@jpeg",
        "createdAt" : 1692406312939,
        "viewer" : {
          "muted" : false,
          "blockedBy" : false,
          "following" : "at://did:plc:pgdrqxzv4kxt7tr3sa6pd77y/app.bsky.graph.follow/3lavvnob7vu2m",
          "followedBy" : "at://did:plc:gm2vigvzxbuejked4vqugtvh/app.bsky.graph.follow/3lauvpaa2dc2j"
        },
        "labels" : [ ]
      },
      "indexedAt" : 1741161911259
    }
  }, {
    "post" : {
      "uri" : "at://did:plc:e62gb2ushvtvjvqcbrxeaw2n/app.bsky.feed.post/3ljlynnhj5s2i",
      "cid" : "bafyreigioczlmptcnoarmxtxljybbjtja3a47nl5enbgjth7frzy25enku",
      "author" : {
        "did" : "did:plc:e62gb2ushvtvjvqcbrxeaw2n",
        "handle" : "chrislhayes.bsky.social",
        "displayName" : "Chris Hayes",
        "avatar" : "https://cdn.bsky.app/img/avatar/plain/did:plc:e62gb2ushvtvjvqcbrxeaw2n/bafkreignbhxunrcvqpwkgd6jshgjenc4at6rtbvfnwsyy5g32kq56cyfaq@jpeg",
        "associated" : {
          "chat" : {
            "allowIncoming" : "following"
          }
        },
        "viewer" : {
          "muted" : false,
          "blockedBy" : false,
          "following" : "at://did:plc:pgdrqxzv4kxt7tr3sa6pd77y/app.bsky.graph.follow/3kebis3tsis2x"
        },
        "labels" : [ ],
        "createdAt" : 1682731257120
      },
      "record" : {
        "$type" : "app.bsky.feed.post",
        "createdAt" : 1741143892476,
        "langs" : [ "en" ],
        "text" : "The CHIPS Act he's slagging passed 64-33 and has led to over $50 billion in investment."
      },
      "replyCount" : 42,
      "repostCount" : 308,
      "likeCount" : 1757,
      "quoteCount" : 7,
      "indexedAt" : 1741143895439,
      "viewer" : { },
      "labels" : [ ]
    }
  }, {
    "post" : {
      "uri" : "at://did:plc:4u3hwe3p7oy3hoy3amlw7rp2/app.bsky.feed.post/3ljlynd5ph22c",
      "cid" : "bafyreigwppvmimoursernjxxuxee5v6qfctlzlirz4gwndpomwqqo7axuy",
      "author" : {
        "did" : "did:plc:4u3hwe3p7oy3hoy3amlw7rp2",
        "handle" : "rbreich.bsky.social",
        "displayName" : "Robert Reich",
        "avatar" : "https://cdn.bsky.app/img/avatar/plain/did:plc:4u3hwe3p7oy3hoy3amlw7rp2/bafkreihnchke5wec4i5y4i7kzngmr2sghedr74ubq2ca7fwcqjl7mrw5hq@jpeg",
        "associated" : {
          "chat" : {
            "allowIncoming" : "following"
          }
        },
        "viewer" : {
          "muted" : false,
          "blockedBy" : false,
          "following" : "at://did:plc:pgdrqxzv4kxt7tr3sa6pd77y/app.bsky.graph.follow/3kebinjpxkc2u"
        },
        "labels" : [ ],
        "createdAt" : 1684266534185
      },
      "record" : {
        "$type" : "app.bsky.feed.post",
        "createdAt" : 1741143881665,
        "embed" : {
          "$type" : "app.bsky.embed.images",
          "images" : [ {
            "alt" : "",
            "image" : {
              "$type" : "blob",
              "ref" : {
                "$link" : "bafkreieuwakfjzcyzepjte3ifsqzthgah4ikdcbwkkkjxy4ix73yjfgk2u"
              },
              "mimeType" : "image/jpeg",
              "size" : 488142
            },
            "aspectRatio" : {
              "width" : 1994,
              "height" : 1736
            }
          } ]
        },
        "langs" : [ "en" ],
        "text" : "Everything you need to know about Trump's tax cuts."
      },
      "embed" : {
        "$type" : "app.bsky.embed.images#view",
        "images" : [ {
          "thumb" : "https://cdn.bsky.app/img/feed_thumbnail/plain/did:plc:4u3hwe3p7oy3hoy3amlw7rp2/bafkreieuwakfjzcyzepjte3ifsqzthgah4ikdcbwkkkjxy4ix73yjfgk2u@jpeg",
          "fullsize" : "https://cdn.bsky.app/img/feed_fullsize/plain/did:plc:4u3hwe3p7oy3hoy3amlw7rp2/bafkreieuwakfjzcyzepjte3ifsqzthgah4ikdcbwkkkjxy4ix73yjfgk2u@jpeg",
          "alt" : "",
          "aspectRatio" : {
            "width" : 1994,
            "height" : 1736
          }
        } ]
      },
      "replyCount" : 14,
      "repostCount" : 291,
      "likeCount" : 650,
      "quoteCount" : 10,
      "indexedAt" : 1741143883323,
      "viewer" : { },
      "labels" : [ ]
    }
  }, {
    "post" : {
      "uri" : "at://did:plc:ragtjsm2j2vknwkz3zp4oxrd/app.bsky.feed.post/3ljlyn7hq2k2w",
      "cid" : "bafyreibvy3jnlzwmk2kgxl4yvqimzce7vnkmxo7xgedw4fr2wv3ayeixga",
      "author" : {
        "did" : "did:plc:ragtjsm2j2vknwkz3zp4oxrd",
        "handle" : "pfrazee.com",
        "displayName" : "Paul Frazee",
        "avatar" : "https://cdn.bsky.app/img/avatar/plain/did:plc:ragtjsm2j2vknwkz3zp4oxrd/bafkreihhpqdyntku66himwor5wlhtdo44hllmngj2ofmbqnm25bdm454wq@jpeg",
        "associated" : {
          "chat" : {
            "allowIncoming" : "following"
          }
        },
        "viewer" : {
          "muted" : false,
          "blockedBy" : false,
          "following" : "at://did:plc:pgdrqxzv4kxt7tr3sa6pd77y/app.bsky.graph.follow/3kdztpa5lyr2c"
        },
        "labels" : [ ],
        "createdAt" : 1668645316391
      },
      "record" : {
        "$type" : "app.bsky.feed.post",
        "createdAt" : 1741143877803,
        "langs" : [ "en" ],
        "text" : "heh that was a dumb typo, I meant to say \"read sticky\" and specifically I meant read-your-own-write"
      },
      "replyCount" : 1,
      "repostCount" : 0,
      "likeCount" : 2,
      "quoteCount" : 0,
      "indexedAt" : 1741143878319,
      "viewer" : { },
      "labels" : [ ]
    },
    "reply" : {
      "root" : { }
    }
  }, {
    "post" : {
      "uri" : "at://did:plc:lfgjxeg7f7w6ryjfbomhcbsi/app.bsky.feed.post/3ljlymogfuc25",
      "cid" : "bafyreihzgw5uinmzs24tiugkiqtkv2xwnrswnzezu7krhnm5by5pt25n4q",
      "author" : {
        "did" : "did:plc:lfgjxeg7f7w6ryjfbomhcbsi",
        "handle" : "mikenellis.bsky.social",
        "displayName" : "Mike Nellis",
        "avatar" : "https://cdn.bsky.app/img/avatar/plain/did:plc:lfgjxeg7f7w6ryjfbomhcbsi/bafkreiecf5wsoxo3gos7qy5b2pmy7qx3meyxvkoxo2ltninvsizsfl2m5e@jpeg",
        "viewer" : {
          "muted" : false,
          "blockedBy" : false,
          "following" : "at://did:plc:pgdrqxzv4kxt7tr3sa6pd77y/app.bsky.graph.follow/3ldkjvrgufl2f",
          "followedBy" : "at://did:plc:lfgjxeg7f7w6ryjfbomhcbsi/app.bsky.graph.follow/3lcwjzehmmt26"
        },
        "labels" : [ ],
        "createdAt" : 1731169867521
      },
      "record" : {
        "$type" : "app.bsky.feed.post",
        "createdAt" : 1741143859933,
        "embed" : {
          "$type" : "app.bsky.embed.images",
          "images" : [ {
            "alt" : "",
            "image" : {
              "$type" : "blob",
              "ref" : {
                "$link" : "bafkreicdvskc3aveesncdnqf3uazyvlud7wea3o4hb5ek5q2g2jvvnhdvy"
              },
              "mimeType" : "image/jpeg",
              "size" : 203892
            },
            "aspectRatio" : {
              "width" : 1176,
              "height" : 458
            }
          } ]
        },
        "langs" : [ "en" ],
        "text" : "Pete is right—Trump's lie and Elon Musk calling Social Security a Ponzi scheme is the Republicans laying the groundwork to destroy it."
      },
      "embed" : {
        "$type" : "app.bsky.embed.images#view",
        "images" : [ {
          "thumb" : "https://cdn.bsky.app/img/feed_thumbnail/plain/did:plc:lfgjxeg7f7w6ryjfbomhcbsi/bafkreicdvskc3aveesncdnqf3uazyvlud7wea3o4hb5ek5q2g2jvvnhdvy@jpeg",
          "fullsize" : "https://cdn.bsky.app/img/feed_fullsize/plain/did:plc:lfgjxeg7f7w6ryjfbomhcbsi/bafkreicdvskc3aveesncdnqf3uazyvlud7wea3o4hb5ek5q2g2jvvnhdvy@jpeg",
          "alt" : "",
          "aspectRatio" : {
            "width" : 1176,
            "height" : 458
          }
        } ]
      },
      "replyCount" : 8,
      "repostCount" : 64,
      "likeCount" : 274,
      "quoteCount" : 1,
      "indexedAt" : 1741143861725,
      "viewer" : { },
      "labels" : [ ]
    }
  }, {
    "post" : {
      "uri" : "at://did:plc:neno2ingf4j4rs2fof4giall/app.bsky.feed.post/3ljlymjdsqc2o",
      "cid" : "bafyreiabmvtkdvwj7bwwwddxtwv4xjnzlupj2uugoomvkcerbynzbvmgm4",
      "author" : {
        "did" : "did:plc:neno2ingf4j4rs2fof4giall",
        "handle" : "jojofromjerz.bsky.social",
        "displayName" : "JoJoFromJerz",
        "avatar" : "https://cdn.bsky.app/img/avatar/plain/did:plc:neno2ingf4j4rs2fof4giall/bafkreifuzzqe3afxjyt63fi5urw4s22eysgiklmmppmcl2473vedsxh4s4@jpeg",
        "viewer" : {
          "muted" : false,
          "blockedBy" : false,
          "following" : "at://did:plc:pgdrqxzv4kxt7tr3sa6pd77y/app.bsky.graph.follow/3ldnzl6s3lw2h"
        },
        "labels" : [ ],
        "createdAt" : 1683168597990
      },
      "record" : {
        "$type" : "app.bsky.feed.post",
        "createdAt" : 1741143854606,
        "langs" : [ "en" ],
        "text" : "Fuck you, Donald Trump.\nFuck you."
      },
      "replyCount" : 82,
      "repostCount" : 181,
      "likeCount" : 2099,
      "quoteCount" : 9,
      "indexedAt" : 1741143854822,
      "viewer" : { },
      "labels" : [ ]
    }
  }, {
    "post" : {
      "uri" : "at://did:plc:pjiafkey2cokiupsxpswqlk7/app.bsky.feed.post/3ljlym3ohmk2p",
      "cid" : "bafyreid3zcqjzuqhz4tyfqwpvixdxkviczaic2lkpu5vo4xyfm76t2ud7a",
      "author" : {
        "did" : "did:plc:pjiafkey2cokiupsxpswqlk7",
        "handle" : "marcelias.bsky.social",
        "displayName" : "Marc Elias",
        "avatar" : "https://cdn.bsky.app/img/avatar/plain/did:plc:pjiafkey2cokiupsxpswqlk7/bafkreibda5a7updqoqvq2k4jnklowk5cv2zlljz4zztuzdedfivgnnkwwa@jpeg",
        "associated" : {
          "chat" : {
            "allowIncoming" : "following"
          }
        },
        "viewer" : {
          "muted" : false,
          "blockedBy" : false,
          "following" : "at://did:plc:pgdrqxzv4kxt7tr3sa6pd77y/app.bsky.graph.follow/3kefvpas42t22"
        },
        "labels" : [ ],
        "createdAt" : 1683114839832
      },
      "record" : {
        "$type" : "app.bsky.feed.post",
        "createdAt" : 1741143840269,
        "embed" : {
          "$type" : "app.bsky.embed.images",
          "images" : [ {
            "alt" : "",
            "image" : {
              "$type" : "blob",
              "ref" : {
                "$link" : "bafkreiewuspkvj6dhviymjgx36n4ejggsfwigumcward54h5bbugl5f4dm"
              },
              "mimeType" : "image/jpeg",
              "size" : 494557
            },
            "aspectRatio" : {
              "width" : 1212,
              "height" : 1576
            }
          }, {
            "alt" : "",
            "image" : {
              "$type" : "blob",
              "ref" : {
                "$link" : "bafkreigagqloq7f2hljtnxhh3dqguuhfyzkhtoxxtwgidmbuapeo7jchsm"
              },
              "mimeType" : "image/jpeg",
              "size" : 314097
            },
            "aspectRatio" : {
              "width" : 1212,
              "height" : 1576
            }
          } ]
        },
        "langs" : [ "en" ],
        "text" : "I suspect we have not seen the last of this declaration filed in federal court in mid-February.]]>&#x1f440;<![CDATA["
      },
      "embed" : {
        "$type" : "app.bsky.embed.images#view",
        "images" : [ {
          "thumb" : "https://cdn.bsky.app/img/feed_thumbnail/plain/did:plc:pjiafkey2cokiupsxpswqlk7/bafkreiewuspkvj6dhviymjgx36n4ejggsfwigumcward54h5bbugl5f4dm@jpeg",
          "fullsize" : "https://cdn.bsky.app/img/feed_fullsize/plain/did:plc:pjiafkey2cokiupsxpswqlk7/bafkreiewuspkvj6dhviymjgx36n4ejggsfwigumcward54h5bbugl5f4dm@jpeg",
          "alt" : "",
          "aspectRatio" : {
            "width" : 1212,
            "height" : 1576
          }
        }, {
          "thumb" : "https://cdn.bsky.app/img/feed_thumbnail/plain/did:plc:pjiafkey2cokiupsxpswqlk7/bafkreigagqloq7f2hljtnxhh3dqguuhfyzkhtoxxtwgidmbuapeo7jchsm@jpeg",
          "fullsize" : "https://cdn.bsky.app/img/feed_fullsize/plain/did:plc:pjiafkey2cokiupsxpswqlk7/bafkreigagqloq7f2hljtnxhh3dqguuhfyzkhtoxxtwgidmbuapeo7jchsm@jpeg",
          "alt" : "",
          "aspectRatio" : {
            "width" : 1212,
            "height" : 1576
          }
        } ]
      },
      "replyCount" : 27,
      "repostCount" : 221,
      "likeCount" : 1289,
      "quoteCount" : 9,
      "indexedAt" : 1741143841625,
      "viewer" : { },
      "labels" : [ ]
    }
  }, {
    "post" : {
      "uri" : "at://did:plc:6uimut56ihor2p6ubnepkudz/app.bsky.feed.post/3ljlylqjnnk2w",
      "cid" : "bafyreifwbzy2hdhprgz5rexjezxbiwhbppqgoxycjjkjfo6vwmi4m43qcy",
      "author" : {
        "did" : "did:plc:6uimut56ihor2p6ubnepkudz",
        "handle" : "jenrubin.bsky.social",
        "displayName" : "Jen Rubin",
        "avatar" : "https://cdn.bsky.app/img/avatar/plain/did:plc:6uimut56ihor2p6ubnepkudz/bafkreihrlgiapi62tymlzlv6ybczklgtiohkdmgiqgmnsozggtn3keajkm@jpeg",
        "viewer" : {
          "muted" : false,
          "blockedBy" : false,
          "following" : "at://did:plc:pgdrqxzv4kxt7tr3sa6pd77y/app.bsky.graph.follow/3lfqkyhis7z2e"
        },
        "labels" : [ ],
        "createdAt" : 1731205923322
      },
      "record" : {
        "$type" : "app.bsky.feed.post",
        "createdAt" : 1741143828582,
        "embed" : {
          "$type" : "app.bsky.embed.external",
          "external" : {
            "uri" : "https://open.substack.com/pub/contrarian/p/pets-of-the-united-states?r=230tr&utm_campaign=post&utm_medium=web&showWelcomeOnShare=false",
            "title" : "Pets of the United States",
            "description" : "Can’t stand to watch Trump’s address to Congress?",
            "thumb" : {
              "$type" : "blob",
              "ref" : {
                "$link" : "bafkreihibmd6c6jbvhqrvmeh5e7gz2x25uq6zxsfwu6km47ycibk7qufeu"
              },
              "mimeType" : "image/jpeg",
              "size" : 818757
            }
          }
        },
        "facets" : [ {
          "index" : {
            "byteStart" : 89,
            "byteEnd" : 122
          },
          "features" : [ {
            "$type" : "app.bsky.richtext.facet#link",
            "uri" : "https://open.substack.com/pub/contrarian/p/pets-of-the-united-states?r=230tr&utm_campaign=post&utm_medium=web&showWelcomeOnShare=false"
          } ]
        } ],
        "langs" : [ "en" ],
        "text" : "watch this POTUS instead.. don't torture yourself with the PINO (president in name only) open.substack.com/pub/contrari..."
      },
      "embed" : {
        "$type" : "app.bsky.embed.external#view",
        "external" : {
          "uri" : "https://open.substack.com/pub/contrarian/p/pets-of-the-united-states?r=230tr&utm_campaign=post&utm_medium=web&showWelcomeOnShare=false",
          "title" : "Pets of the United States",
          "description" : "Can’t stand to watch Trump’s address to Congress?",
          "thumb" : "https://cdn.bsky.app/img/feed_thumbnail/plain/did:plc:6uimut56ihor2p6ubnepkudz/bafkreihibmd6c6jbvhqrvmeh5e7gz2x25uq6zxsfwu6km47ycibk7qufeu@jpeg"
        }
      },
      "replyCount" : 8,
      "repostCount" : 23,
      "likeCount" : 198,
      "quoteCount" : 1,
      "indexedAt" : 1741143831216,
      "viewer" : { },
      "labels" : [ ]
    }
  }, {
    "post" : {
      "uri" : "at://did:plc:3tgntymxw6sr3iivbhqekj45/app.bsky.feed.post/3ljlyllvmds2y",
      "cid" : "bafyreiegnwyorhs7ft3ndvwsylhzpqtel7f6ih3kpw6oissjfidq7mcl6e",
      "author" : {
        "did" : "did:plc:3tgntymxw6sr3iivbhqekj45",
        "handle" : "michellekinney.com",
        "displayName" : "Michelle Kinney",
        "avatar" : "https://cdn.bsky.app/img/avatar/plain/did:plc:3tgntymxw6sr3iivbhqekj45/bafkreifozvmybx3k7lilwy37yahj4a7vvqnwskxo7psk6v6hc7zcbjzxay@jpeg",
        "viewer" : {
          "muted" : false,
          "blockedBy" : false,
          "following" : "at://did:plc:pgdrqxzv4kxt7tr3sa6pd77y/app.bsky.graph.follow/3kefvsjvf372s"
        },
        "labels" : [ {
          "src" : "did:plc:3tgntymxw6sr3iivbhqekj45",
          "uri" : "at://did:plc:3tgntymxw6sr3iivbhqekj45/app.bsky.actor.profile/self",
          "cid" : "bafyreigegxboucrt4b2oykbunmoehgqsr73mb7nax3pl7lib2anpr24oya",
          "val" : "!no-unauthenticated",
          "cts" : 18000000
        } ],
        "createdAt" : 1685464668453
      },
      "record" : {
        "$type" : "app.bsky.feed.post",
        "createdAt" : 1741143823732,
        "langs" : [ "en" ],
        "text" : "There are more people with measles in Texas than trans athletes in America."
      },
      "replyCount" : 1,
      "repostCount" : 0,
      "likeCount" : 0,
      "quoteCount" : 0,
      "indexedAt" : 1741143824017,
      "viewer" : { },
      "labels" : [ ]
    },
    "reply" : {
      "root" : { }
    }
  }, {
    "post" : {
      "uri" : "at://did:plc:vzu7j24crqmawkevzi3i6n3v/app.bsky.feed.post/3ljlylkv7ac2r",
      "cid" : "bafyreibuq3p5vccx3gh4ydhn3lj75cwfjuffs5vbp5fzlxausedq5u3shi",
      "author" : {
        "did" : "did:plc:vzu7j24crqmawkevzi3i6n3v",
        "handle" : "boom-whatsgoingon.bsky.social",
        "displayName" : "@Boom-WhatsGoingOn.bsky.social",
        "avatar" : "https://cdn.bsky.app/img/avatar/plain/did:plc:vzu7j24crqmawkevzi3i6n3v/bafkreid5jnxlcxpfp34y2xwqnxxvl4goesxm7z7il3ngbvqbo7e5p7ansu@jpeg",
        "associated" : {
          "chat" : {
            "allowIncoming" : "none"
          }
        },
        "viewer" : {
          "muted" : false,
          "blockedBy" : false,
          "following" : "at://did:plc:pgdrqxzv4kxt7tr3sa6pd77y/app.bsky.graph.follow/3ljlujigavx2x",
          "followedBy" : "at://did:plc:vzu7j24crqmawkevzi3i6n3v/app.bsky.graph.follow/3ljjfshlgtc2u"
        },
        "labels" : [ ],
        "createdAt" : 1737501361013
      },
      "record" : {
        "$type" : "app.bsky.feed.post",
        "createdAt" : 1741143822651,
        "embed" : {
          "$type" : "app.bsky.embed.images",
          "images" : [ {
            "alt" : "",
            "image" : {
              "$type" : "blob",
              "ref" : {
                "$link" : "bafkreigqf6hodlp67dxyqcxnfuphecra2ezglzbbbxvlrpimmrvo3yvmpm"
              },
              "mimeType" : "image/jpeg",
              "size" : 471021
            },
            "aspectRatio" : {
              "width" : 1021,
              "height" : 1936
            }
          } ]
        },
        "langs" : [ "en" ],
        "text" : "I don’t watch FOX, so not familiar with this Host, but his tenure will probably be ending shortly for speaking truth to power to Trump, so unusual for a Fox Host to do…"
      },
      "embed" : {
        "$type" : "app.bsky.embed.images#view",
        "images" : [ {
          "thumb" : "https://cdn.bsky.app/img/feed_thumbnail/plain/did:plc:vzu7j24crqmawkevzi3i6n3v/bafkreigqf6hodlp67dxyqcxnfuphecra2ezglzbbbxvlrpimmrvo3yvmpm@jpeg",
          "fullsize" : "https://cdn.bsky.app/img/feed_fullsize/plain/did:plc:vzu7j24crqmawkevzi3i6n3v/bafkreigqf6hodlp67dxyqcxnfuphecra2ezglzbbbxvlrpimmrvo3yvmpm@jpeg",
          "alt" : "",
          "aspectRatio" : {
            "width" : 1021,
            "height" : 1936
          }
        } ]
      },
      "replyCount" : 1,
      "repostCount" : 17,
      "likeCount" : 62,
      "quoteCount" : 1,
      "indexedAt" : 1741143825824,
      "viewer" : { },
      "labels" : [ ]
    }
  }, {
    "post" : {
      "uri" : "at://did:plc:neno2ingf4j4rs2fof4giall/app.bsky.feed.post/3ljlyldjuxk2o",
      "cid" : "bafyreiff5qw44lfxmaplsgndl4mc53hjjzjzsozukm5johilxqjzsz24ty",
      "author" : {
        "did" : "did:plc:neno2ingf4j4rs2fof4giall",
        "handle" : "jojofromjerz.bsky.social",
        "displayName" : "JoJoFromJerz",
        "avatar" : "https://cdn.bsky.app/img/avatar/plain/did:plc:neno2ingf4j4rs2fof4giall/bafkreifuzzqe3afxjyt63fi5urw4s22eysgiklmmppmcl2473vedsxh4s4@jpeg",
        "viewer" : {
          "muted" : false,
          "blockedBy" : false,
          "following" : "at://did:plc:pgdrqxzv4kxt7tr3sa6pd77y/app.bsky.graph.follow/3ldnzl6s3lw2h"
        },
        "labels" : [ ],
        "createdAt" : 1683168597990
      },
      "record" : {
        "$type" : "app.bsky.feed.post",
        "createdAt" : 1741143814955,
        "langs" : [ "en" ],
        "text" : "Imagine being this proud of this much fucking stupid."
      },
      "replyCount" : 34,
      "repostCount" : 142,
      "likeCount" : 1480,
      "quoteCount" : 3,
      "indexedAt" : 1741143815124,
      "viewer" : { },
      "labels" : [ ]
    }
  }, {
    "post" : {
      "uri" : "at://did:plc:4llrhdclvdlmmynkwsmg5tdc/app.bsky.feed.post/3ljlxgquqrr26",
      "cid" : "bafyreibmtyembgakjegjxf4iub6pmjx7dlwqncgdukk4q4zplg3p7ardri",
      "author" : {
        "did" : "did:plc:4llrhdclvdlmmynkwsmg5tdc",
        "handle" : "atrupar.com",
        "displayName" : "Aaron Rupar",
        "avatar" : "https://cdn.bsky.app/img/avatar/plain/did:plc:4llrhdclvdlmmynkwsmg5tdc/bafkreibmhm3h6ar52pogvolisrzjdhwa2myras5vkxzj67twxn2l6pogwu@jpeg",
        "associated" : {
          "chat" : {
            "allowIncoming" : "following"
          }
        },
        "viewer" : {
          "muted" : false,
          "blockedBy" : false
        },
        "labels" : [ ],
        "createdAt" : 1682642877437
      },
      "record" : {
        "$type" : "app.bsky.feed.post",
        "createdAt" : 1741142587413,
        "embed" : {
          "$type" : "app.bsky.embed.video",
          "alt" : "",
          "aspectRatio" : {
            "width" : 1920,
            "height" : 1080
          },
          "captions" : [ {
            "$type" : "app.bsky.embed.video#caption",
            "file" : {
              "$type" : "blob",
              "ref" : {
                "$link" : "bafkreicihhi3d5fkznu7gsb4bcapyyy4zptqstbbabgubfd72wadavsesq"
              },
              "mimeType" : "text/vtt",
              "size" : 421
            },
            "lang" : "en"
          } ],
          "video" : {
            "$type" : "blob",
            "ref" : {
              "$link" : "bafkreiaxq5g5bwls763z7wed4yegluxyt5glvk56gfritk6ldccxgh3tpq"
            },
            "mimeType" : "video/mp4",
            "size" : 9006906
          }
        },
        "facets" : [ ],
        "langs" : [ "en" ],
        "text" : "Audible groans as Trump blames Joe Biden for egg prices "
      },
      "embed" : {
        "$type" : "app.bsky.embed.video#view",
        "alt" : "",
        "aspectRatio" : {
          "width" : 1920,
          "height" : 1080
        },
        "cid" : "bafkreiaxq5g5bwls763z7wed4yegluxyt5glvk56gfritk6ldccxgh3tpq",
        "playlist" : "https://video.bsky.app/watch/did%3Aplc%3A4llrhdclvdlmmynkwsmg5tdc/bafkreiaxq5g5bwls763z7wed4yegluxyt5glvk56gfritk6ldccxgh3tpq/playlist.m3u8",
        "thumbnail" : "https://video.bsky.app/watch/did%3Aplc%3A4llrhdclvdlmmynkwsmg5tdc/bafkreiaxq5g5bwls763z7wed4yegluxyt5glvk56gfritk6ldccxgh3tpq/thumbnail.jpg"
      },
      "replyCount" : 124,
      "repostCount" : 163,
      "likeCount" : 1508,
      "quoteCount" : 18,
      "indexedAt" : 1741142591257,
      "viewer" : { },
      "labels" : [ ]
    },
    "reason" : {
      "by" : {
        "did" : "did:plc:lu4xc2twcurj5f6nf4q2hwcv",
        "handle" : "marionicolais.bsky.social",
        "displayName" : "Mario Nicolais",
        "avatar" : "https://cdn.bsky.app/img/avatar/plain/did:plc:lu4xc2twcurj5f6nf4q2hwcv/bafkreiedbzfdvtivqzao2lappar2lq5uilozsupmanjnt4dzmvk4er5o7e@jpeg",
        "createdAt" : 1731367565015,
        "viewer" : {
          "muted" : false,
          "blockedBy" : false,
          "following" : "at://did:plc:pgdrqxzv4kxt7tr3sa6pd77y/app.bsky.graph.follow/3lbct7linwy2p"
        },
        "labels" : [ ]
      },
      "indexedAt" : 1741161814849
    }
  }, {
    "post" : {
      "uri" : "at://did:plc:ragtjsm2j2vknwkz3zp4oxrd/app.bsky.feed.post/3ljlyl5jgr22w",
      "cid" : "bafyreibs224ob6kj6ttmlhx5n7ffwodivokjbiavjby5o33l7wfatufqzm",
      "author" : {
        "did" : "did:plc:ragtjsm2j2vknwkz3zp4oxrd",
        "handle" : "pfrazee.com",
        "displayName" : "Paul Frazee",
        "avatar" : "https://cdn.bsky.app/img/avatar/plain/did:plc:ragtjsm2j2vknwkz3zp4oxrd/bafkreihhpqdyntku66himwor5wlhtdo44hllmngj2ofmbqnm25bdm454wq@jpeg",
        "associated" : {
          "chat" : {
            "allowIncoming" : "following"
          }
        },
        "viewer" : {
          "muted" : false,
          "blockedBy" : false,
          "following" : "at://did:plc:pgdrqxzv4kxt7tr3sa6pd77y/app.bsky.graph.follow/3kdztpa5lyr2c"
        },
        "labels" : [ ],
        "createdAt" : 1668645316391
      },
      "record" : {
        "$type" : "app.bsky.feed.post",
        "createdAt" : 1741143808653,
        "langs" : [ "en" ],
        "text" : "read sticky*"
      },
      "replyCount" : 0,
      "repostCount" : 0,
      "likeCount" : 1,
      "quoteCount" : 0,
      "indexedAt" : 1741143809317,
      "viewer" : { },
      "labels" : [ ]
    },
    "reply" : {
      "root" : { }
    }
  }, {
    "post" : {
      "uri" : "at://did:plc:oqr5mp25r7z3vfr3igeerxbw/app.bsky.feed.post/3ljlykwj6y22q",
      "cid" : "bafyreifb3iler3fnyc43xzoxvqtwyrrfmjdrxeqs3qfvpzt3x7kwxu2ixm",
      "author" : {
        "did" : "did:plc:oqr5mp25r7z3vfr3igeerxbw",
        "handle" : "mollyjongfast.bsky.social",
        "displayName" : "Molly Jong-Fast",
        "avatar" : "https://cdn.bsky.app/img/avatar/plain/did:plc:oqr5mp25r7z3vfr3igeerxbw/bafkreicx4hks5lducpmoi2b7fn4nw64j4m5lanzetkfdzxkl63klddoxgi@jpeg",
        "associated" : {
          "chat" : {
            "allowIncoming" : "following"
          }
        },
        "viewer" : {
          "muted" : false,
          "blockedBy" : false,
          "following" : "at://did:plc:pgdrqxzv4kxt7tr3sa6pd77y/app.bsky.graph.follow/3kebirfpiif2n"
        },
        "labels" : [ ],
        "createdAt" : 1682608863647
      },
      "record" : {
        "$type" : "app.bsky.feed.post",
        "createdAt" : 1741143801303,
        "embed" : {
          "$type" : "app.bsky.embed.images",
          "images" : [ {
            "alt" : "",
            "image" : {
              "$type" : "blob",
              "ref" : {
                "$link" : "bafkreiawjqvn5qnd4mjfli5kvqfeozubm7mjcpx35amznrlrimv24klrym"
              },
              "mimeType" : "image/jpeg",
              "size" : 519650
            },
            "aspectRatio" : {
              "width" : 1265,
              "height" : 2000
            }
          } ]
        },
        "langs" : [ "en" ],
        "text" : "None of this is normal"
      },
      "embed" : {
        "$type" : "app.bsky.embed.images#view",
        "images" : [ {
          "thumb" : "https://cdn.bsky.app/img/feed_thumbnail/plain/did:plc:oqr5mp25r7z3vfr3igeerxbw/bafkreiawjqvn5qnd4mjfli5kvqfeozubm7mjcpx35amznrlrimv24klrym@jpeg",
          "fullsize" : "https://cdn.bsky.app/img/feed_fullsize/plain/did:plc:oqr5mp25r7z3vfr3igeerxbw/bafkreiawjqvn5qnd4mjfli5kvqfeozubm7mjcpx35amznrlrimv24klrym@jpeg",
          "alt" : "",
          "aspectRatio" : {
            "width" : 1265,
            "height" : 2000
          }
        } ]
      },
      "replyCount" : 52,
      "repostCount" : 461,
      "likeCount" : 2745,
      "quoteCount" : 17,
      "indexedAt" : 1741143803020,
      "viewer" : { },
      "labels" : [ ]
    }
  }, {
    "post" : {
      "uri" : "at://did:plc:3hd67og56zzdsqhqf2yqs2v7/app.bsky.feed.post/3ljlyklq2zs2h",
      "cid" : "bafyreieki7p5q2fjgkivlj2be2xbty2wpqv2y7es5we24cmwksv5rgqcj4",
      "author" : {
        "did" : "did:plc:3hd67og56zzdsqhqf2yqs2v7",
        "handle" : "wutangforchildren.bsky.social",
        "displayName" : "WuTangIsForTheChildren",
        "avatar" : "https://cdn.bsky.app/img/avatar/plain/did:plc:3hd67og56zzdsqhqf2yqs2v7/bafkreiey3zbw3gy4iq5chf62m2akhrzj4n2hhxiz7twgc7szj3ael4cxdq@jpeg",
        "viewer" : {
          "muted" : false,
          "blockedBy" : false,
          "following" : "at://did:plc:pgdrqxzv4kxt7tr3sa6pd77y/app.bsky.graph.follow/3lazjhqg4hk2n"
        },
        "labels" : [ ],
        "createdAt" : 1682642806970
      },
      "record" : {
        "$type" : "app.bsky.feed.post",
        "createdAt" : 1741143789991,
        "embed" : {
          "$type" : "app.bsky.embed.video",
          "aspectRatio" : {
            "width" : 720,
            "height" : 1280
          },
          "video" : {
            "$type" : "blob",
            "ref" : {
              "$link" : "bafkreia6flscf325ekf2kr27abq32qyxxhlflkdegfkpmdxli2c5xk3bxq"
            },
            "mimeType" : "video/mp4",
            "size" : 10986031
          }
        },
        "langs" : [ "en" ],
        "text" : "Someone allowed a Cybertruck to be a part of a Mardi Gras parade tonight….it didn’t go well ]]>&#x1f923;<![CDATA[\n\nI ]]>&#x1f49c;<![CDATA[]]>&#x1f49a;<![CDATA[]]>&#x1f49b;<![CDATA[ NOLA"
      },
      "embed" : {
        "$type" : "app.bsky.embed.video#view",
        "aspectRatio" : {
          "width" : 720,
          "height" : 1280
        },
        "cid" : "bafkreia6flscf325ekf2kr27abq32qyxxhlflkdegfkpmdxli2c5xk3bxq",
        "playlist" : "https://video.bsky.app/watch/did%3Aplc%3A3hd67og56zzdsqhqf2yqs2v7/bafkreia6flscf325ekf2kr27abq32qyxxhlflkdegfkpmdxli2c5xk3bxq/playlist.m3u8",
        "thumbnail" : "https://video.bsky.app/watch/did%3Aplc%3A3hd67og56zzdsqhqf2yqs2v7/bafkreia6flscf325ekf2kr27abq32qyxxhlflkdegfkpmdxli2c5xk3bxq/thumbnail.jpg"
      },
      "replyCount" : 24,
      "repostCount" : 80,
      "likeCount" : 436,
      "quoteCount" : 13,
      "indexedAt" : 1741143791522,
      "viewer" : { },
      "labels" : [ ]
    }
  }, {
    "post" : {
      "uri" : "at://did:plc:ln72v57ivz2g46uqf4xxqiuh/app.bsky.feed.post/3ljlykenuqs2m",
      "cid" : "bafyreiddan4emeiyzyd2rr6kphzqofb4afvxttirmo6gmscefrs2se3weu",
      "author" : {
        "did" : "did:plc:ln72v57ivz2g46uqf4xxqiuh",
        "handle" : "npr.org",
        "displayName" : "NPR",
        "avatar" : "https://cdn.bsky.app/img/avatar/plain/did:plc:ln72v57ivz2g46uqf4xxqiuh/bafkreiggmfuoyybcriueenrxrhaemubfanwj77qi2nuro7fs4javp3fkom@jpeg",
        "associated" : {
          "chat" : {
            "allowIncoming" : "following"
          }
        },
        "viewer" : {
          "muted" : false,
          "blockedBy" : false,
          "following" : "at://did:plc:pgdrqxzv4kxt7tr3sa6pd77y/app.bsky.graph.follow/3ke4d4y7gvk2z"
        },
        "labels" : [ ],
        "createdAt" : 1683057885133
      },
      "record" : {
        "$type" : "app.bsky.feed.post",
        "createdAt" : 1741143782584,
        "embed" : {
          "$type" : "app.bsky.embed.external",
          "external" : {
            "uri" : "https://www.npr.org/2025/03/04/nx-s1-5318102/trump-joint-session-al-green-protest",
            "title" : "Rep. Al Green shouts Trump has 'no mandate' before being removed from House chamber",
            "description" : "The Texas Democrat stood, shouting, as the president addressed a joint session of Congress. After refusing to retake his seat, Speaker Mike Johnson ordered Rep. Green removed from the chamber.",
            "thumb" : {
              "$type" : "blob",
              "ref" : {
                "$link" : "bafkreif7itzgkfonjtbau5vtduxep35ntesdr6gk65ueaeqm44by6wwtoy"
              },
              "mimeType" : "image/jpeg",
              "size" : 352058
            }
          }
        },
        "langs" : [ "en" ],
        "text" : "The Texas Democrat stood, shouting, as the president addressed a joint session of Congress. After refusing to retake his seat, Speaker Mike Johnson ordered Rep. Green removed from the chamber."
      },
      "embed" : {
        "$type" : "app.bsky.embed.external#view",
        "external" : {
          "uri" : "https://www.npr.org/2025/03/04/nx-s1-5318102/trump-joint-session-al-green-protest",
          "title" : "Rep. Al Green shouts Trump has 'no mandate' before being removed from House chamber",
          "description" : "The Texas Democrat stood, shouting, as the president addressed a joint session of Congress. After refusing to retake his seat, Speaker Mike Johnson ordered Rep. Green removed from the chamber.",
          "thumb" : "https://cdn.bsky.app/img/feed_thumbnail/plain/did:plc:ln72v57ivz2g46uqf4xxqiuh/bafkreif7itzgkfonjtbau5vtduxep35ntesdr6gk65ueaeqm44by6wwtoy@jpeg"
        }
      },
      "replyCount" : 93,
      "repostCount" : 178,
      "likeCount" : 1368,
      "quoteCount" : 54,
      "indexedAt" : 1741143786254,
      "viewer" : { },
      "labels" : [ ]
    }
  }, {
    "post" : {
      "uri" : "at://did:plc:eijqdygh72wuei7faamrclpc/app.bsky.feed.post/3ljkxywxnz224",
      "cid" : "bafyreihs7hmd7n333jvansffvposkppvdw3d4johyojjrf5weflfwsf6ra",
      "author" : {
        "did" : "did:plc:eijqdygh72wuei7faamrclpc",
        "handle" : "hansilowang.bsky.social",
        "displayName" : "Hansi Lo Wang (he/him)",
        "avatar" : "https://cdn.bsky.app/img/avatar/plain/did:plc:eijqdygh72wuei7faamrclpc/bafkreid7i7y76y32ag5vcd4ugnzm62tttxc5wvvo4isu7l3kkbettecfi4@jpeg",
        "associated" : {
          "chat" : {
            "allowIncoming" : "all"
          }
        },
        "viewer" : {
          "muted" : false,
          "blockedBy" : false
        },
        "labels" : [ ],
        "createdAt" : 1690307347904
      },
      "record" : {
        "$type" : "app.bsky.feed.post",
        "createdAt" : 1741108838060,
        "facets" : [ {
          "index" : {
            "byteStart" : 29,
            "byteEnd" : 40
          },
          "features" : [ {
            "$type" : "app.bsky.richtext.facet#tag",
            "tag" : "2030Census"
          } ]
        }, {
          "index" : {
            "byteStart" : 193,
            "byteEnd" : 201
          },
          "features" : [ {
            "$type" : "app.bsky.richtext.facet#mention",
            "did" : "did:plc:ln72v57ivz2g46uqf4xxqiuh"
          } ]
        } ],
        "langs" : [ "en" ],
        "text" : "JUST IN: The Census Bureau's #2030Census Advisory Committee has been terminated by Commerce Secretary Howard Lutnick, who oversees the bureau, Arturo Vargas, the committee's chair, confirms to @npr.org. I've reached out to the press offices of the bureau and the Commerce Department for comment..."
      },
      "replyCount" : 34,
      "repostCount" : 408,
      "likeCount" : 776,
      "quoteCount" : 91,
      "indexedAt" : 1741108838615,
      "viewer" : { },
      "labels" : [ ]
    },
    "reason" : {
      "by" : {
        "did" : "did:plc:rogqxhzq6vy54nbuy4n6rwyd",
        "handle" : "pbump.com",
        "displayName" : "Philip Bump",
        "avatar" : "https://cdn.bsky.app/img/avatar/plain/did:plc:rogqxhzq6vy54nbuy4n6rwyd/bafkreiekqngt2uqtsatqd4g6ckxhufyqgqwc45dlpxmimaioqz3nywkjvq@jpeg",
        "createdAt" : 1682654237905,
        "associated" : {
          "chat" : {
            "allowIncoming" : "all"
          }
        },
        "viewer" : {
          "muted" : false,
          "blockedBy" : false,
          "following" : "at://did:plc:pgdrqxzv4kxt7tr3sa6pd77y/app.bsky.graph.follow/3kefvwcfgml22"
        },
        "labels" : [ ]
      },
      "indexedAt" : 1741161767950
    }
  }, {
    "post" : {
      "uri" : "at://did:plc:oqr5mp25r7z3vfr3igeerxbw/app.bsky.feed.post/3ljlyjh56bs2q",
      "cid" : "bafyreidbzr5ha454x5uqhwynes4uxoqhrnc7nnvc6rk3t235qyc2etsosa",
      "author" : {
        "did" : "did:plc:oqr5mp25r7z3vfr3igeerxbw",
        "handle" : "mollyjongfast.bsky.social",
        "displayName" : "Molly Jong-Fast",
        "avatar" : "https://cdn.bsky.app/img/avatar/plain/did:plc:oqr5mp25r7z3vfr3igeerxbw/bafkreicx4hks5lducpmoi2b7fn4nw64j4m5lanzetkfdzxkl63klddoxgi@jpeg",
        "associated" : {
          "chat" : {
            "allowIncoming" : "following"
          }
        },
        "viewer" : {
          "muted" : false,
          "blockedBy" : false,
          "following" : "at://did:plc:pgdrqxzv4kxt7tr3sa6pd77y/app.bsky.graph.follow/3kebirfpiif2n"
        },
        "labels" : [ ],
        "createdAt" : 1682608863647
      },
      "record" : {
        "$type" : "app.bsky.feed.post",
        "createdAt" : 1741143751627,
        "embed" : {
          "$type" : "app.bsky.embed.record"
        },
        "langs" : [ "en" ],
        "text" : "Untruthish"
      },
      "embed" : {
        "$type" : "app.bsky.embed.record#view"
      },
      "replyCount" : 34,
      "repostCount" : 60,
      "likeCount" : 614,
      "quoteCount" : 5,
      "indexedAt" : 1741143751832,
      "viewer" : { },
      "labels" : [ ]
    }
  }, {
    "post" : {
      "uri" : "at://did:plc:vc7f4oafdgxsihk4cry2xpze/app.bsky.feed.post/3ljlyj3q2os2v",
      "cid" : "bafyreib55fempcamm4yu7zijwc4ruwfcrkdcxlne3nmrwneuowhawu4dam",
      "author" : {
        "did" : "did:plc:vc7f4oafdgxsihk4cry2xpze",
        "handle" : "jcsalterego.bsky.social",
        "displayName" : "Jerry Chen",
        "avatar" : "https://cdn.bsky.app/img/avatar/plain/did:plc:vc7f4oafdgxsihk4cry2xpze/bafkreicwxwecqiko2rwwln5y3fqqb2zx6wfg5rxf5r7lukakkq2slqy5hy@jpeg",
        "associated" : {
          "chat" : {
            "allowIncoming" : "following"
          }
        },
        "viewer" : {
          "muted" : false,
          "blockedBy" : false,
          "following" : "at://did:plc:pgdrqxzv4kxt7tr3sa6pd77y/app.bsky.graph.follow/3kdztpolhap2n"
        },
        "labels" : [ {
          "src" : "did:plc:vc7f4oafdgxsihk4cry2xpze",
          "uri" : "at://did:plc:vc7f4oafdgxsihk4cry2xpze/app.bsky.actor.profile/self",
          "cid" : "bafyreidfiuv3c22vliyu2onazf23zrp35rr7i3upsqa2dsn5cqimmlgugm",
          "val" : "!no-unauthenticated",
          "cts" : 18000000
        } ],
        "createdAt" : 1682280664375
      },
      "record" : {
        "$type" : "app.bsky.feed.post",
        "createdAt" : 1741143739662,
        "langs" : [ "en" ],
        "text" : "both of you have to delete your accounts now"
      },
      "replyCount" : 2,
      "repostCount" : 0,
      "likeCount" : 3,
      "quoteCount" : 0,
      "indexedAt" : 1741143740019,
      "viewer" : { },
      "labels" : [ ]
    },
    "reply" : {
      "root" : { }
    }
  }, {
    "post" : {
      "uri" : "at://did:plc:ir2b7mnp3f7qouemawhhew72/app.bsky.feed.post/3ljlyj2s4de2r",
      "cid" : "bafyreieyqhgnti3vnurjh5auncj6gien4frhnrzggaknvhdsifmndxnsqe",
      "author" : {
        "did" : "did:plc:ir2b7mnp3f7qouemawhhew72",
        "handle" : "biztoc.com",
        "displayName" : "BizToc",
        "avatar" : "https://cdn.bsky.app/img/avatar/plain/did:plc:ir2b7mnp3f7qouemawhhew72/bafkreiavqbkwhmj4desmciwlquwib3yfgzmabgsvq3rvdobtwkraev62de@jpeg",
        "viewer" : {
          "muted" : false,
          "blockedBy" : false,
          "following" : "at://did:plc:pgdrqxzv4kxt7tr3sa6pd77y/app.bsky.graph.follow/3kebsnzifvm2l"
        },
        "labels" : [ ],
        "createdAt" : 1684594368303
      },
      "record" : {
        "$type" : "app.bsky.feed.post",
        "createdAt" : 1741143738639,
        "embed" : {
          "$type" : "app.bsky.embed.external",
          "external" : {
            "uri" : "https://www.coindesk.com/policy/2025/03/04/effort-to-kill-irs-crypto-rule-clears-u-s-senate-hurdle",
            "title" : "Effort to Repeal IRS Crypto Rule Passes Senate Obstacle",
            "description" : ""
          }
        },
        "facets" : [ {
          "index" : {
            "byteStart" : 177,
            "byteEnd" : 275
          },
          "features" : [ {
            "$type" : "app.bsky.richtext.facet#link",
            "uri" : "https://www.coindesk.com/policy/2025/03/04/effort-to-kill-irs-crypto-rule-clears-u-s-senate-hurdle"
          } ]
        } ],
        "text" : "Effort to Repeal IRS Crypto Rule Passes Senate Obstacle — Senate advances effort to repeal IRS rule on crypto, facing Democratic split. Debate on DeFi regulations continues.\n\nhttps://www.coindesk.com/policy/2025/03/04/effort-to-kill-irs-crypto-rule-clears-u-s-senate-hurdle"
      },
      "embed" : {
        "$type" : "app.bsky.embed.external#view",
        "external" : {
          "uri" : "https://www.coindesk.com/policy/2025/03/04/effort-to-kill-irs-crypto-rule-clears-u-s-senate-hurdle",
          "title" : "Effort to Repeal IRS Crypto Rule Passes Senate Obstacle",
          "description" : ""
        }
      },
      "replyCount" : 0,
      "repostCount" : 0,
      "likeCount" : 0,
      "quoteCount" : 0,
      "indexedAt" : 1741143738816,
      "viewer" : { },
      "labels" : [ ]
    }
  }, {
    "post" : {
      "uri" : "at://did:plc:lu4xc2twcurj5f6nf4q2hwcv/app.bsky.feed.post/3ljlyibkykk2i",
      "cid" : "bafyreib7e227lxaud7522suzsuqe2kogrdgo44ejz53gz5czgcvhmb7gam",
      "author" : {
        "did" : "did:plc:lu4xc2twcurj5f6nf4q2hwcv",
        "handle" : "marionicolais.bsky.social",
        "displayName" : "Mario Nicolais",
        "avatar" : "https://cdn.bsky.app/img/avatar/plain/did:plc:lu4xc2twcurj5f6nf4q2hwcv/bafkreiedbzfdvtivqzao2lappar2lq5uilozsupmanjnt4dzmvk4er5o7e@jpeg",
        "viewer" : {
          "muted" : false,
          "blockedBy" : false,
          "following" : "at://did:plc:pgdrqxzv4kxt7tr3sa6pd77y/app.bsky.graph.follow/3lbct7linwy2p"
        },
        "labels" : [ ],
        "createdAt" : 1731349565015
      },
      "record" : {
        "$type" : "app.bsky.feed.post",
        "createdAt" : 1741143712233,
        "embed" : {
          "$type" : "app.bsky.embed.images",
          "images" : [ {
            "alt" : "",
            "image" : {
              "$type" : "blob",
              "ref" : {
                "$link" : "bafkreifyygqu2yt6h3ejhrjhsnsoephsmrvj6kr5wae3qwewk6j6g6f7b4"
              },
              "mimeType" : "image/jpeg",
              "size" : 324618
            },
            "aspectRatio" : {
              "width" : 1179,
              "height" : 1254
            }
          } ]
        },
        "facets" : [ {
          "index" : {
            "byteStart" : 0,
            "byteEnd" : 14
          },
          "features" : [ {
            "$type" : "app.bsky.richtext.facet#tag",
            "tag" : "TrumpTradeWar"
          } ]
        }, {
          "index" : {
            "byteStart" : 65,
            "byteEnd" : 73
          },
          "features" : [ {
            "$type" : "app.bsky.richtext.facet#tag",
            "tag" : "tariffs"
          } ]
        } ],
        "langs" : [ "en" ],
        "text" : "#TrumpTradeWar promised to escalate on April 2nd with reciprocal #tariffs."
      },
      "embed" : {
        "$type" : "app.bsky.embed.images#view",
        "images" : [ {
          "thumb" : "https://cdn.bsky.app/img/feed_thumbnail/plain/did:plc:lu4xc2twcurj5f6nf4q2hwcv/bafkreifyygqu2yt6h3ejhrjhsnsoephsmrvj6kr5wae3qwewk6j6g6f7b4@jpeg",
          "fullsize" : "https://cdn.bsky.app/img/feed_fullsize/plain/did:plc:lu4xc2twcurj5f6nf4q2hwcv/bafkreifyygqu2yt6h3ejhrjhsnsoephsmrvj6kr5wae3qwewk6j6g6f7b4@jpeg",
          "alt" : "",
          "aspectRatio" : {
            "width" : 1179,
            "height" : 1254
          }
        } ]
      },
      "replyCount" : 1,
      "repostCount" : 4,
      "likeCount" : 19,
      "quoteCount" : 0,
      "indexedAt" : 1741143713817,
      "viewer" : { },
      "labels" : [ ]
    }
  }, {
    "post" : {
      "uri" : "at://did:plc:mtr3pwmbnirvyp3robuicd57/app.bsky.feed.post/3ljlyi67e7s2r",
      "cid" : "bafyreiggpddd7m3pofclmj3btum3ydgdbtoj2dqjzlwkv3zaex46xkowse",
      "author" : {
        "did" : "did:plc:mtr3pwmbnirvyp3robuicd57",
        "handle" : "davidcorn.bsky.social",
        "displayName" : "David Corn",
        "avatar" : "https://cdn.bsky.app/img/avatar/plain/did:plc:mtr3pwmbnirvyp3robuicd57/bafkreia236u2uj363edte2rch3o2lckdcfa5ia6jjsfce6zqn52bgbdt4y@jpeg",
        "viewer" : {
          "muted" : false,
          "blockedBy" : false,
          "following" : "at://did:plc:pgdrqxzv4kxt7tr3sa6pd77y/app.bsky.graph.follow/3kefvwzadbf2q"
        },
        "labels" : [ ],
        "createdAt" : 1683208505104
      },
      "record" : {
        "$type" : "app.bsky.feed.post",
        "createdAt" : 1741143708708,
        "embed" : {
          "$type" : "app.bsky.embed.record"
        },
        "langs" : [ "en" ],
        "text" : "A Trump speech is not sworn testimony."
      },
      "embed" : {
        "$type" : "app.bsky.embed.record#view"
      },
      "replyCount" : 21,
      "repostCount" : 32,
      "likeCount" : 149,
      "quoteCount" : 0,
      "indexedAt" : 1741143708924,
      "viewer" : { },
      "labels" : [ ]
    }
  }, {
    "post" : {
      "uri" : "at://did:plc:oqr5mp25r7z3vfr3igeerxbw/app.bsky.feed.post/3ljlyi3x4p22q",
      "cid" : "bafyreihwbsoejo6j6q4pfhmube5q4qpohif357sqddl7cllnjhgxlkvoha",
      "author" : {
        "did" : "did:plc:oqr5mp25r7z3vfr3igeerxbw",
        "handle" : "mollyjongfast.bsky.social",
        "displayName" : "Molly Jong-Fast",
        "avatar" : "https://cdn.bsky.app/img/avatar/plain/did:plc:oqr5mp25r7z3vfr3igeerxbw/bafkreicx4hks5lducpmoi2b7fn4nw64j4m5lanzetkfdzxkl63klddoxgi@jpeg",
        "associated" : {
          "chat" : {
            "allowIncoming" : "following"
          }
        },
        "viewer" : {
          "muted" : false,
          "blockedBy" : false,
          "following" : "at://did:plc:pgdrqxzv4kxt7tr3sa6pd77y/app.bsky.graph.follow/3kebirfpiif2n"
        },
        "labels" : [ ],
        "createdAt" : 1682608863647
      },
      "record" : {
        "$type" : "app.bsky.feed.post",
        "createdAt" : 1741143706339,
        "embed" : {
          "$type" : "app.bsky.embed.record"
        },
        "langs" : [ "en" ],
        "text" : "Wait, you’re saying he’s lying"
      },
      "embed" : {
        "$type" : "app.bsky.embed.record#view"
      },
      "replyCount" : 22,
      "repostCount" : 196,
      "likeCount" : 923,
      "quoteCount" : 2,
      "indexedAt" : 1741143706618,
      "viewer" : { },
      "labels" : [ ]
    }
  }, {
    "post" : {
      "uri" : "at://did:plc:t46sqvutibvsmjgwn6r6izve/app.bsky.feed.post/3ljlyegu54625",
      "cid" : "bafyreic6whau4qqjj2wlyfctol32owyydtpfl5z6acjecd2gs4g5sngqkm",
      "author" : {
        "did" : "did:plc:t46sqvutibvsmjgwn6r6izve",
        "handle" : "yasharali.bsky.social",
        "displayName" : "Yashar Ali ]]>&#x1f418;<![CDATA[",
        "avatar" : "https://cdn.bsky.app/img/avatar/plain/did:plc:t46sqvutibvsmjgwn6r6izve/bafkreie36eo5ql2st3w4j4x463jslrxs4bcsmdgriiji3sr7npbnkt2m5q@jpeg",
        "associated" : {
          "chat" : {
            "allowIncoming" : "all"
          }
        },
        "viewer" : {
          "muted" : false,
          "blockedBy" : false
        },
        "labels" : [ ],
        "createdAt" : 1681973338135
      },
      "record" : {
        "$type" : "app.bsky.feed.post",
        "createdAt" : 1741143583540,
        "embed" : {
          "$type" : "app.bsky.embed.video",
          "aspectRatio" : {
            "width" : 720,
            "height" : 1280
          },
          "video" : {
            "$type" : "blob",
            "ref" : {
              "$link" : "bafkreifstmohwv2sykofdpf2xt3skcsvlpy4grvb3qfmxiryi5lqj6aa2q"
            },
            "mimeType" : "video/mp4",
            "size" : 7498205
          }
        },
        "text" : "Video that Congresswoman Jasmine Crockett posted just before President Trump’s speech began."
      },
      "embed" : {
        "$type" : "app.bsky.embed.video#view",
        "aspectRatio" : {
          "width" : 720,
          "height" : 1280
        },
        "cid" : "bafkreifstmohwv2sykofdpf2xt3skcsvlpy4grvb3qfmxiryi5lqj6aa2q",
        "playlist" : "https://video.bsky.app/watch/did%3Aplc%3At46sqvutibvsmjgwn6r6izve/bafkreifstmohwv2sykofdpf2xt3skcsvlpy4grvb3qfmxiryi5lqj6aa2q/playlist.m3u8",
        "thumbnail" : "https://video.bsky.app/watch/did%3Aplc%3At46sqvutibvsmjgwn6r6izve/bafkreifstmohwv2sykofdpf2xt3skcsvlpy4grvb3qfmxiryi5lqj6aa2q/thumbnail.jpg"
      },
      "replyCount" : 23,
      "repostCount" : 81,
      "likeCount" : 517,
      "quoteCount" : 6,
      "indexedAt" : 1741143584323,
      "viewer" : { },
      "labels" : [ ]
    },
    "reason" : {
      "by" : {
        "did" : "did:plc:rogqxhzq6vy54nbuy4n6rwyd",
        "handle" : "pbump.com",
        "displayName" : "Philip Bump",
        "avatar" : "https://cdn.bsky.app/img/avatar/plain/did:plc:rogqxhzq6vy54nbuy4n6rwyd/bafkreiekqngt2uqtsatqd4g6ckxhufyqgqwc45dlpxmimaioqz3nywkjvq@jpeg",
        "createdAt" : 1682654237905,
        "associated" : {
          "chat" : {
            "allowIncoming" : "all"
          }
        },
        "viewer" : {
          "muted" : false,
          "blockedBy" : false,
          "following" : "at://did:plc:pgdrqxzv4kxt7tr3sa6pd77y/app.bsky.graph.follow/3kefvwcfgml22"
        },
        "labels" : [ ]
      },
      "indexedAt" : 1741161692354
    }
  }, {
    "post" : {
      "uri" : "at://did:plc:e62gb2ushvtvjvqcbrxeaw2n/app.bsky.feed.post/3ljlygvzmo22i",
      "cid" : "bafyreianheup72o2duil6ta5ljzlkz5frvdvous4p6mry3i3jrunwmmbz4",
      "author" : {
        "did" : "did:plc:e62gb2ushvtvjvqcbrxeaw2n",
        "handle" : "chrislhayes.bsky.social",
        "displayName" : "Chris Hayes",
        "avatar" : "https://cdn.bsky.app/img/avatar/plain/did:plc:e62gb2ushvtvjvqcbrxeaw2n/bafkreignbhxunrcvqpwkgd6jshgjenc4at6rtbvfnwsyy5g32kq56cyfaq@jpeg",
        "associated" : {
          "chat" : {
            "allowIncoming" : "following"
          }
        },
        "viewer" : {
          "muted" : false,
          "blockedBy" : false,
          "following" : "at://did:plc:pgdrqxzv4kxt7tr3sa6pd77y/app.bsky.graph.follow/3kebis3tsis2x"
        },
        "labels" : [ ],
        "createdAt" : 1682731257120
      },
      "record" : {
        "$type" : "app.bsky.feed.post",
        "createdAt" : 1741143666577,
        "langs" : [ "en" ],
        "text" : "Global trade war comin'!"
      },
      "replyCount" : 87,
      "repostCount" : 94,
      "likeCount" : 1106,
      "quoteCount" : 11,
      "indexedAt" : 1741143666635,
      "viewer" : { },
      "labels" : [ ]
    }
  }, {
    "post" : {
      "uri" : "at://did:plc:tktyhvgeo3nqluw4wpdjzqgo/app.bsky.feed.post/3ljkqybm3r22m",
      "cid" : "bafyreigueo4ob7h6fm6rnphsdrvqs6cq4jkxtkznlrpsxfcxdg3yr74erq",
      "author" : {
        "did" : "did:plc:tktyhvgeo3nqluw4wpdjzqgo",
        "handle" : "bencasselman.bsky.social",
        "displayName" : "Ben Casselman",
        "avatar" : "https://cdn.bsky.app/img/avatar/plain/did:plc:tktyhvgeo3nqluw4wpdjzqgo/bafkreihjtvhryt53xiz35wf42wja3jla4xrswbd5x2x6iif4ogqfddq5si@jpeg",
        "associated" : {
          "chat" : {
            "allowIncoming" : "following"
          }
        },
        "viewer" : {
          "muted" : false,
          "blockedBy" : false
        },
        "labels" : [ ],
        "createdAt" : 1686701714791
      },
      "record" : {
        "$type" : "app.bsky.feed.post",
        "createdAt" : 1741101299468,
        "embed" : {
          "$type" : "app.bsky.embed.external",
          "external" : {
            "uri" : "https://www.nytimes.com/2025/03/04/business/economy/gdp-data-lutnick-commerce-secretary.html?unlocked_article_code=1.1U4.FRdm.-olsvG0m7RH0&smid=url-share",
            "title" : "Lutnick Remarks on Removing Government Spending in GDP Data Raises Fears (Gift Article)",
            "description" : "Howard Lutnick, the commerce secretary, suggested government spending should be excluded from data about U.S. economic output.",
            "thumb" : {
              "$type" : "blob",
              "ref" : {
                "$link" : "bafkreihnvbi2jkwj7zpnpoxc3jyfltn23xjyz2ma534smq6f654mk5fftu"
              },
              "mimeType" : "image/jpeg",
              "size" : 953305
            }
          }
        },
        "facets" : [ {
          "index" : {
            "byteStart" : 178,
            "byteEnd" : 202
          },
          "features" : [ {
            "$type" : "app.bsky.richtext.facet#mention",
            "did" : "did:plc:5sq2hnlasek7plaulvyhwbew"
          } ]
        }, {
          "index" : {
            "byteStart" : 203,
            "byteEnd" : 211
          },
          "features" : [ {
            "$type" : "app.bsky.richtext.facet#tag",
            "tag" : "EconSky"
          } ]
        }, {
          "index" : {
            "byteStart" : 212,
            "byteEnd" : 243
          },
          "features" : [ {
            "$type" : "app.bsky.richtext.facet#link",
            "uri" : "https://www.nytimes.com/2025/03/04/business/economy/gdp-data-lutnick-commerce-secretary.html?unlocked_article_code=1.1U4.FRdm.-olsvG0m7RH0&smid=url-share"
          } ]
        } ],
        "langs" : [ "en" ],
        "text" : "Comments from Howard Lutnick, the secretary of Commerce, and Elon Musk have renewed concerns that the Trump administration could interfere with federal economic statistics.\nwith @colbylsmith.bsky.social #EconSky\nwww.nytimes.com/2025/03/04/b..."
      },
      "embed" : {
        "$type" : "app.bsky.embed.external#view",
        "external" : {
          "uri" : "https://www.nytimes.com/2025/03/04/business/economy/gdp-data-lutnick-commerce-secretary.html?unlocked_article_code=1.1U4.FRdm.-olsvG0m7RH0&smid=url-share",
          "title" : "Lutnick Remarks on Removing Government Spending in GDP Data Raises Fears (Gift Article)",
          "description" : "Howard Lutnick, the commerce secretary, suggested government spending should be excluded from data about U.S. economic output.",
          "thumb" : "https://cdn.bsky.app/img/feed_thumbnail/plain/did:plc:tktyhvgeo3nqluw4wpdjzqgo/bafkreihnvbi2jkwj7zpnpoxc3jyfltn23xjyz2ma534smq6f654mk5fftu@jpeg"
        }
      },
      "replyCount" : 17,
      "repostCount" : 81,
      "likeCount" : 182,
      "quoteCount" : 14,
      "indexedAt" : 1741101300719,
      "viewer" : { },
      "labels" : [ ]
    },
    "reason" : {
      "by" : {
        "did" : "did:plc:eclio37ymobqex2ncko63h4r",
        "handle" : "nytimes.com",
        "displayName" : "The New York Times",
        "avatar" : "https://cdn.bsky.app/img/avatar/plain/did:plc:eclio37ymobqex2ncko63h4r/bafkreidvvqj5jymmpaeklwkpq6gi532el447mjy2yultuukypzqm5ohfju@jpeg",
        "createdAt" : 1686005431498,
        "associated" : {
          "chat" : {
            "allowIncoming" : "following"
          }
        },
        "viewer" : {
          "muted" : false,
          "blockedBy" : false,
          "following" : "at://did:plc:pgdrqxzv4kxt7tr3sa6pd77y/app.bsky.graph.follow/3kebi2wkgjl2i"
        },
        "labels" : [ ]
      },
      "indexedAt" : 1741161638928
    }
  }, {
    "post" : {
      "uri" : "at://did:plc:uewxgchsjy4kmtu7dcxa77us/app.bsky.feed.post/3ljlyg3x3ga2t",
      "cid" : "bafyreibqn26vutchdjdob65arcyhdusedwz4lpwjxkr7khumlr7zpvsoz4",
      "author" : {
        "did" : "did:plc:uewxgchsjy4kmtu7dcxa77us",
        "handle" : "bloomberg.com",
        "displayName" : "Bloomberg News",
        "avatar" : "https://cdn.bsky.app/img/avatar/plain/did:plc:uewxgchsjy4kmtu7dcxa77us/bafkreiakf7idqsxdw6mur57feg2ns7hdhg6oalorn5celiio2ygxacrvhy@jpeg",
        "associated" : {
          "chat" : {
            "allowIncoming" : "following"
          }
        },
        "viewer" : {
          "muted" : false,
          "blockedBy" : false,
          "following" : "at://did:plc:pgdrqxzv4kxt7tr3sa6pd77y/app.bsky.graph.follow/3kebirhg4k52l"
        },
        "labels" : [ ],
        "createdAt" : 1682376361397
      },
      "record" : {
        "$type" : "app.bsky.feed.post",
        "createdAt" : 1741143638619,
        "embed" : {
          "$type" : "app.bsky.embed.external",
          "external" : {
            "uri" : "https://www.bloomberg.com/news/articles/2025-03-05/india-market-buzz-equity-downturn-may-hurt-luxury-home-sales?utm_source=bluesky&utm_medium=social&utm_content=business",
            "title" : "OPEC+ Cheer to Boost India's State-Owned Oil Refiners",
            "description" : "Before the trading day starts we bring you a digest of the key news and events that are likely to move markets. Today we look at:",
            "thumb" : {
              "$type" : "blob",
              "ref" : {
                "$link" : "bafkreihkyv2gebdalmm34bnmwwziwhut4ala26n7fj7lmy3k6blcrh4wue"
              },
              "mimeType" : "image/jpeg",
              "size" : 110990
            }
          }
        },
        "facets" : [ ],
        "langs" : [ "en" ],
        "text" : "OPEC+’s decision to gradually increase production is positive for India’s state-owned refiners, as it should help them offset losses from LPG. Read for free with your email on what could move markets today"
      },
      "embed" : {
        "$type" : "app.bsky.embed.external#view",
        "external" : {
          "uri" : "https://www.bloomberg.com/news/articles/2025-03-05/india-market-buzz-equity-downturn-may-hurt-luxury-home-sales?utm_source=bluesky&utm_medium=social&utm_content=business",
          "title" : "OPEC+ Cheer to Boost India's State-Owned Oil Refiners",
          "description" : "Before the trading day starts we bring you a digest of the key news and events that are likely to move markets. Today we look at:",
          "thumb" : "https://cdn.bsky.app/img/feed_thumbnail/plain/did:plc:uewxgchsjy4kmtu7dcxa77us/bafkreihkyv2gebdalmm34bnmwwziwhut4ala26n7fj7lmy3k6blcrh4wue@jpeg"
        }
      },
      "replyCount" : 1,
      "repostCount" : 1,
      "likeCount" : 17,
      "quoteCount" : 0,
      "indexedAt" : 1741143639325,
      "viewer" : { },
      "labels" : [ ]
    }
  }, {
    "post" : {
      "uri" : "at://did:plc:3tgntymxw6sr3iivbhqekj45/app.bsky.feed.post/3ljlyezjfok2y",
      "cid" : "bafyreiebxd43f5d3ozg6apwkwhwgxy5hnsghniimxpz45ep2nvzzwzlq6u",
      "author" : {
        "did" : "did:plc:3tgntymxw6sr3iivbhqekj45",
        "handle" : "michellekinney.com",
        "displayName" : "Michelle Kinney",
        "avatar" : "https://cdn.bsky.app/img/avatar/plain/did:plc:3tgntymxw6sr3iivbhqekj45/bafkreifozvmybx3k7lilwy37yahj4a7vvqnwskxo7psk6v6hc7zcbjzxay@jpeg",
        "viewer" : {
          "muted" : false,
          "blockedBy" : false,
          "following" : "at://did:plc:pgdrqxzv4kxt7tr3sa6pd77y/app.bsky.graph.follow/3kefvsjvf372s"
        },
        "labels" : [ {
          "src" : "did:plc:3tgntymxw6sr3iivbhqekj45",
          "uri" : "at://did:plc:3tgntymxw6sr3iivbhqekj45/app.bsky.actor.profile/self",
          "cid" : "bafyreigegxboucrt4b2oykbunmoehgqsr73mb7nax3pl7lib2anpr24oya",
          "val" : "!no-unauthenticated",
          "cts" : 18000000
        } ],
        "createdAt" : 1685464668453
      },
      "record" : {
        "$type" : "app.bsky.feed.post",
        "createdAt" : 1741143603129,
        "langs" : [ "en" ],
        "text" : "I've been watching these things (plus all.. ALL of his rallies.) for years.\n\nTo be honest, this one has been hardest to sit through."
      },
      "replyCount" : 1,
      "repostCount" : 0,
      "likeCount" : 1,
      "quoteCount" : 0,
      "indexedAt" : 1741143606030,
      "viewer" : { },
      "labels" : [ ]
    },
    "reply" : {
      "root" : { }
    }
  }, {
    "post" : {
      "uri" : "at://did:plc:cxrua73vvgqw4lel4nkccky7/app.bsky.feed.post/3ljly6tbgts2k",
      "cid" : "bafyreifbpcmygi2lqwbk6vdzhxbrd5uktyi4hy2nbdfzgaeuvovg4trazm",
      "author" : {
        "did" : "did:plc:cxrua73vvgqw4lel4nkccky7",
        "handle" : "lincolnproject.us",
        "displayName" : "The Lincoln Project",
        "avatar" : "https://cdn.bsky.app/img/avatar/plain/did:plc:cxrua73vvgqw4lel4nkccky7/bafkreie4t2qm2mgz6s5kk47kqrunjm2bbywigelewfq6elxvnmxdxq33nq@jpeg",
        "viewer" : {
          "muted" : false,
          "blockedBy" : false,
          "following" : "at://did:plc:pgdrqxzv4kxt7tr3sa6pd77y/app.bsky.graph.follow/3keixdvenpe2h"
        },
        "labels" : [ ],
        "createdAt" : 1687970158463
      },
      "record" : {
        "$type" : "app.bsky.feed.post",
        "createdAt" : 1741143395252,
        "embed" : {
          "$type" : "app.bsky.embed.video",
          "aspectRatio" : {
            "width" : 1920,
            "height" : 1080
          },
          "video" : {
            "$type" : "blob",
            "ref" : {
              "$link" : "bafkreiascgudilce7w27wjbwv6amhq2qye5s5xacznhxkmgpt46say7ipa"
            },
            "mimeType" : "video/mp4",
            "size" : 2880219
          }
        },
        "langs" : [ "en" ],
        "text" : "\"Free speech,\" Nazi style."
      },
      "embed" : {
        "$type" : "app.bsky.embed.video#view",
        "aspectRatio" : {
          "width" : 1920,
          "height" : 1080
        },
        "cid" : "bafkreiascgudilce7w27wjbwv6amhq2qye5s5xacznhxkmgpt46say7ipa",
        "playlist" : "https://video.bsky.app/watch/did%3Aplc%3Acxrua73vvgqw4lel4nkccky7/bafkreiascgudilce7w27wjbwv6amhq2qye5s5xacznhxkmgpt46say7ipa/playlist.m3u8",
        "thumbnail" : "https://video.bsky.app/watch/did%3Aplc%3Acxrua73vvgqw4lel4nkccky7/bafkreiascgudilce7w27wjbwv6amhq2qye5s5xacznhxkmgpt46say7ipa/thumbnail.jpg"
      },
      "replyCount" : 62,
      "repostCount" : 350,
      "likeCount" : 1309,
      "quoteCount" : 16,
      "indexedAt" : 1741143396017,
      "viewer" : { },
      "labels" : [ ]
    },
    "reason" : {
      "by" : {
        "did" : "did:plc:lu4xc2twcurj5f6nf4q2hwcv",
        "handle" : "marionicolais.bsky.social",
        "displayName" : "Mario Nicolais",
        "avatar" : "https://cdn.bsky.app/img/avatar/plain/did:plc:lu4xc2twcurj5f6nf4q2hwcv/bafkreiedbzfdvtivqzao2lappar2lq5uilozsupmanjnt4dzmvk4er5o7e@jpeg",
        "createdAt" : 1731367565015,
        "viewer" : {
          "muted" : false,
          "blockedBy" : false,
          "following" : "at://did:plc:pgdrqxzv4kxt7tr3sa6pd77y/app.bsky.graph.follow/3lbct7linwy2p"
        },
        "labels" : [ ]
      },
      "indexedAt" : 1741161566718
    }
  }, {
    "post" : {
      "uri" : "at://did:plc:e62gb2ushvtvjvqcbrxeaw2n/app.bsky.feed.post/3ljlycrad4s2i",
      "cid" : "bafyreih4ccikx7ujx2cw7gy2uijtvfgk2rfsqmogdymvwglhic53tg2msi",
      "author" : {
        "did" : "did:plc:e62gb2ushvtvjvqcbrxeaw2n",
        "handle" : "chrislhayes.bsky.social",
        "displayName" : "Chris Hayes",
        "avatar" : "https://cdn.bsky.app/img/avatar/plain/did:plc:e62gb2ushvtvjvqcbrxeaw2n/bafkreignbhxunrcvqpwkgd6jshgjenc4at6rtbvfnwsyy5g32kq56cyfaq@jpeg",
        "associated" : {
          "chat" : {
            "allowIncoming" : "following"
          }
        },
        "viewer" : {
          "muted" : false,
          "blockedBy" : false,
          "following" : "at://did:plc:pgdrqxzv4kxt7tr3sa6pd77y/app.bsky.graph.follow/3kebis3tsis2x"
        },
        "labels" : [ ],
        "createdAt" : 1682731257120
      },
      "record" : {
        "$type" : "app.bsky.feed.post",
        "createdAt" : 1741143527335,
        "langs" : [ "en" ],
        "text" : "Making car payment interest payments tax deductible is a genuinely insane policy proposal."
      },
      "replyCount" : 96,
      "repostCount" : 70,
      "likeCount" : 1127,
      "quoteCount" : 18,
      "indexedAt" : 1741143527434,
      "viewer" : { },
      "labels" : [ ]
    }
  }, {
    "post" : {
      "uri" : "at://did:plc:j53tav4pdcpfxyx2gcfr5fhb/app.bsky.feed.post/3ljlyclfvck2f",
      "cid" : "bafyreia3rvxvgrsyvefmd3hj7dlsh3h2t4fzjjc7erwl4tr3sagsbqeyti",
      "author" : {
        "did" : "did:plc:j53tav4pdcpfxyx2gcfr5fhb",
        "handle" : "mehdirhasan.bsky.social",
        "displayName" : "Mehdi Hasan",
        "avatar" : "https://cdn.bsky.app/img/avatar/plain/did:plc:j53tav4pdcpfxyx2gcfr5fhb/bafkreid3qifkugat3tjsfz3hqyzi3h5tsf6dph2qqcsf4g4fokw6h4pm6e@jpeg",
        "viewer" : {
          "muted" : false,
          "blockedBy" : false,
          "following" : "at://did:plc:pgdrqxzv4kxt7tr3sa6pd77y/app.bsky.graph.follow/3kebsul345k22"
        },
        "labels" : [ ],
        "createdAt" : 1682651592967
      },
      "record" : {
        "$type" : "app.bsky.feed.post",
        "createdAt" : 1741143521227,
        "langs" : [ "en" ],
        "text" : "“START BY PAYING YOUR TAXES”\n\nRep. Rashida Tlaib reacting on the whiteboard she brought with her, lol."
      },
      "replyCount" : 32,
      "repostCount" : 126,
      "likeCount" : 1376,
      "quoteCount" : 5,
      "indexedAt" : 1741143524242,
      "viewer" : { },
      "labels" : [ ]
    }
  }, {
    "post" : {
      "uri" : "at://did:plc:q7iggtywwxvr7hr7axinzt6q/app.bsky.feed.post/3ljlxwvsvqc2w",
      "cid" : "bafyreigyp3sud2pjxbt5ojlocq5uy6p7kwkd5fzvgoyfxng6vbnlsupi7u",
      "author" : {
        "did" : "did:plc:q7iggtywwxvr7hr7axinzt6q",
        "handle" : "opinion.bloomberg.com",
        "displayName" : "Bloomberg Opinion",
        "avatar" : "https://cdn.bsky.app/img/avatar/plain/did:plc:q7iggtywwxvr7hr7axinzt6q/bafkreigfgtu3am5w3jrr2mzknp7mc6mub3bbm3nu2kct43oics5a6cdvve@jpeg",
        "viewer" : {
          "muted" : false,
          "blockedBy" : false
        },
        "labels" : [ ],
        "createdAt" : 1682634414978
      },
      "record" : {
        "$type" : "app.bsky.feed.post",
        "createdAt" : 1741143129485,
        "embed" : {
          "$type" : "app.bsky.embed.external",
          "external" : {
            "uri" : "https://www.bloomberg.com/opinion/articles/2025-02-24/the-truth-about-social-security-and-dead-people?srnd=undefined",
            "title" : "The Truth About Social Security and Dead People",
            "description" : "There’s a reason millions of people are not listed as deceased in the main database when they should be, but it's not the fraud that Elon Musk and Trump say it is.",
            "thumb" : {
              "$type" : "blob",
              "ref" : {
                "$link" : "bafkreihsnmezlo7fcqsi5rck6sm5o4sbsnvfnfedpy5mqu4dianho45buq"
              },
              "mimeType" : "image/jpeg",
              "size" : 265468
            }
          }
        },
        "langs" : [ "en" ],
        "text" : "There’s a lot of chatter about fraud at Social Security with deceased people’s records.\n\nHere’s the truth:"
      },
      "embed" : {
        "$type" : "app.bsky.embed.external#view",
        "external" : {
          "uri" : "https://www.bloomberg.com/opinion/articles/2025-02-24/the-truth-about-social-security-and-dead-people?srnd=undefined",
          "title" : "The Truth About Social Security and Dead People",
          "description" : "There’s a reason millions of people are not listed as deceased in the main database when they should be, but it's not the fraud that Elon Musk and Trump say it is.",
          "thumb" : "https://cdn.bsky.app/img/feed_thumbnail/plain/did:plc:q7iggtywwxvr7hr7axinzt6q/bafkreihsnmezlo7fcqsi5rck6sm5o4sbsnvfnfedpy5mqu4dianho45buq@jpeg"
        }
      },
      "replyCount" : 5,
      "repostCount" : 49,
      "likeCount" : 114,
      "quoteCount" : 1,
      "indexedAt" : 1741143131019,
      "viewer" : { },
      "labels" : [ ]
    },
    "reason" : {
      "by" : {
        "did" : "did:plc:uewxgchsjy4kmtu7dcxa77us",
        "handle" : "bloomberg.com",
        "displayName" : "Bloomberg News",
        "avatar" : "https://cdn.bsky.app/img/avatar/plain/did:plc:uewxgchsjy4kmtu7dcxa77us/bafkreiakf7idqsxdw6mur57feg2ns7hdhg6oalorn5celiio2ygxacrvhy@jpeg",
        "createdAt" : 1682390761397,
        "associated" : {
          "chat" : {
            "allowIncoming" : "following"
          }
        },
        "viewer" : {
          "muted" : false,
          "blockedBy" : false,
          "following" : "at://did:plc:pgdrqxzv4kxt7tr3sa6pd77y/app.bsky.graph.follow/3kebirhg4k52l"
        },
        "labels" : [ ]
      },
      "indexedAt" : 1741161511024
    }
  }, {
    "post" : {
      "uri" : "at://did:plc:o35s22kyvagdwg3r4ppkdkpk/app.bsky.feed.post/3ljlybzeduc2t",
      "cid" : "bafyreifuhfbcg2nbahcn3mihlmbdbdvnu5qptdciwspl6twsnkciqkix3m",
      "author" : {
        "did" : "did:plc:o35s22kyvagdwg3r4ppkdkpk",
        "handle" : "withenoughcoffee.com",
        "displayName" : "Autumn Nash",
        "avatar" : "https://cdn.bsky.app/img/avatar/plain/did:plc:o35s22kyvagdwg3r4ppkdkpk/bafkreib3v2dffoupaidtoxyloj4e4cwrqrvhpk7tkg6zi3ggvrw5nf2yoy@jpeg",
        "associated" : {
          "chat" : {
            "allowIncoming" : "all"
          }
        },
        "viewer" : {
          "muted" : false,
          "blockedBy" : false,
          "following" : "at://did:plc:pgdrqxzv4kxt7tr3sa6pd77y/app.bsky.graph.follow/3keblc7jubt2h"
        },
        "labels" : [ ],
        "createdAt" : 1682228394631
      },
      "record" : {
        "$type" : "app.bsky.feed.post",
        "createdAt" : 1741143502294,
        "langs" : [ "en" ],
        "text" : "I can’t tell if LA dating profiles are making me feel better about Seattles or worse ]]>&#x1f914;<![CDATA["
      },
      "replyCount" : 1,
      "repostCount" : 0,
      "likeCount" : 2,
      "quoteCount" : 0,
      "indexedAt" : 1741143502817,
      "viewer" : { },
      "labels" : [ ]
    }
  }, {
    "post" : {
      "uri" : "at://did:plc:iqljhm5do645v3g44kxclgm2/app.bsky.feed.post/3ljly5lamjc2i",
      "cid" : "bafyreiezr6r7vnexn2xgsnk6uqkbawylaame6knololqf3tqmvjblu64mu",
      "author" : {
        "did" : "did:plc:iqljhm5do645v3g44kxclgm2",
        "handle" : "normornstein.bsky.social",
        "displayName" : "Norm Ornstein",
        "avatar" : "https://cdn.bsky.app/img/avatar/plain/did:plc:iqljhm5do645v3g44kxclgm2/bafkreiefypvnjbt4yeupvp2iiztjyzh2robsoo6rud55n2ushw32thje6m@jpeg",
        "viewer" : {
          "muted" : false,
          "blockedBy" : false
        },
        "labels" : [ ],
        "createdAt" : 1686845618283
      },
      "record" : {
        "$type" : "app.bsky.feed.post",
        "createdAt" : 1741143353282,
        "langs" : [ "en" ],
        "text" : "No tax on tips as he is devised it a huge new tax break for rich people who will convert income to tips. No tax on Social Security? Drains the Social Security trust fund."
      },
      "replyCount" : 13,
      "repostCount" : 107,
      "likeCount" : 594,
      "quoteCount" : 3,
      "indexedAt" : 1741143353427,
      "viewer" : { },
      "labels" : [ ]
    },
    "reason" : {
      "by" : {
        "did" : "did:plc:nvfposmpmhegtyvhbs75s3pw",
        "handle" : "jamellebouie.net",
        "displayName" : "jamelle",
        "avatar" : "https://cdn.bsky.app/img/avatar/plain/did:plc:nvfposmpmhegtyvhbs75s3pw/bafkreiefjdjiahsa4upn3zabt4bxjfculjcxsdrxzc75nqlylfx7xo2izy@jpeg",
        "createdAt" : 1682627506732,
        "associated" : {
          "chat" : {
            "allowIncoming" : "following"
          }
        },
        "viewer" : {
          "muted" : false,
          "blockedBy" : false,
          "following" : "at://did:plc:pgdrqxzv4kxt7tr3sa6pd77y/app.bsky.graph.follow/3lcooonjqtg2f"
        },
        "labels" : [ ]
      },
      "indexedAt" : 1741161497529
    }
  }, {
    "post" : {
      "uri" : "at://did:plc:2jas2nlgpaygmujrjamoftj7/app.bsky.feed.post/3ljlyafbvos2n",
      "cid" : "bafyreighwgifdsnrj3u3zgdfz7jpf6byodh2eolyiybiks4h4ub34yvkye",
      "author" : {
        "did" : "did:plc:2jas2nlgpaygmujrjamoftj7",
        "handle" : "pleasebegneiss.bsky.social",
        "displayName" : "slate",
        "avatar" : "https://cdn.bsky.app/img/avatar/plain/did:plc:2jas2nlgpaygmujrjamoftj7/bafkreiajfc2urkuobgnoxnnxoipgfzzjwwhpec56dzvjktzx76ohkrtnmi@jpeg",
        "viewer" : {
          "muted" : false,
          "blockedBy" : false
        },
        "labels" : [ ],
        "createdAt" : 1682644859722
      },
      "record" : {
        "$type" : "app.bsky.feed.post",
        "createdAt" : 1741143447696,
        "langs" : [ "en" ],
        "text" : "dems attending the joint address but shaking their heads the whole time so everyone knows they disagree"
      },
      "replyCount" : 9,
      "repostCount" : 25,
      "likeCount" : 203,
      "quoteCount" : 0,
      "indexedAt" : 1741143447827,
      "viewer" : { },
      "labels" : [ ]
    },
    "reason" : {
      "by" : {
        "did" : "did:plc:vc7f4oafdgxsihk4cry2xpze",
        "handle" : "jcsalterego.bsky.social",
        "displayName" : "Jerry Chen",
        "avatar" : "https://cdn.bsky.app/img/avatar/plain/did:plc:vc7f4oafdgxsihk4cry2xpze/bafkreicwxwecqiko2rwwln5y3fqqb2zx6wfg5rxf5r7lukakkq2slqy5hy@jpeg",
        "createdAt" : 1682295064375,
        "associated" : {
          "chat" : {
            "allowIncoming" : "following"
          }
        },
        "viewer" : {
          "muted" : false,
          "blockedBy" : false,
          "following" : "at://did:plc:pgdrqxzv4kxt7tr3sa6pd77y/app.bsky.graph.follow/3kdztpolhap2n"
        },
        "labels" : [ {
          "src" : "did:plc:vc7f4oafdgxsihk4cry2xpze",
          "uri" : "at://did:plc:vc7f4oafdgxsihk4cry2xpze/app.bsky.actor.profile/self",
          "cid" : "bafyreidfiuv3c22vliyu2onazf23zrp35rr7i3upsqa2dsn5cqimmlgugm",
          "val" : "!no-unauthenticated",
          "cts" : 18000000
        } ]
      },
      "indexedAt" : 1741161486720
    }
  }, {
    "post" : {
      "uri" : "at://did:plc:nvfposmpmhegtyvhbs75s3pw/app.bsky.feed.post/3ljlybf5wcs22",
      "cid" : "bafyreigle3f25k5bzmktp4wephft5lj23obrwcjf33gr6spd5x723fudcm",
      "author" : {
        "did" : "did:plc:nvfposmpmhegtyvhbs75s3pw",
        "handle" : "jamellebouie.net",
        "displayName" : "jamelle",
        "avatar" : "https://cdn.bsky.app/img/avatar/plain/did:plc:nvfposmpmhegtyvhbs75s3pw/bafkreiefjdjiahsa4upn3zabt4bxjfculjcxsdrxzc75nqlylfx7xo2izy@jpeg",
        "associated" : {
          "chat" : {
            "allowIncoming" : "following"
          }
        },
        "viewer" : {
          "muted" : false,
          "blockedBy" : false,
          "following" : "at://did:plc:pgdrqxzv4kxt7tr3sa6pd77y/app.bsky.graph.follow/3lcooonjqtg2f"
        },
        "labels" : [ ],
        "createdAt" : 1682613106732
      },
      "record" : {
        "$type" : "app.bsky.feed.post",
        "createdAt" : 1741143481119,
        "langs" : [ "en" ],
        "text" : "interested to see what happens when the social security checks stop flowing"
      },
      "replyCount" : 141,
      "repostCount" : 266,
      "likeCount" : 2424,
      "quoteCount" : 27,
      "indexedAt" : 1741143481324,
      "viewer" : { },
      "labels" : [ ]
    }
  }, {
    "post" : {
      "uri" : "at://did:plc:lu4xc2twcurj5f6nf4q2hwcv/app.bsky.feed.post/3ljlybcjn2c2i",
      "cid" : "bafyreiedujxra3fmtd2zklto52d7ougezb27lngqmrmc5jkpbquwonyhxe",
      "author" : {
        "did" : "did:plc:lu4xc2twcurj5f6nf4q2hwcv",
        "handle" : "marionicolais.bsky.social",
        "displayName" : "Mario Nicolais",
        "avatar" : "https://cdn.bsky.app/img/avatar/plain/did:plc:lu4xc2twcurj5f6nf4q2hwcv/bafkreiedbzfdvtivqzao2lappar2lq5uilozsupmanjnt4dzmvk4er5o7e@jpeg",
        "viewer" : {
          "muted" : false,
          "blockedBy" : false,
          "following" : "at://did:plc:pgdrqxzv4kxt7tr3sa6pd77y/app.bsky.graph.follow/3lbct7linwy2p"
        },
        "labels" : [ ],
        "createdAt" : 1731349565015
      },
      "record" : {
        "$type" : "app.bsky.feed.post",
        "createdAt" : 1741143478357,
        "embed" : {
          "$type" : "app.bsky.embed.external",
          "external" : {
            "uri" : "https://www.reuters.com/business/autos-transportation/automakers-warn-that-trump-tariffs-will-hike-some-vehicle-prices-by-much-25-2025-03-04/",
            "title" : "Automakers warn that Trump tariffs will hike vehicle prices as much as 25%",
            "description" : "A trade group representing nearly all major automakers warned on Tuesday that new 25% tariffs on imports from Canada and Mexico imposed by U.S. President Donald Trump will lead to drastic price hikes.",
            "thumb" : {
              "$type" : "blob",
              "ref" : {
                "$link" : "bafkreiah3lgjtc3sw2sojb4xhqw5pazkypo3b3owzkxkfoovstcfqo36hq"
              },
              "mimeType" : "image/jpeg",
              "size" : 579170
            }
          }
        },
        "facets" : [ {
          "index" : {
            "byteStart" : 51,
            "byteEnd" : 82
          },
          "features" : [ {
            "$type" : "app.bsky.richtext.facet#link",
            "uri" : "https://www.reuters.com/business/autos-transportation/automakers-warn-that-trump-tariffs-will-hike-some-vehicle-prices-by-much-25-2025-03-04/"
          } ]
        } ],
        "langs" : [ "en" ],
        "text" : "Ford CEO literally called the tariffs “crazy“\n\nwww.reuters.com/business/aut..."
      },
      "embed" : {
        "$type" : "app.bsky.embed.external#view",
        "external" : {
          "uri" : "https://www.reuters.com/business/autos-transportation/automakers-warn-that-trump-tariffs-will-hike-some-vehicle-prices-by-much-25-2025-03-04/",
          "title" : "Automakers warn that Trump tariffs will hike vehicle prices as much as 25%",
          "description" : "A trade group representing nearly all major automakers warned on Tuesday that new 25% tariffs on imports from Canada and Mexico imposed by U.S. President Donald Trump will lead to drastic price hikes.",
          "thumb" : "https://cdn.bsky.app/img/feed_thumbnail/plain/did:plc:lu4xc2twcurj5f6nf4q2hwcv/bafkreiah3lgjtc3sw2sojb4xhqw5pazkypo3b3owzkxkfoovstcfqo36hq@jpeg"
        }
      },
      "replyCount" : 0,
      "repostCount" : 2,
      "likeCount" : 25,
      "quoteCount" : 1,
      "indexedAt" : 1741143480036,
      "viewer" : { },
      "labels" : [ ]
    }
  }, {
    "post" : {
      "uri" : "at://did:plc:36eqtmzysqf7wsslczw4uxcd/app.bsky.feed.post/3ljlxkbboo222",
      "cid" : "bafyreigp3cw6ct3ewlev6nrwsaudikuuoxsws547ggicqslawh6btcdoru",
      "author" : {
        "did" : "did:plc:36eqtmzysqf7wsslczw4uxcd",
        "handle" : "chrisgeidner.bsky.social",
        "displayName" : "Chris Geidner",
        "avatar" : "https://cdn.bsky.app/img/avatar/plain/did:plc:36eqtmzysqf7wsslczw4uxcd/bafkreiadmucemptkq6rlwfc7lyckgwd4v5cicctpxpgemiqc44myjslehi@jpeg",
        "associated" : {
          "chat" : {
            "allowIncoming" : "all"
          }
        },
        "viewer" : {
          "muted" : false,
          "blockedBy" : false
        },
        "labels" : [ ],
        "createdAt" : 1682841539068
      },
      "record" : {
        "$type" : "app.bsky.feed.post",
        "createdAt" : 1741142705296,
        "facets" : [ {
          "index" : {
            "byteStart" : 57,
            "byteEnd" : 79
          },
          "features" : [ {
            "$type" : "app.bsky.richtext.facet#mention",
            "did" : "did:plc:t4x2ruk2qmob2b2cx55h4v7r"
          } ]
        } ],
        "langs" : [ "en" ],
        "text" : "DOGE \"is headed by Elon Musk,\" Donald Trump says. \n\nCc: \n@annabower.bsky.social \nFederal judges in DC, Maryland, and Virginia\nYaakov Roth"
      },
      "replyCount" : 41,
      "repostCount" : 719,
      "likeCount" : 3393,
      "quoteCount" : 26,
      "indexedAt" : 1741142706031,
      "viewer" : { },
      "labels" : [ ]
    },
    "reason" : {
      "by" : {
        "did" : "did:plc:e62gb2ushvtvjvqcbrxeaw2n",
        "handle" : "chrislhayes.bsky.social",
        "displayName" : "Chris Hayes",
        "avatar" : "https://cdn.bsky.app/img/avatar/plain/did:plc:e62gb2ushvtvjvqcbrxeaw2n/bafkreignbhxunrcvqpwkgd6jshgjenc4at6rtbvfnwsyy5g32kq56cyfaq@jpeg",
        "createdAt" : 1682745657120,
        "associated" : {
          "chat" : {
            "allowIncoming" : "following"
          }
        },
        "viewer" : {
          "muted" : false,
          "blockedBy" : false,
          "following" : "at://did:plc:pgdrqxzv4kxt7tr3sa6pd77y/app.bsky.graph.follow/3kebis3tsis2x"
        },
        "labels" : [ ]
      },
      "indexedAt" : 1741161454828
    }
  }, {
    "post" : {
      "uri" : "at://did:plc:euynv325eix7glyek377orak/app.bsky.feed.post/3ljlxrh7pp22q",
      "cid" : "bafyreifir5u2del5m6k6o4v6djtfisacbpzalzf5i6rt2byny5nir6pnrq",
      "author" : {
        "did" : "did:plc:euynv325eix7glyek377orak",
        "handle" : "kyledcheney.bsky.social",
        "displayName" : "Kyle Cheney",
        "avatar" : "https://cdn.bsky.app/img/avatar/plain/did:plc:euynv325eix7glyek377orak/bafkreihzqexn7bkgcqqtgr6252nyaii6lkqedlshqvkbbrzhdzche5z7ci@jpeg",
        "viewer" : {
          "muted" : false,
          "blockedBy" : false
        },
        "labels" : [ ],
        "createdAt" : 1688510219246
      },
      "record" : {
        "$type" : "app.bsky.feed.post",
        "createdAt" : 1741142946352,
        "embed" : {
          "$type" : "app.bsky.embed.images",
          "images" : [ {
            "alt" : "",
            "image" : {
              "$type" : "blob",
              "ref" : {
                "$link" : "bafkreibsuouh5nm5fdaonnuuabmjsagh37sy4jjqrah6pjichgxu5kb56i"
              },
              "mimeType" : "image/png",
              "size" : 468332
            },
            "aspectRatio" : {
              "width" : 840,
              "height" : 740
            }
          } ]
        },
        "facets" : [ {
          "index" : {
            "byteStart" : 77,
            "byteEnd" : 98
          },
          "features" : [ {
            "$type" : "app.bsky.richtext.facet#link",
            "uri" : "https://x.com/AnnaBower/status/1895621347541467246"
          } ]
        } ],
        "langs" : [ "en" ],
        "text" : "This happened in court 4 days ago. DOJ said Musk was NOT the head of DOGE. \n\nx.com/AnnaBower/st..."
      },
      "embed" : {
        "$type" : "app.bsky.embed.images#view",
        "images" : [ {
          "thumb" : "https://cdn.bsky.app/img/feed_thumbnail/plain/did:plc:euynv325eix7glyek377orak/bafkreibsuouh5nm5fdaonnuuabmjsagh37sy4jjqrah6pjichgxu5kb56i@jpeg",
          "fullsize" : "https://cdn.bsky.app/img/feed_fullsize/plain/did:plc:euynv325eix7glyek377orak/bafkreibsuouh5nm5fdaonnuuabmjsagh37sy4jjqrah6pjichgxu5kb56i@jpeg",
          "alt" : "",
          "aspectRatio" : {
            "width" : 840,
            "height" : 740
          }
        } ]
      },
      "replyCount" : 17,
      "repostCount" : 165,
      "likeCount" : 875,
      "quoteCount" : 10,
      "indexedAt" : 1741142946823,
      "viewer" : { },
      "labels" : [ ]
    },
    "reply" : {
      "root" : { }
    },
    "reason" : {
      "by" : {
        "did" : "did:plc:e62gb2ushvtvjvqcbrxeaw2n",
        "handle" : "chrislhayes.bsky.social",
        "displayName" : "Chris Hayes",
        "avatar" : "https://cdn.bsky.app/img/avatar/plain/did:plc:e62gb2ushvtvjvqcbrxeaw2n/bafkreignbhxunrcvqpwkgd6jshgjenc4at6rtbvfnwsyy5g32kq56cyfaq@jpeg",
        "createdAt" : 1682745657120,
        "associated" : {
          "chat" : {
            "allowIncoming" : "following"
          }
        },
        "viewer" : {
          "muted" : false,
          "blockedBy" : false,
          "following" : "at://did:plc:pgdrqxzv4kxt7tr3sa6pd77y/app.bsky.graph.follow/3kebis3tsis2x"
        },
        "labels" : [ ]
      },
      "indexedAt" : 1741161453053
    }
  }, {
    "post" : {
      "uri" : "at://did:plc:vc7f4oafdgxsihk4cry2xpze/app.bsky.feed.post/3ljlyah7ld226",
      "cid" : "bafyreihatlabulok4vzwdy2qbyksaonamecvaa2imukid3hn6466livaty",
      "author" : {
        "did" : "did:plc:vc7f4oafdgxsihk4cry2xpze",
        "handle" : "jcsalterego.bsky.social",
        "displayName" : "Jerry Chen",
        "avatar" : "https://cdn.bsky.app/img/avatar/plain/did:plc:vc7f4oafdgxsihk4cry2xpze/bafkreicwxwecqiko2rwwln5y3fqqb2zx6wfg5rxf5r7lukakkq2slqy5hy@jpeg",
        "associated" : {
          "chat" : {
            "allowIncoming" : "following"
          }
        },
        "viewer" : {
          "muted" : false,
          "blockedBy" : false,
          "following" : "at://did:plc:pgdrqxzv4kxt7tr3sa6pd77y/app.bsky.graph.follow/3kdztpolhap2n"
        },
        "labels" : [ {
          "src" : "did:plc:vc7f4oafdgxsihk4cry2xpze",
          "uri" : "at://did:plc:vc7f4oafdgxsihk4cry2xpze/app.bsky.actor.profile/self",
          "cid" : "bafyreidfiuv3c22vliyu2onazf23zrp35rr7i3upsqa2dsn5cqimmlgugm",
          "val" : "!no-unauthenticated",
          "cts" : 18000000
        } ],
        "createdAt" : 1682280664375
      },
      "record" : {
        "$type" : "app.bsky.feed.post",
        "createdAt" : 1741143449717,
        "langs" : [ "en" ],
        "text" : "it was a good run."
      },
      "replyCount" : 1,
      "repostCount" : 0,
      "likeCount" : 3,
      "quoteCount" : 0,
      "indexedAt" : 1741143450022,
      "viewer" : { },
      "labels" : [ ]
    },
    "reply" : {
      "root" : { }
    }
  }, {
    "post" : {
      "uri" : "at://did:plc:lfgjxeg7f7w6ryjfbomhcbsi/app.bsky.feed.post/3ljly7yukts25",
      "cid" : "bafyreif576cybb5bb2jkkgxzusxjdy5ui3j77cfe5654n6jnz4sar3ivzi",
      "author" : {
        "did" : "did:plc:lfgjxeg7f7w6ryjfbomhcbsi",
        "handle" : "mikenellis.bsky.social",
        "displayName" : "Mike Nellis",
        "avatar" : "https://cdn.bsky.app/img/avatar/plain/did:plc:lfgjxeg7f7w6ryjfbomhcbsi/bafkreiecf5wsoxo3gos7qy5b2pmy7qx3meyxvkoxo2ltninvsizsfl2m5e@jpeg",
        "viewer" : {
          "muted" : false,
          "blockedBy" : false,
          "following" : "at://did:plc:pgdrqxzv4kxt7tr3sa6pd77y/app.bsky.graph.follow/3ldkjvrgufl2f",
          "followedBy" : "at://did:plc:lfgjxeg7f7w6ryjfbomhcbsi/app.bsky.graph.follow/3lcwjzehmmt26"
        },
        "labels" : [ ],
        "createdAt" : 1731169867521
      },
      "record" : {
        "$type" : "app.bsky.feed.post",
        "createdAt" : 1741143434676,
        "langs" : [ "en" ],
        "text" : "Making car payments tax deductible if the car is made in American is actually a good idea. But the auto industry is going to get killed by Trump's idiotic tariffs—car prices are going to skyrocket."
      },
      "replyCount" : 17,
      "repostCount" : 6,
      "likeCount" : 87,
      "quoteCount" : 0,
      "indexedAt" : 1741143435018,
      "viewer" : { },
      "labels" : [ ]
    }
  }, {
    "post" : {
      "uri" : "at://did:plc:p7gxyfr5vii5ntpwo7f6dhe2/app.bsky.feed.post/3ljly7b3xy22z",
      "cid" : "bafyreib25o7o4aev55eombwv6htwpcaqtgtjx3ngk7kjyy3slr7hhbzzge",
      "author" : {
        "did" : "did:plc:p7gxyfr5vii5ntpwo7f6dhe2",
        "handle" : "aoc.bsky.social",
        "displayName" : "Alexandria Ocasio-Cortez",
        "avatar" : "https://cdn.bsky.app/img/avatar/plain/did:plc:p7gxyfr5vii5ntpwo7f6dhe2/bafkreia7pjciqmezep36yotfgas23eie47sy5ymcorzd7exejlxtiox6by@jpeg",
        "viewer" : {
          "muted" : false,
          "blockedBy" : false,
          "following" : "at://did:plc:pgdrqxzv4kxt7tr3sa6pd77y/app.bsky.graph.follow/3ke4d6dqnvt2b"
        },
        "labels" : [ ],
        "createdAt" : 1682624374920
      },
      "record" : {
        "$type" : "app.bsky.feed.post",
        "createdAt" : 1741143409752,
        "langs" : [ "en" ],
        "text" : "Trump backed GOP into a big corner with his “balanced budget” point.\n\nThe ONLY way House GOP could even think about upholding their “no cuts to Medicaid” swing seat promises and their spending cut mandates is deficit spending and bad math.\n\nNow they have to gut Medicaid & hand it to Elon in public."
      },
      "replyCount" : 368,
      "repostCount" : 995,
      "likeCount" : 7486,
      "quoteCount" : 24,
      "indexedAt" : 1741143410033,
      "viewer" : { },
      "labels" : [ ]
    }
  }, {
    "post" : {
      "uri" : "at://did:plc:iu4j537hox5huj4bwnwgub4z/app.bsky.feed.post/3ljly76b3ak2t",
      "cid" : "bafyreicxs2odlpjurdcohhtabgdngyonxag3r3pqjtif5pmedxaoidkbqq",
      "author" : {
        "did" : "did:plc:iu4j537hox5huj4bwnwgub4z",
        "handle" : "acyn.bsky.social",
        "displayName" : "Acyn",
        "avatar" : "https://cdn.bsky.app/img/avatar/plain/did:plc:iu4j537hox5huj4bwnwgub4z/bafkreiejey5fptauulotqljyt3zneppll5o24f4xu3t7khx2dqqpmhmwxi@jpeg",
        "associated" : {
          "chat" : {
            "allowIncoming" : "following"
          }
        },
        "viewer" : {
          "muted" : false,
          "blockedBy" : false,
          "following" : "at://did:plc:pgdrqxzv4kxt7tr3sa6pd77y/app.bsky.graph.follow/3lavzqesau22r"
        },
        "labels" : [ ],
        "createdAt" : 1682647165569
      },
      "record" : {
        "$type" : "app.bsky.feed.post",
        "createdAt" : 1741143406576,
        "embed" : {
          "$type" : "app.bsky.embed.video",
          "alt" : "",
          "aspectRatio" : {
            "width" : 1280,
            "height" : 720
          },
          "captions" : [ {
            "$type" : "app.bsky.embed.video#caption",
            "file" : {
              "$type" : "blob",
              "ref" : {
                "$link" : "bafkreib3vneq27fnuz7kmtmek5fzkled5a6uu3b2td2ybspcnzvoazzp7u"
              },
              "mimeType" : "text/vtt",
              "size" : 289
            },
            "lang" : "en"
          } ],
          "video" : {
            "$type" : "blob",
            "ref" : {
              "$link" : "bafkreiclzds4x2iwzzodxsrlwjiv5edub4k6s7jj4bs6rde3au3p5j7uf4"
            },
            "mimeType" : "video/mp4",
            "size" : 3037937
          }
        },
        "facets" : [ ],
        "langs" : [ "en" ],
        "text" : "Laughter breaks out after Trump says: The days of rule by unelected bureaucrats are over."
      },
      "embed" : {
        "$type" : "app.bsky.embed.video#view",
        "alt" : "",
        "aspectRatio" : {
          "width" : 1280,
          "height" : 720
        },
        "cid" : "bafkreiclzds4x2iwzzodxsrlwjiv5edub4k6s7jj4bs6rde3au3p5j7uf4",
        "playlist" : "https://video.bsky.app/watch/did%3Aplc%3Aiu4j537hox5huj4bwnwgub4z/bafkreiclzds4x2iwzzodxsrlwjiv5edub4k6s7jj4bs6rde3au3p5j7uf4/playlist.m3u8",
        "thumbnail" : "https://video.bsky.app/watch/did%3Aplc%3Aiu4j537hox5huj4bwnwgub4z/bafkreiclzds4x2iwzzodxsrlwjiv5edub4k6s7jj4bs6rde3au3p5j7uf4/thumbnail.jpg"
      },
      "replyCount" : 63,
      "repostCount" : 159,
      "likeCount" : 1069,
      "quoteCount" : 29,
      "indexedAt" : 1741143407920,
      "viewer" : { },
      "labels" : [ ]
    }
  } ]
}
]]></system-out>
  <system-err><![CDATA[]]></system-err>
</testsuite>
