<?xml version="1.0" encoding="UTF-8"?>
<testsuite name="api.rest.app.bsky.actor.defs.profile.ProfileTest" tests="1" skipped="0" failures="0" errors="0" timestamp="2025-02-23T22:55:18" hostname="viktor-vaughn" time="0.045">
  <properties/>
  <testcase name="profileUnmarshallingTest()" classname="api.rest.app.bsky.actor.defs.profile.ProfileTest" time="0.045"/>
  <system-out><![CDATA[]]></system-out>
  <system-err><![CDATA[]]></system-err>
</testsuite>
