<?xml version="1.0" encoding="UTF-8"?>
<testsuite name="api.rest.app.bsky.actor.suggestions.SuggestionsDefTest" tests="2" skipped="0" failures="0" errors="0" timestamp="2025-03-16T21:13:24" hostname="viktor-vaughn" time="0.043">
  <properties/>
  <testcase name="testSuggestionsUnmarshalling1()" classname="api.rest.app.bsky.actor.suggestions.SuggestionsDefTest" time="0.024"/>
  <testcase name="testSuggestionsUnmarshalling2()" classname="api.rest.app.bsky.actor.suggestions.SuggestionsDefTest" time="0.018"/>
  <system-out><![CDATA[]]></system-out>
  <system-err><![CDATA[]]></system-err>
</testsuite>
