<?xml version="1.0" encoding="UTF-8"?>
<testsuite name="api.rest.app.bsky.actor.preferences.PreferencesTest" tests="2" skipped="0" failures="0" errors="0" timestamp="2025-02-08T21:00:36" hostname="viktor-vaughn" time="0.337">
  <properties/>
  <testcase name="testExample2Unmarshalling()" classname="api.rest.app.bsky.actor.preferences.PreferencesTest" time="0.321"/>
  <testcase name="testExample1Unmarshalling()" classname="api.rest.app.bsky.actor.preferences.PreferencesTest" time="0.015"/>
  <system-out><![CDATA[]]></system-out>
  <system-err><![CDATA[]]></system-err>
</testsuite>
