<?xml version="1.0" encoding="UTF-8"?>
<testsuite name="api.rest.app.bsky.feed.model.ActorLikesTest" tests="1" skipped="0" failures="0" errors="0" timestamp="2025-03-04T02:18:37" hostname="viktor-vaughn" time="0.197">
  <properties/>
  <testcase name="testActorLikesUnmarshalling1()" classname="api.rest.app.bsky.feed.model.ActorLikesTest" time="0.197"/>
  <system-out><![CDATA[{
  "ActorLikes" : {
    "cursor" : "3lhey6spugp2v",
    "feed" : [ {
      "post" : {
        "uri" : "at://did:plc:aayuwc3swhguj37ibrmratw2/app.bsky.feed.post/3liscoii2e742",
        "cid" : "bafyreidy43k2v2y7enr4unukqsqct423lkvvmcwbm65tl5oy7nt2z6kjoa",
        "author" : {
          "did" : "did:plc:aayuwc3swhguj37ibrmratw2",
          "handle" : "samsethi.podcastindex.social.ap.brid.gy",
          "displayName" : "Sam Sethi :pc2red: ⁂",
          "avatar" : "https://cdn.bsky.app/img/avatar/plain/did:plc:aayuwc3swhguj37ibrmratw2/bafkreid5ovalce47knmej56aomzknyrfwejjgxb7fmcjqwcxvy3azwctza@jpeg",
          "associated" : {
            "chat" : {
              "allowIncoming" : "none"
            }
          },
          "viewer" : {
            "muted" : false,
            "blockedBy" : false
          },
          "labels" : [ {
            "src" : "did:plc:aayuwc3swhguj37ibrmratw2",
            "uri" : "at://did:plc:aayuwc3swhguj37ibrmratw2/app.bsky.actor.profile/self",
            "cid" : "bafyreig7b4uqkdaoytu5jxny7gcg5zbmfy5yoacx2e22d2tn5kp2pu5hmu",
            "val" : "bridged-from-bridgy-fed-activitypub",
            "cts" : 18000000
          } ],
          "createdAt" : 1739478362213
        },
        "record" : {
          "$type" : "app.bsky.feed.post",
          "createdAt" : 1740261298000,
          "embed" : {
            "$type" : "app.bsky.embed.images",
            "alt" : null,
            "image" : null,
            "aspectRatio" : null
          },
          "langs" : [ "en" ],
          "text" : "Wow Queen Elonia Musk is a greedy fucker. World's richest man and he still wants to charge for his API.\n\nThankfully Bluesky, Mastodon/AP and Linkedin don't charge for access to their API's."
        },
        "embed" : {
          "$type" : "app.bsky.embed.images#view",
          "thumb" : null,
          "fullsize" : null,
          "alt" : null,
          "aspectRatio" : null
        },
        "replyCount" : 1,
        "repostCount" : 0,
        "likeCount" : 2,
        "quoteCount" : 0,
        "indexedAt" : 1740261315217,
        "viewer" : { },
        "labels" : [ ]
      }
    }, {
      "post" : {
        "uri" : "at://did:plc:y5xyloyy7s4a2bwfeimj7r3b/app.bsky.feed.post/3liu3ofe7ac26",
        "cid" : "bafyreie4yd5iwwv5r4fhgozrnt7txkak22ajq6gifv6u3jwa564g3smgdq",
        "author" : {
          "did" : "did:plc:y5xyloyy7s4a2bwfeimj7r3b",
          "handle" : "mcuban.bsky.social",
          "displayName" : "Mark Cuban",
          "avatar" : "https://cdn.bsky.app/img/avatar/plain/did:plc:y5xyloyy7s4a2bwfeimj7r3b/bafkreihxddlkbnblytjdbajg5qopawdfcabg5e7ppwja6zmm3lvnedzojm@jpeg",
          "viewer" : {
            "muted" : false,
            "blockedBy" : false,
            "following" : "at://did:plc:pgdrqxzv4kxt7tr3sa6pd77y/app.bsky.graph.follow/3kebioim7l22d"
          },
          "labels" : [ ],
          "createdAt" : 1683008299464
        },
        "record" : {
          "$type" : "app.bsky.feed.post",
          "createdAt" : 1740322505034,
          "embed" : {
            "$type" : "app.bsky.embed.external",
            "uri" : null,
            "title" : null,
            "description" : null,
            "thumb" : null
          },
          "facets" : [ {
            "index" : {
              "byteStart" : 262,
              "byteEnd" : 288
            },
            "features" : [ {
              "$type" : "app.bsky.richtext.facet#link",
              "uri" : "https://apnews.com/article/trump-revokes-ethics-rules-drain-swamp-b8e3ba0f98c9c60af11a8e70cbc902bd"
            } ]
          } ],
          "langs" : [ "en" ],
          "text" : "Dear Dems.  This is a reminder that Donald Trump rescinded the ethics rules preventing gifts to executive branch employees.  \n\nNow would be a good time to propose legislation formalizing the prevention into a law\n\nTime to do things that make him react to you.  \napnews.com/article/trum..."
        },
        "embed" : {
          "$type" : "app.bsky.embed.external#view",
          "uri" : null,
          "title" : null,
          "description" : null,
          "thumb" : null
        },
        "replyCount" : 1862,
        "repostCount" : 11856,
        "likeCount" : 44491,
        "quoteCount" : 707,
        "indexedAt" : 1740322507121,
        "viewer" : { },
        "labels" : [ ]
      }
    }, {
      "post" : {
        "uri" : "at://did:plc:ohemuauboiqmbgzhfshy6kha/app.bsky.feed.post/3liughedaj226",
        "cid" : "bafyreidclhqv3jr2hgqwy3kcaa5vpm2qg5qiotdz4ce672g3m5dkuv64ma",
        "author" : {
          "did" : "did:plc:ohemuauboiqmbgzhfshy6kha",
          "handle" : "christufarr.bsky.social",
          "displayName" : "ChrisBJC",
          "avatar" : "https://cdn.bsky.app/img/avatar/plain/did:plc:ohemuauboiqmbgzhfshy6kha/bafkreieaddnv7avgpu7i6tll65iwdyspk7gyse6j2j4kasyi72pikcw32m@jpeg",
          "associated" : {
            "chat" : {
              "allowIncoming" : "none"
            }
          },
          "viewer" : {
            "muted" : false,
            "blockedBy" : false
          },
          "labels" : [ ],
          "createdAt" : 1731358694342
        },
        "record" : {
          "$type" : "app.bsky.feed.post",
          "createdAt" : 1740334080236,
          "langs" : [ "en" ],
          "text" : "A toilet paper product of this would sell out"
        },
        "replyCount" : 0,
        "repostCount" : 0,
        "likeCount" : 1,
        "quoteCount" : 0,
        "indexedAt" : 1740334080516,
        "viewer" : { },
        "labels" : [ ]
      },
      "reply" : {
        "root" : {
          "uri" : "at://did:plc:a6jj5lsu5vlgp23dxcmvg3ka/app.bsky.feed.post/3lirxir2eis2k",
          "cid" : "bafyreiecykbegafv4uyylu6wvwskvxuvoihx24jnnmz6tcwhzjuvzlzdlu",
          "author" : {
            "did" : "did:plc:a6jj5lsu5vlgp23dxcmvg3ka",
            "handle" : "torontojoel.bsky.social",
            "displayName" : "Tor Ont ]]>&#x1f31f;<![CDATA[ ١٥٧٤]]>&#x1d634;<![CDATA[ XRP &  XLM ]]>&#x1f31f;<![CDATA[",
            "avatar" : "https://cdn.bsky.app/img/avatar/plain/did:plc:a6jj5lsu5vlgp23dxcmvg3ka/bafkreig4ww66z375clwbqnze63xqeci7dsjqgt577byginelffaquozw2a@jpeg",
            "associated" : {
              "chat" : {
                "allowIncoming" : "all"
              }
            },
            "viewer" : {
              "muted" : false,
              "blockedBy" : false
            },
            "labels" : [ ],
            "createdAt" : 1731541492712
          },
          "record" : {
            "$type" : "app.bsky.feed.post",
            "createdAt" : 1740249301527,
            "embed" : {
              "$type" : "app.bsky.embed.images",
              "alt" : null,
              "image" : null,
              "aspectRatio" : null
            },
            "langs" : [ "en" ],
            "text" : "Who's up for some flag burnin'?"
          },
          "embed" : {
            "$type" : "app.bsky.embed.images#view",
            "thumb" : null,
            "fullsize" : null,
            "alt" : null,
            "aspectRatio" : null
          },
          "replyCount" : 12,
          "repostCount" : 91,
          "likeCount" : 356,
          "quoteCount" : 1,
          "indexedAt" : 1740249302520,
          "viewer" : { },
          "labels" : [ ]
        },
        "parent" : {
          "uri" : "at://did:plc:a6jj5lsu5vlgp23dxcmvg3ka/app.bsky.feed.post/3lirxir2eis2k",
          "cid" : "bafyreiecykbegafv4uyylu6wvwskvxuvoihx24jnnmz6tcwhzjuvzlzdlu",
          "author" : {
            "did" : "did:plc:a6jj5lsu5vlgp23dxcmvg3ka",
            "handle" : "torontojoel.bsky.social",
            "displayName" : "Tor Ont ]]>&#x1f31f;<![CDATA[ ١٥٧٤]]>&#x1d634;<![CDATA[ XRP &  XLM ]]>&#x1f31f;<![CDATA[",
            "avatar" : "https://cdn.bsky.app/img/avatar/plain/did:plc:a6jj5lsu5vlgp23dxcmvg3ka/bafkreig4ww66z375clwbqnze63xqeci7dsjqgt577byginelffaquozw2a@jpeg",
            "associated" : {
              "chat" : {
                "allowIncoming" : "all"
              }
            },
            "viewer" : {
              "muted" : false,
              "blockedBy" : false
            },
            "labels" : [ ],
            "createdAt" : 1731541492712
          },
          "record" : {
            "$type" : "app.bsky.feed.post",
            "createdAt" : 1740249301527,
            "embed" : {
              "$type" : "app.bsky.embed.images",
              "alt" : null,
              "image" : null,
              "aspectRatio" : null
            },
            "langs" : [ "en" ],
            "text" : "Who's up for some flag burnin'?"
          },
          "embed" : {
            "$type" : "app.bsky.embed.images#view",
            "thumb" : null,
            "fullsize" : null,
            "alt" : null,
            "aspectRatio" : null
          },
          "replyCount" : 12,
          "repostCount" : 91,
          "likeCount" : 356,
          "quoteCount" : 1,
          "indexedAt" : 1740249302520,
          "viewer" : { },
          "labels" : [ ]
        }
      }
    }, {
      "post" : {
        "uri" : "at://did:plc:utjqvn5pubcwk3o5ajeozcbt/app.bsky.feed.post/3lirycloahk25",
        "cid" : "bafyreihrjjoribe66grg2b4eqrt3637nputjsgecbw4v3kdhh7sehqr434",
        "author" : {
          "did" : "did:plc:utjqvn5pubcwk3o5ajeozcbt",
          "handle" : "valueaddedmomma.bsky.social",
          "displayName" : "Judy Marsh]]>&#x1f1e8;<![CDATA[]]>&#x1f1e6;<![CDATA[",
          "avatar" : "https://cdn.bsky.app/img/avatar/plain/did:plc:utjqvn5pubcwk3o5ajeozcbt/bafkreicyg4cijg7eoi7hlef6awm2rvj4p6r6if7omtfhhuoysrx7awsdaq@jpeg",
          "associated" : {
            "chat" : {
              "allowIncoming" : "all"
            }
          },
          "viewer" : {
            "muted" : false,
            "blockedBy" : false
          },
          "labels" : [ {
            "src" : "did:plc:utjqvn5pubcwk3o5ajeozcbt",
            "uri" : "at://did:plc:utjqvn5pubcwk3o5ajeozcbt/app.bsky.actor.profile/self",
            "cid" : "bafyreigrhfx43jo42fkexv37443s7vnewznong3rep3dnpo4uow7n6sy2q",
            "val" : "!no-unauthenticated",
            "cts" : 1729539005806
          } ],
          "createdAt" : 1729524607344
        },
        "record" : {
          "$type" : "app.bsky.feed.post",
          "createdAt" : 1740250168302,
          "embed" : {
            "$type" : "app.bsky.embed.external",
            "uri" : null,
            "title" : null,
            "description" : null,
            "thumb" : null
          },
          "facets" : [ {
            "index" : {
              "byteStart" : 0,
              "byteEnd" : 27
            },
            "features" : [ {
              "$type" : "app.bsky.richtext.facet#link",
              "uri" : "https://www.good.is/nba-legend-michael-jordan-opens-up-fourth-north-carolina-health-clinic-for-the-uninsured?utm_source=join1440&utm_medium=email&utm_placement=newsletter&user_id=66c4c490600ae1507598089b"
            } ]
          } ],
          "langs" : [ "en" ],
          "text" : "www.good.is/nba-legend-m..."
        },
        "embed" : {
          "$type" : "app.bsky.embed.external#view",
          "uri" : null,
          "title" : null,
          "description" : null,
          "thumb" : null
        },
        "replyCount" : 6,
        "repostCount" : 89,
        "likeCount" : 314,
        "quoteCount" : 4,
        "indexedAt" : 1740250169325,
        "viewer" : { },
        "labels" : [ ]
      }
    }, {
      "post" : {
        "uri" : "at://did:plc:y5xyloyy7s4a2bwfeimj7r3b/app.bsky.feed.post/3liu5pqagpk26",
        "cid" : "bafyreihn5q7eqdcw6o5uqreyvgfuwcdv675eapryvno57vpw3wd6d52cxu",
        "author" : {
          "did" : "did:plc:y5xyloyy7s4a2bwfeimj7r3b",
          "handle" : "mcuban.bsky.social",
          "displayName" : "Mark Cuban",
          "avatar" : "https://cdn.bsky.app/img/avatar/plain/did:plc:y5xyloyy7s4a2bwfeimj7r3b/bafkreihxddlkbnblytjdbajg5qopawdfcabg5e7ppwja6zmm3lvnedzojm@jpeg",
          "viewer" : {
            "muted" : false,
            "blockedBy" : false,
            "following" : "at://did:plc:pgdrqxzv4kxt7tr3sa6pd77y/app.bsky.graph.follow/3kebioim7l22d"
          },
          "labels" : [ ],
          "createdAt" : 1683008299464
        },
        "record" : {
          "$type" : "app.bsky.feed.post",
          "createdAt" : 1740324697485,
          "facets" : [ {
            "index" : {
              "byteStart" : 0,
              "byteEnd" : 26
            },
            "features" : [ {
              "$type" : "app.bsky.richtext.facet#mention",
              "did" : "did:plc:y77n77kdqzhbg647blkfypyr"
            } ]
          } ],
          "langs" : [ "en" ],
          "text" : "@chrismurphyct.bsky.social why are you not posting on here first ? You have some great things to say. You are trying some great things. Yet you post on X where 100pct of the replies are meaningless and hateful. \n\nIt's not all roses here, but the engagement has depth and real convos happen"
        },
        "replyCount" : 980,
        "repostCount" : 3906,
        "likeCount" : 27650,
        "quoteCount" : 210,
        "indexedAt" : 1740324698121,
        "viewer" : { },
        "labels" : [ ]
      }
    }, {
      "post" : {
        "uri" : "at://did:plc:kvdudx2wzj63v62wgydziz2t/app.bsky.feed.post/3lirnqob2uk2w",
        "cid" : "bafyreibqz2xjtho6qit4dmkeux5bkk3gluluu75ndgeottbxejbuazrwua",
        "author" : {
          "did" : "did:plc:kvdudx2wzj63v62wgydziz2t",
          "handle" : "free2b.bsky.social",
          "displayName" : "Donna C",
          "avatar" : "https://cdn.bsky.app/img/avatar/plain/did:plc:kvdudx2wzj63v62wgydziz2t/bafkreihc6c2aaahc2w7jwno2eqht2hiafpgkjytopgmntds5lt6amvozle@jpeg",
          "associated" : {
            "chat" : {
              "allowIncoming" : "following"
            }
          },
          "viewer" : {
            "muted" : false,
            "blockedBy" : false
          },
          "labels" : [ ],
          "createdAt" : 1731041924621
        },
        "record" : {
          "$type" : "app.bsky.feed.post",
          "createdAt" : 1740238829617,
          "langs" : [ "en" ],
          "text" : "Oof! That hurts.\nThe world's democracies are lining up behind Zelenskyy and Ukraine, which they should, and against the US, which they should, so long as a Putin-loving fascist inhabits the White House and abandons an ally."
        },
        "replyCount" : 1,
        "repostCount" : 1,
        "likeCount" : 10,
        "quoteCount" : 0,
        "indexedAt" : 1740238829320,
        "viewer" : { },
        "labels" : [ ]
      },
      "reply" : {
        "root" : {
          "uri" : "at://did:plc:yngtevhy5oex4xqhd2c7fsqs/app.bsky.feed.post/3liplbwh6gk2u",
          "cid" : "bafyreigbjaya3vktk6m67zfbapu62oliatejp2vmgemik7pnnoad4wqnfa",
          "author" : {
            "did" : "did:plc:yngtevhy5oex4xqhd2c7fsqs",
            "handle" : "germanusa.bsky.social",
            "displayName" : "]]>&#x1f98b;<![CDATA[German_USA - ]]>&#x1f308;<![CDATA[ ally ]]>&#x1f308;<![CDATA[ woke]]>&#x1f499;<![CDATA[]]>&#x1f98b;<![CDATA[]]>&#x1f1ec;<![CDATA[]]>&#x1f1f1;<![CDATA[ ]]>&#x1f1e8;<![CDATA[]]>&#x1f1e6;<![CDATA[ ]]>&#x1f1f2;<![CDATA[]]>&#x1f1fd;<![CDATA[ ]]>&#x1f1f5;<![CDATA[]]>&#x1f1e6;<![CDATA[ ]]>&#x1f1e9;<![CDATA[]]>&#x1f1ea;<![CDATA[]]>&#x1f1ea;<![CDATA[]]>&#x1f1fa;<![CDATA[",
            "avatar" : "https://cdn.bsky.app/img/avatar/plain/did:plc:yngtevhy5oex4xqhd2c7fsqs/bafkreifgyus5wx6dnccygbcztpohhukxduwunladtu7uehod3ruqvsxm7y@jpeg",
            "associated" : {
              "chat" : {
                "allowIncoming" : "none"
              }
            },
            "viewer" : {
              "muted" : false,
              "blockedBy" : false
            },
            "labels" : [ ],
            "createdAt" : 1731445226645
          },
          "record" : {
            "$type" : "app.bsky.feed.post",
            "createdAt" : 1740167467927,
            "embed" : {
              "$type" : "app.bsky.embed.images",
              "alt" : null,
              "image" : null,
              "aspectRatio" : null
            },
            "langs" : [ "en" ],
            "text" : "German \"Der Spiegel \" cover:\nBETRAYED \nFirst Zelensky, soon us? the radical departure of the USA from its allies."
          },
          "embed" : {
            "$type" : "app.bsky.embed.images#view",
            "thumb" : null,
            "fullsize" : null,
            "alt" : null,
            "aspectRatio" : null
          },
          "replyCount" : 12,
          "repostCount" : 155,
          "likeCount" : 406,
          "quoteCount" : 11,
          "indexedAt" : 1740167470418,
          "viewer" : { },
          "labels" : [ ]
        },
        "parent" : {
          "uri" : "at://did:plc:yngtevhy5oex4xqhd2c7fsqs/app.bsky.feed.post/3liplbwh6gk2u",
          "cid" : "bafyreigbjaya3vktk6m67zfbapu62oliatejp2vmgemik7pnnoad4wqnfa",
          "author" : {
            "did" : "did:plc:yngtevhy5oex4xqhd2c7fsqs",
            "handle" : "germanusa.bsky.social",
            "displayName" : "]]>&#x1f98b;<![CDATA[German_USA - ]]>&#x1f308;<![CDATA[ ally ]]>&#x1f308;<![CDATA[ woke]]>&#x1f499;<![CDATA[]]>&#x1f98b;<![CDATA[]]>&#x1f1ec;<![CDATA[]]>&#x1f1f1;<![CDATA[ ]]>&#x1f1e8;<![CDATA[]]>&#x1f1e6;<![CDATA[ ]]>&#x1f1f2;<![CDATA[]]>&#x1f1fd;<![CDATA[ ]]>&#x1f1f5;<![CDATA[]]>&#x1f1e6;<![CDATA[ ]]>&#x1f1e9;<![CDATA[]]>&#x1f1ea;<![CDATA[]]>&#x1f1ea;<![CDATA[]]>&#x1f1fa;<![CDATA[",
            "avatar" : "https://cdn.bsky.app/img/avatar/plain/did:plc:yngtevhy5oex4xqhd2c7fsqs/bafkreifgyus5wx6dnccygbcztpohhukxduwunladtu7uehod3ruqvsxm7y@jpeg",
            "associated" : {
              "chat" : {
                "allowIncoming" : "none"
              }
            },
            "viewer" : {
              "muted" : false,
              "blockedBy" : false
            },
            "labels" : [ ],
            "createdAt" : 1731445226645
          },
          "record" : {
            "$type" : "app.bsky.feed.post",
            "createdAt" : 1740167467927,
            "embed" : {
              "$type" : "app.bsky.embed.images",
              "alt" : null,
              "image" : null,
              "aspectRatio" : null
            },
            "langs" : [ "en" ],
            "text" : "German \"Der Spiegel \" cover:\nBETRAYED \nFirst Zelensky, soon us? the radical departure of the USA from its allies."
          },
          "embed" : {
            "$type" : "app.bsky.embed.images#view",
            "thumb" : null,
            "fullsize" : null,
            "alt" : null,
            "aspectRatio" : null
          },
          "replyCount" : 12,
          "repostCount" : 155,
          "likeCount" : 406,
          "quoteCount" : 11,
          "indexedAt" : 1740167470418,
          "viewer" : { },
          "labels" : [ ]
        }
      }
    }, {
      "post" : {
        "uri" : "at://did:plc:kcjtqq4blsjo7utiur54vw25/app.bsky.feed.post/3lipugkplcs22",
        "cid" : "bafyreigzr4amfz4xwbj3xnmx32pwy7q3jvkitmg3mucp3yqo65t4jvtv6a",
        "author" : {
          "did" : "did:plc:kcjtqq4blsjo7utiur54vw25",
          "handle" : "audioboomer.bsky.social",
          "displayName" : "Lee Kanne ",
          "avatar" : "https://cdn.bsky.app/img/avatar/plain/did:plc:kcjtqq4blsjo7utiur54vw25/bafkreic54gpbf5zmgsgkntp72bukhdb4cem4oezr7z3xummbspfqxzz7he@jpeg",
          "associated" : {
            "chat" : {
              "allowIncoming" : "following"
            }
          },
          "viewer" : {
            "muted" : false,
            "blockedBy" : false
          },
          "labels" : [ ],
          "createdAt" : 1718485659523
        },
        "record" : {
          "$type" : "app.bsky.feed.post",
          "createdAt" : 1740177287061,
          "embed" : {
            "$type" : "app.bsky.embed.images",
            "alt" : null,
            "image" : null,
            "aspectRatio" : null
          },
          "langs" : [ "en" ],
          "text" : "TrumpEnomics just did a number on the stock market"
        },
        "embed" : {
          "$type" : "app.bsky.embed.images#view",
          "thumb" : null,
          "fullsize" : null,
          "alt" : null,
          "aspectRatio" : null
        },
        "replyCount" : 11,
        "repostCount" : 37,
        "likeCount" : 162,
        "quoteCount" : 2,
        "indexedAt" : 1740177290718,
        "viewer" : { },
        "labels" : [ ]
      }
    }, {
      "post" : {
        "uri" : "at://did:plc:nvfposmpmhegtyvhbs75s3pw/app.bsky.feed.post/3lirlw2ckck2e",
        "cid" : "bafyreihfh74bf7d272plfn3bbijiqysqpml5xaxhkbhco34brymhds5j4m",
        "author" : {
          "did" : "did:plc:nvfposmpmhegtyvhbs75s3pw",
          "handle" : "jamellebouie.net",
          "displayName" : "jamelle",
          "avatar" : "https://cdn.bsky.app/img/avatar/plain/did:plc:nvfposmpmhegtyvhbs75s3pw/bafkreiefjdjiahsa4upn3zabt4bxjfculjcxsdrxzc75nqlylfx7xo2izy@jpeg",
          "associated" : {
            "chat" : {
              "allowIncoming" : "following"
            }
          },
          "viewer" : {
            "muted" : false,
            "blockedBy" : false,
            "following" : "at://did:plc:pgdrqxzv4kxt7tr3sa6pd77y/app.bsky.graph.follow/3lcooonjqtg2f"
          },
          "labels" : [ ],
          "createdAt" : 1682613106732
        },
        "record" : {
          "$type" : "app.bsky.feed.post",
          "createdAt" : 1740236862537,
          "embed" : {
            "$type" : "app.bsky.embed.record",
            "cid" : null,
            "uri" : null
          },
          "langs" : [ "en" ],
          "text" : "let me say that this is the classic “just asking questions” approach to delegitimizing the achievements of black people. and critically, you don’t even have to be a black person who talks about race. simply being black to these people means you are “obsessed with race.”"
        },
        "embed" : {
          "$type" : "app.bsky.embed.record#view",
          "author" : null,
          "cid" : null,
          "embeds" : null,
          "indexedAt" : null,
          "labels" : null,
          "likeCount" : null,
          "quoteCount" : null,
          "replyCount" : null,
          "repostCount" : null,
          "uri" : null,
          "value" : null
        },
        "replyCount" : 139,
        "repostCount" : 1711,
        "likeCount" : 8578,
        "quoteCount" : 43,
        "indexedAt" : 1740236862727,
        "viewer" : { },
        "labels" : [ ]
      }
    }, {
      "post" : {
        "uri" : "at://did:plc:y4zs4cabaezzwx3bz2e5nnj2/app.bsky.feed.post/3lik4qthxbs2v",
        "cid" : "bafyreigcui42xak7qlwy3e6wudgylclzlfml2spz7edhpu7xb4dwldi4cy",
        "author" : {
          "did" : "did:plc:y4zs4cabaezzwx3bz2e5nnj2",
          "handle" : "georgetakei.bsky.social",
          "displayName" : "George Takei",
          "avatar" : "https://cdn.bsky.app/img/avatar/plain/did:plc:y4zs4cabaezzwx3bz2e5nnj2/bafkreihyuljtklac6pgvt4kbndezofm23wswyhdqmh77bgedrxhuigwbh4@jpeg",
          "associated" : {
            "chat" : {
              "allowIncoming" : "following"
            }
          },
          "viewer" : {
            "muted" : false,
            "blockedBy" : false,
            "following" : "at://did:plc:pgdrqxzv4kxt7tr3sa6pd77y/app.bsky.graph.follow/3kebindmjnd2a"
          },
          "labels" : [ ],
          "createdAt" : 1682883903507
        },
        "record" : {
          "$type" : "app.bsky.feed.post",
          "createdAt" : 1739980063304,
          "embed" : {
            "$type" : "app.bsky.embed.images",
            "alt" : null,
            "image" : null,
            "aspectRatio" : null
          },
          "langs" : [ "en" ],
          "text" : "I’m George Takei and I approve of this message."
        },
        "embed" : {
          "$type" : "app.bsky.embed.images#view",
          "thumb" : null,
          "fullsize" : null,
          "alt" : null,
          "aspectRatio" : null
        },
        "replyCount" : 2369,
        "repostCount" : 30547,
        "likeCount" : 146079,
        "quoteCount" : 1545,
        "indexedAt" : 1739980065416,
        "viewer" : { },
        "labels" : [ ]
      }
    }, {
      "post" : {
        "uri" : "at://did:plc:654masw3zcz3dpiqmhpt43c7/app.bsky.feed.post/3lii6iikpzs2d",
        "cid" : "bafyreieftrrdyeynf3jlhwd6t4dyo7lqpwwrd6xhijsk5cb7b4plnob4gq",
        "author" : {
          "did" : "did:plc:654masw3zcz3dpiqmhpt43c7",
          "handle" : "kaosvscontrol.bsky.social",
          "displayName" : " ]]>&#x1f1fa;<![CDATA[]]>&#x1f1e6;<![CDATA[ Devin Nunes' Cattle Dog ]]>&#x1f1fa;<![CDATA[]]>&#x1f1e6;<![CDATA[",
          "avatar" : "https://cdn.bsky.app/img/avatar/plain/did:plc:654masw3zcz3dpiqmhpt43c7/bafkreid7hr6fywbgfkx7e2gbys422uc6nv5zh6x7lwyiao7viqmgdpkwmu@jpeg",
          "associated" : {
            "chat" : {
              "allowIncoming" : "none"
            }
          },
          "viewer" : {
            "muted" : false,
            "blockedBy" : false
          },
          "labels" : [ {
            "src" : "did:plc:654masw3zcz3dpiqmhpt43c7",
            "uri" : "at://did:plc:654masw3zcz3dpiqmhpt43c7/app.bsky.actor.profile/self",
            "cid" : "bafyreih736q3ysgah3xyfiybpzh7xtny2ijwditalyaylqp77sjoyfhqpq",
            "val" : "!no-unauthenticated",
            "cts" : 18000000
          } ],
          "createdAt" : 1691795640345
        },
        "record" : {
          "$type" : "app.bsky.feed.post",
          "createdAt" : 1739913211436,
          "embed" : {
            "$type" : "app.bsky.embed.video",
            "aspectRatio" : {
              "width" : 480,
              "height" : 778
            },
            "video" : {
              "$type" : "blob",
              "ref" : {
                "$link" : "bafkreifreepdtf5ucx27pfxggapzzswjimq4qth5y4najquxjmtcevm3yq"
              },
              "mimeType" : "video/mp4",
              "size" : 3246672
            }
          },
          "langs" : [ "en" ],
          "text" : "Massive anti-Trump/Musk protest at Union Square in New York City...\nMay America do whatever it can to hold onto this beautiful thing. May  there be no knocks on the door in the night or concentration camps for  those who do no more than exercise their free speech."
        },
        "embed" : {
          "$type" : "app.bsky.embed.video#view",
          "cid" : "bafkreifreepdtf5ucx27pfxggapzzswjimq4qth5y4najquxjmtcevm3yq",
          "playlist" : "https://video.bsky.app/watch/did%3Aplc%3A654masw3zcz3dpiqmhpt43c7/bafkreifreepdtf5ucx27pfxggapzzswjimq4qth5y4najquxjmtcevm3yq/playlist.m3u8",
          "thumbnail" : "https://video.bsky.app/watch/did%3Aplc%3A654masw3zcz3dpiqmhpt43c7/bafkreifreepdtf5ucx27pfxggapzzswjimq4qth5y4najquxjmtcevm3yq/thumbnail.jpg",
          "aspectRatio" : {
            "width" : 480,
            "height" : 778
          }
        },
        "replyCount" : 9,
        "repostCount" : 100,
        "likeCount" : 307,
        "quoteCount" : 6,
        "indexedAt" : 1739913212521,
        "viewer" : { },
        "labels" : [ ]
      }
    }, {
      "post" : {
        "uri" : "at://did:plc:yvsdaz5wowzwc5fp57p7qo52/app.bsky.feed.post/3liibh4tqxs2k",
        "cid" : "bafyreiblsj7f63vtonikjgpmz7kuo4l7pvxtutqz5gvvbzj4h7a5h2dvpe",
        "author" : {
          "did" : "did:plc:yvsdaz5wowzwc5fp57p7qo52",
          "handle" : "corgwynmom.bsky.social",
          "displayName" : "Iraq War Vet",
          "avatar" : "https://cdn.bsky.app/img/avatar/plain/did:plc:yvsdaz5wowzwc5fp57p7qo52/bafkreiffed43antjiwr62uybu7nmprc7lfs4byh7ma6nrhk7tvsoxlq7iu@jpeg",
          "viewer" : {
            "muted" : false,
            "blockedBy" : false
          },
          "labels" : [ ],
          "createdAt" : 1731075039516
        },
        "record" : {
          "$type" : "app.bsky.feed.post",
          "createdAt" : 1739916386820,
          "embed" : {
            "$type" : "app.bsky.embed.video",
            "aspectRatio" : {
              "width" : 1080,
              "height" : 1246
            },
            "video" : {
              "$type" : "blob",
              "ref" : {
                "$link" : "bafkreifxnfp7wkkpbjxdllldcnmskhxrerjbr6kgj6ry3tpuszhd4yj4zy"
              },
              "mimeType" : "video/mp4",
              "size" : 2214219
            }
          },
          "langs" : [ "en" ],
          "text" : ""
        },
        "embed" : {
          "$type" : "app.bsky.embed.video#view",
          "cid" : "bafkreifxnfp7wkkpbjxdllldcnmskhxrerjbr6kgj6ry3tpuszhd4yj4zy",
          "playlist" : "https://video.bsky.app/watch/did%3Aplc%3Ayvsdaz5wowzwc5fp57p7qo52/bafkreifxnfp7wkkpbjxdllldcnmskhxrerjbr6kgj6ry3tpuszhd4yj4zy/playlist.m3u8",
          "thumbnail" : "https://video.bsky.app/watch/did%3Aplc%3Ayvsdaz5wowzwc5fp57p7qo52/bafkreifxnfp7wkkpbjxdllldcnmskhxrerjbr6kgj6ry3tpuszhd4yj4zy/thumbnail.jpg",
          "aspectRatio" : {
            "width" : 1080,
            "height" : 1246
          }
        },
        "replyCount" : 0,
        "repostCount" : 13,
        "likeCount" : 36,
        "quoteCount" : 0,
        "indexedAt" : 1739916387829,
        "viewer" : { },
        "labels" : [ ]
      }
    }, {
      "post" : {
        "uri" : "at://did:plc:3fpgkbjy6nhqhg5bpyd6wudm/app.bsky.feed.post/3lie3yq5dqc2v",
        "cid" : "bafyreid26u2ibvx3irxbsnewdfllwpo5rspmft4w4nebjdzdgotfi5t7nq",
        "author" : {
          "did" : "did:plc:3fpgkbjy6nhqhg5bpyd6wudm",
          "handle" : "freethinkersunited.bsky.social",
          "displayName" : "Freethinkers United",
          "avatar" : "https://cdn.bsky.app/img/avatar/plain/did:plc:3fpgkbjy6nhqhg5bpyd6wudm/bafkreib7fm25j3j73dqffzoa5tbglrbhwcipkt3gbgbbxqeohm7wyjamrm@jpeg",
          "viewer" : {
            "muted" : false,
            "blockedBy" : false
          },
          "labels" : [ ],
          "createdAt" : 1736404413313
        },
        "record" : {
          "$type" : "app.bsky.feed.post",
          "createdAt" : 1739773096078,
          "embed" : {
            "$type" : "app.bsky.embed.video",
            "aspectRatio" : {
              "width" : 711,
              "height" : 590
            },
            "video" : {
              "$type" : "blob",
              "ref" : {
                "$link" : "bafkreigrawduweb5z4tajspadihhjn7xrefnbb5723fnaiewfhedu5e7xq"
              },
              "mimeType" : "video/mp4",
              "size" : 17622
            }
          },
          "langs" : [ "en" ],
          "text" : ""
        },
        "embed" : {
          "$type" : "app.bsky.embed.video#view",
          "cid" : "bafkreigrawduweb5z4tajspadihhjn7xrefnbb5723fnaiewfhedu5e7xq",
          "playlist" : "https://video.bsky.app/watch/did%3Aplc%3A3fpgkbjy6nhqhg5bpyd6wudm/bafkreigrawduweb5z4tajspadihhjn7xrefnbb5723fnaiewfhedu5e7xq/playlist.m3u8",
          "thumbnail" : "https://video.bsky.app/watch/did%3Aplc%3A3fpgkbjy6nhqhg5bpyd6wudm/bafkreigrawduweb5z4tajspadihhjn7xrefnbb5723fnaiewfhedu5e7xq/thumbnail.jpg",
          "aspectRatio" : {
            "width" : 711,
            "height" : 590
          }
        },
        "replyCount" : 28,
        "repostCount" : 104,
        "likeCount" : 599,
        "quoteCount" : 7,
        "indexedAt" : 1739773097418,
        "viewer" : { },
        "labels" : [ ]
      }
    }, {
      "post" : {
        "uri" : "at://did:plc:hy4kwkakey4eawsw6jjzoc3j/app.bsky.feed.post/3lijquq3etc2h",
        "cid" : "bafyreibpofltsqzxkg4ancpxjrsyq25zdqifogjjfnvv2kz3krrto6oqv4",
        "author" : {
          "did" : "did:plc:hy4kwkakey4eawsw6jjzoc3j",
          "handle" : "amyklobuchar.com",
          "displayName" : "Amy Klobuchar",
          "avatar" : "https://cdn.bsky.app/img/avatar/plain/did:plc:hy4kwkakey4eawsw6jjzoc3j/bafkreie5mijreewsie2liuffdwfl44i52fktfyjzeaippogwqalbqgrkra@jpeg",
          "viewer" : {
            "muted" : false,
            "blockedBy" : false
          },
          "labels" : [ ],
          "createdAt" : 1733154616508
        },
        "record" : {
          "$type" : "app.bsky.feed.post",
          "createdAt" : 1739967309064,
          "embed" : {
            "$type" : "app.bsky.embed.video",
            "aspectRatio" : {
              "width" : 1280,
              "height" : 720
            },
            "video" : {
              "$type" : "blob",
              "ref" : {
                "$link" : "bafkreibzkelztvuwjb5tdyncx2vueqd24rulb5wswxi7zeerobcnf6f6vq"
              },
              "mimeType" : "video/mp4",
              "size" : 6224196
            }
          },
          "langs" : [ "en" ],
          "text" : "Chaos is up. Corruption is up. You know what else is up? Egg prices.‬\n\n‪After promising to lower prices, the Administration is not doing enough to bring health care costs down, to bring housing costs down, and to bring child care costs down.‬"
        },
        "embed" : {
          "$type" : "app.bsky.embed.video#view",
          "cid" : "bafkreibzkelztvuwjb5tdyncx2vueqd24rulb5wswxi7zeerobcnf6f6vq",
          "playlist" : "https://video.bsky.app/watch/did%3Aplc%3Ahy4kwkakey4eawsw6jjzoc3j/bafkreibzkelztvuwjb5tdyncx2vueqd24rulb5wswxi7zeerobcnf6f6vq/playlist.m3u8",
          "thumbnail" : "https://video.bsky.app/watch/did%3Aplc%3Ahy4kwkakey4eawsw6jjzoc3j/bafkreibzkelztvuwjb5tdyncx2vueqd24rulb5wswxi7zeerobcnf6f6vq/thumbnail.jpg",
          "aspectRatio" : {
            "width" : 1280,
            "height" : 720
          }
        },
        "replyCount" : 164,
        "repostCount" : 108,
        "likeCount" : 707,
        "quoteCount" : 18,
        "indexedAt" : 1739967310714,
        "viewer" : { },
        "labels" : [ ]
      }
    }, {
      "post" : {
        "uri" : "at://did:plc:vdkutau3xlw4p5jgj7cihr3i/app.bsky.feed.post/3lijasjq6wc2q",
        "cid" : "bafyreih4yhdqdalq3sibmtp5oe37wrdbyudmrhc57sytzcinnyhtqlheoq",
        "author" : {
          "did" : "did:plc:vdkutau3xlw4p5jgj7cihr3i",
          "handle" : "militarynewsua.bsky.social",
          "displayName" : "]]>&#x1fa96;<![CDATA[MilitaryNewsUA]]>&#x1f1fa;<![CDATA[]]>&#x1f1e6;<![CDATA[",
          "avatar" : "https://cdn.bsky.app/img/avatar/plain/did:plc:vdkutau3xlw4p5jgj7cihr3i/bafkreie6nhwc5asjqh5aj2jrfnon53ymrci62on5knsovz3rtyagte6yty@jpeg",
          "viewer" : {
            "muted" : false,
            "blockedBy" : false
          },
          "labels" : [ ],
          "createdAt" : 1731312800514
        },
        "record" : {
          "$type" : "app.bsky.feed.post",
          "createdAt" : 1739950055430,
          "embed" : {
            "$type" : "app.bsky.embed.video",
            "aspectRatio" : {
              "width" : 1280,
              "height" : 720
            },
            "video" : {
              "$type" : "blob",
              "ref" : {
                "$link" : "bafkreiejxnjaqpfogacde36rwfdyb6qosmgerrtfs2ozutsjgnm6d54hmq"
              },
              "mimeType" : "video/mp4",
              "size" : 1508461
            }
          },
          "langs" : [ "en" ],
          "text" : "❗️Asked whether he thought ]]>&#x1f1f7;<![CDATA[]]>&#x1f1fa;<![CDATA[Russian President Putin could be trusted in negotiations, ]]>&#x1f1fa;<![CDATA[]]>&#x1f1f8;<![CDATA[Republican Senator Roger Wicker, chairman of the Senate Armed Services Committee, said: “No. Putin is a war criminal who should be in prison for the rest of his life, if not executed.”"
        },
        "embed" : {
          "$type" : "app.bsky.embed.video#view",
          "cid" : "bafkreiejxnjaqpfogacde36rwfdyb6qosmgerrtfs2ozutsjgnm6d54hmq",
          "playlist" : "https://video.bsky.app/watch/did%3Aplc%3Avdkutau3xlw4p5jgj7cihr3i/bafkreiejxnjaqpfogacde36rwfdyb6qosmgerrtfs2ozutsjgnm6d54hmq/playlist.m3u8",
          "thumbnail" : "https://video.bsky.app/watch/did%3Aplc%3Avdkutau3xlw4p5jgj7cihr3i/bafkreiejxnjaqpfogacde36rwfdyb6qosmgerrtfs2ozutsjgnm6d54hmq/thumbnail.jpg",
          "aspectRatio" : {
            "width" : 1280,
            "height" : 720
          }
        },
        "replyCount" : 21,
        "repostCount" : 154,
        "likeCount" : 556,
        "quoteCount" : 11,
        "indexedAt" : 1739950057024,
        "viewer" : { },
        "labels" : [ ]
      }
    }, {
      "post" : {
        "uri" : "at://did:plc:mfrcz3kv7bsth54bkyrridp5/app.bsky.feed.post/3lijpq247g22c",
        "cid" : "bafyreih55h5kqkrk7442wmmzkafsp5oelwseujgfj7u52sskrs6ezjsy6i",
        "author" : {
          "did" : "did:plc:mfrcz3kv7bsth54bkyrridp5",
          "handle" : "sundaedivine.bsky.social",
          "displayName" : "]]>&#x1d54a;<![CDATA[]]>&#x1d566;<![CDATA[]]>&#x1d55f;<![CDATA[]]>&#x1d555;<![CDATA[]]>&#x1d552;<![CDATA[]]>&#x1d556;<![CDATA[ ]]>&#x1d53e;<![CDATA[]]>&#x1d566;<![CDATA[]]>&#x1d563;<![CDATA[]]>&#x1d55d;<![CDATA[",
          "avatar" : "https://cdn.bsky.app/img/avatar/plain/did:plc:mfrcz3kv7bsth54bkyrridp5/bafkreihglw2ph3hhskc546gzseinv7qcsolcd4pqvdre7qntvxzshb5cdi@jpeg",
          "associated" : {
            "chat" : {
              "allowIncoming" : "none"
            }
          },
          "viewer" : {
            "muted" : false,
            "blockedBy" : false
          },
          "labels" : [ {
            "src" : "did:plc:mfrcz3kv7bsth54bkyrridp5",
            "uri" : "at://did:plc:mfrcz3kv7bsth54bkyrridp5/app.bsky.actor.profile/self",
            "cid" : "bafyreihd6vwmyhgp6lbf3ssa24bvixb6xfapoqglgwxcnqqg63xrtsqohe",
            "val" : "!no-unauthenticated",
            "cts" : 18000000
          } ],
          "createdAt" : 1688497680872
        },
        "record" : {
          "$type" : "app.bsky.feed.post",
          "createdAt" : 1739966078059,
          "embed" : {
            "$type" : "app.bsky.embed.video",
            "aspectRatio" : {
              "width" : 1114,
              "height" : 576
            },
            "video" : {
              "$type" : "blob",
              "ref" : {
                "$link" : "bafkreidtuyqvatr2svp4chje3sel3phttuqmnv7k434lat2vv4bu4hh23i"
              },
              "mimeType" : "video/mp4",
              "size" : 1165539
            }
          },
          "langs" : [ "en" ],
          "text" : "If it’s brown, lay down\nIf it’s black, fight back\nIf it’s white, goodnight"
        },
        "embed" : {
          "$type" : "app.bsky.embed.video#view",
          "cid" : "bafkreidtuyqvatr2svp4chje3sel3phttuqmnv7k434lat2vv4bu4hh23i",
          "playlist" : "https://video.bsky.app/watch/did%3Aplc%3Amfrcz3kv7bsth54bkyrridp5/bafkreidtuyqvatr2svp4chje3sel3phttuqmnv7k434lat2vv4bu4hh23i/playlist.m3u8",
          "thumbnail" : "https://video.bsky.app/watch/did%3Aplc%3Amfrcz3kv7bsth54bkyrridp5/bafkreidtuyqvatr2svp4chje3sel3phttuqmnv7k434lat2vv4bu4hh23i/thumbnail.jpg",
          "aspectRatio" : {
            "width" : 1114,
            "height" : 576
          }
        },
        "replyCount" : 239,
        "repostCount" : 384,
        "likeCount" : 2081,
        "quoteCount" : 55,
        "indexedAt" : 1739966078921,
        "viewer" : { },
        "labels" : [ ]
      }
    }, {
      "post" : {
        "uri" : "at://did:plc:7ihvojd435lxcyvx5c5r6dip/app.bsky.feed.post/3lihkbdfy2s2j",
        "cid" : "bafyreieqt7o46clfalxxhepiylt4ai65po4h4skjvbtmrnu22iq5qj2dea",
        "author" : {
          "did" : "did:plc:7ihvojd435lxcyvx5c5r6dip",
          "handle" : "strategywoman.bsky.social",
          "displayName" : "Yaroslava Antipina",
          "avatar" : "https://cdn.bsky.app/img/avatar/plain/did:plc:7ihvojd435lxcyvx5c5r6dip/bafkreicfgk2rn2z3bbjemojda7ql7v64a2oseo5vgwmbr6rpkmdmxy5gvy@jpeg",
          "viewer" : {
            "muted" : false,
            "blockedBy" : false
          },
          "labels" : [ ],
          "createdAt" : 1695498579148
        },
        "record" : {
          "$type" : "app.bsky.feed.post",
          "createdAt" : 1739891496320,
          "embed" : {
            "$type" : "app.bsky.embed.video",
            "aspectRatio" : {
              "width" : 3840,
              "height" : 2160
            },
            "video" : {
              "$type" : "blob",
              "ref" : {
                "$link" : "bafkreig37l7n3tacwi2nzguegerm3n4zasihcawrg6aw5qb32youl57u6u"
              },
              "mimeType" : "video/mp4",
              "size" : 23262767
            }
          },
          "langs" : [ "en" ],
          "text" : "A calm forest walk\namidst the world’s turmoil."
        },
        "embed" : {
          "$type" : "app.bsky.embed.video#view",
          "cid" : "bafkreig37l7n3tacwi2nzguegerm3n4zasihcawrg6aw5qb32youl57u6u",
          "playlist" : "https://video.bsky.app/watch/did%3Aplc%3A7ihvojd435lxcyvx5c5r6dip/bafkreig37l7n3tacwi2nzguegerm3n4zasihcawrg6aw5qb32youl57u6u/playlist.m3u8",
          "thumbnail" : "https://video.bsky.app/watch/did%3Aplc%3A7ihvojd435lxcyvx5c5r6dip/bafkreig37l7n3tacwi2nzguegerm3n4zasihcawrg6aw5qb32youl57u6u/thumbnail.jpg",
          "aspectRatio" : {
            "width" : 3840,
            "height" : 2160
          }
        },
        "replyCount" : 39,
        "repostCount" : 76,
        "likeCount" : 877,
        "quoteCount" : 3,
        "indexedAt" : 1739891498520,
        "viewer" : { },
        "labels" : [ ]
      }
    }, {
      "post" : {
        "uri" : "at://did:plc:4llrhdclvdlmmynkwsmg5tdc/app.bsky.feed.post/3liiqyj6lmn2w",
        "cid" : "bafyreia5sgcbmuqe26htinyuezsdnyuveljlmndbthei3wqmnovyeqgfui",
        "author" : {
          "did" : "did:plc:4llrhdclvdlmmynkwsmg5tdc",
          "handle" : "atrupar.com",
          "displayName" : "Aaron Rupar",
          "avatar" : "https://cdn.bsky.app/img/avatar/plain/did:plc:4llrhdclvdlmmynkwsmg5tdc/bafkreibmhm3h6ar52pogvolisrzjdhwa2myras5vkxzj67twxn2l6pogwu@jpeg",
          "associated" : {
            "chat" : {
              "allowIncoming" : "following"
            }
          },
          "viewer" : {
            "muted" : false,
            "blockedBy" : false
          },
          "labels" : [ ],
          "createdAt" : 1682642877437
        },
        "record" : {
          "$type" : "app.bsky.feed.post",
          "createdAt" : 1739933076283,
          "embed" : {
            "$type" : "app.bsky.embed.video",
            "aspectRatio" : {
              "width" : 1280,
              "height" : 720
            },
            "video" : {
              "$type" : "blob",
              "ref" : {
                "$link" : "bafkreidi352y5pi77dpqmkki5bo7blucwtqjzmzsglyg7yh7zz3q63es6e"
              },
              "mimeType" : "video/mp4",
              "size" : 9988704
            }
          },
          "facets" : [ ],
          "langs" : [ "en" ],
          "text" : "Bernie Sanders: \"We're not only dealing with a move toward authoritarianism, we're dealing with what is new to America -- politicians have always lied, nothing new about that. But the level that we're seeing right now. The big lie, over and over again ... \""
        },
        "embed" : {
          "$type" : "app.bsky.embed.video#view",
          "cid" : "bafkreidi352y5pi77dpqmkki5bo7blucwtqjzmzsglyg7yh7zz3q63es6e",
          "playlist" : "https://video.bsky.app/watch/did%3Aplc%3A4llrhdclvdlmmynkwsmg5tdc/bafkreidi352y5pi77dpqmkki5bo7blucwtqjzmzsglyg7yh7zz3q63es6e/playlist.m3u8",
          "thumbnail" : "https://video.bsky.app/watch/did%3Aplc%3A4llrhdclvdlmmynkwsmg5tdc/bafkreidi352y5pi77dpqmkki5bo7blucwtqjzmzsglyg7yh7zz3q63es6e/thumbnail.jpg",
          "aspectRatio" : {
            "width" : 1280,
            "height" : 720
          }
        },
        "replyCount" : 551,
        "repostCount" : 6377,
        "likeCount" : 27718,
        "quoteCount" : 214,
        "indexedAt" : 1739933077719,
        "viewer" : { },
        "labels" : [ ]
      }
    }, {
      "post" : {
        "uri" : "at://did:plc:aabcopzc52gc5asf6hzvxfau/app.bsky.feed.post/3lihlovaw5c2v",
        "cid" : "bafyreidp6krj336egcn52gamdmbk7dnx5ufr6luxm47qqcrrfjz2flrq4u",
        "author" : {
          "did" : "did:plc:aabcopzc52gc5asf6hzvxfau",
          "handle" : "gnuman1979.bsky.social",
          "displayName" : "Jamie",
          "avatar" : "https://cdn.bsky.app/img/avatar/plain/did:plc:aabcopzc52gc5asf6hzvxfau/bafkreiduexashf2ko7wp3jn4i5o4bfxbktoo4eglzbp6dbt2ajvmme4d34@jpeg",
          "viewer" : {
            "muted" : false,
            "blockedBy" : false
          },
          "labels" : [ ],
          "createdAt" : 1694988987512
        },
        "record" : {
          "$type" : "app.bsky.feed.post",
          "createdAt" : 1739893024977,
          "embed" : {
            "$type" : "app.bsky.embed.video",
            "aspectRatio" : {
              "width" : 350,
              "height" : 168
            },
            "video" : {
              "$type" : "blob",
              "ref" : {
                "$link" : "bafkreideh3ltpd3syol2lltnw6tjezid5sgcko6gpjel6rtx7rozwn6dyy"
              },
              "mimeType" : "video/mp4",
              "size" : 275917
            }
          },
          "langs" : [ "en" ],
          "text" : "Don't let dad alone with the kids."
        },
        "embed" : {
          "$type" : "app.bsky.embed.video#view",
          "cid" : "bafkreideh3ltpd3syol2lltnw6tjezid5sgcko6gpjel6rtx7rozwn6dyy",
          "playlist" : "https://video.bsky.app/watch/did%3Aplc%3Aaabcopzc52gc5asf6hzvxfau/bafkreideh3ltpd3syol2lltnw6tjezid5sgcko6gpjel6rtx7rozwn6dyy/playlist.m3u8",
          "thumbnail" : "https://video.bsky.app/watch/did%3Aplc%3Aaabcopzc52gc5asf6hzvxfau/bafkreideh3ltpd3syol2lltnw6tjezid5sgcko6gpjel6rtx7rozwn6dyy/thumbnail.jpg",
          "aspectRatio" : {
            "width" : 350,
            "height" : 168
          }
        },
        "replyCount" : 6,
        "repostCount" : 5,
        "likeCount" : 36,
        "quoteCount" : 0,
        "indexedAt" : 1739893026125,
        "viewer" : { },
        "labels" : [ ]
      }
    }, {
      "post" : {
        "uri" : "at://did:plc:tsksqpjisdvtusxq6ide5tzj/app.bsky.feed.post/3lii7wxcitk2h",
        "cid" : "bafyreif6aj6l6wa4ur6g4dvob47vzhlfookqaw25chabcizxssk6gek5ju",
        "author" : {
          "did" : "did:plc:tsksqpjisdvtusxq6ide5tzj",
          "handle" : "adamkinzinger.bsky.social",
          "displayName" : "Adam Kinzinger",
          "avatar" : "https://cdn.bsky.app/img/avatar/plain/did:plc:tsksqpjisdvtusxq6ide5tzj/bafkreidsxdxp3kqmm7p6c34rjixibrazmnhjzzfgctjcrsov4v5wi2hbgi@jpeg",
          "associated" : {
            "chat" : {
              "allowIncoming" : "all"
            }
          },
          "viewer" : {
            "muted" : false,
            "blockedBy" : false,
            "following" : "at://did:plc:pgdrqxzv4kxt7tr3sa6pd77y/app.bsky.graph.follow/3laygg5hwfl2g"
          },
          "labels" : [ ],
          "createdAt" : 1693446834034
        },
        "record" : {
          "$type" : "app.bsky.feed.post",
          "createdAt" : 1739914770398,
          "embed" : {
            "$type" : "app.bsky.embed.external",
            "uri" : null,
            "title" : null,
            "description" : null,
            "thumb" : null
          },
          "langs" : [ "en" ],
          "text" : "Congressmen when they are asked if they will cut THEIR budgets and lay off staff as well:"
        },
        "embed" : {
          "$type" : "app.bsky.embed.external#view",
          "uri" : null,
          "title" : null,
          "description" : null,
          "thumb" : null
        },
        "replyCount" : 556,
        "repostCount" : 5448,
        "likeCount" : 29238,
        "quoteCount" : 134,
        "indexedAt" : 1739914771431,
        "viewer" : { },
        "labels" : [ ]
      }
    }, {
      "post" : {
        "uri" : "at://did:plc:r4x7r2rq4uhelbievhcxnqvy/app.bsky.feed.post/3liita3y6ds23",
        "cid" : "bafyreieam3hq2vl2wp7haolglwabitnl6ttqrnpvcrglkqfkkqaefgh64e",
        "author" : {
          "did" : "did:plc:r4x7r2rq4uhelbievhcxnqvy",
          "handle" : "thedevilhistory.bsky.social",
          "displayName" : "Dr. Jarret Ruminski",
          "avatar" : "https://cdn.bsky.app/img/avatar/plain/did:plc:r4x7r2rq4uhelbievhcxnqvy/bafkreihhinp5dr5nykti6y3eh5wehbvh56p3j6kcd3kwh4qqrj62u2u3ke@jpeg",
          "associated" : {
            "chat" : {
              "allowIncoming" : "following"
            }
          },
          "viewer" : {
            "muted" : false,
            "blockedBy" : false
          },
          "labels" : [ ],
          "createdAt" : 1692980977886
        },
        "record" : {
          "$type" : "app.bsky.feed.post",
          "createdAt" : 1739935478385,
          "langs" : [ "en" ],
          "text" : "This authoritarian fever won't break until Americans finally feel what it's like to live with no functional government. For generations, the Right's raison d'etre has been to destroy the New Deal, & now people who've mouthed on about \"small government\" are going to find out what that really means."
        },
        "replyCount" : 5,
        "repostCount" : 34,
        "likeCount" : 157,
        "quoteCount" : 2,
        "indexedAt" : 1739935476322,
        "viewer" : { },
        "labels" : [ ]
      }
    }, {
      "post" : {
        "uri" : "at://did:plc:4llrhdclvdlmmynkwsmg5tdc/app.bsky.feed.post/3liimepckcw2m",
        "cid" : "bafyreidnwrsenucelkcocq2wnxr2b4tjmowdyxcoh5tlbnt256heencia4",
        "author" : {
          "did" : "did:plc:4llrhdclvdlmmynkwsmg5tdc",
          "handle" : "atrupar.com",
          "displayName" : "Aaron Rupar",
          "avatar" : "https://cdn.bsky.app/img/avatar/plain/did:plc:4llrhdclvdlmmynkwsmg5tdc/bafkreibmhm3h6ar52pogvolisrzjdhwa2myras5vkxzj67twxn2l6pogwu@jpeg",
          "associated" : {
            "chat" : {
              "allowIncoming" : "following"
            }
          },
          "viewer" : {
            "muted" : false,
            "blockedBy" : false
          },
          "labels" : [ ],
          "createdAt" : 1682642877437
        },
        "record" : {
          "$type" : "app.bsky.feed.post",
          "createdAt" : 1739928116644,
          "embed" : {
            "$type" : "app.bsky.embed.video",
            "aspectRatio" : {
              "width" : 1280,
              "height" : 720
            },
            "video" : {
              "$type" : "blob",
              "ref" : {
                "$link" : "bafkreib3nkqdih2752qls4zwr2ctxyewgwevyzlngojlbrekwaxrqhudtm"
              },
              "mimeType" : "video/mp4",
              "size" : 8507408
            }
          },
          "facets" : [ ],
          "langs" : [ "en" ],
          "text" : "Crockett: \"It's just that they're idiots. These are the same guys as it relates to our nuclear stockpile, they're like, 'Oh, wait a minute, we needed those guys? Can we get them back? Oh, we don't know how to.' I don't know how anyone can look at this administration & feel a semblance of confidence\""
        },
        "embed" : {
          "$type" : "app.bsky.embed.video#view",
          "cid" : "bafkreib3nkqdih2752qls4zwr2ctxyewgwevyzlngojlbrekwaxrqhudtm",
          "playlist" : "https://video.bsky.app/watch/did%3Aplc%3A4llrhdclvdlmmynkwsmg5tdc/bafkreib3nkqdih2752qls4zwr2ctxyewgwevyzlngojlbrekwaxrqhudtm/playlist.m3u8",
          "thumbnail" : "https://video.bsky.app/watch/did%3Aplc%3A4llrhdclvdlmmynkwsmg5tdc/bafkreib3nkqdih2752qls4zwr2ctxyewgwevyzlngojlbrekwaxrqhudtm/thumbnail.jpg",
          "aspectRatio" : {
            "width" : 1280,
            "height" : 720
          }
        },
        "replyCount" : 1111,
        "repostCount" : 13495,
        "likeCount" : 53519,
        "quoteCount" : 994,
        "indexedAt" : 1739928118019,
        "viewer" : { },
        "labels" : [ ]
      }
    }, {
      "post" : {
        "uri" : "at://did:plc:uyh5huzxtthtkg6htsgt56lh/app.bsky.feed.post/3liieta2fic2g",
        "cid" : "bafyreiaiqlwvqlawsh7a66i4ifzsh44vruv7eskyps4pscheeihjxvvi7i",
        "author" : {
          "did" : "did:plc:uyh5huzxtthtkg6htsgt56lh",
          "handle" : "godpod.bsky.social",
          "displayName" : "God",
          "avatar" : "https://cdn.bsky.app/img/avatar/plain/did:plc:uyh5huzxtthtkg6htsgt56lh/bafkreif2pzoz4mklwmjf2nnifbu5xtnpp7ri4mdun7bvmz5iehowolomry@jpeg",
          "viewer" : {
            "muted" : false,
            "blockedBy" : false,
            "following" : "at://did:plc:pgdrqxzv4kxt7tr3sa6pd77y/app.bsky.graph.follow/3kebiplecie2f"
          },
          "labels" : [ ],
          "createdAt" : 1682799948941
        },
        "record" : {
          "$type" : "app.bsky.feed.post",
          "createdAt" : 1739920014060,
          "langs" : [ "en" ],
          "text" : "Imagine being rich enough to do anything you want and choosing to take food and medicine from starving children to give yourself even more money."
        },
        "replyCount" : 1924,
        "repostCount" : 17811,
        "likeCount" : 68473,
        "quoteCount" : 773,
        "indexedAt" : 1739920014415,
        "viewer" : { },
        "labels" : [ ]
      }
    }, {
      "post" : {
        "uri" : "at://did:plc:elsk4pvoxygbgz5qb3j2h2sx/app.bsky.feed.post/3lifjp5dos22c",
        "cid" : "bafyreiancohaksir75nrmnlvma3insi6hceaqgkh3myiqk5o5vebrvh4lm",
        "author" : {
          "did" : "did:plc:elsk4pvoxygbgz5qb3j2h2sx",
          "handle" : "idahoreports.org",
          "displayName" : "Idaho Reports",
          "avatar" : "https://cdn.bsky.app/img/avatar/plain/did:plc:elsk4pvoxygbgz5qb3j2h2sx/bafkreibr3ifqxumy5v6dkqjajveeuejkrvnnwyzsgrj5qywmm7nmcpgatm@jpeg",
          "viewer" : {
            "muted" : false,
            "blockedBy" : false
          },
          "labels" : [ ],
          "createdAt" : 1731712306935
        },
        "record" : {
          "$type" : "app.bsky.feed.post",
          "createdAt" : 1739822166479,
          "embed" : {
            "$type" : "app.bsky.embed.images",
            "alt" : null,
            "image" : null,
            "aspectRatio" : null
          },
          "facets" : [ {
            "index" : {
              "byteStart" : 88,
              "byteEnd" : 111
            },
            "features" : [ {
              "$type" : "app.bsky.richtext.facet#mention",
              "did" : "did:plc:6uj3ze76ar6natlkeezftjwd"
            } ]
          }, {
            "index" : {
              "byteStart" : 195,
              "byteEnd" : 201
            },
            "features" : [ {
              "$type" : "app.bsky.richtext.facet#tag",
              "tag" : "Idaho"
            } ]
          }, {
            "index" : {
              "byteStart" : 202,
              "byteEnd" : 208
            },
            "features" : [ {
              "$type" : "app.bsky.richtext.facet#tag",
              "tag" : "idleg"
            } ]
          }, {
            "index" : {
              "byteStart" : 209,
              "byteEnd" : 215
            },
            "features" : [ {
              "$type" : "app.bsky.richtext.facet#tag",
              "tag" : "idpol"
            } ]
          } ],
          "langs" : [ "en" ],
          "text" : "From our director Morgan McCollum: Several hundred people showed up in the rain for the @idaho50501.bsky.social Presidents Day protest against Trump, Musk and DOGE at the Idaho Capitol in Boise. #Idaho #idleg #idpol"
        },
        "embed" : {
          "$type" : "app.bsky.embed.images#view",
          "thumb" : null,
          "fullsize" : null,
          "alt" : null,
          "aspectRatio" : null
        },
        "replyCount" : 15,
        "repostCount" : 108,
        "likeCount" : 376,
        "quoteCount" : 12,
        "indexedAt" : 1739822172327,
        "viewer" : { },
        "labels" : [ ]
      }
    }, {
      "post" : {
        "uri" : "at://did:plc:nxhz7gqz3d4zfwvtq3uh4uxx/app.bsky.feed.post/3lifgvlhrhs2u",
        "cid" : "bafyreie24bv7ribr5k3nyna6tbi5xd7coavvli6dcllvpl6kx5sod5qsui",
        "author" : {
          "did" : "did:plc:nxhz7gqz3d4zfwvtq3uh4uxx",
          "handle" : "fearlessfreedom.bsky.social",
          "displayName" : "Freedom",
          "avatar" : "https://cdn.bsky.app/img/avatar/plain/did:plc:nxhz7gqz3d4zfwvtq3uh4uxx/bafkreiet5udfla4vsic73n7ntzdmk6olspbzj6idn733e2yqgrgmvsbf64@jpeg",
          "associated" : {
            "chat" : {
              "allowIncoming" : "none"
            }
          },
          "viewer" : {
            "muted" : false,
            "blockedBy" : false
          },
          "labels" : [ ],
          "createdAt" : 1738865594413
        },
        "record" : {
          "$type" : "app.bsky.feed.post",
          "createdAt" : 1739819161411,
          "embed" : {
            "$type" : "app.bsky.embed.images",
            "alt" : null,
            "image" : null,
            "aspectRatio" : null
          },
          "facets" : [ {
            "index" : {
              "byteStart" : 0,
              "byteEnd" : 14
            },
            "features" : [ {
              "$type" : "app.bsky.richtext.facet#tag",
              "tag" : "50501Movement"
            } ]
          }, {
            "index" : {
              "byteStart" : 15,
              "byteEnd" : 27
            },
            "features" : [ {
              "$type" : "app.bsky.richtext.facet#tag",
              "tag" : "TrumpMuskGo"
            } ]
          } ],
          "langs" : [ "en" ],
          "text" : "#50501Movement #TrumpMuskGo"
        },
        "embed" : {
          "$type" : "app.bsky.embed.images#view",
          "thumb" : null,
          "fullsize" : null,
          "alt" : null,
          "aspectRatio" : null
        },
        "replyCount" : 0,
        "repostCount" : 6,
        "likeCount" : 15,
        "quoteCount" : 0,
        "indexedAt" : 1739819176330,
        "viewer" : { },
        "labels" : [ ]
      },
      "reply" : {
        "root" : {
          "uri" : "at://did:plc:nxhz7gqz3d4zfwvtq3uh4uxx/app.bsky.feed.post/3lifgkk7h6s2u",
          "cid" : "bafyreibqagfe6foczpffeeu5awy23btqfmn6xj34t2tm7swgj7bh57f5ty",
          "author" : {
            "did" : "did:plc:nxhz7gqz3d4zfwvtq3uh4uxx",
            "handle" : "fearlessfreedom.bsky.social",
            "displayName" : "Freedom",
            "avatar" : "https://cdn.bsky.app/img/avatar/plain/did:plc:nxhz7gqz3d4zfwvtq3uh4uxx/bafkreiet5udfla4vsic73n7ntzdmk6olspbzj6idn733e2yqgrgmvsbf64@jpeg",
            "associated" : {
              "chat" : {
                "allowIncoming" : "none"
              }
            },
            "viewer" : {
              "muted" : false,
              "blockedBy" : false
            },
            "labels" : [ ],
            "createdAt" : 1738865594413
          },
          "record" : {
            "$type" : "app.bsky.feed.post",
            "createdAt" : 1739818790992,
            "facets" : [ {
              "index" : {
                "byteStart" : 0,
                "byteEnd" : 12
              },
              "features" : [ {
                "$type" : "app.bsky.richtext.facet#tag",
                "tag" : "trumpmuskgo"
              } ]
            } ],
            "langs" : [ "en" ],
            "text" : "#trumpmuskgo"
          },
          "replyCount" : 54,
          "repostCount" : 2,
          "likeCount" : 8,
          "quoteCount" : 0,
          "indexedAt" : 1739818791719,
          "viewer" : { },
          "labels" : [ ]
        },
        "parent" : {
          "uri" : "at://did:plc:nxhz7gqz3d4zfwvtq3uh4uxx/app.bsky.feed.post/3lifgkk7h6s2u",
          "cid" : "bafyreibqagfe6foczpffeeu5awy23btqfmn6xj34t2tm7swgj7bh57f5ty",
          "author" : {
            "did" : "did:plc:nxhz7gqz3d4zfwvtq3uh4uxx",
            "handle" : "fearlessfreedom.bsky.social",
            "displayName" : "Freedom",
            "avatar" : "https://cdn.bsky.app/img/avatar/plain/did:plc:nxhz7gqz3d4zfwvtq3uh4uxx/bafkreiet5udfla4vsic73n7ntzdmk6olspbzj6idn733e2yqgrgmvsbf64@jpeg",
            "associated" : {
              "chat" : {
                "allowIncoming" : "none"
              }
            },
            "viewer" : {
              "muted" : false,
              "blockedBy" : false
            },
            "labels" : [ ],
            "createdAt" : 1738865594413
          },
          "record" : {
            "$type" : "app.bsky.feed.post",
            "createdAt" : 1739818790992,
            "facets" : [ {
              "index" : {
                "byteStart" : 0,
                "byteEnd" : 12
              },
              "features" : [ {
                "$type" : "app.bsky.richtext.facet#tag",
                "tag" : "trumpmuskgo"
              } ]
            } ],
            "langs" : [ "en" ],
            "text" : "#trumpmuskgo"
          },
          "replyCount" : 54,
          "repostCount" : 2,
          "likeCount" : 8,
          "quoteCount" : 0,
          "indexedAt" : 1739818791719,
          "viewer" : { },
          "labels" : [ ]
        }
      }
    }, {
      "post" : {
        "uri" : "at://did:plc:ydpccpcaekhpxhkgebcjydgl/app.bsky.feed.post/3lidqdzdf2c2w",
        "cid" : "bafyreibla4lqmtkwmv46fowu7ubwkc3jvqogovlgw3js7zs6wtos4llnkm",
        "author" : {
          "did" : "did:plc:ydpccpcaekhpxhkgebcjydgl",
          "handle" : "greenwaters.bsky.social",
          "displayName" : "S",
          "avatar" : "https://cdn.bsky.app/img/avatar/plain/did:plc:ydpccpcaekhpxhkgebcjydgl/bafkreiayz3d6djmzxuvr3zal376e5d3uqv3kgompzmhm2c24x4aifpzuca@jpeg",
          "associated" : {
            "chat" : {
              "allowIncoming" : "none"
            }
          },
          "viewer" : {
            "muted" : false,
            "blockedBy" : false
          },
          "labels" : [ ],
          "createdAt" : 1718865464357
        },
        "record" : {
          "$type" : "app.bsky.feed.post",
          "createdAt" : 1739760589909,
          "langs" : [ "en" ],
          "text" : "From an American who did NOT vote for this evil nightmare.  I am so heartbroken, humiliated and terrified.  So very sorry ]]>&#x1f61e;<![CDATA["
        },
        "replyCount" : 0,
        "repostCount" : 1,
        "likeCount" : 68,
        "quoteCount" : 0,
        "indexedAt" : 1739760590916,
        "viewer" : { },
        "labels" : [ ]
      },
      "reply" : {
        "root" : {
          "uri" : "at://did:plc:qxwx3yb4m3dmjbu5luyyi7zm/app.bsky.feed.post/3licovwn3ks2s",
          "cid" : "bafyreifkpa4lp5o44uuvuocuv23nd5bkdnadafwwzjkjoqjl226yue56he",
          "author" : {
            "did" : "did:plc:qxwx3yb4m3dmjbu5luyyi7zm",
            "handle" : "krassenstein.bsky.social",
            "displayName" : "Krassensteins",
            "avatar" : "https://cdn.bsky.app/img/avatar/plain/did:plc:qxwx3yb4m3dmjbu5luyyi7zm/bafkreifb3kzfzpt4b2yq4mqs7aywvjteo7uzomcmmbdit24ivyjcw3qp4y@jpeg",
            "viewer" : {
              "muted" : false,
              "blockedBy" : false
            },
            "labels" : [ ],
            "createdAt" : 1681238006391
          },
          "record" : {
            "$type" : "app.bsky.feed.post",
            "createdAt" : 1739724683831,
            "embed" : {
              "$type" : "app.bsky.embed.images",
              "alt" : null,
              "image" : null,
              "aspectRatio" : null
            },
            "langs" : [ "en" ],
            "text" : ""
          },
          "embed" : {
            "$type" : "app.bsky.embed.images#view",
            "thumb" : null,
            "fullsize" : null,
            "alt" : null,
            "aspectRatio" : null
          },
          "replyCount" : 941,
          "repostCount" : 6618,
          "likeCount" : 30118,
          "quoteCount" : 415,
          "indexedAt" : 1739724686015,
          "viewer" : { },
          "labels" : [ ]
        },
        "parent" : {
          "uri" : "at://did:plc:qxwx3yb4m3dmjbu5luyyi7zm/app.bsky.feed.post/3licovwn3ks2s",
          "cid" : "bafyreifkpa4lp5o44uuvuocuv23nd5bkdnadafwwzjkjoqjl226yue56he",
          "author" : {
            "did" : "did:plc:qxwx3yb4m3dmjbu5luyyi7zm",
            "handle" : "krassenstein.bsky.social",
            "displayName" : "Krassensteins",
            "avatar" : "https://cdn.bsky.app/img/avatar/plain/did:plc:qxwx3yb4m3dmjbu5luyyi7zm/bafkreifb3kzfzpt4b2yq4mqs7aywvjteo7uzomcmmbdit24ivyjcw3qp4y@jpeg",
            "viewer" : {
              "muted" : false,
              "blockedBy" : false
            },
            "labels" : [ ],
            "createdAt" : 1681238006391
          },
          "record" : {
            "$type" : "app.bsky.feed.post",
            "createdAt" : 1739724683831,
            "embed" : {
              "$type" : "app.bsky.embed.images",
              "alt" : null,
              "image" : null,
              "aspectRatio" : null
            },
            "langs" : [ "en" ],
            "text" : ""
          },
          "embed" : {
            "$type" : "app.bsky.embed.images#view",
            "thumb" : null,
            "fullsize" : null,
            "alt" : null,
            "aspectRatio" : null
          },
          "replyCount" : 941,
          "repostCount" : 6618,
          "likeCount" : 30118,
          "quoteCount" : 415,
          "indexedAt" : 1739724686015,
          "viewer" : { },
          "labels" : [ ]
        }
      }
    }, {
      "post" : {
        "uri" : "at://did:plc:nvfposmpmhegtyvhbs75s3pw/app.bsky.feed.post/3lib6flsyt22d",
        "cid" : "bafyreigxf2mxsxptlgfrxxlt4gjebb5lnafq2j4eqdmlasmxrqzxwfbiwm",
        "author" : {
          "did" : "did:plc:nvfposmpmhegtyvhbs75s3pw",
          "handle" : "jamellebouie.net",
          "displayName" : "jamelle",
          "avatar" : "https://cdn.bsky.app/img/avatar/plain/did:plc:nvfposmpmhegtyvhbs75s3pw/bafkreiefjdjiahsa4upn3zabt4bxjfculjcxsdrxzc75nqlylfx7xo2izy@jpeg",
          "associated" : {
            "chat" : {
              "allowIncoming" : "following"
            }
          },
          "viewer" : {
            "muted" : false,
            "blockedBy" : false,
            "following" : "at://did:plc:pgdrqxzv4kxt7tr3sa6pd77y/app.bsky.graph.follow/3lcooonjqtg2f"
          },
          "labels" : [ ],
          "createdAt" : 1682613106732
        },
        "record" : {
          "$type" : "app.bsky.feed.post",
          "createdAt" : 1739672596020,
          "embed" : {
            "$type" : "app.bsky.embed.record",
            "cid" : null,
            "uri" : null
          },
          "langs" : [ "en" ],
          "text" : "worth saying again these these unilateral cuts are illegal. neither trump nor musk has the authority to unilaterally slash appropriated funds."
        },
        "embed" : {
          "$type" : "app.bsky.embed.record#view",
          "author" : null,
          "cid" : null,
          "embeds" : null,
          "indexedAt" : null,
          "labels" : null,
          "likeCount" : null,
          "quoteCount" : null,
          "replyCount" : null,
          "repostCount" : null,
          "uri" : null,
          "value" : null
        },
        "replyCount" : 478,
        "repostCount" : 4412,
        "likeCount" : 19083,
        "quoteCount" : 140,
        "indexedAt" : 1739672596223,
        "viewer" : { },
        "labels" : [ ]
      }
    }, {
      "post" : {
        "uri" : "at://did:plc:utoncswurgktfdhpfqnaraoj/app.bsky.feed.post/3licfvcvc722f",
        "cid" : "bafyreigdpcuvyhp6ojm5hj2a77pftecmyrfq4yy7l6mx5d2huymqwj7v6e",
        "author" : {
          "did" : "did:plc:utoncswurgktfdhpfqnaraoj",
          "handle" : "reclaimamerica.bsky.social",
          "displayName" : "Republicans Against Maga",
          "avatar" : "https://cdn.bsky.app/img/avatar/plain/did:plc:utoncswurgktfdhpfqnaraoj/bafkreihhozbzdrqecwn6iqy5jdcn2o6wmuwapjy6w2oiermxsgcncukimi@jpeg",
          "viewer" : {
            "muted" : false,
            "blockedBy" : false
          },
          "labels" : [ ],
          "createdAt" : 1731594011960
        },
        "record" : {
          "$type" : "app.bsky.feed.post",
          "createdAt" : 1739714999459,
          "embed" : {
            "$type" : "app.bsky.embed.images",
            "alt" : null,
            "image" : null,
            "aspectRatio" : null
          },
          "langs" : [ "en" ],
          "text" : "How’s that?"
        },
        "embed" : {
          "$type" : "app.bsky.embed.images#view",
          "thumb" : null,
          "fullsize" : null,
          "alt" : null,
          "aspectRatio" : null
        },
        "replyCount" : 12,
        "repostCount" : 63,
        "likeCount" : 368,
        "quoteCount" : 5,
        "indexedAt" : 1739715000919,
        "viewer" : { },
        "labels" : [ ]
      }
    }, {
      "post" : {
        "uri" : "at://did:plc:ir2b7mnp3f7qouemawhhew72/app.bsky.feed.post/3licmeqalzh2e",
        "cid" : "bafyreiet6aevsfyuweuolkacjbyzdlpelujdhl4rgdqw4doyzl7kfduyce",
        "author" : {
          "did" : "did:plc:ir2b7mnp3f7qouemawhhew72",
          "handle" : "biztoc.com",
          "displayName" : "BizToc",
          "avatar" : "https://cdn.bsky.app/img/avatar/plain/did:plc:ir2b7mnp3f7qouemawhhew72/bafkreiavqbkwhmj4desmciwlquwib3yfgzmabgsvq3rvdobtwkraev62de@jpeg",
          "viewer" : {
            "muted" : false,
            "blockedBy" : false,
            "following" : "at://did:plc:pgdrqxzv4kxt7tr3sa6pd77y/app.bsky.graph.follow/3kebsnzifvm2l"
          },
          "labels" : [ ],
          "createdAt" : 1684594368303
        },
        "record" : {
          "$type" : "app.bsky.feed.post",
          "createdAt" : 1739721959189,
          "embed" : {
            "$type" : "app.bsky.embed.external",
            "uri" : null,
            "title" : null,
            "description" : null,
            "thumb" : null
          },
          "facets" : [ {
            "index" : {
              "byteStart" : 152,
              "byteEnd" : 219
            },
            "features" : [ {
              "$type" : "app.bsky.richtext.facet#link",
              "uri" : "https://techcrunch.com/2025/02/16/openai-tries-to-uncensor-chatgpt/"
            } ]
          } ],
          "text" : "OpenAI Changes AI Model Training For Intellectual Freedom — OpenAI alters AI training to promote intellectual freedom, embracing challenging topics.\n\nhttps://techcrunch.com/2025/02/16/openai-tries-to-uncensor-chatgpt/"
        },
        "embed" : {
          "$type" : "app.bsky.embed.external#view",
          "uri" : null,
          "title" : null,
          "description" : null,
          "thumb" : null
        },
        "replyCount" : 0,
        "repostCount" : 1,
        "likeCount" : 4,
        "quoteCount" : 0,
        "indexedAt" : 1739721960425,
        "viewer" : { },
        "labels" : [ ]
      }
    }, {
      "post" : {
        "uri" : "at://did:plc:vovinwhtulbsx4mwfw26r5ni/app.bsky.feed.post/3licmv7lfcd22",
        "cid" : "bafyreiasbjebj7u67tybmrejecebnj2tunbin6b35pgmg7n3qlfjjs4rhe",
        "author" : {
          "did" : "did:plc:vovinwhtulbsx4mwfw26r5ni",
          "handle" : "theguardian.com",
          "displayName" : "The Guardian",
          "avatar" : "https://cdn.bsky.app/img/avatar/plain/did:plc:vovinwhtulbsx4mwfw26r5ni/bafkreigxxngb5ecgrleg6cqdzvxh4viycmns5cp6zalfl4o7ivmxiavsma@jpeg",
          "viewer" : {
            "muted" : false,
            "blockedBy" : false,
            "following" : "at://did:plc:pgdrqxzv4kxt7tr3sa6pd77y/app.bsky.graph.follow/3lb5rfqrbgn2g"
          },
          "labels" : [ ],
          "createdAt" : 1731667868071
        },
        "record" : {
          "$type" : "app.bsky.feed.post",
          "createdAt" : 1739722511000,
          "embed" : {
            "$type" : "app.bsky.embed.external",
            "uri" : null,
            "title" : null,
            "description" : null,
            "thumb" : null
          },
          "text" : "John Major: Trump’s US isolationism threatens global democracy"
        },
        "embed" : {
          "$type" : "app.bsky.embed.external#view",
          "uri" : null,
          "title" : null,
          "description" : null,
          "thumb" : null
        },
        "replyCount" : 32,
        "repostCount" : 84,
        "likeCount" : 348,
        "quoteCount" : 11,
        "indexedAt" : 1739722512821,
        "viewer" : { },
        "labels" : [ ]
      }
    }, {
      "post" : {
        "uri" : "at://did:plc:lfgjxeg7f7w6ryjfbomhcbsi/app.bsky.feed.post/3licnckffg224",
        "cid" : "bafyreiaq74ksgzzu7rufwjqm5aunguffqof423c5n7p3qvhylalnq74kl4",
        "author" : {
          "did" : "did:plc:lfgjxeg7f7w6ryjfbomhcbsi",
          "handle" : "mikenellis.bsky.social",
          "displayName" : "Mike Nellis",
          "avatar" : "https://cdn.bsky.app/img/avatar/plain/did:plc:lfgjxeg7f7w6ryjfbomhcbsi/bafkreiecf5wsoxo3gos7qy5b2pmy7qx3meyxvkoxo2ltninvsizsfl2m5e@jpeg",
          "viewer" : {
            "muted" : false,
            "blockedBy" : false,
            "following" : "at://did:plc:pgdrqxzv4kxt7tr3sa6pd77y/app.bsky.graph.follow/3ldkjvrgufl2f",
            "followedBy" : "at://did:plc:lfgjxeg7f7w6ryjfbomhcbsi/app.bsky.graph.follow/3lcwjzehmmt26"
          },
          "labels" : [ ],
          "createdAt" : 1731169867521
        },
        "record" : {
          "$type" : "app.bsky.feed.post",
          "createdAt" : 1739722959728,
          "langs" : [ "en" ],
          "text" : "If you’re a terminated federal worker and you’re thinking about running for office, send me a DM. I’d be happy to help connect you with the right people."
        },
        "replyCount" : 6,
        "repostCount" : 76,
        "likeCount" : 269,
        "quoteCount" : 3,
        "indexedAt" : 1739722960422,
        "viewer" : { },
        "labels" : [ ]
      }
    }, {
      "post" : {
        "uri" : "at://did:plc:lfgjxeg7f7w6ryjfbomhcbsi/app.bsky.feed.post/3lia32cpla225",
        "cid" : "bafyreiak5foarllcqkbipfdz6q7cu72pbjy7nchicpcpgyiivya6d7x67a",
        "author" : {
          "did" : "did:plc:lfgjxeg7f7w6ryjfbomhcbsi",
          "handle" : "mikenellis.bsky.social",
          "displayName" : "Mike Nellis",
          "avatar" : "https://cdn.bsky.app/img/avatar/plain/did:plc:lfgjxeg7f7w6ryjfbomhcbsi/bafkreiecf5wsoxo3gos7qy5b2pmy7qx3meyxvkoxo2ltninvsizsfl2m5e@jpeg",
          "viewer" : {
            "muted" : false,
            "blockedBy" : false,
            "following" : "at://did:plc:pgdrqxzv4kxt7tr3sa6pd77y/app.bsky.graph.follow/3ldkjvrgufl2f",
            "followedBy" : "at://did:plc:lfgjxeg7f7w6ryjfbomhcbsi/app.bsky.graph.follow/3lcwjzehmmt26"
          },
          "labels" : [ ],
          "createdAt" : 1731169867521
        },
        "record" : {
          "$type" : "app.bsky.feed.post",
          "createdAt" : 1739634636409,
          "langs" : [ "en" ],
          "text" : "Maybe Elon Musk should spend more time with his 18 kids and less time cutting cancer research for other people’s kids."
        },
        "replyCount" : 30,
        "repostCount" : 272,
        "likeCount" : 1180,
        "quoteCount" : 19,
        "indexedAt" : 1739634636717,
        "viewer" : { },
        "labels" : [ ]
      }
    }, {
      "post" : {
        "uri" : "at://did:plc:oe4qpchepoxur6nnvyrk5soj/app.bsky.feed.post/3li7gwdyjy22p",
        "cid" : "bafyreidicw3qv73zekftzndhjwqsvb5nlmg6sw7ppsdcozbku5hxqvm77y",
        "author" : {
          "did" : "did:plc:oe4qpchepoxur6nnvyrk5soj",
          "handle" : "richardbranson.bsky.social",
          "displayName" : "Richard Branson",
          "avatar" : "https://cdn.bsky.app/img/avatar/plain/did:plc:oe4qpchepoxur6nnvyrk5soj/bafkreicsa5gqufdsfuw4qcp3is4ii36uokjzwe6se6yn5vpqbvfpv2s3de@jpeg",
          "associated" : {
            "chat" : {
              "allowIncoming" : "none"
            }
          },
          "viewer" : {
            "muted" : false,
            "blockedBy" : false
          },
          "labels" : [ ],
          "createdAt" : 1732015070238
        },
        "record" : {
          "$type" : "app.bsky.feed.post",
          "createdAt" : 1739613028696,
          "embed" : {
            "$type" : "app.bsky.embed.external",
            "uri" : null,
            "title" : null,
            "description" : null,
            "thumb" : null
          },
          "langs" : [ "en" ],
          "text" : "Europe can’t rely on the strength of the transatlantic relationship to help contain Russia’s threat – it must lead from the front and be the true force of support that Ukraine needs. Not just for Ukraine’s sake, but for a free and sovereign Europe."
        },
        "embed" : {
          "$type" : "app.bsky.embed.external#view",
          "uri" : null,
          "title" : null,
          "description" : null,
          "thumb" : null
        },
        "replyCount" : 2399,
        "repostCount" : 10532,
        "likeCount" : 56830,
        "quoteCount" : 782,
        "indexedAt" : 1739613036216,
        "viewer" : { },
        "labels" : [ ]
      }
    }, {
      "post" : {
        "uri" : "at://did:plc:wdv57ktyddb6dtk3q74z5q3w/app.bsky.feed.post/3lhqnovt3yk2m",
        "cid" : "bafyreifxtnimswp73wnpvmwx6usq7juzfytrc3kedioshue4f7rtnnynti",
        "author" : {
          "did" : "did:plc:wdv57ktyddb6dtk3q74z5q3w",
          "handle" : "highlandheavens.bsky.social",
          "displayName" : "HIGHLAND HEAVENS ",
          "avatar" : "https://cdn.bsky.app/img/avatar/plain/did:plc:wdv57ktyddb6dtk3q74z5q3w/bafkreigtwau3oia2y4v5plrivkfsnf2lenpuzkrfvxzhrpd4gtqtanuopq@jpeg",
          "viewer" : {
            "muted" : false,
            "blockedBy" : false,
            "following" : "at://did:plc:pgdrqxzv4kxt7tr3sa6pd77y/app.bsky.graph.follow/3licpf6tpe62m",
            "followedBy" : "at://did:plc:wdv57ktyddb6dtk3q74z5q3w/app.bsky.graph.follow/3li7r5vvtdg2t"
          },
          "labels" : [ ],
          "createdAt" : 1700063137834
        },
        "record" : {
          "$type" : "app.bsky.feed.post",
          "createdAt" : 1739104899056,
          "embed" : {
            "$type" : "app.bsky.embed.images",
            "alt" : null,
            "image" : null,
            "aspectRatio" : null
          },
          "langs" : [ "en" ],
          "text" : "Amazing Switzerland"
        },
        "embed" : {
          "$type" : "app.bsky.embed.images#view",
          "thumb" : null,
          "fullsize" : null,
          "alt" : null,
          "aspectRatio" : null
        },
        "replyCount" : 13,
        "repostCount" : 44,
        "likeCount" : 702,
        "quoteCount" : 3,
        "indexedAt" : 1739104906716,
        "viewer" : { },
        "labels" : [ ]
      }
    }, {
      "post" : {
        "uri" : "at://did:plc:wdv57ktyddb6dtk3q74z5q3w/app.bsky.feed.post/3lht5tfixvs2g",
        "cid" : "bafyreihzdlbyjhry335cs2owowt6cf4cyzxxfoh5k2vaalzzubagmksqeq",
        "author" : {
          "did" : "did:plc:wdv57ktyddb6dtk3q74z5q3w",
          "handle" : "highlandheavens.bsky.social",
          "displayName" : "HIGHLAND HEAVENS ",
          "avatar" : "https://cdn.bsky.app/img/avatar/plain/did:plc:wdv57ktyddb6dtk3q74z5q3w/bafkreigtwau3oia2y4v5plrivkfsnf2lenpuzkrfvxzhrpd4gtqtanuopq@jpeg",
          "viewer" : {
            "muted" : false,
            "blockedBy" : false,
            "following" : "at://did:plc:pgdrqxzv4kxt7tr3sa6pd77y/app.bsky.graph.follow/3licpf6tpe62m",
            "followedBy" : "at://did:plc:wdv57ktyddb6dtk3q74z5q3w/app.bsky.graph.follow/3li7r5vvtdg2t"
          },
          "labels" : [ ],
          "createdAt" : 1700063137834
        },
        "record" : {
          "$type" : "app.bsky.feed.post",
          "createdAt" : 1739190949062,
          "embed" : {
            "$type" : "app.bsky.embed.images",
            "alt" : null,
            "image" : null,
            "aspectRatio" : null
          },
          "langs" : [ "en" ],
          "text" : "Northern lights over arctic skies"
        },
        "embed" : {
          "$type" : "app.bsky.embed.images#view",
          "thumb" : null,
          "fullsize" : null,
          "alt" : null,
          "aspectRatio" : null
        },
        "replyCount" : 5,
        "repostCount" : 24,
        "likeCount" : 409,
        "quoteCount" : 2,
        "indexedAt" : 1739190955032,
        "viewer" : { },
        "labels" : [ ]
      }
    }, {
      "post" : {
        "uri" : "at://did:plc:wdv57ktyddb6dtk3q74z5q3w/app.bsky.feed.post/3lhvlycj7z22r",
        "cid" : "bafyreihovnhwxwauzdi2nvhp3slhvw43if2yhrh5ncacprt2ycjzpfydtq",
        "author" : {
          "did" : "did:plc:wdv57ktyddb6dtk3q74z5q3w",
          "handle" : "highlandheavens.bsky.social",
          "displayName" : "HIGHLAND HEAVENS ",
          "avatar" : "https://cdn.bsky.app/img/avatar/plain/did:plc:wdv57ktyddb6dtk3q74z5q3w/bafkreigtwau3oia2y4v5plrivkfsnf2lenpuzkrfvxzhrpd4gtqtanuopq@jpeg",
          "viewer" : {
            "muted" : false,
            "blockedBy" : false,
            "following" : "at://did:plc:pgdrqxzv4kxt7tr3sa6pd77y/app.bsky.graph.follow/3licpf6tpe62m",
            "followedBy" : "at://did:plc:wdv57ktyddb6dtk3q74z5q3w/app.bsky.graph.follow/3li7r5vvtdg2t"
          },
          "labels" : [ ],
          "createdAt" : 1700063137834
        },
        "record" : {
          "$type" : "app.bsky.feed.post",
          "createdAt" : 1739274865565,
          "embed" : {
            "$type" : "app.bsky.embed.images",
            "alt" : null,
            "image" : null,
            "aspectRatio" : null
          },
          "langs" : [ "en" ],
          "text" : "Heaven is a place on earth"
        },
        "embed" : {
          "$type" : "app.bsky.embed.images#view",
          "thumb" : null,
          "fullsize" : null,
          "alt" : null,
          "aspectRatio" : null
        },
        "replyCount" : 4,
        "repostCount" : 26,
        "likeCount" : 348,
        "quoteCount" : 0,
        "indexedAt" : 1739274869815,
        "viewer" : { },
        "labels" : [ ]
      }
    }, {
      "post" : {
        "uri" : "at://did:plc:wdv57ktyddb6dtk3q74z5q3w/app.bsky.feed.post/3li7pkiwx3k2o",
        "cid" : "bafyreib3kji5knrfumaa2s5tz4e6stp4dhdktboexgkdx7srigsgetldai",
        "author" : {
          "did" : "did:plc:wdv57ktyddb6dtk3q74z5q3w",
          "handle" : "highlandheavens.bsky.social",
          "displayName" : "HIGHLAND HEAVENS ",
          "avatar" : "https://cdn.bsky.app/img/avatar/plain/did:plc:wdv57ktyddb6dtk3q74z5q3w/bafkreigtwau3oia2y4v5plrivkfsnf2lenpuzkrfvxzhrpd4gtqtanuopq@jpeg",
          "viewer" : {
            "muted" : false,
            "blockedBy" : false,
            "following" : "at://did:plc:pgdrqxzv4kxt7tr3sa6pd77y/app.bsky.graph.follow/3licpf6tpe62m",
            "followedBy" : "at://did:plc:wdv57ktyddb6dtk3q74z5q3w/app.bsky.graph.follow/3li7r5vvtdg2t"
          },
          "labels" : [ ],
          "createdAt" : 1700063137834
        },
        "record" : {
          "$type" : "app.bsky.feed.post",
          "createdAt" : 1739622294890,
          "embed" : {
            "$type" : "app.bsky.embed.images",
            "alt" : null,
            "image" : null,
            "aspectRatio" : null
          },
          "langs" : [ "en" ],
          "text" : "Northern lights dancing over Canadian mountain"
        },
        "embed" : {
          "$type" : "app.bsky.embed.images#view",
          "thumb" : null,
          "fullsize" : null,
          "alt" : null,
          "aspectRatio" : null
        },
        "replyCount" : 6,
        "repostCount" : 27,
        "likeCount" : 481,
        "quoteCount" : 3,
        "indexedAt" : 1739622304921,
        "viewer" : { },
        "labels" : [ ]
      }
    }, {
      "post" : {
        "uri" : "at://did:plc:56g2xmm4lqxztygzrvelvfnz/app.bsky.feed.post/3li5whq43es2m",
        "cid" : "bafyreifbx7fhyziqkyjuouyingimfjhokqt66bd3lbvvajmzqzio2a3qze",
        "author" : {
          "did" : "did:plc:56g2xmm4lqxztygzrvelvfnz",
          "handle" : "akelacooper.bsky.social",
          "displayName" : "Akela Cooper",
          "avatar" : "https://cdn.bsky.app/img/avatar/plain/did:plc:56g2xmm4lqxztygzrvelvfnz/bafkreiaheot2klc6amswr6h6iqgpqqw2vjatq4jncjqdjzbn7efylg24ba@jpeg",
          "associated" : {
            "chat" : {
              "allowIncoming" : "following"
            }
          },
          "viewer" : {
            "muted" : false,
            "blockedBy" : false
          },
          "labels" : [ ],
          "createdAt" : 1686782306847
        },
        "record" : {
          "$type" : "app.bsky.feed.post",
          "createdAt" : 1739560998472,
          "embed" : {
            "$type" : "app.bsky.embed.record",
            "cid" : null,
            "uri" : null
          },
          "langs" : [ "en" ],
          "text" : "How ppl treat support staff shows what kind of person they are. Love that Saquan (literally) pulled their assistant into the parade. He's a part of the team and he deserves to be there and Saquan respected that. Saquan's a good ]]>&#x1f95a;<![CDATA["
        },
        "embed" : {
          "$type" : "app.bsky.embed.record#view",
          "author" : null,
          "cid" : null,
          "embeds" : null,
          "indexedAt" : null,
          "labels" : null,
          "likeCount" : null,
          "quoteCount" : null,
          "replyCount" : null,
          "repostCount" : null,
          "uri" : null,
          "value" : null
        },
        "replyCount" : 4,
        "repostCount" : 14,
        "likeCount" : 74,
        "quoteCount" : 0,
        "indexedAt" : 1739560998821,
        "viewer" : { },
        "labels" : [ ]
      }
    }, {
      "post" : {
        "uri" : "at://did:plc:lylnuicmwzslk6fv22xznhsj/app.bsky.feed.post/3li5ykx4lys22",
        "cid" : "bafyreih6aznuvpvwgvwdsmq3pjjrl37gpc5fwxgo7vwqw43wx4wuf3eax4",
        "author" : {
          "did" : "did:plc:lylnuicmwzslk6fv22xznhsj",
          "handle" : "countmystars.bsky.social",
          "displayName" : "Liz Thurmond",
          "avatar" : "https://cdn.bsky.app/img/avatar/plain/did:plc:lylnuicmwzslk6fv22xznhsj/bafkreibth4gtntptpzcpwkusjxpgvda5c4gejiw4wdlw2bqr37ab64gnta@jpeg",
          "associated" : {
            "chat" : {
              "allowIncoming" : "following"
            }
          },
          "viewer" : {
            "muted" : false,
            "blockedBy" : false
          },
          "labels" : [ {
            "src" : "did:plc:lylnuicmwzslk6fv22xznhsj",
            "uri" : "at://did:plc:lylnuicmwzslk6fv22xznhsj/app.bsky.actor.profile/self",
            "cid" : "bafyreigbmbgy5p74ptqcvbaf7mju5wzndy2vktfuzrfs5rabrjmgmimokm",
            "val" : "!no-unauthenticated",
            "cts" : 18000000
          } ],
          "createdAt" : 1683255517865
        },
        "record" : {
          "$type" : "app.bsky.feed.post",
          "createdAt" : 1739563253976,
          "langs" : [ "en" ],
          "text" : "Love this!"
        },
        "replyCount" : 0,
        "repostCount" : 0,
        "likeCount" : 1,
        "quoteCount" : 0,
        "indexedAt" : 1739563254527,
        "viewer" : { },
        "labels" : [ ]
      },
      "reply" : {
        "root" : {
          "uri" : "at://did:plc:56g2xmm4lqxztygzrvelvfnz/app.bsky.feed.post/3li5whq43es2m",
          "cid" : "bafyreifbx7fhyziqkyjuouyingimfjhokqt66bd3lbvvajmzqzio2a3qze",
          "author" : {
            "did" : "did:plc:56g2xmm4lqxztygzrvelvfnz",
            "handle" : "akelacooper.bsky.social",
            "displayName" : "Akela Cooper",
            "avatar" : "https://cdn.bsky.app/img/avatar/plain/did:plc:56g2xmm4lqxztygzrvelvfnz/bafkreiaheot2klc6amswr6h6iqgpqqw2vjatq4jncjqdjzbn7efylg24ba@jpeg",
            "associated" : {
              "chat" : {
                "allowIncoming" : "following"
              }
            },
            "viewer" : {
              "muted" : false,
              "blockedBy" : false
            },
            "labels" : [ ],
            "createdAt" : 1686782306847
          },
          "record" : {
            "$type" : "app.bsky.feed.post",
            "createdAt" : 1739560998472,
            "embed" : {
              "$type" : "app.bsky.embed.record",
              "cid" : null,
              "uri" : null
            },
            "langs" : [ "en" ],
            "text" : "How ppl treat support staff shows what kind of person they are. Love that Saquan (literally) pulled their assistant into the parade. He's a part of the team and he deserves to be there and Saquan respected that. Saquan's a good ]]>&#x1f95a;<![CDATA["
          },
          "embed" : {
            "$type" : "app.bsky.embed.record#view",
            "author" : null,
            "cid" : null,
            "embeds" : null,
            "indexedAt" : null,
            "labels" : null,
            "likeCount" : null,
            "quoteCount" : null,
            "replyCount" : null,
            "repostCount" : null,
            "uri" : null,
            "value" : null
          },
          "replyCount" : 4,
          "repostCount" : 14,
          "likeCount" : 74,
          "quoteCount" : 0,
          "indexedAt" : 1739560998821,
          "viewer" : { },
          "labels" : [ ]
        },
        "parent" : {
          "uri" : "at://did:plc:56g2xmm4lqxztygzrvelvfnz/app.bsky.feed.post/3li5whq43es2m",
          "cid" : "bafyreifbx7fhyziqkyjuouyingimfjhokqt66bd3lbvvajmzqzio2a3qze",
          "author" : {
            "did" : "did:plc:56g2xmm4lqxztygzrvelvfnz",
            "handle" : "akelacooper.bsky.social",
            "displayName" : "Akela Cooper",
            "avatar" : "https://cdn.bsky.app/img/avatar/plain/did:plc:56g2xmm4lqxztygzrvelvfnz/bafkreiaheot2klc6amswr6h6iqgpqqw2vjatq4jncjqdjzbn7efylg24ba@jpeg",
            "associated" : {
              "chat" : {
                "allowIncoming" : "following"
              }
            },
            "viewer" : {
              "muted" : false,
              "blockedBy" : false
            },
            "labels" : [ ],
            "createdAt" : 1686782306847
          },
          "record" : {
            "$type" : "app.bsky.feed.post",
            "createdAt" : 1739560998472,
            "embed" : {
              "$type" : "app.bsky.embed.record",
              "cid" : null,
              "uri" : null
            },
            "langs" : [ "en" ],
            "text" : "How ppl treat support staff shows what kind of person they are. Love that Saquan (literally) pulled their assistant into the parade. He's a part of the team and he deserves to be there and Saquan respected that. Saquan's a good ]]>&#x1f95a;<![CDATA["
          },
          "embed" : {
            "$type" : "app.bsky.embed.record#view",
            "author" : null,
            "cid" : null,
            "embeds" : null,
            "indexedAt" : null,
            "labels" : null,
            "likeCount" : null,
            "quoteCount" : null,
            "replyCount" : null,
            "repostCount" : null,
            "uri" : null,
            "value" : null
          },
          "replyCount" : 4,
          "repostCount" : 14,
          "likeCount" : 74,
          "quoteCount" : 0,
          "indexedAt" : 1739560998821,
          "viewer" : { },
          "labels" : [ ]
        }
      }
    }, {
      "post" : {
        "uri" : "at://did:plc:g5vtv2sfogimiqepuolhkopj/app.bsky.feed.post/3li5xfybatk2v",
        "cid" : "bafyreih6i2b6chcnydyn27mqbmaveoj2axvzcyl36ayhbwjga7pusccqmm",
        "author" : {
          "did" : "did:plc:g5vtv2sfogimiqepuolhkopj",
          "handle" : "rachelsl.bsky.social",
          "displayName" : "Rachel Esselle",
          "avatar" : "https://cdn.bsky.app/img/avatar/plain/did:plc:g5vtv2sfogimiqepuolhkopj/bafkreifgct56rixewvbpj77qneom7zpdpqe7vhzir2ukpchceojzgilu5i@jpeg",
          "associated" : {
            "chat" : {
              "allowIncoming" : "following"
            }
          },
          "viewer" : {
            "muted" : false,
            "blockedBy" : false
          },
          "labels" : [ {
            "src" : "did:plc:g5vtv2sfogimiqepuolhkopj",
            "uri" : "at://did:plc:g5vtv2sfogimiqepuolhkopj/app.bsky.actor.profile/self",
            "cid" : "bafyreicocyoafinrhgtbjgdj7sbdf5a6b5p7vyeggik4tkrmrzlpjzp5w4",
            "val" : "!no-unauthenticated",
            "cts" : 18000000
          } ],
          "createdAt" : 1688245720123
        },
        "record" : {
          "$type" : "app.bsky.feed.post",
          "createdAt" : 1739562013661,
          "langs" : [ "en" ],
          "text" : "Thank you for something joyful today to break through the dread!"
        },
        "replyCount" : 0,
        "repostCount" : 0,
        "likeCount" : 3,
        "quoteCount" : 0,
        "indexedAt" : 1739562014326,
        "viewer" : { },
        "labels" : [ ]
      },
      "reply" : {
        "root" : {
          "uri" : "at://did:plc:56g2xmm4lqxztygzrvelvfnz/app.bsky.feed.post/3li5whq43es2m",
          "cid" : "bafyreifbx7fhyziqkyjuouyingimfjhokqt66bd3lbvvajmzqzio2a3qze",
          "author" : {
            "did" : "did:plc:56g2xmm4lqxztygzrvelvfnz",
            "handle" : "akelacooper.bsky.social",
            "displayName" : "Akela Cooper",
            "avatar" : "https://cdn.bsky.app/img/avatar/plain/did:plc:56g2xmm4lqxztygzrvelvfnz/bafkreiaheot2klc6amswr6h6iqgpqqw2vjatq4jncjqdjzbn7efylg24ba@jpeg",
            "associated" : {
              "chat" : {
                "allowIncoming" : "following"
              }
            },
            "viewer" : {
              "muted" : false,
              "blockedBy" : false
            },
            "labels" : [ ],
            "createdAt" : 1686782306847
          },
          "record" : {
            "$type" : "app.bsky.feed.post",
            "createdAt" : 1739560998472,
            "embed" : {
              "$type" : "app.bsky.embed.record",
              "cid" : null,
              "uri" : null
            },
            "langs" : [ "en" ],
            "text" : "How ppl treat support staff shows what kind of person they are. Love that Saquan (literally) pulled their assistant into the parade. He's a part of the team and he deserves to be there and Saquan respected that. Saquan's a good ]]>&#x1f95a;<![CDATA["
          },
          "embed" : {
            "$type" : "app.bsky.embed.record#view",
            "author" : null,
            "cid" : null,
            "embeds" : null,
            "indexedAt" : null,
            "labels" : null,
            "likeCount" : null,
            "quoteCount" : null,
            "replyCount" : null,
            "repostCount" : null,
            "uri" : null,
            "value" : null
          },
          "replyCount" : 4,
          "repostCount" : 14,
          "likeCount" : 74,
          "quoteCount" : 0,
          "indexedAt" : 1739560998821,
          "viewer" : { },
          "labels" : [ ]
        },
        "parent" : {
          "uri" : "at://did:plc:56g2xmm4lqxztygzrvelvfnz/app.bsky.feed.post/3li5whq43es2m",
          "cid" : "bafyreifbx7fhyziqkyjuouyingimfjhokqt66bd3lbvvajmzqzio2a3qze",
          "author" : {
            "did" : "did:plc:56g2xmm4lqxztygzrvelvfnz",
            "handle" : "akelacooper.bsky.social",
            "displayName" : "Akela Cooper",
            "avatar" : "https://cdn.bsky.app/img/avatar/plain/did:plc:56g2xmm4lqxztygzrvelvfnz/bafkreiaheot2klc6amswr6h6iqgpqqw2vjatq4jncjqdjzbn7efylg24ba@jpeg",
            "associated" : {
              "chat" : {
                "allowIncoming" : "following"
              }
            },
            "viewer" : {
              "muted" : false,
              "blockedBy" : false
            },
            "labels" : [ ],
            "createdAt" : 1686782306847
          },
          "record" : {
            "$type" : "app.bsky.feed.post",
            "createdAt" : 1739560998472,
            "embed" : {
              "$type" : "app.bsky.embed.record",
              "cid" : null,
              "uri" : null
            },
            "langs" : [ "en" ],
            "text" : "How ppl treat support staff shows what kind of person they are. Love that Saquan (literally) pulled their assistant into the parade. He's a part of the team and he deserves to be there and Saquan respected that. Saquan's a good ]]>&#x1f95a;<![CDATA["
          },
          "embed" : {
            "$type" : "app.bsky.embed.record#view",
            "author" : null,
            "cid" : null,
            "embeds" : null,
            "indexedAt" : null,
            "labels" : null,
            "likeCount" : null,
            "quoteCount" : null,
            "replyCount" : null,
            "repostCount" : null,
            "uri" : null,
            "value" : null
          },
          "replyCount" : 4,
          "repostCount" : 14,
          "likeCount" : 74,
          "quoteCount" : 0,
          "indexedAt" : 1739560998821,
          "viewer" : { },
          "labels" : [ ]
        }
      }
    }, {
      "post" : {
        "uri" : "at://did:plc:u4siojbqez2awxmevw54jgmv/app.bsky.feed.post/3li7nniv3uc2i",
        "cid" : "bafyreiag3cox3llq2kwngbe7gti4wlfux76r27aczdg4gvls2lxd57at3u",
        "author" : {
          "did" : "did:plc:u4siojbqez2awxmevw54jgmv",
          "handle" : "devinheroux.bsky.social",
          "displayName" : "Devin Heroux",
          "avatar" : "https://cdn.bsky.app/img/avatar/plain/did:plc:u4siojbqez2awxmevw54jgmv/bafkreiftbkzogcnmrla43o4fqoa7ifknowccjdlvw2coqf3uwvnk7jrbdi@jpeg",
          "viewer" : {
            "muted" : false,
            "blockedBy" : false
          },
          "labels" : [ ],
          "createdAt" : 1731596323958
        },
        "record" : {
          "$type" : "app.bsky.feed.post",
          "createdAt" : 1739620248030,
          "embed" : {
            "$type" : "app.bsky.embed.video",
            "aspectRatio" : {
              "width" : 1280,
              "height" : 720
            },
            "video" : {
              "$type" : "blob",
              "ref" : {
                "$link" : "bafkreie6gbfaixvsudpamacenzvnryw6k275aflpia7m2cw5nto7cll344"
              },
              "mimeType" : "video/mp4",
              "size" : 9231388
            }
          },
          "langs" : [ "en" ],
          "text" : "Here comes ]]>&#x1f1e8;<![CDATA[]]>&#x1f1e6;<![CDATA[ Ali Nullmeyer\n\nShe’s the lone Canadian remaining in the women’s slalom. \n\nNullmeyer with the 17th fastest first run. Watch live on CBC Sports"
        },
        "embed" : {
          "$type" : "app.bsky.embed.video#view",
          "cid" : "bafkreie6gbfaixvsudpamacenzvnryw6k275aflpia7m2cw5nto7cll344",
          "playlist" : "https://video.bsky.app/watch/did%3Aplc%3Au4siojbqez2awxmevw54jgmv/bafkreie6gbfaixvsudpamacenzvnryw6k275aflpia7m2cw5nto7cll344/playlist.m3u8",
          "thumbnail" : "https://video.bsky.app/watch/did%3Aplc%3Au4siojbqez2awxmevw54jgmv/bafkreie6gbfaixvsudpamacenzvnryw6k275aflpia7m2cw5nto7cll344/thumbnail.jpg",
          "aspectRatio" : {
            "width" : 1280,
            "height" : 720
          }
        },
        "replyCount" : 1,
        "repostCount" : 1,
        "likeCount" : 38,
        "quoteCount" : 0,
        "indexedAt" : 1739620248821,
        "viewer" : { },
        "labels" : [ ]
      }
    }, {
      "post" : {
        "uri" : "at://did:plc:ehbvdmlw2egofamelcht3jdt/app.bsky.feed.post/3li6hldmpec2v",
        "cid" : "bafyreih5tpviu4pljlhad2vxxvu7dt4pgeiiiyxwebcny7jaqijk7eodsi",
        "author" : {
          "did" : "did:plc:ehbvdmlw2egofamelcht3jdt",
          "handle" : "itsedsilha.bsky.social",
          "displayName" : "Edward Silha",
          "avatar" : "https://cdn.bsky.app/img/avatar/plain/did:plc:ehbvdmlw2egofamelcht3jdt/bafkreihmywpjfc6ahklfqnartqvcndas2gyacz2ggdh4a6ixkfhxr7hxyq@jpeg",
          "associated" : {
            "chat" : {
              "allowIncoming" : "none"
            }
          },
          "viewer" : {
            "muted" : false,
            "blockedBy" : false,
            "following" : "at://did:plc:pgdrqxzv4kxt7tr3sa6pd77y/app.bsky.graph.follow/3lbufcbaqa72x",
            "followedBy" : "at://did:plc:ehbvdmlw2egofamelcht3jdt/app.bsky.graph.follow/3lbtephvthz2a"
          },
          "labels" : [ ],
          "createdAt" : 1696996903246
        },
        "record" : {
          "$type" : "app.bsky.feed.post",
          "createdAt" : 1739579373212,
          "embed" : {
            "$type" : "app.bsky.embed.video",
            "aspectRatio" : {
              "width" : 1908,
              "height" : 1080
            },
            "video" : {
              "$type" : "blob",
              "ref" : {
                "$link" : "bafkreigpvwplhlqo2bkhkz6zqfkexib4hwvg54noopjao66iqx4gf5k5um"
              },
              "mimeType" : "video/mp4",
              "size" : 5659959
            }
          },
          "langs" : [ "en" ],
          "text" : "What’s happening in Sicily, Italy ]]>&#x1f1ee;<![CDATA[]]>&#x1f1f9;<![CDATA[ is absolutely extraordinary!\n\nMount Etna is erupting while its summit remains covered in snow—an incredible clash of fire and ice.\n\nHere are some explorers skiing between lava flows and snowy slopes—a truly unprecedented sight! ⛷]]>&#x1f525;<![CDATA[❄️"
        },
        "embed" : {
          "$type" : "app.bsky.embed.video#view",
          "cid" : "bafkreigpvwplhlqo2bkhkz6zqfkexib4hwvg54noopjao66iqx4gf5k5um",
          "playlist" : "https://video.bsky.app/watch/did%3Aplc%3Aehbvdmlw2egofamelcht3jdt/bafkreigpvwplhlqo2bkhkz6zqfkexib4hwvg54noopjao66iqx4gf5k5um/playlist.m3u8",
          "thumbnail" : "https://video.bsky.app/watch/did%3Aplc%3Aehbvdmlw2egofamelcht3jdt/bafkreigpvwplhlqo2bkhkz6zqfkexib4hwvg54noopjao66iqx4gf5k5um/thumbnail.jpg",
          "aspectRatio" : {
            "width" : 1908,
            "height" : 1080
          }
        },
        "replyCount" : 100,
        "repostCount" : 884,
        "likeCount" : 4472,
        "quoteCount" : 97,
        "indexedAt" : 1739579374017,
        "viewer" : { },
        "labels" : [ ]
      }
    }, {
      "post" : {
        "uri" : "at://did:plc:y7qza6tsh62nufdbhn4xnlkg/app.bsky.feed.post/3li63z75j6c2l",
        "cid" : "bafyreicyhsaudjc7xpcfykipyjuifs52kv3t3zziemzmmulfnrh52hqlka",
        "author" : {
          "did" : "did:plc:y7qza6tsh62nufdbhn4xnlkg",
          "handle" : "isaacrowlett.bsky.social",
          "displayName" : "Isaac Rowlett",
          "avatar" : "https://cdn.bsky.app/img/avatar/plain/did:plc:y7qza6tsh62nufdbhn4xnlkg/bafkreieifo5dppsc7shns37fpvu46huy4gsvysjmnnnitll72l74qpah6i@jpeg",
          "viewer" : {
            "muted" : false,
            "blockedBy" : false
          },
          "labels" : [ ],
          "createdAt" : 1687792332291
        },
        "record" : {
          "$type" : "app.bsky.feed.post",
          "createdAt" : 1739566953378,
          "embed" : {
            "$type" : "app.bsky.embed.video",
            "aspectRatio" : {
              "width" : 1080,
              "height" : 608
            },
            "video" : {
              "$type" : "blob",
              "ref" : {
                "$link" : "bafkreiezjuvtclkikavokkrczohsnvpvzitdhidh7ll7p47xbrfgd4ot5y"
              },
              "mimeType" : "video/mp4",
              "size" : 8704013
            }
          },
          "langs" : [ "en" ],
          "text" : "I ❤️ Milwaukee"
        },
        "embed" : {
          "$type" : "app.bsky.embed.video#view",
          "cid" : "bafkreiezjuvtclkikavokkrczohsnvpvzitdhidh7ll7p47xbrfgd4ot5y",
          "playlist" : "https://video.bsky.app/watch/did%3Aplc%3Ay7qza6tsh62nufdbhn4xnlkg/bafkreiezjuvtclkikavokkrczohsnvpvzitdhidh7ll7p47xbrfgd4ot5y/playlist.m3u8",
          "thumbnail" : "https://video.bsky.app/watch/did%3Aplc%3Ay7qza6tsh62nufdbhn4xnlkg/bafkreiezjuvtclkikavokkrczohsnvpvzitdhidh7ll7p47xbrfgd4ot5y/thumbnail.jpg",
          "aspectRatio" : {
            "width" : 1080,
            "height" : 608
          }
        },
        "replyCount" : 3,
        "repostCount" : 4,
        "likeCount" : 58,
        "quoteCount" : 1,
        "indexedAt" : 1739566954622,
        "viewer" : { },
        "labels" : [ ]
      }
    }, {
      "post" : {
        "uri" : "at://did:plc:6dncjiyu42adb2irwodoskfz/app.bsky.feed.post/3li63p3gmsc2d",
        "cid" : "bafyreifhswpns7k43niralkipa6ewgx5gqjgqoshc7yhtgohsta3mvpndy",
        "author" : {
          "did" : "did:plc:6dncjiyu42adb2irwodoskfz",
          "handle" : "24hoursukraine.bsky.social",
          "displayName" : "24Hours Ukraine",
          "avatar" : "https://cdn.bsky.app/img/avatar/plain/did:plc:6dncjiyu42adb2irwodoskfz/bafkreidpg3swir5eynuuuh76mvo5dvblqrdm4udqqxhbrmexqswmj3da2q@jpeg",
          "associated" : {
            "chat" : {
              "allowIncoming" : "all"
            }
          },
          "viewer" : {
            "muted" : false,
            "blockedBy" : false
          },
          "labels" : [ ],
          "createdAt" : 1721495002305
        },
        "record" : {
          "$type" : "app.bsky.feed.post",
          "createdAt" : 1739566613942,
          "embed" : {
            "$type" : "app.bsky.embed.video",
            "aspectRatio" : {
              "width" : 498,
              "height" : 300
            },
            "video" : {
              "$type" : "blob",
              "ref" : {
                "$link" : "bafkreia2pym3lrspq43pve2s62qwcmus7h4ziyolnovkfpjjob65b26hue"
              },
              "mimeType" : "video/mp4",
              "size" : 64259
            }
          },
          "langs" : [ "en" ],
          "text" : "]]>&#x1f1fa;<![CDATA[]]>&#x1f1e6;<![CDATA[President Zelenskyy: “If there is no NATO for Ukraine, we will create NATO in Ukraine.”"
        },
        "embed" : {
          "$type" : "app.bsky.embed.video#view",
          "cid" : "bafkreia2pym3lrspq43pve2s62qwcmus7h4ziyolnovkfpjjob65b26hue",
          "playlist" : "https://video.bsky.app/watch/did%3Aplc%3A6dncjiyu42adb2irwodoskfz/bafkreia2pym3lrspq43pve2s62qwcmus7h4ziyolnovkfpjjob65b26hue/playlist.m3u8",
          "thumbnail" : "https://video.bsky.app/watch/did%3Aplc%3A6dncjiyu42adb2irwodoskfz/bafkreia2pym3lrspq43pve2s62qwcmus7h4ziyolnovkfpjjob65b26hue/thumbnail.jpg",
          "aspectRatio" : {
            "width" : 498,
            "height" : 300
          }
        },
        "replyCount" : 14,
        "repostCount" : 65,
        "likeCount" : 303,
        "quoteCount" : 5,
        "indexedAt" : 1739566614316,
        "viewer" : { },
        "labels" : [ ]
      }
    }, {
      "post" : {
        "uri" : "at://did:plc:amshwsrh42m66em3mfap3kqp/app.bsky.feed.post/3li6dxgrc7s2t",
        "cid" : "bafyreiappvfm75x6oahskiqmjskdyc2hmt3x3guos7crzjzywec5yhizna",
        "author" : {
          "did" : "did:plc:amshwsrh42m66em3mfap3kqp",
          "handle" : "blueekko.bsky.social",
          "displayName" : "Blue Ekko",
          "avatar" : "https://cdn.bsky.app/img/avatar/plain/did:plc:amshwsrh42m66em3mfap3kqp/bafkreici6ibwxkzbpoqfvqcvwptos27t2ivn6bfvewk3tybknsosacpts4@jpeg",
          "viewer" : {
            "muted" : false,
            "blockedBy" : false
          },
          "labels" : [ {
            "src" : "did:plc:amshwsrh42m66em3mfap3kqp",
            "uri" : "at://did:plc:amshwsrh42m66em3mfap3kqp/app.bsky.actor.profile/self",
            "cid" : "bafyreiexs2r5qb2a3aldaykqxjjnkdbznylxzvodwttnvzlptixbpmfeae",
            "val" : "!no-unauthenticated",
            "cts" : 1731466189987
          } ],
          "createdAt" : 1731448190736
        },
        "record" : {
          "$type" : "app.bsky.feed.post",
          "createdAt" : 1739575484196,
          "embed" : {
            "$type" : "app.bsky.embed.video",
            "aspectRatio" : {
              "width" : 1080,
              "height" : 1920
            },
            "video" : {
              "$type" : "blob",
              "ref" : {
                "$link" : "bafkreihuwcepznxj7v4avofrnrfiuxqwucksm6m2qtigz4hdtix6apeute"
              },
              "mimeType" : "video/mp4",
              "size" : 18404802
            }
          },
          "langs" : [ "en" ],
          "text" : "Here’s your moment of zen. Went skiing today instead of doom scrolling."
        },
        "embed" : {
          "$type" : "app.bsky.embed.video#view",
          "cid" : "bafkreihuwcepznxj7v4avofrnrfiuxqwucksm6m2qtigz4hdtix6apeute",
          "playlist" : "https://video.bsky.app/watch/did%3Aplc%3Aamshwsrh42m66em3mfap3kqp/bafkreihuwcepznxj7v4avofrnrfiuxqwucksm6m2qtigz4hdtix6apeute/playlist.m3u8",
          "thumbnail" : "https://video.bsky.app/watch/did%3Aplc%3Aamshwsrh42m66em3mfap3kqp/bafkreihuwcepznxj7v4avofrnrfiuxqwucksm6m2qtigz4hdtix6apeute/thumbnail.jpg",
          "aspectRatio" : {
            "width" : 1080,
            "height" : 1920
          }
        },
        "replyCount" : 8,
        "repostCount" : 16,
        "likeCount" : 278,
        "quoteCount" : 0,
        "indexedAt" : 1739575486826,
        "viewer" : { },
        "labels" : [ ]
      }
    }, {
      "post" : {
        "uri" : "at://did:plc:m453r6fotgsoegzxtxj7snwa/app.bsky.feed.post/3li5grwaeik2g",
        "cid" : "bafyreid3xzlf4tdbsctpetjpppomef6in6ts2vn5dyggwchwbu2hggiusi",
        "author" : {
          "did" : "did:plc:m453r6fotgsoegzxtxj7snwa",
          "handle" : "nature-universe.bsky.social",
          "displayName" : "Nature's masterpiece ]]>&#x1f340;<![CDATA[",
          "avatar" : "https://cdn.bsky.app/img/avatar/plain/did:plc:m453r6fotgsoegzxtxj7snwa/bafkreiffiiqane5iovs2jevleiczlwsmvqippg5peoj45qjwdg7u36lj7e@jpeg",
          "viewer" : {
            "muted" : false,
            "blockedBy" : false
          },
          "labels" : [ ],
          "createdAt" : 1732183750033
        },
        "record" : {
          "$type" : "app.bsky.feed.post",
          "createdAt" : 1739544160576,
          "embed" : {
            "$type" : "app.bsky.embed.video",
            "aspectRatio" : {
              "width" : 360,
              "height" : 640
            },
            "video" : {
              "$type" : "blob",
              "ref" : {
                "$link" : "bafkreic32lez4p6smz5gjxwuqgtnrbu4h6l4ozbx4f6resqg7f7sxfgpgq"
              },
              "mimeType" : "video/mp4",
              "size" : 2313956
            }
          },
          "langs" : [ "en" ],
          "text" : "Orcas swimming under the northern lights of Norway."
        },
        "embed" : {
          "$type" : "app.bsky.embed.video#view",
          "cid" : "bafkreic32lez4p6smz5gjxwuqgtnrbu4h6l4ozbx4f6resqg7f7sxfgpgq",
          "playlist" : "https://video.bsky.app/watch/did%3Aplc%3Am453r6fotgsoegzxtxj7snwa/bafkreic32lez4p6smz5gjxwuqgtnrbu4h6l4ozbx4f6resqg7f7sxfgpgq/playlist.m3u8",
          "thumbnail" : "https://video.bsky.app/watch/did%3Aplc%3Am453r6fotgsoegzxtxj7snwa/bafkreic32lez4p6smz5gjxwuqgtnrbu4h6l4ozbx4f6resqg7f7sxfgpgq/thumbnail.jpg",
          "aspectRatio" : {
            "width" : 360,
            "height" : 640
          }
        },
        "replyCount" : 182,
        "repostCount" : 1360,
        "likeCount" : 11291,
        "quoteCount" : 133,
        "indexedAt" : 1739544162315,
        "viewer" : { },
        "labels" : [ ]
      }
    }, {
      "post" : {
        "uri" : "at://did:plc:jpvse5d5p5hdcu3rouohlbpx/app.bsky.feed.post/3li5hqqpa5c2z",
        "cid" : "bafyreieuiyu4lpvogeoznjconoa3uy6trdpqdjfriu2lmau2eef2rjrzti",
        "author" : {
          "did" : "did:plc:jpvse5d5p5hdcu3rouohlbpx",
          "handle" : "davidaugust.bsky.social",
          "displayName" : "David August",
          "avatar" : "https://cdn.bsky.app/img/avatar/plain/did:plc:jpvse5d5p5hdcu3rouohlbpx/bafkreiffftfzjavwxjngh4eelqmkngar2ivvz5gk2zkddt4badoxqm6s3e@jpeg",
          "associated" : {
            "chat" : {
              "allowIncoming" : "following"
            }
          },
          "viewer" : {
            "muted" : false,
            "blockedBy" : false
          },
          "labels" : [ ],
          "createdAt" : 1691515939885
        },
        "record" : {
          "$type" : "app.bsky.feed.post",
          "createdAt" : 1739545194956,
          "embed" : {
            "$type" : "app.bsky.embed.video",
            "aspectRatio" : {
              "width" : 848,
              "height" : 480
            },
            "video" : {
              "$type" : "blob",
              "ref" : {
                "$link" : "bafkreifl22uwoc3wsehhwcz5z6ywcadgymbo5d2l2jviof2ckxzr7puheu"
              },
              "mimeType" : "video/mp4",
              "size" : 785893
            }
          },
          "langs" : [ "en" ],
          "text" : "Mount Etna is erupting in Italy and people are skiing next to it. Lava skiing sounds kind of amazing and fun. \n\n]]>&#x1f30b;<![CDATA[⛷️ \n\nvia @dbattistella@todon.eu"
        },
        "embed" : {
          "$type" : "app.bsky.embed.video#view",
          "cid" : "bafkreifl22uwoc3wsehhwcz5z6ywcadgymbo5d2l2jviof2ckxzr7puheu",
          "playlist" : "https://video.bsky.app/watch/did%3Aplc%3Ajpvse5d5p5hdcu3rouohlbpx/bafkreifl22uwoc3wsehhwcz5z6ywcadgymbo5d2l2jviof2ckxzr7puheu/playlist.m3u8",
          "thumbnail" : "https://video.bsky.app/watch/did%3Aplc%3Ajpvse5d5p5hdcu3rouohlbpx/bafkreifl22uwoc3wsehhwcz5z6ywcadgymbo5d2l2jviof2ckxzr7puheu/thumbnail.jpg",
          "aspectRatio" : {
            "width" : 848,
            "height" : 480
          }
        },
        "replyCount" : 20,
        "repostCount" : 80,
        "likeCount" : 545,
        "quoteCount" : 9,
        "indexedAt" : 1739545196324,
        "viewer" : { },
        "labels" : [ ]
      }
    }, {
      "post" : {
        "uri" : "at://did:plc:zl7kgfro2rx3pavbslhhdhuy/app.bsky.feed.post/3li7l25kecc2o",
        "cid" : "bafyreibfkvxddftxrfnbj6mpzks2hqwmnk3rozilaym7qrj5d6nxb6fili",
        "author" : {
          "did" : "did:plc:zl7kgfro2rx3pavbslhhdhuy",
          "handle" : "ibra1.bsky.social",
          "displayName" : "Ibra",
          "avatar" : "https://cdn.bsky.app/img/avatar/plain/did:plc:zl7kgfro2rx3pavbslhhdhuy/bafkreih6jo3llzapl2bfqfm4fooe4hfu3f2halvzzpvlohhyqnxmyld4ly@jpeg",
          "viewer" : {
            "muted" : false,
            "blockedBy" : false
          },
          "labels" : [ ],
          "createdAt" : 1700150333064
        },
        "record" : {
          "$type" : "app.bsky.feed.post",
          "createdAt" : 1739617451126,
          "embed" : {
            "$type" : "app.bsky.embed.video",
            "aspectRatio" : {
              "width" : 960,
              "height" : 720
            },
            "video" : {
              "$type" : "blob",
              "ref" : {
                "$link" : "bafkreicuj4bzff36m7a5xn56ktb7txboewijufgj5rnj2kqevzehw7r7jq"
              },
              "mimeType" : "video/mp4",
              "size" : 11375311
            }
          },
          "langs" : [ "en" ],
          "text" : "POV: flying over mountains on the back of an Eagle"
        },
        "embed" : {
          "$type" : "app.bsky.embed.video#view",
          "cid" : "bafkreicuj4bzff36m7a5xn56ktb7txboewijufgj5rnj2kqevzehw7r7jq",
          "playlist" : "https://video.bsky.app/watch/did%3Aplc%3Azl7kgfro2rx3pavbslhhdhuy/bafkreicuj4bzff36m7a5xn56ktb7txboewijufgj5rnj2kqevzehw7r7jq/playlist.m3u8",
          "thumbnail" : "https://video.bsky.app/watch/did%3Aplc%3Azl7kgfro2rx3pavbslhhdhuy/bafkreicuj4bzff36m7a5xn56ktb7txboewijufgj5rnj2kqevzehw7r7jq/thumbnail.jpg",
          "aspectRatio" : {
            "width" : 960,
            "height" : 720
          }
        },
        "replyCount" : 4,
        "repostCount" : 12,
        "likeCount" : 70,
        "quoteCount" : 0,
        "indexedAt" : 1739617452619,
        "viewer" : { },
        "labels" : [ ]
      }
    }, {
      "post" : {
        "uri" : "at://did:plc:pnvfahpzogi64j4qxyb4vi6v/app.bsky.feed.post/3li6jrellfs27",
        "cid" : "bafyreia244fnxqn4b4edw6mw243aejgh3z6tbc562ret23re7vff5oxttq",
        "author" : {
          "did" : "did:plc:pnvfahpzogi64j4qxyb4vi6v",
          "handle" : "abraxsys.bsky.social",
          "displayName" : "Abraxsys",
          "avatar" : "https://cdn.bsky.app/img/avatar/plain/did:plc:pnvfahpzogi64j4qxyb4vi6v/bafkreih5cagroyi2lneoxk7gsuzdub7au4gfwex3qd7tufm332y7n2mh4e@jpeg",
          "associated" : {
            "chat" : {
              "allowIncoming" : "none"
            }
          },
          "viewer" : {
            "muted" : false,
            "blockedBy" : false
          },
          "labels" : [ ],
          "createdAt" : 1690994657017
        },
        "record" : {
          "$type" : "app.bsky.feed.post",
          "createdAt" : 1739581723036,
          "embed" : {
            "$type" : "app.bsky.embed.video",
            "aspectRatio" : {
              "width" : 576,
              "height" : 1024
            },
            "video" : {
              "$type" : "blob",
              "ref" : {
                "$link" : "bafkreidpmciiwrdh7wvpdqhhe2cgk6vdayfycctputskceaymzt3qp6aqi"
              },
              "mimeType" : "video/mp4",
              "size" : 5825631
            }
          },
          "facets" : [ {
            "index" : {
              "byteStart" : 37,
              "byteEnd" : 46
            },
            "features" : [ {
              "$type" : "app.bsky.richtext.facet#tag",
              "tag" : "Penguins"
            } ]
          }, {
            "index" : {
              "byteStart" : 47,
              "byteEnd" : 55
            },
            "features" : [ {
              "$type" : "app.bsky.richtext.facet#tag",
              "tag" : "Animals"
            } ]
          } ],
          "langs" : [ "en" ],
          "text" : "Some heroes drive boats ]]>&#x1f929;<![CDATA[]]>&#x1f60d;<![CDATA[]]>&#x1f970;<![CDATA[ #Penguins #Animals"
        },
        "embed" : {
          "$type" : "app.bsky.embed.video#view",
          "cid" : "bafkreidpmciiwrdh7wvpdqhhe2cgk6vdayfycctputskceaymzt3qp6aqi",
          "playlist" : "https://video.bsky.app/watch/did%3Aplc%3Apnvfahpzogi64j4qxyb4vi6v/bafkreidpmciiwrdh7wvpdqhhe2cgk6vdayfycctputskceaymzt3qp6aqi/playlist.m3u8",
          "thumbnail" : "https://video.bsky.app/watch/did%3Aplc%3Apnvfahpzogi64j4qxyb4vi6v/bafkreidpmciiwrdh7wvpdqhhe2cgk6vdayfycctputskceaymzt3qp6aqi/thumbnail.jpg",
          "aspectRatio" : {
            "width" : 576,
            "height" : 1024
          }
        },
        "replyCount" : 7,
        "repostCount" : 18,
        "likeCount" : 109,
        "quoteCount" : 3,
        "indexedAt" : 1739581724417,
        "viewer" : { },
        "labels" : [ ]
      }
    }, {
      "post" : {
        "uri" : "at://did:plc:7rsjdyalzv3zjtathjdhbb4h/app.bsky.feed.post/3li7p3aiahs2d",
        "cid" : "bafyreif2lqf3kilp6goqdek3o2doz663ii7xbb4fwm4mhtfrzgwnaiprvm",
        "author" : {
          "did" : "did:plc:7rsjdyalzv3zjtathjdhbb4h",
          "handle" : "ratpackdc.bsky.social",
          "displayName" : "I'm Stella ✨ a chinchilla with a pet human",
          "avatar" : "https://cdn.bsky.app/img/avatar/plain/did:plc:7rsjdyalzv3zjtathjdhbb4h/bafkreige63juwgz5axdcktm66m7nb5hnnk3zthgvxg2wlj55q2g3gvhjle@jpeg",
          "viewer" : {
            "muted" : false,
            "blockedBy" : false
          },
          "labels" : [ {
            "src" : "did:plc:7rsjdyalzv3zjtathjdhbb4h",
            "uri" : "at://did:plc:7rsjdyalzv3zjtathjdhbb4h/app.bsky.actor.profile/self",
            "cid" : "bafyreifj6xz6be356dd4xhpq7nxqcv266awhkieey27tv7qb6uxjmah2cy",
            "val" : "!no-unauthenticated",
            "cts" : 1731123555063
          } ],
          "createdAt" : 1731105556410
        },
        "record" : {
          "$type" : "app.bsky.feed.post",
          "createdAt" : 1739621782719,
          "embed" : {
            "$type" : "app.bsky.embed.video",
            "aspectRatio" : {
              "width" : 1920,
              "height" : 1080
            },
            "video" : {
              "$type" : "blob",
              "ref" : {
                "$link" : "bafkreid76cksmrzheudywwax3csp6k7xtk34f4ssxxztd3zx46wojxms4i"
              },
              "mimeType" : "video/mp4",
              "size" : 4960431
            }
          },
          "langs" : [ "en" ],
          "text" : "Good morning ]]>&#x1f305;<![CDATA[ \nHappy Raturday!"
        },
        "embed" : {
          "$type" : "app.bsky.embed.video#view",
          "cid" : "bafkreid76cksmrzheudywwax3csp6k7xtk34f4ssxxztd3zx46wojxms4i",
          "playlist" : "https://video.bsky.app/watch/did%3Aplc%3A7rsjdyalzv3zjtathjdhbb4h/bafkreid76cksmrzheudywwax3csp6k7xtk34f4ssxxztd3zx46wojxms4i/playlist.m3u8",
          "thumbnail" : "https://video.bsky.app/watch/did%3Aplc%3A7rsjdyalzv3zjtathjdhbb4h/bafkreid76cksmrzheudywwax3csp6k7xtk34f4ssxxztd3zx46wojxms4i/thumbnail.jpg",
          "aspectRatio" : {
            "width" : 1920,
            "height" : 1080
          }
        },
        "replyCount" : 2,
        "repostCount" : 5,
        "likeCount" : 55,
        "quoteCount" : 0,
        "indexedAt" : 1739621784723,
        "viewer" : { },
        "labels" : [ ]
      }
    }, {
      "post" : {
        "uri" : "at://did:plc:y5xyloyy7s4a2bwfeimj7r3b/app.bsky.feed.post/3li6elyyves2q",
        "cid" : "bafyreiftnwtrm44dotvofku5sr7q3bfstkfliups3qu4jw3znmu4zkbvxe",
        "author" : {
          "did" : "did:plc:y5xyloyy7s4a2bwfeimj7r3b",
          "handle" : "mcuban.bsky.social",
          "displayName" : "Mark Cuban",
          "avatar" : "https://cdn.bsky.app/img/avatar/plain/did:plc:y5xyloyy7s4a2bwfeimj7r3b/bafkreihxddlkbnblytjdbajg5qopawdfcabg5e7ppwja6zmm3lvnedzojm@jpeg",
          "viewer" : {
            "muted" : false,
            "blockedBy" : false,
            "following" : "at://did:plc:pgdrqxzv4kxt7tr3sa6pd77y/app.bsky.graph.follow/3kebioim7l22d"
          },
          "labels" : [ ],
          "createdAt" : 1683008299464
        },
        "record" : {
          "$type" : "app.bsky.feed.post",
          "createdAt" : 1739576174403,
          "embed" : {
            "$type" : "app.bsky.embed.record",
            "cid" : null,
            "uri" : null
          },
          "langs" : [ "en" ],
          "text" : "Where you at Dems ? You fighting to get them far better severance or going to ignore them, and all others in similar circumstances?"
        },
        "embed" : {
          "$type" : "app.bsky.embed.record#view",
          "author" : null,
          "cid" : null,
          "embeds" : null,
          "indexedAt" : null,
          "labels" : null,
          "likeCount" : null,
          "quoteCount" : null,
          "replyCount" : null,
          "repostCount" : null,
          "uri" : null,
          "value" : null
        },
        "replyCount" : 2780,
        "repostCount" : 7937,
        "likeCount" : 36512,
        "quoteCount" : 505,
        "indexedAt" : 1739576174622,
        "viewer" : { },
        "labels" : [ ]
      }
    }, {
      "post" : {
        "uri" : "at://did:plc:gq6h25zrxme7ddvfb2mev7y3/app.bsky.feed.post/3li67nbwhqk2t",
        "cid" : "bafyreideomrosbxc4asuxzdwftdfrvpozjqxpmlok6eepmuek3kxj43btu",
        "author" : {
          "did" : "did:plc:gq6h25zrxme7ddvfb2mev7y3",
          "handle" : "dagnificent.bsky.social",
          "displayName" : "Big Natural Resources",
          "avatar" : "https://cdn.bsky.app/img/avatar/plain/did:plc:gq6h25zrxme7ddvfb2mev7y3/bafkreie7ugarzi3lhrafu3k3jvbfog6y7tefahxxloavawg3xqhfmumlzq@jpeg",
          "associated" : {
            "chat" : {
              "allowIncoming" : "following"
            }
          },
          "viewer" : {
            "muted" : false,
            "blockedBy" : false
          },
          "labels" : [ {
            "src" : "did:plc:gq6h25zrxme7ddvfb2mev7y3",
            "uri" : "at://did:plc:gq6h25zrxme7ddvfb2mev7y3/app.bsky.actor.profile/self",
            "cid" : "bafyreigm4s4ap4yhaebrq4ouvcco45et2p6hgunwv4nrttfehighavnoxm",
            "val" : "!no-unauthenticated",
            "cts" : 18000000
          } ],
          "createdAt" : 1686254685902
        },
        "record" : {
          "$type" : "app.bsky.feed.post",
          "createdAt" : 1739570848610,
          "langs" : [ "en" ],
          "text" : "I can't believe January 6th turned out to be a job fair"
        },
        "replyCount" : 3,
        "repostCount" : 54,
        "likeCount" : 240,
        "quoteCount" : 1,
        "indexedAt" : 1739570848323,
        "viewer" : { },
        "labels" : [ ]
      }
    }, {
      "post" : {
        "uri" : "at://did:plc:2q2hs5o42jhbd23pp6lkiauh/app.bsky.feed.post/3li6rhe7nck2w",
        "cid" : "bafyreic5m34vrpcpuff5sep7atp2sk4qnjk2pdrg2qm3c5wrb6n6zw3q4u",
        "author" : {
          "did" : "did:plc:2q2hs5o42jhbd23pp6lkiauh",
          "handle" : "petebuttigieg.bsky.social",
          "displayName" : "Pete Buttigieg",
          "avatar" : "https://cdn.bsky.app/img/avatar/plain/did:plc:2q2hs5o42jhbd23pp6lkiauh/bafkreif5iezsim3fwjy4uh2ox2qbvsntfkdu5ymzuram5oxjxoimnymmtq@jpeg",
          "viewer" : {
            "muted" : false,
            "blockedBy" : false
          },
          "labels" : [ ],
          "createdAt" : 1738536289013
        },
        "record" : {
          "$type" : "app.bsky.feed.post",
          "createdAt" : 1739589977030,
          "langs" : [ "en" ],
          "text" : "Incompetence in Washington puts every American at risk, no matter how you voted. No one should be happy that the DOGE team - the same folks who randomly published classified U.S. security information online today - wants access to your bank account & Social Security numbers."
        },
        "replyCount" : 2697,
        "repostCount" : 26839,
        "likeCount" : 100119,
        "quoteCount" : 984,
        "indexedAt" : 1739589977315,
        "viewer" : { },
        "labels" : [ ]
      }
    }, {
      "post" : {
        "uri" : "at://did:plc:ziexfr4sfcx7oyej56y7gge2/app.bsky.feed.post/3li6sy2uexs2f",
        "cid" : "bafyreihnng5akgk2ieprg3xqvcao2taqyfkaftq4wgucvg2zfwsu3lj77a",
        "author" : {
          "did" : "did:plc:ziexfr4sfcx7oyej56y7gge2",
          "handle" : "sonofiorella.bsky.social",
          "displayName" : "Fiorella | Kelly",
          "avatar" : "https://cdn.bsky.app/img/avatar/plain/did:plc:ziexfr4sfcx7oyej56y7gge2/bafkreid3musnr3cvmtjfb7pqqvyhgrufuu7apygsjau62scfhriamuk4ii@jpeg",
          "viewer" : {
            "muted" : false,
            "blockedBy" : false
          },
          "labels" : [ {
            "src" : "did:plc:ziexfr4sfcx7oyej56y7gge2",
            "uri" : "at://did:plc:ziexfr4sfcx7oyej56y7gge2/app.bsky.actor.profile/self",
            "cid" : "bafyreifosmkxcpwqg6dyhmwply22xts4m2jcqwqtpuv3xxwvrcet2ywulq",
            "val" : "!no-unauthenticated",
            "cts" : 1732395954893
          } ],
          "createdAt" : 1732377955607
        },
        "record" : {
          "$type" : "app.bsky.feed.post",
          "createdAt" : 1739591611396,
          "langs" : [ "en" ],
          "text" : "That would be the most refreshing and SANE thing. To see a qualified human share facts."
        },
        "replyCount" : 0,
        "repostCount" : 0,
        "likeCount" : 62,
        "quoteCount" : 0,
        "indexedAt" : 1739591611824,
        "viewer" : { },
        "labels" : [ ]
      },
      "reply" : {
        "root" : {
          "uri" : "at://did:plc:y5xyloyy7s4a2bwfeimj7r3b/app.bsky.feed.post/3li5snpkljc2o",
          "cid" : "bafyreiaxceo2oqpjdzl2kygfa7syzto4llaq3qfernmqw5qvljjeftdo5q",
          "author" : {
            "did" : "did:plc:y5xyloyy7s4a2bwfeimj7r3b",
            "handle" : "mcuban.bsky.social",
            "displayName" : "Mark Cuban",
            "avatar" : "https://cdn.bsky.app/img/avatar/plain/did:plc:y5xyloyy7s4a2bwfeimj7r3b/bafkreihxddlkbnblytjdbajg5qopawdfcabg5e7ppwja6zmm3lvnedzojm@jpeg",
            "viewer" : {
              "muted" : false,
              "blockedBy" : false,
              "following" : "at://did:plc:pgdrqxzv4kxt7tr3sa6pd77y/app.bsky.graph.follow/3kebioim7l22d"
            },
            "labels" : [ ],
            "createdAt" : 1683008299464
          },
          "record" : {
            "$type" : "app.bsky.feed.post",
            "createdAt" : 1739556904254,
            "embed" : {
              "$type" : "app.bsky.embed.record",
              "cid" : null,
              "uri" : null
            },
            "facets" : [ {
              "index" : {
                "byteStart" : 19,
                "byteEnd" : 45
              },
              "features" : [ {
                "$type" : "app.bsky.richtext.facet#mention",
                "did" : "did:plc:2q2hs5o42jhbd23pp6lkiauh"
              } ]
            } ],
            "langs" : [ "en" ],
            "text" : "This is so smart.  @petebuttigieg.bsky.social , thoughts ? \n\nAnd if you see this.  A reminder. This is not Twitter.  You can engage here and have thoughtful discussions !  \n\nWe all look forward to reading your thoughts"
          },
          "embed" : {
            "$type" : "app.bsky.embed.record#view",
            "author" : null,
            "cid" : null,
            "embeds" : null,
            "indexedAt" : null,
            "labels" : null,
            "likeCount" : null,
            "quoteCount" : null,
            "replyCount" : null,
            "repostCount" : null,
            "uri" : null,
            "value" : null
          },
          "replyCount" : 6089,
          "repostCount" : 14185,
          "likeCount" : 84198,
          "quoteCount" : 1084,
          "indexedAt" : 1739556904629,
          "viewer" : { },
          "labels" : [ ]
        },
        "parent" : {
          "uri" : "at://did:plc:y5xyloyy7s4a2bwfeimj7r3b/app.bsky.feed.post/3li5snpkljc2o",
          "cid" : "bafyreiaxceo2oqpjdzl2kygfa7syzto4llaq3qfernmqw5qvljjeftdo5q",
          "author" : {
            "did" : "did:plc:y5xyloyy7s4a2bwfeimj7r3b",
            "handle" : "mcuban.bsky.social",
            "displayName" : "Mark Cuban",
            "avatar" : "https://cdn.bsky.app/img/avatar/plain/did:plc:y5xyloyy7s4a2bwfeimj7r3b/bafkreihxddlkbnblytjdbajg5qopawdfcabg5e7ppwja6zmm3lvnedzojm@jpeg",
            "viewer" : {
              "muted" : false,
              "blockedBy" : false,
              "following" : "at://did:plc:pgdrqxzv4kxt7tr3sa6pd77y/app.bsky.graph.follow/3kebioim7l22d"
            },
            "labels" : [ ],
            "createdAt" : 1683008299464
          },
          "record" : {
            "$type" : "app.bsky.feed.post",
            "createdAt" : 1739556904254,
            "embed" : {
              "$type" : "app.bsky.embed.record",
              "cid" : null,
              "uri" : null
            },
            "facets" : [ {
              "index" : {
                "byteStart" : 19,
                "byteEnd" : 45
              },
              "features" : [ {
                "$type" : "app.bsky.richtext.facet#mention",
                "did" : "did:plc:2q2hs5o42jhbd23pp6lkiauh"
              } ]
            } ],
            "langs" : [ "en" ],
            "text" : "This is so smart.  @petebuttigieg.bsky.social , thoughts ? \n\nAnd if you see this.  A reminder. This is not Twitter.  You can engage here and have thoughtful discussions !  \n\nWe all look forward to reading your thoughts"
          },
          "embed" : {
            "$type" : "app.bsky.embed.record#view",
            "author" : null,
            "cid" : null,
            "embeds" : null,
            "indexedAt" : null,
            "labels" : null,
            "likeCount" : null,
            "quoteCount" : null,
            "replyCount" : null,
            "repostCount" : null,
            "uri" : null,
            "value" : null
          },
          "replyCount" : 6089,
          "repostCount" : 14185,
          "likeCount" : 84198,
          "quoteCount" : 1084,
          "indexedAt" : 1739556904629,
          "viewer" : { },
          "labels" : [ ]
        }
      }
    }, {
      "post" : {
        "uri" : "at://did:plc:zkex2j3fgzcr22oonayfvbud/app.bsky.feed.post/3li6pif6ew222",
        "cid" : "bafyreieklwalchppvlt57hhhjtobafadhbjaf52dddaki3wslrgtwbp2py",
        "author" : {
          "did" : "did:plc:zkex2j3fgzcr22oonayfvbud",
          "handle" : "carriercarnes.bsky.social",
          "displayName" : "Carrie Carnes ]]>&#x1f98b;<![CDATA[",
          "avatar" : "https://cdn.bsky.app/img/avatar/plain/did:plc:zkex2j3fgzcr22oonayfvbud/bafkreihlldsjpwtatmrp2kmupjleyxlkoke536yhc55yttv3bazlhcg2hy@jpeg",
          "associated" : {
            "chat" : {
              "allowIncoming" : "none"
            }
          },
          "viewer" : {
            "muted" : false,
            "blockedBy" : false
          },
          "labels" : [ ],
          "createdAt" : 1732227780003
        },
        "record" : {
          "$type" : "app.bsky.feed.post",
          "createdAt" : 1739587864111,
          "langs" : [ "en" ],
          "text" : "I'd watch anything with Pete Buttigieg on it. He's a master communicator and that's not the Democrat's strength."
        },
        "replyCount" : 5,
        "repostCount" : 10,
        "likeCount" : 459,
        "quoteCount" : 0,
        "indexedAt" : 1739587865219,
        "viewer" : { },
        "labels" : [ ]
      },
      "reply" : {
        "root" : {
          "uri" : "at://did:plc:y5xyloyy7s4a2bwfeimj7r3b/app.bsky.feed.post/3li5snpkljc2o",
          "cid" : "bafyreiaxceo2oqpjdzl2kygfa7syzto4llaq3qfernmqw5qvljjeftdo5q",
          "author" : {
            "did" : "did:plc:y5xyloyy7s4a2bwfeimj7r3b",
            "handle" : "mcuban.bsky.social",
            "displayName" : "Mark Cuban",
            "avatar" : "https://cdn.bsky.app/img/avatar/plain/did:plc:y5xyloyy7s4a2bwfeimj7r3b/bafkreihxddlkbnblytjdbajg5qopawdfcabg5e7ppwja6zmm3lvnedzojm@jpeg",
            "viewer" : {
              "muted" : false,
              "blockedBy" : false,
              "following" : "at://did:plc:pgdrqxzv4kxt7tr3sa6pd77y/app.bsky.graph.follow/3kebioim7l22d"
            },
            "labels" : [ ],
            "createdAt" : 1683008299464
          },
          "record" : {
            "$type" : "app.bsky.feed.post",
            "createdAt" : 1739556904254,
            "embed" : {
              "$type" : "app.bsky.embed.record",
              "cid" : null,
              "uri" : null
            },
            "facets" : [ {
              "index" : {
                "byteStart" : 19,
                "byteEnd" : 45
              },
              "features" : [ {
                "$type" : "app.bsky.richtext.facet#mention",
                "did" : "did:plc:2q2hs5o42jhbd23pp6lkiauh"
              } ]
            } ],
            "langs" : [ "en" ],
            "text" : "This is so smart.  @petebuttigieg.bsky.social , thoughts ? \n\nAnd if you see this.  A reminder. This is not Twitter.  You can engage here and have thoughtful discussions !  \n\nWe all look forward to reading your thoughts"
          },
          "embed" : {
            "$type" : "app.bsky.embed.record#view",
            "author" : null,
            "cid" : null,
            "embeds" : null,
            "indexedAt" : null,
            "labels" : null,
            "likeCount" : null,
            "quoteCount" : null,
            "replyCount" : null,
            "repostCount" : null,
            "uri" : null,
            "value" : null
          },
          "replyCount" : 6089,
          "repostCount" : 14185,
          "likeCount" : 84198,
          "quoteCount" : 1084,
          "indexedAt" : 1739556904629,
          "viewer" : { },
          "labels" : [ ]
        },
        "parent" : {
          "uri" : "at://did:plc:y5xyloyy7s4a2bwfeimj7r3b/app.bsky.feed.post/3li5snpkljc2o",
          "cid" : "bafyreiaxceo2oqpjdzl2kygfa7syzto4llaq3qfernmqw5qvljjeftdo5q",
          "author" : {
            "did" : "did:plc:y5xyloyy7s4a2bwfeimj7r3b",
            "handle" : "mcuban.bsky.social",
            "displayName" : "Mark Cuban",
            "avatar" : "https://cdn.bsky.app/img/avatar/plain/did:plc:y5xyloyy7s4a2bwfeimj7r3b/bafkreihxddlkbnblytjdbajg5qopawdfcabg5e7ppwja6zmm3lvnedzojm@jpeg",
            "viewer" : {
              "muted" : false,
              "blockedBy" : false,
              "following" : "at://did:plc:pgdrqxzv4kxt7tr3sa6pd77y/app.bsky.graph.follow/3kebioim7l22d"
            },
            "labels" : [ ],
            "createdAt" : 1683008299464
          },
          "record" : {
            "$type" : "app.bsky.feed.post",
            "createdAt" : 1739556904254,
            "embed" : {
              "$type" : "app.bsky.embed.record",
              "cid" : null,
              "uri" : null
            },
            "facets" : [ {
              "index" : {
                "byteStart" : 19,
                "byteEnd" : 45
              },
              "features" : [ {
                "$type" : "app.bsky.richtext.facet#mention",
                "did" : "did:plc:2q2hs5o42jhbd23pp6lkiauh"
              } ]
            } ],
            "langs" : [ "en" ],
            "text" : "This is so smart.  @petebuttigieg.bsky.social , thoughts ? \n\nAnd if you see this.  A reminder. This is not Twitter.  You can engage here and have thoughtful discussions !  \n\nWe all look forward to reading your thoughts"
          },
          "embed" : {
            "$type" : "app.bsky.embed.record#view",
            "author" : null,
            "cid" : null,
            "embeds" : null,
            "indexedAt" : null,
            "labels" : null,
            "likeCount" : null,
            "quoteCount" : null,
            "replyCount" : null,
            "repostCount" : null,
            "uri" : null,
            "value" : null
          },
          "replyCount" : 6089,
          "repostCount" : 14185,
          "likeCount" : 84198,
          "quoteCount" : 1084,
          "indexedAt" : 1739556904629,
          "viewer" : { },
          "labels" : [ ]
        }
      }
    }, {
      "post" : {
        "uri" : "at://did:plc:zaw66yioy5y7wvsba52srp32/app.bsky.feed.post/3li6skmjxnk2c",
        "cid" : "bafyreifjlz2aehygauikmqhsewcrwtnq2c7dctwj5eiajbnxvctlmr63ea",
        "author" : {
          "did" : "did:plc:zaw66yioy5y7wvsba52srp32",
          "handle" : "letsleveluplisa.swifties.social",
          "displayName" : "WeAreBetterThanThis",
          "avatar" : "https://cdn.bsky.app/img/avatar/plain/did:plc:zaw66yioy5y7wvsba52srp32/bafkreihaql677urubr7wka37wfuj7gsincr45gmkdyw6uv7kxmv6c2vhjm@jpeg",
          "viewer" : {
            "muted" : false,
            "blockedBy" : false
          },
          "labels" : [ {
            "src" : "did:plc:zaw66yioy5y7wvsba52srp32",
            "uri" : "at://did:plc:zaw66yioy5y7wvsba52srp32/app.bsky.actor.profile/self",
            "cid" : "bafyreiahudcwhebv25bfjj2mm2ogjdueenho4v5mdx2kbznate4tq6wob4",
            "val" : "!no-unauthenticated",
            "cts" : 1730959988422
          } ],
          "createdAt" : 1730941989314
        },
        "record" : {
          "$type" : "app.bsky.feed.post",
          "createdAt" : 1739591160164,
          "facets" : [ {
            "index" : {
              "byteStart" : 12,
              "byteEnd" : 31
            },
            "features" : [ {
              "$type" : "app.bsky.richtext.facet#mention",
              "did" : "did:plc:y5xyloyy7s4a2bwfeimj7r3b"
            } ]
          }, {
            "index" : {
              "byteStart" : 76,
              "byteEnd" : 102
            },
            "features" : [ {
              "$type" : "app.bsky.richtext.facet#mention",
              "did" : "did:plc:2q2hs5o42jhbd23pp6lkiauh"
            } ]
          } ],
          "langs" : [ "en" ],
          "text" : "Ahhhhh yes! @mcuban.bsky.social is getting this idea socialized! Yes please @petebuttigieg.bsky.social this is the way!!!!"
        },
        "replyCount" : 1,
        "repostCount" : 10,
        "likeCount" : 183,
        "quoteCount" : 0,
        "indexedAt" : 1739591160520,
        "viewer" : { },
        "labels" : [ ]
      },
      "reply" : {
        "root" : {
          "uri" : "at://did:plc:y5xyloyy7s4a2bwfeimj7r3b/app.bsky.feed.post/3li5snpkljc2o",
          "cid" : "bafyreiaxceo2oqpjdzl2kygfa7syzto4llaq3qfernmqw5qvljjeftdo5q",
          "author" : {
            "did" : "did:plc:y5xyloyy7s4a2bwfeimj7r3b",
            "handle" : "mcuban.bsky.social",
            "displayName" : "Mark Cuban",
            "avatar" : "https://cdn.bsky.app/img/avatar/plain/did:plc:y5xyloyy7s4a2bwfeimj7r3b/bafkreihxddlkbnblytjdbajg5qopawdfcabg5e7ppwja6zmm3lvnedzojm@jpeg",
            "viewer" : {
              "muted" : false,
              "blockedBy" : false,
              "following" : "at://did:plc:pgdrqxzv4kxt7tr3sa6pd77y/app.bsky.graph.follow/3kebioim7l22d"
            },
            "labels" : [ ],
            "createdAt" : 1683008299464
          },
          "record" : {
            "$type" : "app.bsky.feed.post",
            "createdAt" : 1739556904254,
            "embed" : {
              "$type" : "app.bsky.embed.record",
              "cid" : null,
              "uri" : null
            },
            "facets" : [ {
              "index" : {
                "byteStart" : 19,
                "byteEnd" : 45
              },
              "features" : [ {
                "$type" : "app.bsky.richtext.facet#mention",
                "did" : "did:plc:2q2hs5o42jhbd23pp6lkiauh"
              } ]
            } ],
            "langs" : [ "en" ],
            "text" : "This is so smart.  @petebuttigieg.bsky.social , thoughts ? \n\nAnd if you see this.  A reminder. This is not Twitter.  You can engage here and have thoughtful discussions !  \n\nWe all look forward to reading your thoughts"
          },
          "embed" : {
            "$type" : "app.bsky.embed.record#view",
            "author" : null,
            "cid" : null,
            "embeds" : null,
            "indexedAt" : null,
            "labels" : null,
            "likeCount" : null,
            "quoteCount" : null,
            "replyCount" : null,
            "repostCount" : null,
            "uri" : null,
            "value" : null
          },
          "replyCount" : 6089,
          "repostCount" : 14185,
          "likeCount" : 84198,
          "quoteCount" : 1084,
          "indexedAt" : 1739556904629,
          "viewer" : { },
          "labels" : [ ]
        },
        "parent" : {
          "uri" : "at://did:plc:y5xyloyy7s4a2bwfeimj7r3b/app.bsky.feed.post/3li5snpkljc2o",
          "cid" : "bafyreiaxceo2oqpjdzl2kygfa7syzto4llaq3qfernmqw5qvljjeftdo5q",
          "author" : {
            "did" : "did:plc:y5xyloyy7s4a2bwfeimj7r3b",
            "handle" : "mcuban.bsky.social",
            "displayName" : "Mark Cuban",
            "avatar" : "https://cdn.bsky.app/img/avatar/plain/did:plc:y5xyloyy7s4a2bwfeimj7r3b/bafkreihxddlkbnblytjdbajg5qopawdfcabg5e7ppwja6zmm3lvnedzojm@jpeg",
            "viewer" : {
              "muted" : false,
              "blockedBy" : false,
              "following" : "at://did:plc:pgdrqxzv4kxt7tr3sa6pd77y/app.bsky.graph.follow/3kebioim7l22d"
            },
            "labels" : [ ],
            "createdAt" : 1683008299464
          },
          "record" : {
            "$type" : "app.bsky.feed.post",
            "createdAt" : 1739556904254,
            "embed" : {
              "$type" : "app.bsky.embed.record",
              "cid" : null,
              "uri" : null
            },
            "facets" : [ {
              "index" : {
                "byteStart" : 19,
                "byteEnd" : 45
              },
              "features" : [ {
                "$type" : "app.bsky.richtext.facet#mention",
                "did" : "did:plc:2q2hs5o42jhbd23pp6lkiauh"
              } ]
            } ],
            "langs" : [ "en" ],
            "text" : "This is so smart.  @petebuttigieg.bsky.social , thoughts ? \n\nAnd if you see this.  A reminder. This is not Twitter.  You can engage here and have thoughtful discussions !  \n\nWe all look forward to reading your thoughts"
          },
          "embed" : {
            "$type" : "app.bsky.embed.record#view",
            "author" : null,
            "cid" : null,
            "embeds" : null,
            "indexedAt" : null,
            "labels" : null,
            "likeCount" : null,
            "quoteCount" : null,
            "replyCount" : null,
            "repostCount" : null,
            "uri" : null,
            "value" : null
          },
          "replyCount" : 6089,
          "repostCount" : 14185,
          "likeCount" : 84198,
          "quoteCount" : 1084,
          "indexedAt" : 1739556904629,
          "viewer" : { },
          "labels" : [ ]
        }
      }
    }, {
      "post" : {
        "uri" : "at://did:plc:y5xyloyy7s4a2bwfeimj7r3b/app.bsky.feed.post/3li5snpkljc2o",
        "cid" : "bafyreiaxceo2oqpjdzl2kygfa7syzto4llaq3qfernmqw5qvljjeftdo5q",
        "author" : {
          "did" : "did:plc:y5xyloyy7s4a2bwfeimj7r3b",
          "handle" : "mcuban.bsky.social",
          "displayName" : "Mark Cuban",
          "avatar" : "https://cdn.bsky.app/img/avatar/plain/did:plc:y5xyloyy7s4a2bwfeimj7r3b/bafkreihxddlkbnblytjdbajg5qopawdfcabg5e7ppwja6zmm3lvnedzojm@jpeg",
          "viewer" : {
            "muted" : false,
            "blockedBy" : false,
            "following" : "at://did:plc:pgdrqxzv4kxt7tr3sa6pd77y/app.bsky.graph.follow/3kebioim7l22d"
          },
          "labels" : [ ],
          "createdAt" : 1683008299464
        },
        "record" : {
          "$type" : "app.bsky.feed.post",
          "createdAt" : 1739556904254,
          "embed" : {
            "$type" : "app.bsky.embed.record",
            "cid" : null,
            "uri" : null
          },
          "facets" : [ {
            "index" : {
              "byteStart" : 19,
              "byteEnd" : 45
            },
            "features" : [ {
              "$type" : "app.bsky.richtext.facet#mention",
              "did" : "did:plc:2q2hs5o42jhbd23pp6lkiauh"
            } ]
          } ],
          "langs" : [ "en" ],
          "text" : "This is so smart.  @petebuttigieg.bsky.social , thoughts ? \n\nAnd if you see this.  A reminder. This is not Twitter.  You can engage here and have thoughtful discussions !  \n\nWe all look forward to reading your thoughts"
        },
        "embed" : {
          "$type" : "app.bsky.embed.record#view",
          "author" : null,
          "cid" : null,
          "embeds" : null,
          "indexedAt" : null,
          "labels" : null,
          "likeCount" : null,
          "quoteCount" : null,
          "replyCount" : null,
          "repostCount" : null,
          "uri" : null,
          "value" : null
        },
        "replyCount" : 6089,
        "repostCount" : 14185,
        "likeCount" : 84198,
        "quoteCount" : 1084,
        "indexedAt" : 1739556904629,
        "viewer" : { },
        "labels" : [ ]
      }
    }, {
      "post" : {
        "uri" : "at://did:plc:w4xfre7c2njwe3wmvmwfo57i/app.bsky.feed.post/3li3ivy7lck2y",
        "cid" : "bafyreigzghixwgqwmohoc4twna65m763rs5drzioag2akfy5f72v45em24",
        "author" : {
          "did" : "did:plc:w4xfre7c2njwe3wmvmwfo57i",
          "handle" : "cherijacobus.bsky.social",
          "displayName" : "Cheri Jacobus",
          "avatar" : "https://cdn.bsky.app/img/avatar/plain/did:plc:w4xfre7c2njwe3wmvmwfo57i/bafkreibicev3sft6irxk6v4nwl5jiph6hxnuj34zawgtxlgvueunoadyyu@jpeg",
          "associated" : {
            "chat" : {
              "allowIncoming" : "following"
            }
          },
          "viewer" : {
            "muted" : false,
            "blockedBy" : false
          },
          "labels" : [ ],
          "createdAt" : 1682891191160
        },
        "record" : {
          "$type" : "app.bsky.feed.post",
          "createdAt" : 1739477724875,
          "langs" : [ "en" ],
          "text" : "I keep saying Dems need to do a daily briefing on Capitol Hill and fill the void, fact check the WH.  Hire Pete Buttigeig and give him a staff to do this."
        },
        "replyCount" : 1181,
        "repostCount" : 3500,
        "likeCount" : 14976,
        "quoteCount" : 700,
        "indexedAt" : 1739477725326,
        "viewer" : { },
        "labels" : [ ]
      },
      "reply" : {
        "root" : {
          "uri" : "at://did:plc:pjiafkey2cokiupsxpswqlk7/app.bsky.feed.post/3li3edwwzjk2p",
          "cid" : "bafyreigw65yutr65oinstnp2njrcqvsvtdnwlzq6aj2mwm7bijziuuijzy",
          "author" : {
            "did" : "did:plc:pjiafkey2cokiupsxpswqlk7",
            "handle" : "marcelias.bsky.social",
            "displayName" : "Marc Elias",
            "avatar" : "https://cdn.bsky.app/img/avatar/plain/did:plc:pjiafkey2cokiupsxpswqlk7/bafkreibda5a7updqoqvq2k4jnklowk5cv2zlljz4zztuzdedfivgnnkwwa@jpeg",
            "associated" : {
              "chat" : {
                "allowIncoming" : "following"
              }
            },
            "viewer" : {
              "muted" : false,
              "blockedBy" : false,
              "following" : "at://did:plc:pgdrqxzv4kxt7tr3sa6pd77y/app.bsky.graph.follow/3kefvpas42t22"
            },
            "labels" : [ ],
            "createdAt" : 1683114839832
          },
          "record" : {
            "$type" : "app.bsky.feed.post",
            "createdAt" : 1739472824598,
            "embed" : {
              "$type" : "app.bsky.embed.record",
              "cid" : null,
              "uri" : null
            },
            "langs" : [ "en" ],
            "text" : "And for the third straight day, the rest of the legacy media did nothing to stand up for the First Amendment. No boycott, no walkout, nothing but business as usual.\n\nThen, they wonder why people are canceling subscriptions and turning off their TV's while independent news outlets are thriving."
          },
          "embed" : {
            "$type" : "app.bsky.embed.record#view",
            "author" : null,
            "cid" : null,
            "embeds" : null,
            "indexedAt" : null,
            "labels" : null,
            "likeCount" : null,
            "quoteCount" : null,
            "replyCount" : null,
            "repostCount" : null,
            "uri" : null,
            "value" : null
          },
          "replyCount" : 491,
          "repostCount" : 5603,
          "likeCount" : 19515,
          "quoteCount" : 210,
          "indexedAt" : 1739472825037,
          "viewer" : { },
          "labels" : [ ]
        },
        "parent" : {
          "uri" : "at://did:plc:pjiafkey2cokiupsxpswqlk7/app.bsky.feed.post/3li3edwwzjk2p",
          "cid" : "bafyreigw65yutr65oinstnp2njrcqvsvtdnwlzq6aj2mwm7bijziuuijzy",
          "author" : {
            "did" : "did:plc:pjiafkey2cokiupsxpswqlk7",
            "handle" : "marcelias.bsky.social",
            "displayName" : "Marc Elias",
            "avatar" : "https://cdn.bsky.app/img/avatar/plain/did:plc:pjiafkey2cokiupsxpswqlk7/bafkreibda5a7updqoqvq2k4jnklowk5cv2zlljz4zztuzdedfivgnnkwwa@jpeg",
            "associated" : {
              "chat" : {
                "allowIncoming" : "following"
              }
            },
            "viewer" : {
              "muted" : false,
              "blockedBy" : false,
              "following" : "at://did:plc:pgdrqxzv4kxt7tr3sa6pd77y/app.bsky.graph.follow/3kefvpas42t22"
            },
            "labels" : [ ],
            "createdAt" : 1683114839832
          },
          "record" : {
            "$type" : "app.bsky.feed.post",
            "createdAt" : 1739472824598,
            "embed" : {
              "$type" : "app.bsky.embed.record",
              "cid" : null,
              "uri" : null
            },
            "langs" : [ "en" ],
            "text" : "And for the third straight day, the rest of the legacy media did nothing to stand up for the First Amendment. No boycott, no walkout, nothing but business as usual.\n\nThen, they wonder why people are canceling subscriptions and turning off their TV's while independent news outlets are thriving."
          },
          "embed" : {
            "$type" : "app.bsky.embed.record#view",
            "author" : null,
            "cid" : null,
            "embeds" : null,
            "indexedAt" : null,
            "labels" : null,
            "likeCount" : null,
            "quoteCount" : null,
            "replyCount" : null,
            "repostCount" : null,
            "uri" : null,
            "value" : null
          },
          "replyCount" : 491,
          "repostCount" : 5603,
          "likeCount" : 19515,
          "quoteCount" : 210,
          "indexedAt" : 1739472825037,
          "viewer" : { },
          "labels" : [ ]
        }
      }
    }, {
      "post" : {
        "uri" : "at://did:plc:cxrua73vvgqw4lel4nkccky7/app.bsky.feed.post/3li6cmdk5ys2w",
        "cid" : "bafyreignpqy4ywzxnikvz2qiayvc52flm6xkf6buhzbxucmv6fl62rpr7a",
        "author" : {
          "did" : "did:plc:cxrua73vvgqw4lel4nkccky7",
          "handle" : "lincolnproject.us",
          "displayName" : "The Lincoln Project",
          "avatar" : "https://cdn.bsky.app/img/avatar/plain/did:plc:cxrua73vvgqw4lel4nkccky7/bafkreie4t2qm2mgz6s5kk47kqrunjm2bbywigelewfq6elxvnmxdxq33nq@jpeg",
          "viewer" : {
            "muted" : false,
            "blockedBy" : false,
            "following" : "at://did:plc:pgdrqxzv4kxt7tr3sa6pd77y/app.bsky.graph.follow/3keixdvenpe2h"
          },
          "labels" : [ ],
          "createdAt" : 1687970158463
        },
        "record" : {
          "$type" : "app.bsky.feed.post",
          "createdAt" : 1739574037970,
          "embed" : {
            "$type" : "app.bsky.embed.external",
            "uri" : null,
            "title" : null,
            "description" : null,
            "thumb" : null
          },
          "facets" : [ {
            "index" : {
              "byteStart" : 257,
              "byteEnd" : 288
            },
            "features" : [ {
              "$type" : "app.bsky.richtext.facet#link",
              "uri" : "https://aldailynews.com/nih-funding-cuts-could-jeopardize-life-saving-research-in-alabama/"
            } ]
          } ],
          "langs" : [ "en" ],
          "text" : "THREAD: Trump's intentionally flooding the news cycle w/ a stream of outrage porn to distract, scare, & confuse. These are the stories that actually matter that you might've missed this week:  \n\nNIH funding cuts jeopardize ‘life-saving’ research in AL\n\naldailynews.com/nih-funding-..."
        },
        "embed" : {
          "$type" : "app.bsky.embed.external#view",
          "uri" : null,
          "title" : null,
          "description" : null,
          "thumb" : null
        },
        "replyCount" : 124,
        "repostCount" : 1074,
        "likeCount" : 3527,
        "quoteCount" : 31,
        "indexedAt" : 1739574039423,
        "viewer" : { },
        "labels" : [ ]
      }
    }, {
      "post" : {
        "uri" : "at://did:plc:e5bl34y4m4zap3g6zg2wxpze/app.bsky.feed.post/3lhzdg7keqs2t",
        "cid" : "bafyreig5q2sqz63xkj7m6wxlm3pxupvn2qwwd47rhpsrnnwxv47a3vbhm4",
        "author" : {
          "did" : "did:plc:e5bl34y4m4zap3g6zg2wxpze",
          "handle" : "profgalloway.com",
          "displayName" : "Scott Galloway",
          "avatar" : "https://cdn.bsky.app/img/avatar/plain/did:plc:e5bl34y4m4zap3g6zg2wxpze/bafkreidrdwgbfb4x7am6onokdoe3grude7nsv6tynwezk2tiak6esysr7a@jpeg",
          "viewer" : {
            "muted" : false,
            "blockedBy" : false
          },
          "labels" : [ ],
          "createdAt" : 1731427584236
        },
        "record" : {
          "$type" : "app.bsky.feed.post",
          "createdAt" : 1739403107507,
          "langs" : [ "en" ],
          "text" : "Gulf of Distraction"
        },
        "replyCount" : 792,
        "repostCount" : 3426,
        "likeCount" : 33039,
        "quoteCount" : 150,
        "indexedAt" : 1739403108117,
        "viewer" : { },
        "labels" : [ ]
      }
    }, {
      "post" : {
        "uri" : "at://did:plc:y5xyloyy7s4a2bwfeimj7r3b/app.bsky.feed.post/3lhyuy6ebls2l",
        "cid" : "bafyreiautbuimoeigoi7fhe4ummawaxzheyjeb5iq44cgzn6f5rfit24p4",
        "author" : {
          "did" : "did:plc:y5xyloyy7s4a2bwfeimj7r3b",
          "handle" : "mcuban.bsky.social",
          "displayName" : "Mark Cuban",
          "avatar" : "https://cdn.bsky.app/img/avatar/plain/did:plc:y5xyloyy7s4a2bwfeimj7r3b/bafkreihxddlkbnblytjdbajg5qopawdfcabg5e7ppwja6zmm3lvnedzojm@jpeg",
          "viewer" : {
            "muted" : false,
            "blockedBy" : false,
            "following" : "at://did:plc:pgdrqxzv4kxt7tr3sa6pd77y/app.bsky.graph.follow/3kebioim7l22d"
          },
          "labels" : [ ],
          "createdAt" : 1683008299464
        },
        "record" : {
          "$type" : "app.bsky.feed.post",
          "createdAt" : 1739387604113,
          "embed" : {
            "$type" : "app.bsky.embed.external",
            "uri" : null,
            "title" : null,
            "description" : null,
            "thumb" : null
          },
          "facets" : [ {
            "index" : {
              "byteStart" : 34,
              "byteEnd" : 65
            },
            "features" : [ {
              "$type" : "app.bsky.richtext.facet#link",
              "uri" : "https://www.nbcnews.com/politics/donald-trump/trump-losing-court-boring-reason-adminitrative-procedure-act-rcna191113"
            } ]
          } ],
          "langs" : [ "en" ],
          "text" : "Protect this law at all costs ! \n\nwww.nbcnews.com/politics/don..."
        },
        "embed" : {
          "$type" : "app.bsky.embed.external#view",
          "uri" : null,
          "title" : null,
          "description" : null,
          "thumb" : null
        },
        "replyCount" : 1277,
        "repostCount" : 11182,
        "likeCount" : 49953,
        "quoteCount" : 413,
        "indexedAt" : 1739387606626,
        "viewer" : { },
        "labels" : [ ]
      }
    }, {
      "post" : {
        "uri" : "at://did:plc:yk4dd2qkboz2yv6tpubpc6co/app.bsky.feed.post/3jx7mkm32p52e",
        "cid" : "bafyreibgdo7amtywfuyhjz3y4jtgwzfrpfmvnfrlnycwv7rqywleb4vkcq",
        "author" : {
          "did" : "did:plc:yk4dd2qkboz2yv6tpubpc6co",
          "handle" : "dholms.xyz",
          "displayName" : "daniel ]]>&#x1fae0;<![CDATA[",
          "avatar" : "https://cdn.bsky.app/img/avatar/plain/did:plc:yk4dd2qkboz2yv6tpubpc6co/bafkreidc5amuohqqhturw5xeuswgtyrywkpn4z4v7zwbk4f6cdshl5c2ne@jpeg",
          "associated" : {
            "chat" : {
              "allowIncoming" : "following"
            }
          },
          "viewer" : {
            "muted" : false,
            "blockedBy" : false,
            "following" : "at://did:plc:pgdrqxzv4kxt7tr3sa6pd77y/app.bsky.graph.follow/3lhziph4aoc2x"
          },
          "labels" : [ ],
          "createdAt" : 1668647233996
        },
        "record" : {
          "$type" : "app.bsky.feed.post",
          "createdAt" : 1685743007068,
          "text" : "you'll also want the did:web route at\n/.well-known/did.json\n\nand /xrpc/app.bsky.feed.describeFeedGenerator which declares the did of the feed gen along with which feed uris it supports"
        },
        "replyCount" : 4,
        "repostCount" : 0,
        "likeCount" : 5,
        "quoteCount" : 0,
        "indexedAt" : 1685743007068,
        "viewer" : { },
        "labels" : [ ]
      },
      "reply" : {
        "root" : {
          "uri" : "at://did:plc:f5vv2f7a4huhkcqy6b4fp5ge/app.bsky.feed.post/3jx7iiq7tut2z",
          "cid" : "bafyreih2s6tmiwhjes345s6pd2earmia7sopygospztrupwdaqn7ggkqyy",
          "author" : {
            "did" : "did:plc:f5vv2f7a4huhkcqy6b4fp5ge",
            "handle" : "notwes.bsky.social",
            "displayName" : "Wes",
            "avatar" : "https://cdn.bsky.app/img/avatar/plain/did:plc:f5vv2f7a4huhkcqy6b4fp5ge/bafkreiebj773g2oa6omrxl5awgjk2yuegy4c6dwy3725lig5aok7rkib7y@jpeg",
            "associated" : {
              "chat" : {
                "allowIncoming" : "following"
              }
            },
            "viewer" : {
              "muted" : false,
              "blockedBy" : false
            },
            "labels" : [ ],
            "createdAt" : 1681238063831
          },
          "record" : {
            "$type" : "app.bsky.feed.post",
            "createdAt" : 1685738649245,
            "facets" : [ {
              "index" : {
                "byteStart" : 4,
                "byteEnd" : 15
              },
              "features" : [ {
                "$type" : "app.bsky.richtext.facet#mention",
                "did" : "did:plc:yk4dd2qkboz2yv6tpubpc6co"
              } ]
            } ],
            "text" : "Hey @dholms.xyz! I see you are the main committer on the \"feed generator\" repo. I just wanted to give a bit of friendly feedback.\n\nAs an example for others goes, it is really unclear where your teams opinions end and the actual implementation details start."
          },
          "replyCount" : 2,
          "repostCount" : 0,
          "likeCount" : 2,
          "quoteCount" : 1,
          "indexedAt" : 1685738649245,
          "viewer" : { },
          "labels" : [ ]
        },
        "parent" : {
          "uri" : "at://did:plc:f5vv2f7a4huhkcqy6b4fp5ge/app.bsky.feed.post/3jx7madrot72a",
          "cid" : "bafyreico4k7yj3znx42bgal3tridsucebzimb7iflpmwa3sncjkif2pmr4",
          "author" : {
            "did" : "did:plc:f5vv2f7a4huhkcqy6b4fp5ge",
            "handle" : "notwes.bsky.social",
            "displayName" : "Wes",
            "avatar" : "https://cdn.bsky.app/img/avatar/plain/did:plc:f5vv2f7a4huhkcqy6b4fp5ge/bafkreiebj773g2oa6omrxl5awgjk2yuegy4c6dwy3725lig5aok7rkib7y@jpeg",
            "associated" : {
              "chat" : {
                "allowIncoming" : "following"
              }
            },
            "viewer" : {
              "muted" : false,
              "blockedBy" : false
            },
            "labels" : [ ],
            "createdAt" : 1681238063831
          },
          "record" : {
            "$type" : "app.bsky.feed.post",
            "createdAt" : 1685742662699,
            "embed" : {
              "$type" : "app.bsky.embed.external",
              "uri" : null,
              "title" : null,
              "description" : null,
              "thumb" : null
            },
            "facets" : [ {
              "index" : {
                "byteStart" : 46,
                "byteEnd" : 117
              },
              "features" : [ {
                "$type" : "app.bsky.richtext.facet#link",
                "uri" : "https://github.com/wesleytodd/platformatic-test-app/blob/main/plugin.js"
              } ]
            } ],
            "text" : "I think this matches your description right?  https://github.com/wesleytodd/platformatic-test-app/blob/main/plugin.js"
          },
          "embed" : {
            "$type" : "app.bsky.embed.external#view",
            "uri" : null,
            "title" : null,
            "description" : null,
            "thumb" : null
          },
          "replyCount" : 1,
          "repostCount" : 0,
          "likeCount" : 1,
          "quoteCount" : 0,
          "indexedAt" : 1685742662699,
          "viewer" : { },
          "labels" : [ ]
        },
        "grandparentAuthor" : {
          "did" : "did:plc:yk4dd2qkboz2yv6tpubpc6co",
          "handle" : "dholms.xyz",
          "displayName" : "daniel ]]>&#x1fae0;<![CDATA[",
          "avatar" : "https://cdn.bsky.app/img/avatar/plain/did:plc:yk4dd2qkboz2yv6tpubpc6co/bafkreidc5amuohqqhturw5xeuswgtyrywkpn4z4v7zwbk4f6cdshl5c2ne@jpeg",
          "createdAt" : 1668665233996,
          "associated" : {
            "chat" : {
              "allowIncoming" : "following"
            }
          },
          "viewer" : {
            "muted" : false,
            "blockedBy" : false,
            "following" : "at://did:plc:pgdrqxzv4kxt7tr3sa6pd77y/app.bsky.graph.follow/3lhziph4aoc2x"
          },
          "labels" : [ ]
        }
      }
    }, {
      "post" : {
        "uri" : "at://did:plc:3jg2djfwpsw5xfbot7bwbyah/app.bsky.feed.post/3lhyqoxa4yk2c",
        "cid" : "bafyreihdjcjjwn74wjjxv4c45duzep3hzyrfaocydksliv56tcibjrahf4",
        "author" : {
          "did" : "did:plc:3jg2djfwpsw5xfbot7bwbyah",
          "handle" : "aestheticspost.bsky.social",
          "displayName" : "Aesthetics",
          "avatar" : "https://cdn.bsky.app/img/avatar/plain/did:plc:3jg2djfwpsw5xfbot7bwbyah/bafkreibmavy4twvtvpcnmka32xjojblg4e6d3c2sbskkxdjz2j5nqpzyaa@jpeg",
          "viewer" : {
            "muted" : false,
            "blockedBy" : false
          },
          "labels" : [ ],
          "createdAt" : 1734272598212
        },
        "record" : {
          "$type" : "app.bsky.feed.post",
          "createdAt" : 1739382999673,
          "embed" : {
            "$type" : "app.bsky.embed.images",
            "alt" : null,
            "image" : null,
            "aspectRatio" : null
          },
          "langs" : [ "en" ],
          "text" : ""
        },
        "embed" : {
          "$type" : "app.bsky.embed.images#view",
          "thumb" : null,
          "fullsize" : null,
          "alt" : null,
          "aspectRatio" : null
        },
        "replyCount" : 14,
        "repostCount" : 89,
        "likeCount" : 1499,
        "quoteCount" : 3,
        "indexedAt" : 1739383008026,
        "viewer" : { },
        "labels" : [ ]
      }
    }, {
      "post" : {
        "uri" : "at://did:plc:dn3rdkitri7stin5whcviabj/app.bsky.feed.post/3lhyrj64dnc2t",
        "cid" : "bafyreihguci22w2pko7g77reagwmb7jzrijnwb2ctqd6guonigqrzmrf3m",
        "author" : {
          "did" : "did:plc:dn3rdkitri7stin5whcviabj",
          "handle" : "benstiller.redhour.com",
          "displayName" : "Ben Stiller",
          "avatar" : "https://cdn.bsky.app/img/avatar/plain/did:plc:dn3rdkitri7stin5whcviabj/bafkreiat6g4vcu77wr2bqquuc3k2m4b63422es2nzpamrti3mr2rtpeuru@jpeg",
          "viewer" : {
            "muted" : false,
            "blockedBy" : false,
            "following" : "at://did:plc:pgdrqxzv4kxt7tr3sa6pd77y/app.bsky.graph.follow/3lazw75rgvj2n"
          },
          "labels" : [ ],
          "createdAt" : 1730995061213
        },
        "record" : {
          "$type" : "app.bsky.feed.post",
          "createdAt" : 1739383879314,
          "embed" : {
            "$type" : "app.bsky.embed.record",
            "cid" : null,
            "uri" : null
          },
          "langs" : [ "en" ],
          "text" : "Correct"
        },
        "embed" : {
          "$type" : "app.bsky.embed.record#view",
          "author" : null,
          "cid" : null,
          "embeds" : null,
          "indexedAt" : null,
          "labels" : null,
          "likeCount" : null,
          "quoteCount" : null,
          "replyCount" : null,
          "repostCount" : null,
          "uri" : null,
          "value" : null
        },
        "replyCount" : 7,
        "repostCount" : 2,
        "likeCount" : 152,
        "quoteCount" : 2,
        "indexedAt" : 1739383879521,
        "viewer" : { },
        "labels" : [ ]
      }
    }, {
      "post" : {
        "uri" : "at://did:plc:dn3rdkitri7stin5whcviabj/app.bsky.feed.post/3lhx5uafenk25",
        "cid" : "bafyreibrvnpomck3ilbwtd7qdixkcn2n5shhkb4femgke3xikrovtd2iiu",
        "author" : {
          "did" : "did:plc:dn3rdkitri7stin5whcviabj",
          "handle" : "benstiller.redhour.com",
          "displayName" : "Ben Stiller",
          "avatar" : "https://cdn.bsky.app/img/avatar/plain/did:plc:dn3rdkitri7stin5whcviabj/bafkreiat6g4vcu77wr2bqquuc3k2m4b63422es2nzpamrti3mr2rtpeuru@jpeg",
          "viewer" : {
            "muted" : false,
            "blockedBy" : false,
            "following" : "at://did:plc:pgdrqxzv4kxt7tr3sa6pd77y/app.bsky.graph.follow/3lazw75rgvj2n"
          },
          "labels" : [ ],
          "createdAt" : 1730995061213
        },
        "record" : {
          "$type" : "app.bsky.feed.post",
          "createdAt" : 1739328416231,
          "langs" : [ "en" ],
          "text" : "KNICKS making it happen"
        },
        "replyCount" : 5,
        "repostCount" : 5,
        "likeCount" : 202,
        "quoteCount" : 0,
        "indexedAt" : 1739328416615,
        "viewer" : { },
        "labels" : [ ]
      }
    }, {
      "post" : {
        "uri" : "at://did:plc:v6tphxwtlwoq6ja2m3deemp2/app.bsky.feed.post/3lhylvfc5vk2r",
        "cid" : "bafyreie7fps3ltsptkhwb6kbwqn6m2sdhltyo7ueclxhgnrjvljo7k7s3m",
        "author" : {
          "did" : "did:plc:v6tphxwtlwoq6ja2m3deemp2",
          "handle" : "billmontei.bsky.social",
          "displayName" : "Bill Montei",
          "avatar" : "https://cdn.bsky.app/img/avatar/plain/did:plc:v6tphxwtlwoq6ja2m3deemp2/bafkreia5qofytfx22g6d5vj7tq2gtohks3433crzdip744yiep6jr7kvlu@jpeg",
          "associated" : {
            "chat" : {
              "allowIncoming" : "none"
            }
          },
          "viewer" : {
            "muted" : false,
            "blockedBy" : false
          },
          "labels" : [ ],
          "createdAt" : 1700950322606
        },
        "record" : {
          "$type" : "app.bsky.feed.post",
          "createdAt" : 1739377847039,
          "embed" : {
            "$type" : "app.bsky.embed.images",
            "alt" : null,
            "image" : null,
            "aspectRatio" : null
          },
          "facets" : [ {
            "index" : {
              "byteStart" : 13,
              "byteEnd" : 25
            },
            "features" : [ {
              "$type" : "app.bsky.richtext.facet#tag",
              "tag" : "photography"
            } ]
          } ],
          "langs" : [ "en" ],
          "text" : "Ventura Dawn\n#photography"
        },
        "embed" : {
          "$type" : "app.bsky.embed.images#view",
          "thumb" : null,
          "fullsize" : null,
          "alt" : null,
          "aspectRatio" : null
        },
        "replyCount" : 27,
        "repostCount" : 89,
        "likeCount" : 1489,
        "quoteCount" : 2,
        "indexedAt" : 1739377850317,
        "viewer" : { },
        "labels" : [ ]
      }
    }, {
      "post" : {
        "uri" : "at://did:plc:vovinwhtulbsx4mwfw26r5ni/app.bsky.feed.post/3lhyrtj5xcv2x",
        "cid" : "bafyreigding4zb47wkbc2dfqzclcggjaz3gg7hsjyb2lrwp4mwrptarqle",
        "author" : {
          "did" : "did:plc:vovinwhtulbsx4mwfw26r5ni",
          "handle" : "theguardian.com",
          "displayName" : "The Guardian",
          "avatar" : "https://cdn.bsky.app/img/avatar/plain/did:plc:vovinwhtulbsx4mwfw26r5ni/bafkreigxxngb5ecgrleg6cqdzvxh4viycmns5cp6zalfl4o7ivmxiavsma@jpeg",
          "viewer" : {
            "muted" : false,
            "blockedBy" : false,
            "following" : "at://did:plc:pgdrqxzv4kxt7tr3sa6pd77y/app.bsky.graph.follow/3lb5rfqrbgn2g"
          },
          "labels" : [ ],
          "createdAt" : 1731667868071
        },
        "record" : {
          "$type" : "app.bsky.feed.post",
          "createdAt" : 1739384226000,
          "embed" : {
            "$type" : "app.bsky.embed.external",
            "uri" : null,
            "title" : null,
            "description" : null,
            "thumb" : null
          },
          "text" : "Ben Jennings on ‘checks and balances’ in Trump’s White House – cartoon"
        },
        "embed" : {
          "$type" : "app.bsky.embed.external#view",
          "uri" : null,
          "title" : null,
          "description" : null,
          "thumb" : null
        },
        "replyCount" : 4,
        "repostCount" : 63,
        "likeCount" : 262,
        "quoteCount" : 1,
        "indexedAt" : 1739384227129,
        "viewer" : { },
        "labels" : [ ]
      }
    }, {
      "post" : {
        "uri" : "at://did:plc:4youk6koejgwe5m4lennnn4g/app.bsky.feed.post/3lhyba2xi6c2b",
        "cid" : "bafyreidcgqti7e6bnfxul36ahws52rvdkilf4ecbqikuyycu766awuwmt4",
        "author" : {
          "did" : "did:plc:4youk6koejgwe5m4lennnn4g",
          "handle" : "deepgreens.bsky.social",
          "displayName" : "Mira]]>&#x1f33a;<![CDATA[",
          "avatar" : "https://cdn.bsky.app/img/avatar/plain/did:plc:4youk6koejgwe5m4lennnn4g/bafkreiaxx2nkzmhqzgxjipx7tdlldb5b6ppl7aom3beadafphwl7nv3vru@jpeg",
          "viewer" : {
            "muted" : false,
            "blockedBy" : false
          },
          "labels" : [ {
            "src" : "did:plc:4youk6koejgwe5m4lennnn4g",
            "uri" : "at://did:plc:4youk6koejgwe5m4lennnn4g/app.bsky.actor.profile/self",
            "cid" : "bafyreihm2qhmy6wufycrtn2l7iw7ktq7ncsijll5h2stycduomnlsdiqli",
            "val" : "!no-unauthenticated",
            "cts" : 1729321043735
          } ],
          "createdAt" : 1729306623149
        },
        "record" : {
          "$type" : "app.bsky.feed.post",
          "createdAt" : 1739366394123,
          "embed" : {
            "$type" : "app.bsky.embed.images",
            "alt" : null,
            "image" : null,
            "aspectRatio" : null
          },
          "langs" : [ "en" ],
          "text" : "Nobody but Me… ]]>&#x1f33a;<![CDATA["
        },
        "embed" : {
          "$type" : "app.bsky.embed.images#view",
          "thumb" : null,
          "fullsize" : null,
          "alt" : null,
          "aspectRatio" : null
        },
        "replyCount" : 160,
        "repostCount" : 409,
        "likeCount" : 8231,
        "quoteCount" : 22,
        "indexedAt" : 1739366398325,
        "viewer" : { },
        "labels" : [ ]
      }
    }, {
      "post" : {
        "uri" : "at://did:plc:qemcl6cgej3efqxs4x5jiebp/app.bsky.feed.post/3lhwlpmnoe225",
        "cid" : "bafyreibv7nd46sciimncgfbblbmagwoxxbdazbmeuxe7l7gbsrnjq32n2a",
        "author" : {
          "did" : "did:plc:qemcl6cgej3efqxs4x5jiebp",
          "handle" : "thereelrandom.bsky.social",
          "displayName" : "RandomWhiteGuy",
          "avatar" : "https://cdn.bsky.app/img/avatar/plain/did:plc:qemcl6cgej3efqxs4x5jiebp/bafkreieymfcppniq2dgenuxv2gby3dxb43q27bvg7urzs3uifrvkm7qfb4@jpeg",
          "associated" : {
            "chat" : {
              "allowIncoming" : "following"
            }
          },
          "viewer" : {
            "muted" : false,
            "blockedBy" : false
          },
          "labels" : [ {
            "src" : "did:plc:qemcl6cgej3efqxs4x5jiebp",
            "uri" : "at://did:plc:qemcl6cgej3efqxs4x5jiebp/app.bsky.actor.profile/self",
            "cid" : "bafyreig4i22nyc472g2mwiyv4qp3damln2qmfmtygchvvinjqtiisskcdi",
            "val" : "!no-unauthenticated",
            "cts" : 18000000
          } ],
          "createdAt" : 1694359130287
        },
        "record" : {
          "$type" : "app.bsky.feed.post",
          "createdAt" : 1739308933942,
          "embed" : {
            "$type" : "app.bsky.embed.images",
            "alt" : null,
            "image" : null,
            "aspectRatio" : null
          },
          "langs" : [ "en" ],
          "text" : "I’m a LONG time American Gov teacher and these are some of my go-to apps for keeping track of all the (nefarious) shit happening in local, state, and federal government.  5calls is the one you should check out today… super handy."
        },
        "embed" : {
          "$type" : "app.bsky.embed.images#view",
          "thumb" : null,
          "fullsize" : null,
          "alt" : null,
          "aspectRatio" : null
        },
        "replyCount" : 30,
        "repostCount" : 198,
        "likeCount" : 459,
        "quoteCount" : 6,
        "indexedAt" : 1739308935515,
        "viewer" : { },
        "labels" : [ ]
      }
    }, {
      "post" : {
        "uri" : "at://did:plc:dn3rdkitri7stin5whcviabj/app.bsky.feed.post/3lhx65f3lfk25",
        "cid" : "bafyreigd6wtmqpsmpn7hnqergqzcrrr4krgclrnf4nwlkn2iurch3eon6e",
        "author" : {
          "did" : "did:plc:dn3rdkitri7stin5whcviabj",
          "handle" : "benstiller.redhour.com",
          "displayName" : "Ben Stiller",
          "avatar" : "https://cdn.bsky.app/img/avatar/plain/did:plc:dn3rdkitri7stin5whcviabj/bafkreiat6g4vcu77wr2bqquuc3k2m4b63422es2nzpamrti3mr2rtpeuru@jpeg",
          "viewer" : {
            "muted" : false,
            "blockedBy" : false,
            "following" : "at://did:plc:pgdrqxzv4kxt7tr3sa6pd77y/app.bsky.graph.follow/3lazw75rgvj2n"
          },
          "labels" : [ ],
          "createdAt" : 1730995061213
        },
        "record" : {
          "$type" : "app.bsky.feed.post",
          "createdAt" : 1739328723143,
          "langs" : [ "en" ],
          "text" : "JOSH HART is beyond important to this team✊"
        },
        "replyCount" : 40,
        "repostCount" : 28,
        "likeCount" : 634,
        "quoteCount" : 5,
        "indexedAt" : 1739328723323,
        "viewer" : { },
        "labels" : [ ]
      }
    }, {
      "post" : {
        "uri" : "at://did:plc:xxg5gz457tajqy33bjfdhw7q/app.bsky.feed.post/3lhyna56xfc25",
        "cid" : "bafyreig5qioavcmfkpoqx2ll6n5zgjejvopwiorahtrpfu2fzopvl2ah24",
        "author" : {
          "did" : "did:plc:xxg5gz457tajqy33bjfdhw7q",
          "handle" : "jessamine13.bsky.social",
          "displayName" : "Savannah Jessamine",
          "avatar" : "https://cdn.bsky.app/img/avatar/plain/did:plc:xxg5gz457tajqy33bjfdhw7q/bafkreifwbvib745wvmmqxws27kkkq4sl4esigifx4l4p4otqmckbcikl4i@jpeg",
          "viewer" : {
            "muted" : false,
            "blockedBy" : false
          },
          "labels" : [ ],
          "createdAt" : 1731426908645
        },
        "record" : {
          "$type" : "app.bsky.feed.post",
          "createdAt" : 1739379281393,
          "embed" : {
            "$type" : "app.bsky.embed.external",
            "uri" : null,
            "title" : null,
            "description" : null,
            "thumb" : null
          },
          "langs" : [ "en" ],
          "text" : "This one is my favorite. Tiny Head Trump."
        },
        "embed" : {
          "$type" : "app.bsky.embed.external#view",
          "uri" : null,
          "title" : null,
          "description" : null,
          "thumb" : null
        },
        "replyCount" : 4,
        "repostCount" : 16,
        "likeCount" : 134,
        "quoteCount" : 2,
        "indexedAt" : 1739379283830,
        "viewer" : { },
        "labels" : [ ]
      },
      "reply" : {
        "root" : {
          "uri" : "at://did:plc:tsksqpjisdvtusxq6ide5tzj/app.bsky.feed.post/3lhyax675h227",
          "cid" : "bafyreidsgkr6ul4sy3xadyv4x35vzccyy6ovbi7cvtnv4o2v4eqeipfpae",
          "author" : {
            "did" : "did:plc:tsksqpjisdvtusxq6ide5tzj",
            "handle" : "adamkinzinger.bsky.social",
            "displayName" : "Adam Kinzinger",
            "avatar" : "https://cdn.bsky.app/img/avatar/plain/did:plc:tsksqpjisdvtusxq6ide5tzj/bafkreidsxdxp3kqmm7p6c34rjixibrazmnhjzzfgctjcrsov4v5wi2hbgi@jpeg",
            "associated" : {
              "chat" : {
                "allowIncoming" : "all"
              }
            },
            "viewer" : {
              "muted" : false,
              "blockedBy" : false,
              "following" : "at://did:plc:pgdrqxzv4kxt7tr3sa6pd77y/app.bsky.graph.follow/3laygg5hwfl2g"
            },
            "labels" : [ ],
            "createdAt" : 1693446834034
          },
          "record" : {
            "$type" : "app.bsky.feed.post",
            "createdAt" : 1739366095554,
            "embed" : {
              "$type" : "app.bsky.embed.images",
              "alt" : null,
              "image" : null,
              "aspectRatio" : null
            },
            "langs" : [ "en" ],
            "text" : "The new iconic photo that i predicted ultimately destroys the relationship:"
          },
          "embed" : {
            "$type" : "app.bsky.embed.images#view",
            "thumb" : null,
            "fullsize" : null,
            "alt" : null,
            "aspectRatio" : null
          },
          "replyCount" : 4102,
          "repostCount" : 6376,
          "likeCount" : 37248,
          "quoteCount" : 767,
          "indexedAt" : 1739366097517,
          "viewer" : { },
          "labels" : [ ]
        },
        "parent" : {
          "uri" : "at://did:plc:tsksqpjisdvtusxq6ide5tzj/app.bsky.feed.post/3lhyax675h227",
          "cid" : "bafyreidsgkr6ul4sy3xadyv4x35vzccyy6ovbi7cvtnv4o2v4eqeipfpae",
          "author" : {
            "did" : "did:plc:tsksqpjisdvtusxq6ide5tzj",
            "handle" : "adamkinzinger.bsky.social",
            "displayName" : "Adam Kinzinger",
            "avatar" : "https://cdn.bsky.app/img/avatar/plain/did:plc:tsksqpjisdvtusxq6ide5tzj/bafkreidsxdxp3kqmm7p6c34rjixibrazmnhjzzfgctjcrsov4v5wi2hbgi@jpeg",
            "associated" : {
              "chat" : {
                "allowIncoming" : "all"
              }
            },
            "viewer" : {
              "muted" : false,
              "blockedBy" : false,
              "following" : "at://did:plc:pgdrqxzv4kxt7tr3sa6pd77y/app.bsky.graph.follow/3laygg5hwfl2g"
            },
            "labels" : [ ],
            "createdAt" : 1693446834034
          },
          "record" : {
            "$type" : "app.bsky.feed.post",
            "createdAt" : 1739366095554,
            "embed" : {
              "$type" : "app.bsky.embed.images",
              "alt" : null,
              "image" : null,
              "aspectRatio" : null
            },
            "langs" : [ "en" ],
            "text" : "The new iconic photo that i predicted ultimately destroys the relationship:"
          },
          "embed" : {
            "$type" : "app.bsky.embed.images#view",
            "thumb" : null,
            "fullsize" : null,
            "alt" : null,
            "aspectRatio" : null
          },
          "replyCount" : 4102,
          "repostCount" : 6376,
          "likeCount" : 37248,
          "quoteCount" : 767,
          "indexedAt" : 1739366097517,
          "viewer" : { },
          "labels" : [ ]
        }
      }
    }, {
      "post" : {
        "uri" : "at://did:plc:tsksqpjisdvtusxq6ide5tzj/app.bsky.feed.post/3lhyax675h227",
        "cid" : "bafyreidsgkr6ul4sy3xadyv4x35vzccyy6ovbi7cvtnv4o2v4eqeipfpae",
        "author" : {
          "did" : "did:plc:tsksqpjisdvtusxq6ide5tzj",
          "handle" : "adamkinzinger.bsky.social",
          "displayName" : "Adam Kinzinger",
          "avatar" : "https://cdn.bsky.app/img/avatar/plain/did:plc:tsksqpjisdvtusxq6ide5tzj/bafkreidsxdxp3kqmm7p6c34rjixibrazmnhjzzfgctjcrsov4v5wi2hbgi@jpeg",
          "associated" : {
            "chat" : {
              "allowIncoming" : "all"
            }
          },
          "viewer" : {
            "muted" : false,
            "blockedBy" : false,
            "following" : "at://did:plc:pgdrqxzv4kxt7tr3sa6pd77y/app.bsky.graph.follow/3laygg5hwfl2g"
          },
          "labels" : [ ],
          "createdAt" : 1693446834034
        },
        "record" : {
          "$type" : "app.bsky.feed.post",
          "createdAt" : 1739366095554,
          "embed" : {
            "$type" : "app.bsky.embed.images",
            "alt" : null,
            "image" : null,
            "aspectRatio" : null
          },
          "langs" : [ "en" ],
          "text" : "The new iconic photo that i predicted ultimately destroys the relationship:"
        },
        "embed" : {
          "$type" : "app.bsky.embed.images#view",
          "thumb" : null,
          "fullsize" : null,
          "alt" : null,
          "aspectRatio" : null
        },
        "replyCount" : 4102,
        "repostCount" : 6376,
        "likeCount" : 37248,
        "quoteCount" : 767,
        "indexedAt" : 1739366097517,
        "viewer" : { },
        "labels" : [ ]
      }
    }, {
      "post" : {
        "uri" : "at://did:plc:4llrhdclvdlmmynkwsmg5tdc/app.bsky.feed.post/3lhykejgcms2w",
        "cid" : "bafyreib4kdcm2k7n6v7jcuxbwxlxq7xgk2etldefdyijqf2mecw6vpkw6m",
        "author" : {
          "did" : "did:plc:4llrhdclvdlmmynkwsmg5tdc",
          "handle" : "atrupar.com",
          "displayName" : "Aaron Rupar",
          "avatar" : "https://cdn.bsky.app/img/avatar/plain/did:plc:4llrhdclvdlmmynkwsmg5tdc/bafkreibmhm3h6ar52pogvolisrzjdhwa2myras5vkxzj67twxn2l6pogwu@jpeg",
          "associated" : {
            "chat" : {
              "allowIncoming" : "following"
            }
          },
          "viewer" : {
            "muted" : false,
            "blockedBy" : false
          },
          "labels" : [ ],
          "createdAt" : 1682642877437
        },
        "record" : {
          "$type" : "app.bsky.feed.post",
          "createdAt" : 1739376207193,
          "embed" : {
            "$type" : "app.bsky.embed.video",
            "aspectRatio" : {
              "width" : 1920,
              "height" : 1080
            },
            "video" : {
              "$type" : "blob",
              "ref" : {
                "$link" : "bafkreidasoxnvjshrb4dcqrjvcuezqudew2ajmn4w2qayndocxbqjviap4"
              },
              "mimeType" : "video/mp4",
              "size" : 20827707
            }
          },
          "facets" : [ ],
          "langs" : [ "en" ],
          "text" : "Garcia: \"I find it ironic that our chairman, Rep. Greene, is in charge of running this committee. In the last Congress, Chairwoman Greene literally showed a dick pic in our Oversight hearing, so I thought I'd bring one as well. This, of course, is President Elon Musk ... \""
        },
        "embed" : {
          "$type" : "app.bsky.embed.video#view",
          "cid" : "bafkreidasoxnvjshrb4dcqrjvcuezqudew2ajmn4w2qayndocxbqjviap4",
          "playlist" : "https://video.bsky.app/watch/did%3Aplc%3A4llrhdclvdlmmynkwsmg5tdc/bafkreidasoxnvjshrb4dcqrjvcuezqudew2ajmn4w2qayndocxbqjviap4/playlist.m3u8",
          "thumbnail" : "https://video.bsky.app/watch/did%3Aplc%3A4llrhdclvdlmmynkwsmg5tdc/bafkreidasoxnvjshrb4dcqrjvcuezqudew2ajmn4w2qayndocxbqjviap4/thumbnail.jpg",
          "aspectRatio" : {
            "width" : 1920,
            "height" : 1080
          }
        },
        "replyCount" : 898,
        "repostCount" : 5973,
        "likeCount" : 21298,
        "quoteCount" : 737,
        "indexedAt" : 1739376209223,
        "viewer" : { },
        "labels" : [ ]
      }
    }, {
      "post" : {
        "uri" : "at://did:plc:kpxcztsqfrzkbd4ve3xvdzco/app.bsky.feed.post/3lhyc6n4upc2u",
        "cid" : "bafyreibwyonpfzulosjhqphr5nzsrduroo65stbfr35uaz6k4hw4qlbw4e",
        "author" : {
          "did" : "did:plc:kpxcztsqfrzkbd4ve3xvdzco",
          "handle" : "jasmineforus.bsky.social",
          "displayName" : "Jasmine Crockett",
          "avatar" : "https://cdn.bsky.app/img/avatar/plain/did:plc:kpxcztsqfrzkbd4ve3xvdzco/bafkreidqjwskyiwi73mcvi6zaykywndq3ixq7b2oalrohitilohius4rvq@jpeg",
          "viewer" : {
            "muted" : false,
            "blockedBy" : false
          },
          "labels" : [ ],
          "createdAt" : 1731110450710
        },
        "record" : {
          "$type" : "app.bsky.feed.post",
          "createdAt" : 1739367419826,
          "langs" : [ "en" ],
          "text" : "Well… today I have my first DOGE subcommittee hearing along with a Judiciary hearing, all while DC is snowed in! \n\nIf I had normal coworkers & the country wasn’t going to hell lead by DOGE Douchebags, I’d say, “nothing to see here,” but something tells me, today is going to be pure insanity…"
        },
        "replyCount" : 3569,
        "repostCount" : 7198,
        "likeCount" : 45881,
        "quoteCount" : 439,
        "indexedAt" : 1739367420223,
        "viewer" : { },
        "labels" : [ ]
      }
    }, {
      "post" : {
        "uri" : "at://did:plc:eg336dt7kyike5xkyed3iwcv/app.bsky.feed.post/3lhybsmdhzy2q",
        "cid" : "bafyreibebafw7s2przft22pvqtk2xglxzxt4c573ej6qatbsoa3d676ggq",
        "author" : {
          "did" : "did:plc:eg336dt7kyike5xkyed3iwcv",
          "handle" : "lukelukeluke.bsky.social",
          "displayName" : "lukelukeluke",
          "avatar" : "https://cdn.bsky.app/img/avatar/plain/did:plc:eg336dt7kyike5xkyed3iwcv/bafkreiaey2qqua57ltbrdgllho5cnxepscwqmjrxas3adw5npjiq7htw2i@jpeg",
          "associated" : {
            "chat" : {
              "allowIncoming" : "all"
            }
          },
          "viewer" : {
            "muted" : false,
            "blockedBy" : false
          },
          "labels" : [ ],
          "createdAt" : 1688392163621
        },
        "record" : {
          "$type" : "app.bsky.feed.post",
          "createdAt" : 1739367016328,
          "text" : "It’s fun starting a new hobby with ADHD because I never know if I’ve found a new lifelong passion or if I’m going to spend $2000 on stuff and immediately lose all interest"
        },
        "replyCount" : 1534,
        "repostCount" : 3190,
        "likeCount" : 33726,
        "quoteCount" : 457,
        "indexedAt" : 1739367016425,
        "viewer" : { },
        "labels" : [ ]
      }
    }, {
      "post" : {
        "uri" : "at://did:plc:vlagheuj2g7hnpv5mceckddz/app.bsky.feed.post/3lhyqfb4hes2v",
        "cid" : "bafyreieqdter25ccbqm4fupsbbxoqcs5ieuqzany4xalttowv36ibpncpi",
        "author" : {
          "did" : "did:plc:vlagheuj2g7hnpv5mceckddz",
          "handle" : "miamichefpapi.bsky.social",
          "displayName" : "Miamichefpapi",
          "avatar" : "https://cdn.bsky.app/img/avatar/plain/did:plc:vlagheuj2g7hnpv5mceckddz/bafkreie34htdzzvxopoihyowfklxwndlenszvxjm26242m4vlpzmwmurn4@jpeg",
          "associated" : {
            "chat" : {
              "allowIncoming" : "following"
            }
          },
          "viewer" : {
            "muted" : false,
            "blockedBy" : false
          },
          "labels" : [ ],
          "createdAt" : 1701176381106
        },
        "record" : {
          "$type" : "app.bsky.feed.post",
          "createdAt" : 1739382674503,
          "langs" : [ "en" ],
          "text" : "I find his obstruction with Obama on everything especially the court picks he denied, somehow, to be his legacy. That set up what we have today."
        },
        "replyCount" : 3,
        "repostCount" : 2,
        "likeCount" : 31,
        "quoteCount" : 1,
        "indexedAt" : 1739382674822,
        "viewer" : { },
        "labels" : [ ]
      },
      "reply" : {
        "root" : {
          "uri" : "at://did:plc:2darfo36xds4oznvip7x2ux7/app.bsky.feed.post/3lhypwqdzfs27",
          "cid" : "bafyreih4lxhitbhvh5csa5eszcs5w6u6q3yfpb2iqvm3qefjpdrec7izwi",
          "author" : {
            "did" : "did:plc:2darfo36xds4oznvip7x2ux7",
            "handle" : "mollyknight.bsky.social",
            "displayName" : "Molly Knight",
            "avatar" : "https://cdn.bsky.app/img/avatar/plain/did:plc:2darfo36xds4oznvip7x2ux7/bafkreieaqhfdtb5xwiprmw3tutd2rnlhc6dqmyu2lhd6q6pqk36nqd3cnu@jpeg",
            "associated" : {
              "chat" : {
                "allowIncoming" : "following"
              }
            },
            "viewer" : {
              "muted" : false,
              "blockedBy" : false
            },
            "labels" : [ ],
            "createdAt" : 1682640286432
          },
          "record" : {
            "$type" : "app.bsky.feed.post",
            "createdAt" : 1739382187164,
            "langs" : [ "en" ],
            "text" : "It's very cute how Mitch McConnell is doing his little protest votes on Trump nominations now that he's one foot in the grave. He had more power than anyone to stop Trump from ever becoming president again by pushing to convict him in the Senate four years ago but he was too big of a coward."
          },
          "replyCount" : 42,
          "repostCount" : 199,
          "likeCount" : 1308,
          "quoteCount" : 12,
          "indexedAt" : 1739382187421,
          "viewer" : { },
          "labels" : [ ]
        },
        "parent" : {
          "uri" : "at://did:plc:2darfo36xds4oznvip7x2ux7/app.bsky.feed.post/3lhypwqdzfs27",
          "cid" : "bafyreih4lxhitbhvh5csa5eszcs5w6u6q3yfpb2iqvm3qefjpdrec7izwi",
          "author" : {
            "did" : "did:plc:2darfo36xds4oznvip7x2ux7",
            "handle" : "mollyknight.bsky.social",
            "displayName" : "Molly Knight",
            "avatar" : "https://cdn.bsky.app/img/avatar/plain/did:plc:2darfo36xds4oznvip7x2ux7/bafkreieaqhfdtb5xwiprmw3tutd2rnlhc6dqmyu2lhd6q6pqk36nqd3cnu@jpeg",
            "associated" : {
              "chat" : {
                "allowIncoming" : "following"
              }
            },
            "viewer" : {
              "muted" : false,
              "blockedBy" : false
            },
            "labels" : [ ],
            "createdAt" : 1682640286432
          },
          "record" : {
            "$type" : "app.bsky.feed.post",
            "createdAt" : 1739382187164,
            "langs" : [ "en" ],
            "text" : "It's very cute how Mitch McConnell is doing his little protest votes on Trump nominations now that he's one foot in the grave. He had more power than anyone to stop Trump from ever becoming president again by pushing to convict him in the Senate four years ago but he was too big of a coward."
          },
          "replyCount" : 42,
          "repostCount" : 199,
          "likeCount" : 1308,
          "quoteCount" : 12,
          "indexedAt" : 1739382187421,
          "viewer" : { },
          "labels" : [ ]
        }
      }
    }, {
      "post" : {
        "uri" : "at://did:plc:2darfo36xds4oznvip7x2ux7/app.bsky.feed.post/3lhypwqdzfs27",
        "cid" : "bafyreih4lxhitbhvh5csa5eszcs5w6u6q3yfpb2iqvm3qefjpdrec7izwi",
        "author" : {
          "did" : "did:plc:2darfo36xds4oznvip7x2ux7",
          "handle" : "mollyknight.bsky.social",
          "displayName" : "Molly Knight",
          "avatar" : "https://cdn.bsky.app/img/avatar/plain/did:plc:2darfo36xds4oznvip7x2ux7/bafkreieaqhfdtb5xwiprmw3tutd2rnlhc6dqmyu2lhd6q6pqk36nqd3cnu@jpeg",
          "associated" : {
            "chat" : {
              "allowIncoming" : "following"
            }
          },
          "viewer" : {
            "muted" : false,
            "blockedBy" : false
          },
          "labels" : [ ],
          "createdAt" : 1682640286432
        },
        "record" : {
          "$type" : "app.bsky.feed.post",
          "createdAt" : 1739382187164,
          "langs" : [ "en" ],
          "text" : "It's very cute how Mitch McConnell is doing his little protest votes on Trump nominations now that he's one foot in the grave. He had more power than anyone to stop Trump from ever becoming president again by pushing to convict him in the Senate four years ago but he was too big of a coward."
        },
        "replyCount" : 42,
        "repostCount" : 199,
        "likeCount" : 1308,
        "quoteCount" : 12,
        "indexedAt" : 1739382187421,
        "viewer" : { },
        "labels" : [ ]
      }
    }, {
      "post" : {
        "uri" : "at://did:plc:y5xyloyy7s4a2bwfeimj7r3b/app.bsky.feed.post/3lhw62etees2p",
        "cid" : "bafyreice2cixdhh6vweuh7cg44dkzd3ocsqseh2i5z3r2ykdsq32y4ewxa",
        "author" : {
          "did" : "did:plc:y5xyloyy7s4a2bwfeimj7r3b",
          "handle" : "mcuban.bsky.social",
          "displayName" : "Mark Cuban",
          "avatar" : "https://cdn.bsky.app/img/avatar/plain/did:plc:y5xyloyy7s4a2bwfeimj7r3b/bafkreihxddlkbnblytjdbajg5qopawdfcabg5e7ppwja6zmm3lvnedzojm@jpeg",
          "viewer" : {
            "muted" : false,
            "blockedBy" : false,
            "following" : "at://did:plc:pgdrqxzv4kxt7tr3sa6pd77y/app.bsky.graph.follow/3kebioim7l22d"
          },
          "labels" : [ ],
          "createdAt" : 1683008299464
        },
        "record" : {
          "$type" : "app.bsky.feed.post",
          "createdAt" : 1739294262469,
          "facets" : [ {
            "index" : {
              "byteStart" : 81,
              "byteEnd" : 90
            },
            "features" : [ {
              "$type" : "app.bsky.richtext.facet#mention",
              "did" : "did:plc:z72i7hdynmk6r22z27h6tvur"
            } ]
          } ],
          "langs" : [ "en" ],
          "text" : "Dems should propose a law that immediately requires every fed agency  to post on @bsky.app account, every outlay with a detailed description, $, and a link to existing gov sites with in depth details \n\nRather than trying to keep Elon out, pre-empt him so he cant miss characterize spending."
        },
        "replyCount" : 2426,
        "repostCount" : 12605,
        "likeCount" : 68781,
        "quoteCount" : 757,
        "indexedAt" : 1739294263117,
        "viewer" : { },
        "labels" : [ ]
      }
    }, {
      "post" : {
        "uri" : "at://did:plc:nvfposmpmhegtyvhbs75s3pw/app.bsky.feed.post/3lhu733inbk2x",
        "cid" : "bafyreiave2sf2nimcykoh27xhjultrjuqwdx4wedj5llg2dd5uxqw766ni",
        "author" : {
          "did" : "did:plc:nvfposmpmhegtyvhbs75s3pw",
          "handle" : "jamellebouie.net",
          "displayName" : "jamelle",
          "avatar" : "https://cdn.bsky.app/img/avatar/plain/did:plc:nvfposmpmhegtyvhbs75s3pw/bafkreiefjdjiahsa4upn3zabt4bxjfculjcxsdrxzc75nqlylfx7xo2izy@jpeg",
          "associated" : {
            "chat" : {
              "allowIncoming" : "following"
            }
          },
          "viewer" : {
            "muted" : false,
            "blockedBy" : false,
            "following" : "at://did:plc:pgdrqxzv4kxt7tr3sa6pd77y/app.bsky.graph.follow/3lcooonjqtg2f"
          },
          "labels" : [ ],
          "createdAt" : 1682613106732
        },
        "record" : {
          "$type" : "app.bsky.feed.post",
          "createdAt" : 1739226640503,
          "embed" : {
            "$type" : "app.bsky.embed.record",
            "cid" : null,
            "uri" : null
          },
          "langs" : [ "en" ],
          "text" : "the “administrative state” in practice is a lot of very hard working, practically anonymous people doing the thankless work of making this country run and a drug-addled dipshit is slandering them in order to steal our money for himself"
        },
        "embed" : {
          "$type" : "app.bsky.embed.record#view",
          "author" : null,
          "cid" : null,
          "embeds" : null,
          "indexedAt" : null,
          "labels" : null,
          "likeCount" : null,
          "quoteCount" : null,
          "replyCount" : null,
          "repostCount" : null,
          "uri" : null,
          "value" : null
        },
        "replyCount" : 161,
        "repostCount" : 2597,
        "likeCount" : 12918,
        "quoteCount" : 47,
        "indexedAt" : 1739226640724,
        "viewer" : { },
        "labels" : [ ]
      }
    }, {
      "post" : {
        "uri" : "at://did:plc:g4fl7lg3tlziy2lxow7g5xot/app.bsky.feed.post/3lhup4uvnbk24",
        "cid" : "bafyreiefy26x2kf4po33zvd3cr2kypsdkwad377bi3e6uiuxzzpjqjkmu4",
        "author" : {
          "did" : "did:plc:g4fl7lg3tlziy2lxow7g5xot",
          "handle" : "craig725.bsky.social",
          "displayName" : "Craig Schisel ]]>&#x1f499;<![CDATA[",
          "avatar" : "https://cdn.bsky.app/img/avatar/plain/did:plc:g4fl7lg3tlziy2lxow7g5xot/bafkreia3wefy7tiybwjzc3mt4uqcdpvnqxqjnzffck4mjp34dvidnp5zai@jpeg",
          "viewer" : {
            "muted" : false,
            "blockedBy" : false
          },
          "labels" : [ {
            "src" : "did:plc:g4fl7lg3tlziy2lxow7g5xot",
            "uri" : "at://did:plc:g4fl7lg3tlziy2lxow7g5xot/app.bsky.actor.profile/self",
            "cid" : "bafyreidldb4qdjxmbw5pinqtkxbzfrpu5vspgl5zo5sy3vfbuumn4kagqe",
            "val" : "!no-unauthenticated",
            "cts" : 1738054669173
          } ],
          "createdAt" : 1738036669613
        },
        "record" : {
          "$type" : "app.bsky.feed.post",
          "createdAt" : 1739243880566,
          "facets" : [ {
            "index" : {
              "byteStart" : 304,
              "byteEnd" : 312
            },
            "features" : [ {
              "$type" : "app.bsky.richtext.facet#tag",
              "tag" : "Bluesky"
            } ]
          }, {
            "index" : {
              "byteStart" : 313,
              "byteEnd" : 320
            },
            "features" : [ {
              "$type" : "app.bsky.richtext.facet#tag",
              "tag" : "Resist"
            } ]
          } ],
          "langs" : [ "en" ],
          "text" : "Bluesky is THE place for the hottest conversations...Eric Adams corruption, OpenAI drama, the CFPB shutdown, and of course, the Super Bowl! ]]>&#x1f3c8;<![CDATA[]]>&#x1f525;<![CDATA[\n\nBut the real headline? Pete Buttigieg just landed on Bluesky! Welcome aboard, Mr. Secretary! ]]>&#x1f680;<![CDATA[]]>&#x1f499;<![CDATA[\n\nLIKE ]]>&#x1f44d;<![CDATA[ REPOST ]]>&#x1f501;<![CDATA[ FOLLOW ]]>&#x1f440;<![CDATA[ to stay updated! #Bluesky #Resist"
        },
        "replyCount" : 8,
        "repostCount" : 29,
        "likeCount" : 288,
        "quoteCount" : 2,
        "indexedAt" : 1739243881120,
        "viewer" : { },
        "labels" : [ ]
      }
    }, {
      "post" : {
        "uri" : "at://did:plc:ryjmqqquvltpslijw3zl4fln/app.bsky.feed.post/3lhuoegwyo22a",
        "cid" : "bafyreiacaupktxqwexhealmi27xpcjlbtsgqzw6sak4jhozdo2kogcskgy",
        "author" : {
          "did" : "did:plc:ryjmqqquvltpslijw3zl4fln",
          "handle" : "ezralevin.bsky.social",
          "displayName" : "Ezra Levin",
          "avatar" : "https://cdn.bsky.app/img/avatar/plain/did:plc:ryjmqqquvltpslijw3zl4fln/bafkreianauphuw54yy2gqlenmy3ben7rtusah2jmh5nz4mxsgpripiba5m@jpeg",
          "viewer" : {
            "muted" : false,
            "blockedBy" : false
          },
          "labels" : [ ],
          "createdAt" : 1685319973198
        },
        "record" : {
          "$type" : "app.bsky.feed.post",
          "createdAt" : 1739243060623,
          "facets" : [ {
            "index" : {
              "byteStart" : 31,
              "byteEnd" : 48
            },
            "features" : [ {
              "$type" : "app.bsky.richtext.facet#mention",
              "did" : "did:plc:bono5gae7m6r3qpfxomshwbd"
            } ]
          }, {
            "index" : {
              "byteStart" : 165,
              "byteEnd" : 183
            },
            "features" : [ {
              "$type" : "app.bsky.richtext.facet#mention",
              "did" : "did:plc:ornpixmpy5ts36lh7hmi7wkp"
            } ]
          } ],
          "langs" : [ "en" ],
          "text" : "Gotta say, it was great to see @maddow.msnbc.com endorse BlueSky so strongly at the end of the show, and trash twitter so well.\n\nAnd she covered the CFPB rally with @warren.senate.gov on to talk about it!\n\nGood show."
        },
        "replyCount" : 36,
        "repostCount" : 235,
        "likeCount" : 1710,
        "quoteCount" : 8,
        "indexedAt" : 1739243060917,
        "viewer" : { },
        "labels" : [ ]
      }
    }, {
      "post" : {
        "uri" : "at://did:plc:y5xyloyy7s4a2bwfeimj7r3b/app.bsky.feed.post/3lhs3nc2hfc2c",
        "cid" : "bafyreiepwyt6dnwebc45iqwk47tcy3xhm5uh7gz2kvwxjrxp2aucy7363e",
        "author" : {
          "did" : "did:plc:y5xyloyy7s4a2bwfeimj7r3b",
          "handle" : "mcuban.bsky.social",
          "displayName" : "Mark Cuban",
          "avatar" : "https://cdn.bsky.app/img/avatar/plain/did:plc:y5xyloyy7s4a2bwfeimj7r3b/bafkreihxddlkbnblytjdbajg5qopawdfcabg5e7ppwja6zmm3lvnedzojm@jpeg",
          "viewer" : {
            "muted" : false,
            "blockedBy" : false,
            "following" : "at://did:plc:pgdrqxzv4kxt7tr3sa6pd77y/app.bsky.graph.follow/3kebioim7l22d"
          },
          "labels" : [ ],
          "createdAt" : 1683008299464
        },
        "record" : {
          "$type" : "app.bsky.feed.post",
          "createdAt" : 1739154236910,
          "embed" : {
            "$type" : "app.bsky.embed.images",
            "alt" : null,
            "image" : null,
            "aspectRatio" : null
          },
          "langs" : [ "en" ],
          "text" : "Something you won’t find on Twitter."
        },
        "embed" : {
          "$type" : "app.bsky.embed.images#view",
          "thumb" : null,
          "fullsize" : null,
          "alt" : null,
          "aspectRatio" : null
        },
        "replyCount" : 786,
        "repostCount" : 2779,
        "likeCount" : 35177,
        "quoteCount" : 127,
        "indexedAt" : 1739154238726,
        "viewer" : { },
        "labels" : [ ]
      }
    }, {
      "post" : {
        "uri" : "at://did:plc:y4zs4cabaezzwx3bz2e5nnj2/app.bsky.feed.post/3lhryrlaid22o",
        "cid" : "bafyreieryqjcwtdih2grihczmxkoombnnnaiv76xmnlckhrll755wmn5s4",
        "author" : {
          "did" : "did:plc:y4zs4cabaezzwx3bz2e5nnj2",
          "handle" : "georgetakei.bsky.social",
          "displayName" : "George Takei",
          "avatar" : "https://cdn.bsky.app/img/avatar/plain/did:plc:y4zs4cabaezzwx3bz2e5nnj2/bafkreihyuljtklac6pgvt4kbndezofm23wswyhdqmh77bgedrxhuigwbh4@jpeg",
          "associated" : {
            "chat" : {
              "allowIncoming" : "following"
            }
          },
          "viewer" : {
            "muted" : false,
            "blockedBy" : false,
            "following" : "at://did:plc:pgdrqxzv4kxt7tr3sa6pd77y/app.bsky.graph.follow/3kebindmjnd2a"
          },
          "labels" : [ ],
          "createdAt" : 1682883903507
        },
        "record" : {
          "$type" : "app.bsky.feed.post",
          "createdAt" : 1739151159538,
          "embed" : {
            "$type" : "app.bsky.embed.images",
            "alt" : null,
            "image" : null,
            "aspectRatio" : null
          },
          "langs" : [ "en" ],
          "text" : "Great point."
        },
        "embed" : {
          "$type" : "app.bsky.embed.images#view",
          "thumb" : null,
          "fullsize" : null,
          "alt" : null,
          "aspectRatio" : null
        },
        "replyCount" : 1225,
        "repostCount" : 14759,
        "likeCount" : 76242,
        "quoteCount" : 501,
        "indexedAt" : 1739151160526,
        "viewer" : { },
        "labels" : [ ]
      }
    }, {
      "post" : {
        "uri" : "at://did:plc:r4rcklnbq2oaiatzvx5xyxxv/app.bsky.feed.post/3lhpm6x4neq2k",
        "cid" : "bafyreidwy5ihitje7kdbze5abe2m2tylcj6nkz7wuu2pqi5o7w6bh7ryom",
        "author" : {
          "did" : "did:plc:r4rcklnbq2oaiatzvx5xyxxv",
          "handle" : "lazerrobotmoses.bsky.social",
          "displayName" : "Dr. AC_Slater",
          "avatar" : "https://cdn.bsky.app/img/avatar/plain/did:plc:r4rcklnbq2oaiatzvx5xyxxv/bafkreidw4exihqwfhbyvzi5ub6i53r5cob7d2h5xtutwknea554777vcky@jpeg",
          "viewer" : {
            "muted" : false,
            "blockedBy" : false
          },
          "labels" : [ ],
          "createdAt" : 1731253683322
        },
        "record" : {
          "$type" : "app.bsky.feed.post",
          "createdAt" : 1739068930031,
          "embed" : {
            "$type" : "app.bsky.embed.images",
            "alt" : null,
            "image" : null,
            "aspectRatio" : null
          },
          "facets" : [ {
            "index" : {
              "byteStart" : 148,
              "byteEnd" : 157
            },
            "features" : [ {
              "$type" : "app.bsky.richtext.facet#tag",
              "tag" : "fuckelon"
            } ]
          }, {
            "index" : {
              "byteStart" : 158,
              "byteEnd" : 168
            },
            "features" : [ {
              "$type" : "app.bsky.richtext.facet#tag",
              "tag" : "fucktrump"
            } ]
          }, {
            "index" : {
              "byteStart" : 169,
              "byteEnd" : 181
            },
            "features" : [ {
              "$type" : "app.bsky.richtext.facet#tag",
              "tag" : "nooligarchy"
            } ]
          }, {
            "index" : {
              "byteStart" : 182,
              "byteEnd" : 186
            },
            "features" : [ {
              "$type" : "app.bsky.richtext.facet#tag",
              "tag" : "AOC"
            } ]
          } ],
          "langs" : [ "en" ],
          "text" : "Banksy you've done it again. On a good note, I got my PALS card today! I can save babies and children's lives! Unlike these shit heads in office. \n\n#fuckelon #fucktrump #nooligarchy #AOC"
        },
        "embed" : {
          "$type" : "app.bsky.embed.images#view",
          "thumb" : null,
          "fullsize" : null,
          "alt" : null,
          "aspectRatio" : null
        },
        "replyCount" : 14,
        "repostCount" : 211,
        "likeCount" : 921,
        "quoteCount" : 17,
        "indexedAt" : 1739068931623,
        "viewer" : { },
        "labels" : [ ]
      }
    }, {
      "post" : {
        "uri" : "at://did:plc:y5xyloyy7s4a2bwfeimj7r3b/app.bsky.feed.post/3lhraztcqck2n",
        "cid" : "bafyreicpodu7s4eqbxwjchls5gjahtkwvsyp3h5xd6cyn2louu324cbawm",
        "author" : {
          "did" : "did:plc:y5xyloyy7s4a2bwfeimj7r3b",
          "handle" : "mcuban.bsky.social",
          "displayName" : "Mark Cuban",
          "avatar" : "https://cdn.bsky.app/img/avatar/plain/did:plc:y5xyloyy7s4a2bwfeimj7r3b/bafkreihxddlkbnblytjdbajg5qopawdfcabg5e7ppwja6zmm3lvnedzojm@jpeg",
          "viewer" : {
            "muted" : false,
            "blockedBy" : false,
            "following" : "at://did:plc:pgdrqxzv4kxt7tr3sa6pd77y/app.bsky.graph.follow/3kebioim7l22d"
          },
          "labels" : [ ],
          "createdAt" : 1683008299464
        },
        "record" : {
          "$type" : "app.bsky.feed.post",
          "createdAt" : 1739125666634,
          "embed" : {
            "$type" : "app.bsky.embed.record",
            "cid" : null,
            "uri" : null
          },
          "facets" : [ {
            "index" : {
              "byteStart" : 35,
              "byteEnd" : 44
            },
            "features" : [ {
              "$type" : "app.bsky.richtext.facet#mention",
              "did" : "did:plc:z72i7hdynmk6r22z27h6tvur"
            } ]
          }, {
            "index" : {
              "byteStart" : 242,
              "byteEnd" : 251
            },
            "features" : [ {
              "$type" : "app.bsky.richtext.facet#mention",
              "did" : "did:plc:z72i7hdynmk6r22z27h6tvur"
            } ]
          } ],
          "langs" : [ "en" ],
          "text" : "Some don't want posts like this on @bsky.app.  I want more.  Why ?\n\nThis is a moderated platform. Which means unbridled hate is removed. And blocked. \n\nMaking this is a platform where we can engage and have real discussions on real issues. \n\n@bsky.app w 100m users changes political discourse."
        },
        "embed" : {
          "$type" : "app.bsky.embed.record#view",
          "author" : null,
          "cid" : null,
          "embeds" : null,
          "indexedAt" : null,
          "labels" : null,
          "likeCount" : null,
          "quoteCount" : null,
          "replyCount" : null,
          "repostCount" : null,
          "uri" : null,
          "value" : null
        },
        "replyCount" : 1939,
        "repostCount" : 1890,
        "likeCount" : 24636,
        "quoteCount" : 125,
        "indexedAt" : 1739125667318,
        "viewer" : { },
        "labels" : [ ]
      }
    }, {
      "post" : {
        "uri" : "at://did:plc:wjatbj4hiinxfqaeixaw2bcp/app.bsky.feed.post/3lhrycamp7i22",
        "cid" : "bafyreicmiadumal255pbnkr6x3oelzeufcin7tif5lsj7633unf7gxjkx4",
        "author" : {
          "did" : "did:plc:wjatbj4hiinxfqaeixaw2bcp",
          "handle" : "realtuckfrumper.bsky.social",
          "displayName" : "#TuckFrump",
          "avatar" : "https://cdn.bsky.app/img/avatar/plain/did:plc:wjatbj4hiinxfqaeixaw2bcp/bafkreideluihiwuwssieujhm7vkgpi3fjmkt7c2uvoyt3o5bhgwbwjwzpy@jpeg",
          "associated" : {
            "chat" : {
              "allowIncoming" : "following"
            }
          },
          "viewer" : {
            "muted" : false,
            "blockedBy" : false,
            "following" : "at://did:plc:pgdrqxzv4kxt7tr3sa6pd77y/app.bsky.graph.follow/3lhjgcylqus2b",
            "followedBy" : "at://did:plc:wjatbj4hiinxfqaeixaw2bcp/app.bsky.graph.follow/3lhhac6we5b2x"
          },
          "labels" : [ ],
          "createdAt" : 1709489583807
        },
        "record" : {
          "$type" : "app.bsky.feed.post",
          "createdAt" : 1739150644000,
          "embed" : {
            "$type" : "app.bsky.embed.external",
            "uri" : null,
            "title" : null,
            "description" : null,
            "thumb" : null
          },
          "text" : "'Crippling crises': Evangelical leaders turn on Trump over 'damaging and wasteful' order: Some evangelicals on Sunday slammed President Donald Trump’s abrupt decision to dismantle the US Agency for International Development (USAID), with one leader calling the move “damaging and wasteful.”\n\nAs…"
        },
        "embed" : {
          "$type" : "app.bsky.embed.external#view",
          "uri" : null,
          "title" : null,
          "description" : null,
          "thumb" : null
        },
        "replyCount" : 21,
        "repostCount" : 49,
        "likeCount" : 206,
        "quoteCount" : 2,
        "indexedAt" : 1739150645316,
        "viewer" : { },
        "labels" : [ ]
      }
    }, {
      "post" : {
        "uri" : "at://did:plc:6yoflb3tzjrjyt2e2jta6mbu/app.bsky.feed.post/3lhmimvtads2m",
        "cid" : "bafyreiholxktvvjufib2onz33pdinpxcx2etdlq76m4dlyitao7w4r3pyq",
        "author" : {
          "did" : "did:plc:6yoflb3tzjrjyt2e2jta6mbu",
          "handle" : "bleaktheology.bsky.social",
          "displayName" : "Burke Gerstenschlager",
          "avatar" : "https://cdn.bsky.app/img/avatar/plain/did:plc:6yoflb3tzjrjyt2e2jta6mbu/bafkreid7we5rmvkb7s6vuenoc3fzakhp47vc7tjshjwizl6wls6we6x6nq@jpeg",
          "associated" : {
            "chat" : {
              "allowIncoming" : "following"
            }
          },
          "viewer" : {
            "muted" : false,
            "blockedBy" : false
          },
          "labels" : [ ],
          "createdAt" : 1690485830842
        },
        "record" : {
          "$type" : "app.bsky.feed.post",
          "createdAt" : 1738962024308,
          "langs" : [ "en" ],
          "text" : "This is the way America ends.\nThis is the way America ends. \nThis is the way America ends. \nNot with a bang, but an agency named for a stupid meme."
        },
        "replyCount" : 3,
        "repostCount" : 13,
        "likeCount" : 66,
        "quoteCount" : 0,
        "indexedAt" : 1738962025031,
        "viewer" : { },
        "labels" : [ ]
      }
    }, {
      "post" : {
        "uri" : "at://did:plc:dm6ncll5z4iwsgdhjh3jparx/app.bsky.feed.post/3lhhqm4ud5s2r",
        "cid" : "bafyreidfnt5woziha7fx3w2itu2gdqmgccyz447rl2dcelhgezeqlfp7sq",
        "author" : {
          "did" : "did:plc:dm6ncll5z4iwsgdhjh3jparx",
          "handle" : "pauletteparis1.bsky.social",
          "displayName" : "Paulette Feeney",
          "avatar" : "https://cdn.bsky.app/img/avatar/plain/did:plc:dm6ncll5z4iwsgdhjh3jparx/bafkreiaq6zlkkd3sta2let6exh67stplenyhsypepbcl2r74wjo4hvsaju@jpeg",
          "viewer" : {
            "muted" : false,
            "blockedBy" : false
          },
          "labels" : [ ],
          "createdAt" : 1729128373242
        },
        "record" : {
          "$type" : "app.bsky.feed.post",
          "createdAt" : 1738798789371,
          "langs" : [ "en" ],
          "text" : "Everything is awful, but some personal good news. \nSince my melanoma diagnosis and surgery, I have been on a three month revisit with dermatologist. Today, I was pushed to every six months. Yay! And damn lucky I still have insurance. ]]>&#x1f499;<![CDATA[]]>&#x1f64f;<![CDATA["
        },
        "replyCount" : 144,
        "repostCount" : 78,
        "likeCount" : 2180,
        "quoteCount" : 4,
        "indexedAt" : 1738798789426,
        "viewer" : { },
        "labels" : [ ]
      }
    }, {
      "post" : {
        "uri" : "at://did:plc:y5xyloyy7s4a2bwfeimj7r3b/app.bsky.feed.post/3lhi33vwies2p",
        "cid" : "bafyreiaakcxcywhrshcw7rpbnj6zu3eo7g5mqbtna42houvvajhxmh3sfi",
        "author" : {
          "did" : "did:plc:y5xyloyy7s4a2bwfeimj7r3b",
          "handle" : "mcuban.bsky.social",
          "displayName" : "Mark Cuban",
          "avatar" : "https://cdn.bsky.app/img/avatar/plain/did:plc:y5xyloyy7s4a2bwfeimj7r3b/bafkreihxddlkbnblytjdbajg5qopawdfcabg5e7ppwja6zmm3lvnedzojm@jpeg",
          "viewer" : {
            "muted" : false,
            "blockedBy" : false,
            "following" : "at://did:plc:pgdrqxzv4kxt7tr3sa6pd77y/app.bsky.graph.follow/3kebioim7l22d"
          },
          "labels" : [ ],
          "createdAt" : 1683008299464
        },
        "record" : {
          "$type" : "app.bsky.feed.post",
          "createdAt" : 1738810056390,
          "embed" : {
            "$type" : "app.bsky.embed.external",
            "uri" : null,
            "title" : null,
            "description" : null,
            "thumb" : null
          },
          "facets" : [ {
            "index" : {
              "byteStart" : 49,
              "byteEnd" : 63
            },
            "features" : [ {
              "$type" : "app.bsky.richtext.facet#link",
              "uri" : "https://theblue.report/"
            } ]
          } ],
          "langs" : [ "en" ],
          "text" : "This is also a valuable resource for sky users \n\ntheblue.report"
        },
        "embed" : {
          "$type" : "app.bsky.embed.external#view",
          "uri" : null,
          "title" : null,
          "description" : null,
          "thumb" : null
        },
        "replyCount" : 1284,
        "repostCount" : 7546,
        "likeCount" : 30686,
        "quoteCount" : 316,
        "indexedAt" : 1738810056828,
        "viewer" : { },
        "labels" : [ ]
      }
    }, {
      "post" : {
        "uri" : "at://did:plc:actxlc22qx4x6excw56vkjfu/app.bsky.feed.post/3lhg42x5vhc2n",
        "cid" : "bafyreia5oitr44vn4uphald4lkabmqp7hznnkpstqqpfk4s4bd73odlgjq",
        "author" : {
          "did" : "did:plc:actxlc22qx4x6excw56vkjfu",
          "handle" : "seawindowcraster.bsky.social",
          "displayName" : "SeaWindowCraster",
          "avatar" : "https://cdn.bsky.app/img/avatar/plain/did:plc:actxlc22qx4x6excw56vkjfu/bafkreianf7zofditsfzmlwcl3hmmpt33pjjo7n2nlhq732fvx6hijixw6e@jpeg",
          "associated" : {
            "chat" : {
              "allowIncoming" : "following"
            }
          },
          "viewer" : {
            "muted" : false,
            "blockedBy" : false
          },
          "labels" : [ ],
          "createdAt" : 1697214229691
        },
        "record" : {
          "$type" : "app.bsky.feed.post",
          "createdAt" : 1738742378385,
          "embed" : {
            "$type" : "app.bsky.embed.images",
            "alt" : null,
            "image" : null,
            "aspectRatio" : null
          },
          "langs" : [ "en" ],
          "text" : "5th February 2025  07.55"
        },
        "embed" : {
          "$type" : "app.bsky.embed.images#view",
          "thumb" : null,
          "fullsize" : null,
          "alt" : null,
          "aspectRatio" : null
        },
        "replyCount" : 5,
        "repostCount" : 29,
        "likeCount" : 219,
        "quoteCount" : 1,
        "indexedAt" : 1738742381328,
        "viewer" : { },
        "labels" : [ ]
      }
    }, {
      "post" : {
        "uri" : "at://did:plc:s35uatqdh6jgjpqapwz4iez2/app.bsky.feed.post/3lh5cbtrvp4y2",
        "cid" : "bafyreihubrkz4fnt7lnaw7ob46ws5dblcr542ljttfubm62xfsbzuyjyni",
        "author" : {
          "did" : "did:plc:s35uatqdh6jgjpqapwz4iez2",
          "handle" : "twb0109.mastodon.online.ap.brid.gy",
          "displayName" : "Brandon S",
          "avatar" : "https://cdn.bsky.app/img/avatar/plain/did:plc:s35uatqdh6jgjpqapwz4iez2/bafkreib2ou226mrexsitfrcbgxrx4ydsvqbwlqhwgeb6n43who6kdk2jya@jpeg",
          "associated" : {
            "chat" : {
              "allowIncoming" : "none"
            }
          },
          "viewer" : {
            "muted" : false,
            "blockedBy" : false
          },
          "labels" : [ {
            "src" : "did:plc:s35uatqdh6jgjpqapwz4iez2",
            "uri" : "at://did:plc:s35uatqdh6jgjpqapwz4iez2/app.bsky.actor.profile/self",
            "cid" : "bafyreife2ynlyjwtvdmu6cr4vessx7fhfe5cqrxhclhfsktt73cwjdvbxu",
            "val" : "bridged-from-bridgy-fed-activitypub",
            "cts" : 18000000
          } ],
          "createdAt" : 1738439496413
        },
        "record" : {
          "$type" : "app.bsky.feed.post",
          "createdAt" : 1738439702000,
          "facets" : [ {
            "index" : {
              "byteStart" : 53,
              "byteEnd" : 63
            },
            "features" : [ {
              "$type" : "app.bsky.richtext.facet#tag",
              "tag" : "fediverse"
            } ]
          }, {
            "index" : {
              "byteStart" : 64,
              "byteEnd" : 72
            },
            "features" : [ {
              "$type" : "app.bsky.richtext.facet#tag",
              "tag" : "bluesky"
            } ]
          } ],
          "langs" : [ "en" ],
          "text" : "Apparently, I’m on Bsky now!\nGotta love federation #fediverse #bluesky\n\nLike anyone is gonna read this lmao"
        },
        "replyCount" : 2,
        "repostCount" : 1,
        "likeCount" : 13,
        "quoteCount" : 0,
        "indexedAt" : 1738440007823,
        "viewer" : { },
        "labels" : [ ]
      }
    }, {
      "post" : {
        "uri" : "at://did:plc:4wvqm3lsosxrea7qab65xpod/app.bsky.feed.post/3lhecsxi7x22h",
        "cid" : "bafyreig54bf5kea2w3z5nuhmrjawqvd33kkbghxwbsesmeowbzcd7bes6u",
        "author" : {
          "did" : "did:plc:4wvqm3lsosxrea7qab65xpod",
          "handle" : "jeremyhopkin.bsky.social",
          "displayName" : "Jeremy Hopkin",
          "avatar" : "https://cdn.bsky.app/img/avatar/plain/did:plc:4wvqm3lsosxrea7qab65xpod/bafkreiaihatusmvgxhosyjkutqg4gfdsizb2ftwsrzxgukb7fc7nt3ntoe@jpeg",
          "associated" : {
            "chat" : {
              "allowIncoming" : "following"
            }
          },
          "viewer" : {
            "muted" : false,
            "blockedBy" : false
          },
          "labels" : [ ],
          "createdAt" : 1704216415142
        },
        "record" : {
          "$type" : "app.bsky.feed.post",
          "createdAt" : 1738680907007,
          "embed" : {
            "$type" : "app.bsky.embed.images",
            "alt" : null,
            "image" : null,
            "aspectRatio" : null
          },
          "facets" : [ {
            "index" : {
              "byteStart" : 142,
              "byteEnd" : 148
            },
            "features" : [ {
              "$type" : "app.bsky.richtext.facet#tag",
              "tag" : "1970s"
            } ]
          }, {
            "index" : {
              "byteStart" : 149,
              "byteEnd" : 161
            },
            "features" : [ {
              "$type" : "app.bsky.richtext.facet#tag",
              "tag" : "oilpainting"
            } ]
          }, {
            "index" : {
              "byteStart" : 162,
              "byteEnd" : 176
            },
            "features" : [ {
              "$type" : "app.bsky.richtext.facet#tag",
              "tag" : "torontoartist"
            } ]
          }, {
            "index" : {
              "byteStart" : 177,
              "byteEnd" : 181
            },
            "features" : [ {
              "$type" : "app.bsky.richtext.facet#tag",
              "tag" : "art"
            } ]
          }, {
            "index" : {
              "byteStart" : 182,
              "byteEnd" : 189
            },
            "features" : [ {
              "$type" : "app.bsky.richtext.facet#tag",
              "tag" : "artist"
            } ]
          }, {
            "index" : {
              "byteStart" : 190,
              "byteEnd" : 197
            },
            "features" : [ {
              "$type" : "app.bsky.richtext.facet#tag",
              "tag" : "winter"
            } ]
          }, {
            "index" : {
              "byteStart" : 198,
              "byteEnd" : 213
            },
            "features" : [ {
              "$type" : "app.bsky.richtext.facet#tag",
              "tag" : "torontohistory"
            } ]
          }, {
            "index" : {
              "byteStart" : 214,
              "byteEnd" : 222
            },
            "features" : [ {
              "$type" : "app.bsky.richtext.facet#tag",
              "tag" : "toronto"
            } ]
          }, {
            "index" : {
              "byteStart" : 223,
              "byteEnd" : 230
            },
            "features" : [ {
              "$type" : "app.bsky.richtext.facet#tag",
              "tag" : "canada"
            } ]
          }, {
            "index" : {
              "byteStart" : 231,
              "byteEnd" : 244
            },
            "features" : [ {
              "$type" : "app.bsky.richtext.facet#tag",
              "tag" : "jeremyhopkin"
            } ]
          } ],
          "langs" : [ "en" ],
          "text" : "\"Winter Silence\" (Backyards Downtown) 1970\n\nArtist: R.T. (Tom) Homewood\nMedium: Oil\nBaldwin Collection of Canadiana, Toronto Public Library \n\n#1970s #oilpainting #torontoartist #art #artist #winter #torontohistory #toronto #canada #jeremyhopkin"
        },
        "embed" : {
          "$type" : "app.bsky.embed.images#view",
          "thumb" : null,
          "fullsize" : null,
          "alt" : null,
          "aspectRatio" : null
        },
        "replyCount" : 1,
        "repostCount" : 24,
        "likeCount" : 233,
        "quoteCount" : 1,
        "indexedAt" : 1738680909224,
        "viewer" : { },
        "labels" : [ ]
      }
    }, {
      "post" : {
        "uri" : "at://did:plc:ehbvdmlw2egofamelcht3jdt/app.bsky.feed.post/3lhf7iomjb22m",
        "cid" : "bafyreihoimb5mqzrproervcehg62bhauk7yyh25yqdgge33mfk5njsq53y",
        "author" : {
          "did" : "did:plc:ehbvdmlw2egofamelcht3jdt",
          "handle" : "itsedsilha.bsky.social",
          "displayName" : "Edward Silha",
          "avatar" : "https://cdn.bsky.app/img/avatar/plain/did:plc:ehbvdmlw2egofamelcht3jdt/bafkreihmywpjfc6ahklfqnartqvcndas2gyacz2ggdh4a6ixkfhxr7hxyq@jpeg",
          "associated" : {
            "chat" : {
              "allowIncoming" : "none"
            }
          },
          "viewer" : {
            "muted" : false,
            "blockedBy" : false,
            "following" : "at://did:plc:pgdrqxzv4kxt7tr3sa6pd77y/app.bsky.graph.follow/3lbufcbaqa72x",
            "followedBy" : "at://did:plc:ehbvdmlw2egofamelcht3jdt/app.bsky.graph.follow/3lbtephvthz2a"
          },
          "labels" : [ ],
          "createdAt" : 1696996903246
        },
        "record" : {
          "$type" : "app.bsky.feed.post",
          "createdAt" : 1738711700680,
          "embed" : {
            "$type" : "app.bsky.embed.images",
            "alt" : null,
            "image" : null,
            "aspectRatio" : null
          },
          "langs" : [ "en" ],
          "text" : "Honestly, this might be one of the most iconic sports photographs ever taken…"
        },
        "embed" : {
          "$type" : "app.bsky.embed.images#view",
          "thumb" : null,
          "fullsize" : null,
          "alt" : null,
          "aspectRatio" : null
        },
        "replyCount" : 112,
        "repostCount" : 140,
        "likeCount" : 2217,
        "quoteCount" : 23,
        "indexedAt" : 1738711702229,
        "viewer" : { },
        "labels" : [ ]
      }
    }, {
      "post" : {
        "uri" : "at://did:plc:uyh5huzxtthtkg6htsgt56lh/app.bsky.feed.post/3lhf3wrg6nc27",
        "cid" : "bafyreihs237fazg3xsatjost6bnrht3j3kdsri7izi64bhwlt6s6diw2bq",
        "author" : {
          "did" : "did:plc:uyh5huzxtthtkg6htsgt56lh",
          "handle" : "godpod.bsky.social",
          "displayName" : "God",
          "avatar" : "https://cdn.bsky.app/img/avatar/plain/did:plc:uyh5huzxtthtkg6htsgt56lh/bafkreif2pzoz4mklwmjf2nnifbu5xtnpp7ri4mdun7bvmz5iehowolomry@jpeg",
          "viewer" : {
            "muted" : false,
            "blockedBy" : false,
            "following" : "at://did:plc:pgdrqxzv4kxt7tr3sa6pd77y/app.bsky.graph.follow/3kebiplecie2f"
          },
          "labels" : [ ],
          "createdAt" : 1682799948941
        },
        "record" : {
          "$type" : "app.bsky.feed.post",
          "createdAt" : 1738707878417,
          "langs" : [ "en" ],
          "text" : "Elon is accusing people of committing crimes while he’s actually committing crimes."
        },
        "replyCount" : 442,
        "repostCount" : 1851,
        "likeCount" : 11586,
        "quoteCount" : 76,
        "indexedAt" : 1738707878733,
        "viewer" : { },
        "labels" : [ ]
      }
    }, {
      "post" : {
        "uri" : "at://did:plc:ehbvdmlw2egofamelcht3jdt/app.bsky.feed.post/3lhfjgjnqss2j",
        "cid" : "bafyreifjp6dxohpn5qybtnu6t5uwwssxywdo3l7vln2uc7tlfeccnqambu",
        "author" : {
          "did" : "did:plc:ehbvdmlw2egofamelcht3jdt",
          "handle" : "itsedsilha.bsky.social",
          "displayName" : "Edward Silha",
          "avatar" : "https://cdn.bsky.app/img/avatar/plain/did:plc:ehbvdmlw2egofamelcht3jdt/bafkreihmywpjfc6ahklfqnartqvcndas2gyacz2ggdh4a6ixkfhxr7hxyq@jpeg",
          "associated" : {
            "chat" : {
              "allowIncoming" : "none"
            }
          },
          "viewer" : {
            "muted" : false,
            "blockedBy" : false,
            "following" : "at://did:plc:pgdrqxzv4kxt7tr3sa6pd77y/app.bsky.graph.follow/3lbufcbaqa72x",
            "followedBy" : "at://did:plc:ehbvdmlw2egofamelcht3jdt/app.bsky.graph.follow/3lbtephvthz2a"
          },
          "labels" : [ ],
          "createdAt" : 1696996903246
        },
        "record" : {
          "$type" : "app.bsky.feed.post",
          "createdAt" : 1738722365787,
          "embed" : {
            "$type" : "app.bsky.embed.images",
            "alt" : null,
            "image" : null,
            "aspectRatio" : null
          },
          "langs" : [ "en" ],
          "text" : "Lmao, look at Susie Wiles’ face when Trump says Palestinians shouldn’t go back to Gaza.\n\nLike every Chief of Staff before her, she has zero control…"
        },
        "embed" : {
          "$type" : "app.bsky.embed.images#view",
          "thumb" : null,
          "fullsize" : null,
          "alt" : null,
          "aspectRatio" : null
        },
        "replyCount" : 9,
        "repostCount" : 17,
        "likeCount" : 60,
        "quoteCount" : 2,
        "indexedAt" : 1738722367619,
        "viewer" : { },
        "labels" : [ ]
      }
    }, {
      "post" : {
        "uri" : "at://did:plc:ezxfbsdjjylaoagv5bvz7sqb/app.bsky.feed.post/3lhe4yelolk2a",
        "cid" : "bafyreid4xve3esqbmjbxefdp3cxqve4vdb4x4jjy4faq5upwimrc362ycu",
        "author" : {
          "did" : "did:plc:ezxfbsdjjylaoagv5bvz7sqb",
          "handle" : "aaronparnas.bsky.social",
          "displayName" : "Aaron Parnas",
          "avatar" : "https://cdn.bsky.app/img/avatar/plain/did:plc:ezxfbsdjjylaoagv5bvz7sqb/bafkreiakuck6hdyvtk3zy2lqd7yxub3joiz2gfryvcgo4avrge7ogty2jy@jpeg",
          "viewer" : {
            "muted" : false,
            "blockedBy" : false,
            "following" : "at://did:plc:pgdrqxzv4kxt7tr3sa6pd77y/app.bsky.graph.follow/3lcnukhdd4l2c"
          },
          "labels" : [ ],
          "createdAt" : 1684333389622
        },
        "record" : {
          "$type" : "app.bsky.feed.post",
          "createdAt" : 1738674646078,
          "embed" : {
            "$type" : "app.bsky.embed.record",
            "cid" : null,
            "uri" : null
          },
          "facets" : [ {
            "index" : {
              "byteStart" : 126,
              "byteEnd" : 145
            },
            "features" : [ {
              "$type" : "app.bsky.richtext.facet#link",
              "uri" : "https://go.bsky.app/6ZPSJH3"
            } ]
          } ],
          "langs" : [ "en" ],
          "text" : "Added folks to my starter pack. It's growing! \n\nLet me know who I missed, and check out some of my favorite accounts on here. go.bsky.app/6ZPSJH3"
        },
        "embed" : {
          "$type" : "app.bsky.embed.record#view",
          "author" : null,
          "cid" : null,
          "embeds" : null,
          "indexedAt" : null,
          "labels" : null,
          "likeCount" : null,
          "quoteCount" : null,
          "replyCount" : null,
          "repostCount" : null,
          "uri" : null,
          "value" : null
        },
        "replyCount" : 86,
        "repostCount" : 155,
        "likeCount" : 899,
        "quoteCount" : 7,
        "indexedAt" : 1738674646217,
        "viewer" : { },
        "labels" : [ ]
      }
    }, {
      "post" : {
        "uri" : "at://did:plc:4j7ut6aphnjqqihiugmyvy5i/app.bsky.feed.post/3lhfclm6zyk2p",
        "cid" : "bafyreiaz65p2ny7xdwxc7hi5dxaabtmbfjiws4dsfj4gnzqamunyvnqzse",
        "author" : {
          "did" : "did:plc:4j7ut6aphnjqqihiugmyvy5i",
          "handle" : "therickwilson.bsky.social",
          "displayName" : "Rick Wilson",
          "avatar" : "https://cdn.bsky.app/img/avatar/plain/did:plc:4j7ut6aphnjqqihiugmyvy5i/bafkreif5rycvs7u2btqcvpvkmqbhjokvpkadby55bgnsu2okbjqfvn3xvu@jpeg",
          "viewer" : {
            "muted" : false,
            "blockedBy" : false,
            "following" : "at://did:plc:pgdrqxzv4kxt7tr3sa6pd77y/app.bsky.graph.follow/3kebsmopsxx2t"
          },
          "labels" : [ ],
          "createdAt" : 1682945255200
        },
        "record" : {
          "$type" : "app.bsky.feed.post",
          "createdAt" : 1738715020035,
          "langs" : [ "en" ],
          "text" : "Don't worry, folks. \n\nWe'll be greeted as liberators when American forces occupy Gaza. \n\nNothing could possibly go wrong."
        },
        "replyCount" : 353,
        "repostCount" : 562,
        "likeCount" : 4206,
        "quoteCount" : 31,
        "indexedAt" : 1738715038125,
        "viewer" : { },
        "labels" : [ ]
      }
    }, {
      "post" : {
        "uri" : "at://did:plc:mmzcej7p4u3ttfzrn2vzfzye/app.bsky.feed.post/3lhcol7qn6k2z",
        "cid" : "bafyreid7xm5fumargs67yqbsxwmuf6cgrhttslncq66l5n5t4bcwocqqqm",
        "author" : {
          "did" : "did:plc:mmzcej7p4u3ttfzrn2vzfzye",
          "handle" : "boxxcarmurphy.bsky.social",
          "displayName" : "Boxxcar Murphy",
          "avatar" : "https://cdn.bsky.app/img/avatar/plain/did:plc:mmzcej7p4u3ttfzrn2vzfzye/bafkreicpabbqhcvcewq22y7vsfcytmpkceg3rhphpmqromlcgfdvkt6udq@jpeg",
          "associated" : {
            "chat" : {
              "allowIncoming" : "following"
            }
          },
          "viewer" : {
            "muted" : false,
            "blockedBy" : false
          },
          "labels" : [ ],
          "createdAt" : 1696767070636
        },
        "record" : {
          "$type" : "app.bsky.feed.post",
          "createdAt" : 1738624812655,
          "embed" : {
            "$type" : "app.bsky.embed.images",
            "alt" : null,
            "image" : null,
            "aspectRatio" : null
          },
          "langs" : [ "en" ],
          "text" : "You can tell by how fast they're canceling your policies."
        },
        "embed" : {
          "$type" : "app.bsky.embed.images#view",
          "thumb" : null,
          "fullsize" : null,
          "alt" : null,
          "aspectRatio" : null
        },
        "replyCount" : 7,
        "repostCount" : 168,
        "likeCount" : 668,
        "quoteCount" : 2,
        "indexedAt" : 1738624813917,
        "viewer" : { },
        "labels" : [ ]
      }
    }, {
      "post" : {
        "uri" : "at://did:plc:y4zs4cabaezzwx3bz2e5nnj2/app.bsky.feed.post/3lhenp4manc2w",
        "cid" : "bafyreihpjthnx2v6gustpcsuhra5co6elo6mdd63zck277ceapxg52emum",
        "author" : {
          "did" : "did:plc:y4zs4cabaezzwx3bz2e5nnj2",
          "handle" : "georgetakei.bsky.social",
          "displayName" : "George Takei",
          "avatar" : "https://cdn.bsky.app/img/avatar/plain/did:plc:y4zs4cabaezzwx3bz2e5nnj2/bafkreihyuljtklac6pgvt4kbndezofm23wswyhdqmh77bgedrxhuigwbh4@jpeg",
          "associated" : {
            "chat" : {
              "allowIncoming" : "following"
            }
          },
          "viewer" : {
            "muted" : false,
            "blockedBy" : false,
            "following" : "at://did:plc:pgdrqxzv4kxt7tr3sa6pd77y/app.bsky.graph.follow/3kebindmjnd2a"
          },
          "labels" : [ ],
          "createdAt" : 1682883903507
        },
        "record" : {
          "$type" : "app.bsky.feed.post",
          "createdAt" : 1738692589329,
          "embed" : {
            "$type" : "app.bsky.embed.external",
            "uri" : null,
            "title" : null,
            "description" : null,
            "thumb" : null
          },
          "langs" : [ "en" ],
          "text" : "Yaasss!!"
        },
        "embed" : {
          "$type" : "app.bsky.embed.external#view",
          "uri" : null,
          "title" : null,
          "description" : null,
          "thumb" : null
        },
        "replyCount" : 1140,
        "repostCount" : 5376,
        "likeCount" : 31623,
        "quoteCount" : 479,
        "indexedAt" : 1738692590620,
        "viewer" : { },
        "labels" : [ ]
      }
    } ]
  }
}
]]></system-out>
  <system-err><![CDATA[]]></system-err>
</testsuite>
