<?xml version="1.0" encoding="UTF-8"?>
<testsuite name="api.rest.app.bsky.actor.defs.preferences.PreferencesTest" tests="2" skipped="0" failures="0" errors="0" timestamp="2025-02-27T04:44:18" hostname="viktor-vaughn" time="0.711">
  <properties/>
  <testcase name="testExample2Unmarshalling()" classname="api.rest.app.bsky.actor.defs.preferences.PreferencesTest" time="0.683"/>
  <testcase name="testExample1Unmarshalling()" classname="api.rest.app.bsky.actor.defs.preferences.PreferencesTest" time="0.026"/>
  <system-out><![CDATA[]]></system-out>
  <system-err><![CDATA[]]></system-err>
</testsuite>
