<?xml version="1.0" encoding="UTF-8"?>
<testsuite name="api.rest.app.bsky.actor.suggestions.SuggestionsDefTest" tests="2" skipped="0" failures="0" errors="0" timestamp="2025-02-23T22:55:18" hostname="viktor-vaughn" time="0.059">
  <properties/>
  <testcase name="testSuggestionsUnmarshalling1()" classname="api.rest.app.bsky.actor.suggestions.SuggestionsDefTest" time="0.03"/>
  <testcase name="testSuggestionsUnmarshalling2()" classname="api.rest.app.bsky.actor.suggestions.SuggestionsDefTest" time="0.028"/>
  <system-out><![CDATA[]]></system-out>
  <system-err><![CDATA[]]></system-err>
</testsuite>
