<?xml version="1.0" encoding="UTF-8"?>
<testsuite name="api.rest.app.bsky.actor.suggestions.SuggestionsDefTest" tests="1" skipped="0" failures="0" errors="0" timestamp="2025-01-26T21:20:15" hostname="viktor-vaughn" time="0.359">
  <properties/>
  <testcase name="testSuggestionsUnmarshalling2()" classname="api.rest.app.bsky.actor.suggestions.SuggestionsDefTest" time="0.359"/>
  <system-out><![CDATA[]]></system-out>
  <system-err><![CDATA[]]></system-err>
</testsuite>
