<?xml version="1.0" encoding="UTF-8"?>
<testsuite name="api.rest.app.bsky.actor.profile.ProfileTest" tests="2" skipped="0" failures="0" errors="0" timestamp="2025-03-04T02:18:37" hostname="viktor-vaughn" time="0.027">
  <properties/>
  <testcase name="testAutoExampleProfileUnmarshalling()" classname="api.rest.app.bsky.actor.profile.ProfileTest" time="0.015"/>
  <testcase name="testMyProfileUnmarshalling()" classname="api.rest.app.bsky.actor.profile.ProfileTest" time="0.011"/>
  <system-out><![CDATA[]]></system-out>
  <system-err><![CDATA[]]></system-err>
</testsuite>
