<?xml version="1.0" encoding="UTF-8"?>
<testsuite name="api.rest.app.bsky.actor.suggestions.SuggestionsDefTest" tests="1" skipped="0" failures="0" errors="0" timestamp="2025-01-30T01:40:03" hostname="viktor-vaughn" time="0.315">
  <properties/>
  <testcase name="testSuggestionsUnmarshalling2()" classname="api.rest.app.bsky.actor.suggestions.SuggestionsDefTest" time="0.315"/>
  <system-out><![CDATA[]]></system-out>
  <system-err><![CDATA[]]></system-err>
</testsuite>
