<?xml version="1.0" encoding="UTF-8"?>
<testsuite name="api.rest.app.bsky.actor.profile.ProfileTest" tests="2" skipped="0" failures="0" errors="0" timestamp="2025-02-27T04:44:19" hostname="viktor-vaughn" time="0.06">
  <properties/>
  <testcase name="testAutoExampleProfileUnmarshalling()" classname="api.rest.app.bsky.actor.profile.ProfileTest" time="0.031"/>
  <testcase name="testMyProfileUnmarshalling()" classname="api.rest.app.bsky.actor.profile.ProfileTest" time="0.028"/>
  <system-out><![CDATA[]]></system-out>
  <system-err><![CDATA[]]></system-err>
</testsuite>
